[2025-07-21T14:03:23.391+0000] {processor.py:161} INFO - Started process (PID=210) to work on /home/airflow/.local/lib/python3.8/site-packages/airflow/example_dags/example_branch_day_of_week_operator.py
[2025-07-21T14:03:23.393+0000] {processor.py:830} INFO - Processing file /home/airflow/.local/lib/python3.8/site-packages/airflow/example_dags/example_branch_day_of_week_operator.py for tasks to queue
[2025-07-21T14:03:23.395+0000] {logging_mixin.py:188} INFO - [2025-07-21T14:03:23.394+0000] {dagbag.py:538} INFO - Filling up the DagBag from /home/airflow/.local/lib/python3.8/site-packages/airflow/example_dags/example_branch_day_of_week_operator.py
[2025-07-21T14:03:23.415+0000] {processor.py:840} INFO - DAG(s) 'example_weekday_branch_operator' retrieved from /home/airflow/.local/lib/python3.8/site-packages/airflow/example_dags/example_branch_day_of_week_operator.py
[2025-07-21T14:03:23.597+0000] {logging_mixin.py:188} INFO - [2025-07-21T14:03:23.596+0000] {override.py:1769} INFO - Created Permission View: can read on DAG:example_weekday_branch_operator
[2025-07-21T14:03:23.616+0000] {logging_mixin.py:188} INFO - [2025-07-21T14:03:23.615+0000] {override.py:1769} INFO - Created Permission View: can edit on DAG:example_weekday_branch_operator
[2025-07-21T14:03:23.629+0000] {logging_mixin.py:188} INFO - [2025-07-21T14:03:23.629+0000] {override.py:1769} INFO - Created Permission View: can delete on DAG:example_weekday_branch_operator
[2025-07-21T14:03:23.630+0000] {logging_mixin.py:188} INFO - [2025-07-21T14:03:23.630+0000] {dag.py:3036} INFO - Sync 1 DAGs
[2025-07-21T14:03:23.650+0000] {logging_mixin.py:188} INFO - [2025-07-21T14:03:23.649+0000] {dag.py:3058} INFO - Creating ORM DAG for example_weekday_branch_operator
[2025-07-21T14:03:23.671+0000] {logging_mixin.py:188} INFO - [2025-07-21T14:03:23.671+0000] {dag.py:3823} INFO - Setting next_dagrun for example_weekday_branch_operator to 2025-07-20 00:00:00+00:00, run_after=2025-07-21 00:00:00+00:00
[2025-07-21T14:03:23.704+0000] {processor.py:183} INFO - Processing /home/airflow/.local/lib/python3.8/site-packages/airflow/example_dags/example_branch_day_of_week_operator.py took 0.318 seconds
[2025-07-21T14:03:53.749+0000] {processor.py:161} INFO - Started process (PID=448) to work on /home/airflow/.local/lib/python3.8/site-packages/airflow/example_dags/example_branch_day_of_week_operator.py
[2025-07-21T14:03:53.751+0000] {processor.py:830} INFO - Processing file /home/airflow/.local/lib/python3.8/site-packages/airflow/example_dags/example_branch_day_of_week_operator.py for tasks to queue
[2025-07-21T14:03:53.752+0000] {logging_mixin.py:188} INFO - [2025-07-21T14:03:53.751+0000] {dagbag.py:538} INFO - Filling up the DagBag from /home/airflow/.local/lib/python3.8/site-packages/airflow/example_dags/example_branch_day_of_week_operator.py
[2025-07-21T14:03:53.760+0000] {processor.py:840} INFO - DAG(s) 'example_weekday_branch_operator' retrieved from /home/airflow/.local/lib/python3.8/site-packages/airflow/example_dags/example_branch_day_of_week_operator.py
[2025-07-21T14:03:53.782+0000] {logging_mixin.py:188} INFO - [2025-07-21T14:03:53.782+0000] {dag.py:3036} INFO - Sync 1 DAGs
[2025-07-21T14:03:53.801+0000] {logging_mixin.py:188} INFO - [2025-07-21T14:03:53.801+0000] {dag.py:3823} INFO - Setting next_dagrun for example_weekday_branch_operator to 2025-07-20 00:00:00+00:00, run_after=2025-07-21 00:00:00+00:00
[2025-07-21T14:03:53.821+0000] {processor.py:183} INFO - Processing /home/airflow/.local/lib/python3.8/site-packages/airflow/example_dags/example_branch_day_of_week_operator.py took 0.074 seconds
[2025-07-21T14:04:23.920+0000] {processor.py:161} INFO - Started process (PID=689) to work on /home/airflow/.local/lib/python3.8/site-packages/airflow/example_dags/example_branch_day_of_week_operator.py
[2025-07-21T14:04:23.921+0000] {processor.py:830} INFO - Processing file /home/airflow/.local/lib/python3.8/site-packages/airflow/example_dags/example_branch_day_of_week_operator.py for tasks to queue
[2025-07-21T14:04:23.921+0000] {logging_mixin.py:188} INFO - [2025-07-21T14:04:23.921+0000] {dagbag.py:538} INFO - Filling up the DagBag from /home/airflow/.local/lib/python3.8/site-packages/airflow/example_dags/example_branch_day_of_week_operator.py
[2025-07-21T14:04:23.927+0000] {processor.py:840} INFO - DAG(s) 'example_weekday_branch_operator' retrieved from /home/airflow/.local/lib/python3.8/site-packages/airflow/example_dags/example_branch_day_of_week_operator.py
[2025-07-21T14:04:23.948+0000] {logging_mixin.py:188} INFO - [2025-07-21T14:04:23.948+0000] {dag.py:3036} INFO - Sync 1 DAGs
[2025-07-21T14:04:23.967+0000] {logging_mixin.py:188} INFO - [2025-07-21T14:04:23.966+0000] {dag.py:3823} INFO - Setting next_dagrun for example_weekday_branch_operator to 2025-07-20 00:00:00+00:00, run_after=2025-07-21 00:00:00+00:00
[2025-07-21T14:04:23.986+0000] {processor.py:183} INFO - Processing /home/airflow/.local/lib/python3.8/site-packages/airflow/example_dags/example_branch_day_of_week_operator.py took 0.069 seconds
[2025-07-21T14:04:54.164+0000] {processor.py:161} INFO - Started process (PID=930) to work on /home/airflow/.local/lib/python3.8/site-packages/airflow/example_dags/example_branch_day_of_week_operator.py
[2025-07-21T14:04:54.165+0000] {processor.py:830} INFO - Processing file /home/airflow/.local/lib/python3.8/site-packages/airflow/example_dags/example_branch_day_of_week_operator.py for tasks to queue
[2025-07-21T14:04:54.166+0000] {logging_mixin.py:188} INFO - [2025-07-21T14:04:54.166+0000] {dagbag.py:538} INFO - Filling up the DagBag from /home/airflow/.local/lib/python3.8/site-packages/airflow/example_dags/example_branch_day_of_week_operator.py
[2025-07-21T14:04:54.173+0000] {processor.py:840} INFO - DAG(s) 'example_weekday_branch_operator' retrieved from /home/airflow/.local/lib/python3.8/site-packages/airflow/example_dags/example_branch_day_of_week_operator.py
[2025-07-21T14:04:54.196+0000] {logging_mixin.py:188} INFO - [2025-07-21T14:04:54.195+0000] {dag.py:3036} INFO - Sync 1 DAGs
[2025-07-21T14:04:54.217+0000] {logging_mixin.py:188} INFO - [2025-07-21T14:04:54.217+0000] {dag.py:3823} INFO - Setting next_dagrun for example_weekday_branch_operator to 2025-07-20 00:00:00+00:00, run_after=2025-07-21 00:00:00+00:00
[2025-07-21T14:04:54.240+0000] {processor.py:183} INFO - Processing /home/airflow/.local/lib/python3.8/site-packages/airflow/example_dags/example_branch_day_of_week_operator.py took 0.080 seconds
[2025-07-21T14:05:24.373+0000] {processor.py:161} INFO - Started process (PID=1169) to work on /home/airflow/.local/lib/python3.8/site-packages/airflow/example_dags/example_branch_day_of_week_operator.py
[2025-07-21T14:05:24.375+0000] {processor.py:830} INFO - Processing file /home/airflow/.local/lib/python3.8/site-packages/airflow/example_dags/example_branch_day_of_week_operator.py for tasks to queue
[2025-07-21T14:05:24.376+0000] {logging_mixin.py:188} INFO - [2025-07-21T14:05:24.376+0000] {dagbag.py:538} INFO - Filling up the DagBag from /home/airflow/.local/lib/python3.8/site-packages/airflow/example_dags/example_branch_day_of_week_operator.py
[2025-07-21T14:05:24.383+0000] {processor.py:840} INFO - DAG(s) 'example_weekday_branch_operator' retrieved from /home/airflow/.local/lib/python3.8/site-packages/airflow/example_dags/example_branch_day_of_week_operator.py
[2025-07-21T14:05:24.404+0000] {logging_mixin.py:188} INFO - [2025-07-21T14:05:24.404+0000] {dag.py:3036} INFO - Sync 1 DAGs
[2025-07-21T14:05:24.428+0000] {logging_mixin.py:188} INFO - [2025-07-21T14:05:24.428+0000] {dag.py:3823} INFO - Setting next_dagrun for example_weekday_branch_operator to 2025-07-20 00:00:00+00:00, run_after=2025-07-21 00:00:00+00:00
[2025-07-21T14:05:24.452+0000] {processor.py:183} INFO - Processing /home/airflow/.local/lib/python3.8/site-packages/airflow/example_dags/example_branch_day_of_week_operator.py took 0.082 seconds
[2025-07-21T14:05:54.770+0000] {processor.py:161} INFO - Started process (PID=1415) to work on /home/airflow/.local/lib/python3.8/site-packages/airflow/example_dags/example_branch_day_of_week_operator.py
[2025-07-21T14:05:54.772+0000] {processor.py:830} INFO - Processing file /home/airflow/.local/lib/python3.8/site-packages/airflow/example_dags/example_branch_day_of_week_operator.py for tasks to queue
[2025-07-21T14:05:54.773+0000] {logging_mixin.py:188} INFO - [2025-07-21T14:05:54.773+0000] {dagbag.py:538} INFO - Filling up the DagBag from /home/airflow/.local/lib/python3.8/site-packages/airflow/example_dags/example_branch_day_of_week_operator.py
[2025-07-21T14:05:54.786+0000] {processor.py:840} INFO - DAG(s) 'example_weekday_branch_operator' retrieved from /home/airflow/.local/lib/python3.8/site-packages/airflow/example_dags/example_branch_day_of_week_operator.py
[2025-07-21T14:05:54.807+0000] {logging_mixin.py:188} INFO - [2025-07-21T14:05:54.807+0000] {dag.py:3036} INFO - Sync 1 DAGs
[2025-07-21T14:05:54.832+0000] {logging_mixin.py:188} INFO - [2025-07-21T14:05:54.831+0000] {dag.py:3823} INFO - Setting next_dagrun for example_weekday_branch_operator to 2025-07-20 00:00:00+00:00, run_after=2025-07-21 00:00:00+00:00
[2025-07-21T14:05:54.854+0000] {processor.py:183} INFO - Processing /home/airflow/.local/lib/python3.8/site-packages/airflow/example_dags/example_branch_day_of_week_operator.py took 0.087 seconds
[2025-07-21T14:06:34.146+0000] {processor.py:161} INFO - Started process (PID=210) to work on /home/airflow/.local/lib/python3.8/site-packages/airflow/example_dags/example_branch_day_of_week_operator.py
[2025-07-21T14:06:34.147+0000] {processor.py:830} INFO - Processing file /home/airflow/.local/lib/python3.8/site-packages/airflow/example_dags/example_branch_day_of_week_operator.py for tasks to queue
[2025-07-21T14:06:34.149+0000] {logging_mixin.py:188} INFO - [2025-07-21T14:06:34.149+0000] {dagbag.py:538} INFO - Filling up the DagBag from /home/airflow/.local/lib/python3.8/site-packages/airflow/example_dags/example_branch_day_of_week_operator.py
[2025-07-21T14:06:34.165+0000] {processor.py:840} INFO - DAG(s) 'example_weekday_branch_operator' retrieved from /home/airflow/.local/lib/python3.8/site-packages/airflow/example_dags/example_branch_day_of_week_operator.py
[2025-07-21T14:06:34.187+0000] {logging_mixin.py:188} INFO - [2025-07-21T14:06:34.186+0000] {dag.py:3036} INFO - Sync 1 DAGs
[2025-07-21T14:06:34.233+0000] {logging_mixin.py:188} INFO - [2025-07-21T14:06:34.232+0000] {dag.py:3823} INFO - Setting next_dagrun for example_weekday_branch_operator to 2025-07-20 00:00:00+00:00, run_after=2025-07-21 00:00:00+00:00
[2025-07-21T14:06:34.276+0000] {processor.py:183} INFO - Processing /home/airflow/.local/lib/python3.8/site-packages/airflow/example_dags/example_branch_day_of_week_operator.py took 0.139 seconds
[2025-07-21T14:07:04.569+0000] {processor.py:161} INFO - Started process (PID=451) to work on /home/airflow/.local/lib/python3.8/site-packages/airflow/example_dags/example_branch_day_of_week_operator.py
[2025-07-21T14:07:04.570+0000] {processor.py:830} INFO - Processing file /home/airflow/.local/lib/python3.8/site-packages/airflow/example_dags/example_branch_day_of_week_operator.py for tasks to queue
[2025-07-21T14:07:04.571+0000] {logging_mixin.py:188} INFO - [2025-07-21T14:07:04.571+0000] {dagbag.py:538} INFO - Filling up the DagBag from /home/airflow/.local/lib/python3.8/site-packages/airflow/example_dags/example_branch_day_of_week_operator.py
[2025-07-21T14:07:04.581+0000] {processor.py:840} INFO - DAG(s) 'example_weekday_branch_operator' retrieved from /home/airflow/.local/lib/python3.8/site-packages/airflow/example_dags/example_branch_day_of_week_operator.py
[2025-07-21T14:07:04.720+0000] {logging_mixin.py:188} INFO - [2025-07-21T14:07:04.720+0000] {dag.py:3036} INFO - Sync 1 DAGs
[2025-07-21T14:07:04.745+0000] {logging_mixin.py:188} INFO - [2025-07-21T14:07:04.744+0000] {dag.py:3823} INFO - Setting next_dagrun for example_weekday_branch_operator to 2025-07-20 00:00:00+00:00, run_after=2025-07-21 00:00:00+00:00
[2025-07-21T14:07:04.772+0000] {processor.py:183} INFO - Processing /home/airflow/.local/lib/python3.8/site-packages/airflow/example_dags/example_branch_day_of_week_operator.py took 0.207 seconds
[2025-07-21T14:07:35.553+0000] {processor.py:161} INFO - Started process (PID=692) to work on /home/airflow/.local/lib/python3.8/site-packages/airflow/example_dags/example_branch_day_of_week_operator.py
[2025-07-21T14:07:35.554+0000] {processor.py:830} INFO - Processing file /home/airflow/.local/lib/python3.8/site-packages/airflow/example_dags/example_branch_day_of_week_operator.py for tasks to queue
[2025-07-21T14:07:35.555+0000] {logging_mixin.py:188} INFO - [2025-07-21T14:07:35.555+0000] {dagbag.py:538} INFO - Filling up the DagBag from /home/airflow/.local/lib/python3.8/site-packages/airflow/example_dags/example_branch_day_of_week_operator.py
[2025-07-21T14:07:35.561+0000] {processor.py:840} INFO - DAG(s) 'example_weekday_branch_operator' retrieved from /home/airflow/.local/lib/python3.8/site-packages/airflow/example_dags/example_branch_day_of_week_operator.py
[2025-07-21T14:07:35.584+0000] {logging_mixin.py:188} INFO - [2025-07-21T14:07:35.584+0000] {dag.py:3036} INFO - Sync 1 DAGs
[2025-07-21T14:07:35.604+0000] {logging_mixin.py:188} INFO - [2025-07-21T14:07:35.604+0000] {dag.py:3823} INFO - Setting next_dagrun for example_weekday_branch_operator to 2025-07-20 00:00:00+00:00, run_after=2025-07-21 00:00:00+00:00
[2025-07-21T14:07:35.626+0000] {processor.py:183} INFO - Processing /home/airflow/.local/lib/python3.8/site-packages/airflow/example_dags/example_branch_day_of_week_operator.py took 0.076 seconds
[2025-07-21T14:08:05.708+0000] {processor.py:161} INFO - Started process (PID=933) to work on /home/airflow/.local/lib/python3.8/site-packages/airflow/example_dags/example_branch_day_of_week_operator.py
[2025-07-21T14:08:05.709+0000] {processor.py:830} INFO - Processing file /home/airflow/.local/lib/python3.8/site-packages/airflow/example_dags/example_branch_day_of_week_operator.py for tasks to queue
[2025-07-21T14:08:05.710+0000] {logging_mixin.py:188} INFO - [2025-07-21T14:08:05.710+0000] {dagbag.py:538} INFO - Filling up the DagBag from /home/airflow/.local/lib/python3.8/site-packages/airflow/example_dags/example_branch_day_of_week_operator.py
[2025-07-21T14:08:05.717+0000] {processor.py:840} INFO - DAG(s) 'example_weekday_branch_operator' retrieved from /home/airflow/.local/lib/python3.8/site-packages/airflow/example_dags/example_branch_day_of_week_operator.py
[2025-07-21T14:08:05.740+0000] {logging_mixin.py:188} INFO - [2025-07-21T14:08:05.739+0000] {dag.py:3036} INFO - Sync 1 DAGs
[2025-07-21T14:08:05.761+0000] {logging_mixin.py:188} INFO - [2025-07-21T14:08:05.761+0000] {dag.py:3823} INFO - Setting next_dagrun for example_weekday_branch_operator to 2025-07-20 00:00:00+00:00, run_after=2025-07-21 00:00:00+00:00
[2025-07-21T14:08:05.780+0000] {processor.py:183} INFO - Processing /home/airflow/.local/lib/python3.8/site-packages/airflow/example_dags/example_branch_day_of_week_operator.py took 0.075 seconds
[2025-07-21T14:08:36.003+0000] {processor.py:161} INFO - Started process (PID=1176) to work on /home/airflow/.local/lib/python3.8/site-packages/airflow/example_dags/example_branch_day_of_week_operator.py
[2025-07-21T14:08:36.005+0000] {processor.py:830} INFO - Processing file /home/airflow/.local/lib/python3.8/site-packages/airflow/example_dags/example_branch_day_of_week_operator.py for tasks to queue
[2025-07-21T14:08:36.005+0000] {logging_mixin.py:188} INFO - [2025-07-21T14:08:36.005+0000] {dagbag.py:538} INFO - Filling up the DagBag from /home/airflow/.local/lib/python3.8/site-packages/airflow/example_dags/example_branch_day_of_week_operator.py
[2025-07-21T14:08:36.012+0000] {processor.py:840} INFO - DAG(s) 'example_weekday_branch_operator' retrieved from /home/airflow/.local/lib/python3.8/site-packages/airflow/example_dags/example_branch_day_of_week_operator.py
[2025-07-21T14:08:36.034+0000] {logging_mixin.py:188} INFO - [2025-07-21T14:08:36.034+0000] {dag.py:3036} INFO - Sync 1 DAGs
[2025-07-21T14:08:36.055+0000] {logging_mixin.py:188} INFO - [2025-07-21T14:08:36.054+0000] {dag.py:3823} INFO - Setting next_dagrun for example_weekday_branch_operator to 2025-07-20 00:00:00+00:00, run_after=2025-07-21 00:00:00+00:00
[2025-07-21T14:08:36.075+0000] {processor.py:183} INFO - Processing /home/airflow/.local/lib/python3.8/site-packages/airflow/example_dags/example_branch_day_of_week_operator.py took 0.075 seconds
