[2025-07-21T14:03:26.178+0000] {processor.py:161} INFO - Started process (PID=260) to work on /home/airflow/.local/lib/python3.8/site-packages/airflow/example_dags/example_external_task_marker_dag.py
[2025-07-21T14:03:26.180+0000] {processor.py:830} INFO - Processing file /home/airflow/.local/lib/python3.8/site-packages/airflow/example_dags/example_external_task_marker_dag.py for tasks to queue
[2025-07-21T14:03:26.182+0000] {logging_mixin.py:188} INFO - [2025-07-21T14:03:26.181+0000] {dagbag.py:538} INFO - Filling up the DagBag from /home/airflow/.local/lib/python3.8/site-packages/airflow/example_dags/example_external_task_marker_dag.py
[2025-07-21T14:03:26.227+0000] {processor.py:840} INFO - DAG(s) 'example_external_task_marker_parent', 'example_external_task_marker_child' retrieved from /home/airflow/.local/lib/python3.8/site-packages/airflow/example_dags/example_external_task_marker_dag.py
[2025-07-21T14:03:26.459+0000] {logging_mixin.py:188} INFO - [2025-07-21T14:03:26.458+0000] {override.py:1769} INFO - Created Permission View: can read on DAG:example_external_task_marker_parent
[2025-07-21T14:03:26.481+0000] {logging_mixin.py:188} INFO - [2025-07-21T14:03:26.480+0000] {override.py:1769} INFO - Created Permission View: can edit on DAG:example_external_task_marker_parent
[2025-07-21T14:03:26.497+0000] {logging_mixin.py:188} INFO - [2025-07-21T14:03:26.497+0000] {override.py:1769} INFO - Created Permission View: can delete on DAG:example_external_task_marker_parent
[2025-07-21T14:03:26.525+0000] {logging_mixin.py:188} INFO - [2025-07-21T14:03:26.524+0000] {override.py:1769} INFO - Created Permission View: can read on DAG:example_external_task_marker_child
[2025-07-21T14:03:26.540+0000] {logging_mixin.py:188} INFO - [2025-07-21T14:03:26.539+0000] {override.py:1769} INFO - Created Permission View: can edit on DAG:example_external_task_marker_child
[2025-07-21T14:03:26.553+0000] {logging_mixin.py:188} INFO - [2025-07-21T14:03:26.552+0000] {override.py:1769} INFO - Created Permission View: can delete on DAG:example_external_task_marker_child
[2025-07-21T14:03:26.554+0000] {logging_mixin.py:188} INFO - [2025-07-21T14:03:26.554+0000] {dag.py:3036} INFO - Sync 2 DAGs
[2025-07-21T14:03:26.574+0000] {logging_mixin.py:188} INFO - [2025-07-21T14:03:26.573+0000] {dag.py:3058} INFO - Creating ORM DAG for example_external_task_marker_parent
[2025-07-21T14:03:26.575+0000] {logging_mixin.py:188} INFO - [2025-07-21T14:03:26.575+0000] {dag.py:3058} INFO - Creating ORM DAG for example_external_task_marker_child
[2025-07-21T14:03:26.577+0000] {logging_mixin.py:188} INFO - [2025-07-21T14:03:26.576+0000] {dag.py:3823} INFO - Setting next_dagrun for example_external_task_marker_child to None, run_after=None
[2025-07-21T14:03:26.578+0000] {logging_mixin.py:188} INFO - [2025-07-21T14:03:26.577+0000] {dag.py:3823} INFO - Setting next_dagrun for example_external_task_marker_parent to None, run_after=None
[2025-07-21T14:03:26.612+0000] {processor.py:183} INFO - Processing /home/airflow/.local/lib/python3.8/site-packages/airflow/example_dags/example_external_task_marker_dag.py took 0.440 seconds
[2025-07-21T14:03:57.319+0000] {processor.py:161} INFO - Started process (PID=501) to work on /home/airflow/.local/lib/python3.8/site-packages/airflow/example_dags/example_external_task_marker_dag.py
[2025-07-21T14:03:57.320+0000] {processor.py:830} INFO - Processing file /home/airflow/.local/lib/python3.8/site-packages/airflow/example_dags/example_external_task_marker_dag.py for tasks to queue
[2025-07-21T14:03:57.321+0000] {logging_mixin.py:188} INFO - [2025-07-21T14:03:57.321+0000] {dagbag.py:538} INFO - Filling up the DagBag from /home/airflow/.local/lib/python3.8/site-packages/airflow/example_dags/example_external_task_marker_dag.py
[2025-07-21T14:03:57.328+0000] {processor.py:840} INFO - DAG(s) 'example_external_task_marker_parent', 'example_external_task_marker_child' retrieved from /home/airflow/.local/lib/python3.8/site-packages/airflow/example_dags/example_external_task_marker_dag.py
[2025-07-21T14:03:57.357+0000] {logging_mixin.py:188} INFO - [2025-07-21T14:03:57.357+0000] {dag.py:3036} INFO - Sync 2 DAGs
[2025-07-21T14:03:57.370+0000] {logging_mixin.py:188} INFO - [2025-07-21T14:03:57.370+0000] {dag.py:3823} INFO - Setting next_dagrun for example_external_task_marker_child to None, run_after=None
[2025-07-21T14:03:57.374+0000] {logging_mixin.py:188} INFO - [2025-07-21T14:03:57.374+0000] {dag.py:3823} INFO - Setting next_dagrun for example_external_task_marker_parent to None, run_after=None
[2025-07-21T14:03:57.396+0000] {processor.py:183} INFO - Processing /home/airflow/.local/lib/python3.8/site-packages/airflow/example_dags/example_external_task_marker_dag.py took 0.080 seconds
[2025-07-21T14:04:27.469+0000] {processor.py:161} INFO - Started process (PID=742) to work on /home/airflow/.local/lib/python3.8/site-packages/airflow/example_dags/example_external_task_marker_dag.py
[2025-07-21T14:04:27.470+0000] {processor.py:830} INFO - Processing file /home/airflow/.local/lib/python3.8/site-packages/airflow/example_dags/example_external_task_marker_dag.py for tasks to queue
[2025-07-21T14:04:27.471+0000] {logging_mixin.py:188} INFO - [2025-07-21T14:04:27.470+0000] {dagbag.py:538} INFO - Filling up the DagBag from /home/airflow/.local/lib/python3.8/site-packages/airflow/example_dags/example_external_task_marker_dag.py
[2025-07-21T14:04:27.476+0000] {processor.py:840} INFO - DAG(s) 'example_external_task_marker_child', 'example_external_task_marker_parent' retrieved from /home/airflow/.local/lib/python3.8/site-packages/airflow/example_dags/example_external_task_marker_dag.py
[2025-07-21T14:04:27.501+0000] {logging_mixin.py:188} INFO - [2025-07-21T14:04:27.501+0000] {dag.py:3036} INFO - Sync 2 DAGs
[2025-07-21T14:04:27.512+0000] {logging_mixin.py:188} INFO - [2025-07-21T14:04:27.512+0000] {dag.py:3823} INFO - Setting next_dagrun for example_external_task_marker_child to None, run_after=None
[2025-07-21T14:04:27.516+0000] {logging_mixin.py:188} INFO - [2025-07-21T14:04:27.516+0000] {dag.py:3823} INFO - Setting next_dagrun for example_external_task_marker_parent to None, run_after=None
[2025-07-21T14:04:27.535+0000] {processor.py:183} INFO - Processing /home/airflow/.local/lib/python3.8/site-packages/airflow/example_dags/example_external_task_marker_dag.py took 0.069 seconds
[2025-07-21T14:04:57.791+0000] {processor.py:161} INFO - Started process (PID=983) to work on /home/airflow/.local/lib/python3.8/site-packages/airflow/example_dags/example_external_task_marker_dag.py
[2025-07-21T14:04:57.792+0000] {processor.py:830} INFO - Processing file /home/airflow/.local/lib/python3.8/site-packages/airflow/example_dags/example_external_task_marker_dag.py for tasks to queue
[2025-07-21T14:04:57.793+0000] {logging_mixin.py:188} INFO - [2025-07-21T14:04:57.792+0000] {dagbag.py:538} INFO - Filling up the DagBag from /home/airflow/.local/lib/python3.8/site-packages/airflow/example_dags/example_external_task_marker_dag.py
[2025-07-21T14:04:57.798+0000] {processor.py:840} INFO - DAG(s) 'example_external_task_marker_child', 'example_external_task_marker_parent' retrieved from /home/airflow/.local/lib/python3.8/site-packages/airflow/example_dags/example_external_task_marker_dag.py
[2025-07-21T14:04:57.827+0000] {logging_mixin.py:188} INFO - [2025-07-21T14:04:57.827+0000] {dag.py:3036} INFO - Sync 2 DAGs
[2025-07-21T14:04:57.839+0000] {logging_mixin.py:188} INFO - [2025-07-21T14:04:57.839+0000] {dag.py:3823} INFO - Setting next_dagrun for example_external_task_marker_child to None, run_after=None
[2025-07-21T14:04:57.844+0000] {logging_mixin.py:188} INFO - [2025-07-21T14:04:57.844+0000] {dag.py:3823} INFO - Setting next_dagrun for example_external_task_marker_parent to None, run_after=None
[2025-07-21T14:04:57.867+0000] {processor.py:183} INFO - Processing /home/airflow/.local/lib/python3.8/site-packages/airflow/example_dags/example_external_task_marker_dag.py took 0.080 seconds
[2025-07-21T14:05:27.990+0000] {processor.py:161} INFO - Started process (PID=1224) to work on /home/airflow/.local/lib/python3.8/site-packages/airflow/example_dags/example_external_task_marker_dag.py
[2025-07-21T14:05:27.992+0000] {processor.py:830} INFO - Processing file /home/airflow/.local/lib/python3.8/site-packages/airflow/example_dags/example_external_task_marker_dag.py for tasks to queue
[2025-07-21T14:05:27.993+0000] {logging_mixin.py:188} INFO - [2025-07-21T14:05:27.992+0000] {dagbag.py:538} INFO - Filling up the DagBag from /home/airflow/.local/lib/python3.8/site-packages/airflow/example_dags/example_external_task_marker_dag.py
[2025-07-21T14:05:27.998+0000] {processor.py:840} INFO - DAG(s) 'example_external_task_marker_parent', 'example_external_task_marker_child' retrieved from /home/airflow/.local/lib/python3.8/site-packages/airflow/example_dags/example_external_task_marker_dag.py
[2025-07-21T14:05:28.026+0000] {logging_mixin.py:188} INFO - [2025-07-21T14:05:28.026+0000] {dag.py:3036} INFO - Sync 2 DAGs
[2025-07-21T14:05:28.038+0000] {logging_mixin.py:188} INFO - [2025-07-21T14:05:28.038+0000] {dag.py:3823} INFO - Setting next_dagrun for example_external_task_marker_child to None, run_after=None
[2025-07-21T14:05:28.042+0000] {logging_mixin.py:188} INFO - [2025-07-21T14:05:28.042+0000] {dag.py:3823} INFO - Setting next_dagrun for example_external_task_marker_parent to None, run_after=None
[2025-07-21T14:05:28.063+0000] {processor.py:183} INFO - Processing /home/airflow/.local/lib/python3.8/site-packages/airflow/example_dags/example_external_task_marker_dag.py took 0.076 seconds
[2025-07-21T14:05:58.287+0000] {processor.py:161} INFO - Started process (PID=1465) to work on /home/airflow/.local/lib/python3.8/site-packages/airflow/example_dags/example_external_task_marker_dag.py
[2025-07-21T14:05:58.289+0000] {processor.py:830} INFO - Processing file /home/airflow/.local/lib/python3.8/site-packages/airflow/example_dags/example_external_task_marker_dag.py for tasks to queue
[2025-07-21T14:05:58.290+0000] {logging_mixin.py:188} INFO - [2025-07-21T14:05:58.290+0000] {dagbag.py:538} INFO - Filling up the DagBag from /home/airflow/.local/lib/python3.8/site-packages/airflow/example_dags/example_external_task_marker_dag.py
[2025-07-21T14:05:58.296+0000] {processor.py:840} INFO - DAG(s) 'example_external_task_marker_parent', 'example_external_task_marker_child' retrieved from /home/airflow/.local/lib/python3.8/site-packages/airflow/example_dags/example_external_task_marker_dag.py
[2025-07-21T14:05:58.323+0000] {logging_mixin.py:188} INFO - [2025-07-21T14:05:58.323+0000] {dag.py:3036} INFO - Sync 2 DAGs
[2025-07-21T14:05:58.337+0000] {logging_mixin.py:188} INFO - [2025-07-21T14:05:58.337+0000] {dag.py:3823} INFO - Setting next_dagrun for example_external_task_marker_child to None, run_after=None
[2025-07-21T14:05:58.342+0000] {logging_mixin.py:188} INFO - [2025-07-21T14:05:58.342+0000] {dag.py:3823} INFO - Setting next_dagrun for example_external_task_marker_parent to None, run_after=None
[2025-07-21T14:05:58.367+0000] {processor.py:183} INFO - Processing /home/airflow/.local/lib/python3.8/site-packages/airflow/example_dags/example_external_task_marker_dag.py took 0.083 seconds
[2025-07-21T14:06:35.144+0000] {processor.py:161} INFO - Started process (PID=262) to work on /home/airflow/.local/lib/python3.8/site-packages/airflow/example_dags/example_external_task_marker_dag.py
[2025-07-21T14:06:35.146+0000] {processor.py:830} INFO - Processing file /home/airflow/.local/lib/python3.8/site-packages/airflow/example_dags/example_external_task_marker_dag.py for tasks to queue
[2025-07-21T14:06:35.148+0000] {logging_mixin.py:188} INFO - [2025-07-21T14:06:35.147+0000] {dagbag.py:538} INFO - Filling up the DagBag from /home/airflow/.local/lib/python3.8/site-packages/airflow/example_dags/example_external_task_marker_dag.py
[2025-07-21T14:06:35.158+0000] {processor.py:840} INFO - DAG(s) 'example_external_task_marker_child', 'example_external_task_marker_parent' retrieved from /home/airflow/.local/lib/python3.8/site-packages/airflow/example_dags/example_external_task_marker_dag.py
[2025-07-21T14:06:35.177+0000] {logging_mixin.py:188} INFO - [2025-07-21T14:06:35.176+0000] {dag.py:3036} INFO - Sync 2 DAGs
[2025-07-21T14:06:35.203+0000] {logging_mixin.py:188} INFO - [2025-07-21T14:06:35.202+0000] {dag.py:3823} INFO - Setting next_dagrun for example_external_task_marker_child to None, run_after=None
[2025-07-21T14:06:35.209+0000] {logging_mixin.py:188} INFO - [2025-07-21T14:06:35.209+0000] {dag.py:3823} INFO - Setting next_dagrun for example_external_task_marker_parent to None, run_after=None
[2025-07-21T14:06:35.240+0000] {processor.py:183} INFO - Processing /home/airflow/.local/lib/python3.8/site-packages/airflow/example_dags/example_external_task_marker_dag.py took 0.100 seconds
[2025-07-21T14:07:06.059+0000] {processor.py:161} INFO - Started process (PID=501) to work on /home/airflow/.local/lib/python3.8/site-packages/airflow/example_dags/example_external_task_marker_dag.py
[2025-07-21T14:07:06.061+0000] {processor.py:830} INFO - Processing file /home/airflow/.local/lib/python3.8/site-packages/airflow/example_dags/example_external_task_marker_dag.py for tasks to queue
[2025-07-21T14:07:06.062+0000] {logging_mixin.py:188} INFO - [2025-07-21T14:07:06.062+0000] {dagbag.py:538} INFO - Filling up the DagBag from /home/airflow/.local/lib/python3.8/site-packages/airflow/example_dags/example_external_task_marker_dag.py
[2025-07-21T14:07:06.069+0000] {processor.py:840} INFO - DAG(s) 'example_external_task_marker_parent', 'example_external_task_marker_child' retrieved from /home/airflow/.local/lib/python3.8/site-packages/airflow/example_dags/example_external_task_marker_dag.py
[2025-07-21T14:07:06.221+0000] {logging_mixin.py:188} INFO - [2025-07-21T14:07:06.221+0000] {dag.py:3036} INFO - Sync 2 DAGs
[2025-07-21T14:07:06.234+0000] {logging_mixin.py:188} INFO - [2025-07-21T14:07:06.234+0000] {dag.py:3823} INFO - Setting next_dagrun for example_external_task_marker_child to None, run_after=None
[2025-07-21T14:07:06.238+0000] {logging_mixin.py:188} INFO - [2025-07-21T14:07:06.238+0000] {dag.py:3823} INFO - Setting next_dagrun for example_external_task_marker_parent to None, run_after=None
[2025-07-21T14:07:06.263+0000] {processor.py:183} INFO - Processing /home/airflow/.local/lib/python3.8/site-packages/airflow/example_dags/example_external_task_marker_dag.py took 0.208 seconds
[2025-07-21T14:07:37.117+0000] {processor.py:161} INFO - Started process (PID=742) to work on /home/airflow/.local/lib/python3.8/site-packages/airflow/example_dags/example_external_task_marker_dag.py
[2025-07-21T14:07:37.118+0000] {processor.py:830} INFO - Processing file /home/airflow/.local/lib/python3.8/site-packages/airflow/example_dags/example_external_task_marker_dag.py for tasks to queue
[2025-07-21T14:07:37.119+0000] {logging_mixin.py:188} INFO - [2025-07-21T14:07:37.119+0000] {dagbag.py:538} INFO - Filling up the DagBag from /home/airflow/.local/lib/python3.8/site-packages/airflow/example_dags/example_external_task_marker_dag.py
[2025-07-21T14:07:37.125+0000] {processor.py:840} INFO - DAG(s) 'example_external_task_marker_child', 'example_external_task_marker_parent' retrieved from /home/airflow/.local/lib/python3.8/site-packages/airflow/example_dags/example_external_task_marker_dag.py
[2025-07-21T14:07:37.149+0000] {logging_mixin.py:188} INFO - [2025-07-21T14:07:37.149+0000] {dag.py:3036} INFO - Sync 2 DAGs
[2025-07-21T14:07:37.160+0000] {logging_mixin.py:188} INFO - [2025-07-21T14:07:37.160+0000] {dag.py:3823} INFO - Setting next_dagrun for example_external_task_marker_child to None, run_after=None
[2025-07-21T14:07:37.164+0000] {logging_mixin.py:188} INFO - [2025-07-21T14:07:37.164+0000] {dag.py:3823} INFO - Setting next_dagrun for example_external_task_marker_parent to None, run_after=None
[2025-07-21T14:07:37.184+0000] {processor.py:183} INFO - Processing /home/airflow/.local/lib/python3.8/site-packages/airflow/example_dags/example_external_task_marker_dag.py took 0.070 seconds
[2025-07-21T14:08:07.360+0000] {processor.py:161} INFO - Started process (PID=983) to work on /home/airflow/.local/lib/python3.8/site-packages/airflow/example_dags/example_external_task_marker_dag.py
[2025-07-21T14:08:07.361+0000] {processor.py:830} INFO - Processing file /home/airflow/.local/lib/python3.8/site-packages/airflow/example_dags/example_external_task_marker_dag.py for tasks to queue
[2025-07-21T14:08:07.362+0000] {logging_mixin.py:188} INFO - [2025-07-21T14:08:07.361+0000] {dagbag.py:538} INFO - Filling up the DagBag from /home/airflow/.local/lib/python3.8/site-packages/airflow/example_dags/example_external_task_marker_dag.py
[2025-07-21T14:08:07.367+0000] {processor.py:840} INFO - DAG(s) 'example_external_task_marker_parent', 'example_external_task_marker_child' retrieved from /home/airflow/.local/lib/python3.8/site-packages/airflow/example_dags/example_external_task_marker_dag.py
[2025-07-21T14:08:07.391+0000] {logging_mixin.py:188} INFO - [2025-07-21T14:08:07.391+0000] {dag.py:3036} INFO - Sync 2 DAGs
[2025-07-21T14:08:07.402+0000] {logging_mixin.py:188} INFO - [2025-07-21T14:08:07.402+0000] {dag.py:3823} INFO - Setting next_dagrun for example_external_task_marker_child to None, run_after=None
[2025-07-21T14:08:07.406+0000] {logging_mixin.py:188} INFO - [2025-07-21T14:08:07.405+0000] {dag.py:3823} INFO - Setting next_dagrun for example_external_task_marker_parent to None, run_after=None
[2025-07-21T14:08:07.427+0000] {processor.py:183} INFO - Processing /home/airflow/.local/lib/python3.8/site-packages/airflow/example_dags/example_external_task_marker_dag.py took 0.070 seconds
[2025-07-21T14:08:37.655+0000] {processor.py:161} INFO - Started process (PID=1224) to work on /home/airflow/.local/lib/python3.8/site-packages/airflow/example_dags/example_external_task_marker_dag.py
[2025-07-21T14:08:37.656+0000] {processor.py:830} INFO - Processing file /home/airflow/.local/lib/python3.8/site-packages/airflow/example_dags/example_external_task_marker_dag.py for tasks to queue
[2025-07-21T14:08:37.658+0000] {logging_mixin.py:188} INFO - [2025-07-21T14:08:37.657+0000] {dagbag.py:538} INFO - Filling up the DagBag from /home/airflow/.local/lib/python3.8/site-packages/airflow/example_dags/example_external_task_marker_dag.py
[2025-07-21T14:08:37.664+0000] {processor.py:840} INFO - DAG(s) 'example_external_task_marker_parent', 'example_external_task_marker_child' retrieved from /home/airflow/.local/lib/python3.8/site-packages/airflow/example_dags/example_external_task_marker_dag.py
[2025-07-21T14:08:37.691+0000] {logging_mixin.py:188} INFO - [2025-07-21T14:08:37.691+0000] {dag.py:3036} INFO - Sync 2 DAGs
[2025-07-21T14:08:37.704+0000] {logging_mixin.py:188} INFO - [2025-07-21T14:08:37.704+0000] {dag.py:3823} INFO - Setting next_dagrun for example_external_task_marker_child to None, run_after=None
[2025-07-21T14:08:37.708+0000] {logging_mixin.py:188} INFO - [2025-07-21T14:08:37.708+0000] {dag.py:3823} INFO - Setting next_dagrun for example_external_task_marker_parent to None, run_after=None
[2025-07-21T14:08:37.731+0000] {processor.py:183} INFO - Processing /home/airflow/.local/lib/python3.8/site-packages/airflow/example_dags/example_external_task_marker_dag.py took 0.079 seconds
