[2025-07-21T14:03:30.545+0000] {processor.py:161} INFO - Started process (PID=360) to work on /home/airflow/.local/lib/python3.8/site-packages/airflow/example_dags/example_branch_operator.py
[2025-07-21T14:03:30.548+0000] {processor.py:830} INFO - Processing file /home/airflow/.local/lib/python3.8/site-packages/airflow/example_dags/example_branch_operator.py for tasks to queue
[2025-07-21T14:03:30.551+0000] {logging_mixin.py:188} INFO - [2025-07-21T14:03:30.550+0000] {dagbag.py:538} INFO - Filling up the DagBag from /home/airflow/.local/lib/python3.8/site-packages/airflow/example_dags/example_branch_operator.py
[2025-07-21T14:03:30.591+0000] {processor.py:840} INFO - DAG(s) 'example_branch_operator' retrieved from /home/airflow/.local/lib/python3.8/site-packages/airflow/example_dags/example_branch_operator.py
[2025-07-21T14:03:30.823+0000] {logging_mixin.py:188} INFO - [2025-07-21T14:03:30.821+0000] {override.py:1769} INFO - Created Permission View: can read on DAG:example_branch_operator
[2025-07-21T14:03:30.846+0000] {logging_mixin.py:188} INFO - [2025-07-21T14:03:30.845+0000] {override.py:1769} INFO - Created Permission View: can edit on DAG:example_branch_operator
[2025-07-21T14:03:30.868+0000] {logging_mixin.py:188} INFO - [2025-07-21T14:03:30.867+0000] {override.py:1769} INFO - Created Permission View: can delete on DAG:example_branch_operator
[2025-07-21T14:03:30.870+0000] {logging_mixin.py:188} INFO - [2025-07-21T14:03:30.870+0000] {dag.py:3036} INFO - Sync 1 DAGs
[2025-07-21T14:03:30.895+0000] {logging_mixin.py:188} INFO - [2025-07-21T14:03:30.894+0000] {dag.py:3058} INFO - Creating ORM DAG for example_branch_operator
[2025-07-21T14:03:30.925+0000] {logging_mixin.py:188} INFO - [2025-07-21T14:03:30.925+0000] {dag.py:3823} INFO - Setting next_dagrun for example_branch_operator to 2025-07-20 00:00:00+00:00, run_after=2025-07-21 00:00:00+00:00
[2025-07-21T14:03:30.971+0000] {processor.py:183} INFO - Processing /home/airflow/.local/lib/python3.8/site-packages/airflow/example_dags/example_branch_operator.py took 0.432 seconds
[2025-07-21T14:04:01.567+0000] {processor.py:161} INFO - Started process (PID=601) to work on /home/airflow/.local/lib/python3.8/site-packages/airflow/example_dags/example_branch_operator.py
[2025-07-21T14:04:01.568+0000] {processor.py:830} INFO - Processing file /home/airflow/.local/lib/python3.8/site-packages/airflow/example_dags/example_branch_operator.py for tasks to queue
[2025-07-21T14:04:01.569+0000] {logging_mixin.py:188} INFO - [2025-07-21T14:04:01.569+0000] {dagbag.py:538} INFO - Filling up the DagBag from /home/airflow/.local/lib/python3.8/site-packages/airflow/example_dags/example_branch_operator.py
[2025-07-21T14:04:01.585+0000] {processor.py:840} INFO - DAG(s) 'example_branch_operator' retrieved from /home/airflow/.local/lib/python3.8/site-packages/airflow/example_dags/example_branch_operator.py
[2025-07-21T14:04:01.625+0000] {logging_mixin.py:188} INFO - [2025-07-21T14:04:01.624+0000] {dag.py:3036} INFO - Sync 1 DAGs
[2025-07-21T14:04:01.653+0000] {logging_mixin.py:188} INFO - [2025-07-21T14:04:01.653+0000] {dag.py:3823} INFO - Setting next_dagrun for example_branch_operator to 2025-07-20 00:00:00+00:00, run_after=2025-07-21 00:00:00+00:00
[2025-07-21T14:04:01.677+0000] {processor.py:183} INFO - Processing /home/airflow/.local/lib/python3.8/site-packages/airflow/example_dags/example_branch_operator.py took 0.114 seconds
[2025-07-21T14:04:31.739+0000] {processor.py:161} INFO - Started process (PID=837) to work on /home/airflow/.local/lib/python3.8/site-packages/airflow/example_dags/example_branch_operator.py
[2025-07-21T14:04:31.740+0000] {processor.py:830} INFO - Processing file /home/airflow/.local/lib/python3.8/site-packages/airflow/example_dags/example_branch_operator.py for tasks to queue
[2025-07-21T14:04:31.741+0000] {logging_mixin.py:188} INFO - [2025-07-21T14:04:31.741+0000] {dagbag.py:538} INFO - Filling up the DagBag from /home/airflow/.local/lib/python3.8/site-packages/airflow/example_dags/example_branch_operator.py
[2025-07-21T14:04:31.756+0000] {processor.py:840} INFO - DAG(s) 'example_branch_operator' retrieved from /home/airflow/.local/lib/python3.8/site-packages/airflow/example_dags/example_branch_operator.py
[2025-07-21T14:04:31.783+0000] {logging_mixin.py:188} INFO - [2025-07-21T14:04:31.782+0000] {dag.py:3036} INFO - Sync 1 DAGs
[2025-07-21T14:04:31.803+0000] {logging_mixin.py:188} INFO - [2025-07-21T14:04:31.803+0000] {dag.py:3823} INFO - Setting next_dagrun for example_branch_operator to 2025-07-20 00:00:00+00:00, run_after=2025-07-21 00:00:00+00:00
[2025-07-21T14:04:31.826+0000] {processor.py:183} INFO - Processing /home/airflow/.local/lib/python3.8/site-packages/airflow/example_dags/example_branch_operator.py took 0.090 seconds
[2025-07-21T14:05:01.966+0000] {processor.py:161} INFO - Started process (PID=1078) to work on /home/airflow/.local/lib/python3.8/site-packages/airflow/example_dags/example_branch_operator.py
[2025-07-21T14:05:01.968+0000] {processor.py:830} INFO - Processing file /home/airflow/.local/lib/python3.8/site-packages/airflow/example_dags/example_branch_operator.py for tasks to queue
[2025-07-21T14:05:01.969+0000] {logging_mixin.py:188} INFO - [2025-07-21T14:05:01.969+0000] {dagbag.py:538} INFO - Filling up the DagBag from /home/airflow/.local/lib/python3.8/site-packages/airflow/example_dags/example_branch_operator.py
[2025-07-21T14:05:02.006+0000] {processor.py:840} INFO - DAG(s) 'example_branch_operator' retrieved from /home/airflow/.local/lib/python3.8/site-packages/airflow/example_dags/example_branch_operator.py
[2025-07-21T14:05:02.073+0000] {logging_mixin.py:188} INFO - [2025-07-21T14:05:02.072+0000] {dag.py:3036} INFO - Sync 1 DAGs
[2025-07-21T14:05:02.135+0000] {logging_mixin.py:188} INFO - [2025-07-21T14:05:02.134+0000] {dag.py:3823} INFO - Setting next_dagrun for example_branch_operator to 2025-07-20 00:00:00+00:00, run_after=2025-07-21 00:00:00+00:00
[2025-07-21T14:05:02.176+0000] {processor.py:183} INFO - Processing /home/airflow/.local/lib/python3.8/site-packages/airflow/example_dags/example_branch_operator.py took 0.220 seconds
[2025-07-21T14:05:32.295+0000] {processor.py:161} INFO - Started process (PID=1319) to work on /home/airflow/.local/lib/python3.8/site-packages/airflow/example_dags/example_branch_operator.py
[2025-07-21T14:05:32.297+0000] {processor.py:830} INFO - Processing file /home/airflow/.local/lib/python3.8/site-packages/airflow/example_dags/example_branch_operator.py for tasks to queue
[2025-07-21T14:05:32.299+0000] {logging_mixin.py:188} INFO - [2025-07-21T14:05:32.299+0000] {dagbag.py:538} INFO - Filling up the DagBag from /home/airflow/.local/lib/python3.8/site-packages/airflow/example_dags/example_branch_operator.py
[2025-07-21T14:05:32.315+0000] {processor.py:840} INFO - DAG(s) 'example_branch_operator' retrieved from /home/airflow/.local/lib/python3.8/site-packages/airflow/example_dags/example_branch_operator.py
[2025-07-21T14:05:32.344+0000] {logging_mixin.py:188} INFO - [2025-07-21T14:05:32.343+0000] {dag.py:3036} INFO - Sync 1 DAGs
[2025-07-21T14:05:32.367+0000] {logging_mixin.py:188} INFO - [2025-07-21T14:05:32.367+0000] {dag.py:3823} INFO - Setting next_dagrun for example_branch_operator to 2025-07-20 00:00:00+00:00, run_after=2025-07-21 00:00:00+00:00
[2025-07-21T14:05:32.395+0000] {processor.py:183} INFO - Processing /home/airflow/.local/lib/python3.8/site-packages/airflow/example_dags/example_branch_operator.py took 0.103 seconds
[2025-07-21T14:06:02.581+0000] {processor.py:161} INFO - Started process (PID=1560) to work on /home/airflow/.local/lib/python3.8/site-packages/airflow/example_dags/example_branch_operator.py
[2025-07-21T14:06:02.582+0000] {processor.py:830} INFO - Processing file /home/airflow/.local/lib/python3.8/site-packages/airflow/example_dags/example_branch_operator.py for tasks to queue
[2025-07-21T14:06:02.583+0000] {logging_mixin.py:188} INFO - [2025-07-21T14:06:02.583+0000] {dagbag.py:538} INFO - Filling up the DagBag from /home/airflow/.local/lib/python3.8/site-packages/airflow/example_dags/example_branch_operator.py
[2025-07-21T14:06:02.601+0000] {processor.py:840} INFO - DAG(s) 'example_branch_operator' retrieved from /home/airflow/.local/lib/python3.8/site-packages/airflow/example_dags/example_branch_operator.py
[2025-07-21T14:06:02.639+0000] {logging_mixin.py:188} INFO - [2025-07-21T14:06:02.639+0000] {dag.py:3036} INFO - Sync 1 DAGs
[2025-07-21T14:06:02.668+0000] {logging_mixin.py:188} INFO - [2025-07-21T14:06:02.668+0000] {dag.py:3823} INFO - Setting next_dagrun for example_branch_operator to 2025-07-20 00:00:00+00:00, run_after=2025-07-21 00:00:00+00:00
[2025-07-21T14:06:02.694+0000] {processor.py:183} INFO - Processing /home/airflow/.local/lib/python3.8/site-packages/airflow/example_dags/example_branch_operator.py took 0.117 seconds
[2025-07-21T14:06:37.344+0000] {processor.py:161} INFO - Started process (PID=360) to work on /home/airflow/.local/lib/python3.8/site-packages/airflow/example_dags/example_branch_operator.py
[2025-07-21T14:06:37.346+0000] {processor.py:830} INFO - Processing file /home/airflow/.local/lib/python3.8/site-packages/airflow/example_dags/example_branch_operator.py for tasks to queue
[2025-07-21T14:06:37.347+0000] {logging_mixin.py:188} INFO - [2025-07-21T14:06:37.347+0000] {dagbag.py:538} INFO - Filling up the DagBag from /home/airflow/.local/lib/python3.8/site-packages/airflow/example_dags/example_branch_operator.py
[2025-07-21T14:06:37.378+0000] {processor.py:840} INFO - DAG(s) 'example_branch_operator' retrieved from /home/airflow/.local/lib/python3.8/site-packages/airflow/example_dags/example_branch_operator.py
[2025-07-21T14:06:37.400+0000] {logging_mixin.py:188} INFO - [2025-07-21T14:06:37.399+0000] {dag.py:3036} INFO - Sync 1 DAGs
[2025-07-21T14:06:37.435+0000] {logging_mixin.py:188} INFO - [2025-07-21T14:06:37.434+0000] {dag.py:3823} INFO - Setting next_dagrun for example_branch_operator to 2025-07-20 00:00:00+00:00, run_after=2025-07-21 00:00:00+00:00
[2025-07-21T14:06:37.467+0000] {processor.py:183} INFO - Processing /home/airflow/.local/lib/python3.8/site-packages/airflow/example_dags/example_branch_operator.py took 0.127 seconds
[2025-07-21T14:07:08.786+0000] {processor.py:161} INFO - Started process (PID=601) to work on /home/airflow/.local/lib/python3.8/site-packages/airflow/example_dags/example_branch_operator.py
[2025-07-21T14:07:08.787+0000] {processor.py:830} INFO - Processing file /home/airflow/.local/lib/python3.8/site-packages/airflow/example_dags/example_branch_operator.py for tasks to queue
[2025-07-21T14:07:08.788+0000] {logging_mixin.py:188} INFO - [2025-07-21T14:07:08.788+0000] {dagbag.py:538} INFO - Filling up the DagBag from /home/airflow/.local/lib/python3.8/site-packages/airflow/example_dags/example_branch_operator.py
[2025-07-21T14:07:08.804+0000] {processor.py:840} INFO - DAG(s) 'example_branch_operator' retrieved from /home/airflow/.local/lib/python3.8/site-packages/airflow/example_dags/example_branch_operator.py
[2025-07-21T14:07:08.914+0000] {logging_mixin.py:188} INFO - [2025-07-21T14:07:08.914+0000] {dag.py:3036} INFO - Sync 1 DAGs
[2025-07-21T14:07:08.934+0000] {logging_mixin.py:188} INFO - [2025-07-21T14:07:08.934+0000] {dag.py:3823} INFO - Setting next_dagrun for example_branch_operator to 2025-07-20 00:00:00+00:00, run_after=2025-07-21 00:00:00+00:00
[2025-07-21T14:07:08.957+0000] {processor.py:183} INFO - Processing /home/airflow/.local/lib/python3.8/site-packages/airflow/example_dags/example_branch_operator.py took 0.174 seconds
[2025-07-21T14:07:39.277+0000] {processor.py:161} INFO - Started process (PID=842) to work on /home/airflow/.local/lib/python3.8/site-packages/airflow/example_dags/example_branch_operator.py
[2025-07-21T14:07:39.278+0000] {processor.py:830} INFO - Processing file /home/airflow/.local/lib/python3.8/site-packages/airflow/example_dags/example_branch_operator.py for tasks to queue
[2025-07-21T14:07:39.279+0000] {logging_mixin.py:188} INFO - [2025-07-21T14:07:39.278+0000] {dagbag.py:538} INFO - Filling up the DagBag from /home/airflow/.local/lib/python3.8/site-packages/airflow/example_dags/example_branch_operator.py
[2025-07-21T14:07:39.294+0000] {processor.py:840} INFO - DAG(s) 'example_branch_operator' retrieved from /home/airflow/.local/lib/python3.8/site-packages/airflow/example_dags/example_branch_operator.py
[2025-07-21T14:07:39.321+0000] {logging_mixin.py:188} INFO - [2025-07-21T14:07:39.321+0000] {dag.py:3036} INFO - Sync 1 DAGs
[2025-07-21T14:07:39.341+0000] {logging_mixin.py:188} INFO - [2025-07-21T14:07:39.341+0000] {dag.py:3823} INFO - Setting next_dagrun for example_branch_operator to 2025-07-20 00:00:00+00:00, run_after=2025-07-21 00:00:00+00:00
[2025-07-21T14:07:39.362+0000] {processor.py:183} INFO - Processing /home/airflow/.local/lib/python3.8/site-packages/airflow/example_dags/example_branch_operator.py took 0.089 seconds
[2025-07-21T14:08:09.609+0000] {processor.py:161} INFO - Started process (PID=1083) to work on /home/airflow/.local/lib/python3.8/site-packages/airflow/example_dags/example_branch_operator.py
[2025-07-21T14:08:09.610+0000] {processor.py:830} INFO - Processing file /home/airflow/.local/lib/python3.8/site-packages/airflow/example_dags/example_branch_operator.py for tasks to queue
[2025-07-21T14:08:09.611+0000] {logging_mixin.py:188} INFO - [2025-07-21T14:08:09.611+0000] {dagbag.py:538} INFO - Filling up the DagBag from /home/airflow/.local/lib/python3.8/site-packages/airflow/example_dags/example_branch_operator.py
[2025-07-21T14:08:09.627+0000] {processor.py:840} INFO - DAG(s) 'example_branch_operator' retrieved from /home/airflow/.local/lib/python3.8/site-packages/airflow/example_dags/example_branch_operator.py
[2025-07-21T14:08:09.656+0000] {logging_mixin.py:188} INFO - [2025-07-21T14:08:09.656+0000] {dag.py:3036} INFO - Sync 1 DAGs
[2025-07-21T14:08:09.678+0000] {logging_mixin.py:188} INFO - [2025-07-21T14:08:09.678+0000] {dag.py:3823} INFO - Setting next_dagrun for example_branch_operator to 2025-07-20 00:00:00+00:00, run_after=2025-07-21 00:00:00+00:00
[2025-07-21T14:08:09.701+0000] {processor.py:183} INFO - Processing /home/airflow/.local/lib/python3.8/site-packages/airflow/example_dags/example_branch_operator.py took 0.094 seconds
[2025-07-21T14:08:40.095+0000] {processor.py:161} INFO - Started process (PID=1324) to work on /home/airflow/.local/lib/python3.8/site-packages/airflow/example_dags/example_branch_operator.py
[2025-07-21T14:08:40.097+0000] {processor.py:830} INFO - Processing file /home/airflow/.local/lib/python3.8/site-packages/airflow/example_dags/example_branch_operator.py for tasks to queue
[2025-07-21T14:08:40.098+0000] {logging_mixin.py:188} INFO - [2025-07-21T14:08:40.097+0000] {dagbag.py:538} INFO - Filling up the DagBag from /home/airflow/.local/lib/python3.8/site-packages/airflow/example_dags/example_branch_operator.py
[2025-07-21T14:08:40.116+0000] {processor.py:840} INFO - DAG(s) 'example_branch_operator' retrieved from /home/airflow/.local/lib/python3.8/site-packages/airflow/example_dags/example_branch_operator.py
[2025-07-21T14:08:40.154+0000] {logging_mixin.py:188} INFO - [2025-07-21T14:08:40.154+0000] {dag.py:3036} INFO - Sync 1 DAGs
[2025-07-21T14:08:40.187+0000] {logging_mixin.py:188} INFO - [2025-07-21T14:08:40.187+0000] {dag.py:3823} INFO - Setting next_dagrun for example_branch_operator to 2025-07-20 00:00:00+00:00, run_after=2025-07-21 00:00:00+00:00
[2025-07-21T14:08:40.213+0000] {processor.py:183} INFO - Processing /home/airflow/.local/lib/python3.8/site-packages/airflow/example_dags/example_branch_operator.py took 0.122 seconds
