[2025-07-21T14:03:28.020+0000] {processor.py:161} INFO - Started process (PID=300) to work on /home/airflow/.local/lib/python3.8/site-packages/airflow/example_dags/example_nested_branch_dag.py
[2025-07-21T14:03:28.021+0000] {processor.py:830} INFO - Processing file /home/airflow/.local/lib/python3.8/site-packages/airflow/example_dags/example_nested_branch_dag.py for tasks to queue
[2025-07-21T14:03:28.023+0000] {logging_mixin.py:188} INFO - [2025-07-21T14:03:28.023+0000] {dagbag.py:538} INFO - Filling up the DagBag from /home/airflow/.local/lib/python3.8/site-packages/airflow/example_dags/example_nested_branch_dag.py
[2025-07-21T14:03:28.042+0000] {processor.py:840} INFO - DAG(s) 'example_nested_branch_dag' retrieved from /home/airflow/.local/lib/python3.8/site-packages/airflow/example_dags/example_nested_branch_dag.py
[2025-07-21T14:03:28.222+0000] {logging_mixin.py:188} INFO - [2025-07-21T14:03:28.221+0000] {override.py:1769} INFO - Created Permission View: can read on DAG:example_nested_branch_dag
[2025-07-21T14:03:28.241+0000] {logging_mixin.py:188} INFO - [2025-07-21T14:03:28.240+0000] {override.py:1769} INFO - Created Permission View: can edit on DAG:example_nested_branch_dag
[2025-07-21T14:03:28.254+0000] {logging_mixin.py:188} INFO - [2025-07-21T14:03:28.254+0000] {override.py:1769} INFO - Created Permission View: can delete on DAG:example_nested_branch_dag
[2025-07-21T14:03:28.256+0000] {logging_mixin.py:188} INFO - [2025-07-21T14:03:28.255+0000] {dag.py:3036} INFO - Sync 1 DAGs
[2025-07-21T14:03:28.272+0000] {logging_mixin.py:188} INFO - [2025-07-21T14:03:28.272+0000] {dag.py:3058} INFO - Creating ORM DAG for example_nested_branch_dag
[2025-07-21T14:03:28.292+0000] {logging_mixin.py:188} INFO - [2025-07-21T14:03:28.291+0000] {dag.py:3823} INFO - Setting next_dagrun for example_nested_branch_dag to 2025-07-20 00:00:00+00:00, run_after=2025-07-21 00:00:00+00:00
[2025-07-21T14:03:28.320+0000] {processor.py:183} INFO - Processing /home/airflow/.local/lib/python3.8/site-packages/airflow/example_dags/example_nested_branch_dag.py took 0.306 seconds
[2025-07-21T14:03:58.883+0000] {processor.py:161} INFO - Started process (PID=541) to work on /home/airflow/.local/lib/python3.8/site-packages/airflow/example_dags/example_nested_branch_dag.py
[2025-07-21T14:03:58.884+0000] {processor.py:830} INFO - Processing file /home/airflow/.local/lib/python3.8/site-packages/airflow/example_dags/example_nested_branch_dag.py for tasks to queue
[2025-07-21T14:03:58.885+0000] {logging_mixin.py:188} INFO - [2025-07-21T14:03:58.885+0000] {dagbag.py:538} INFO - Filling up the DagBag from /home/airflow/.local/lib/python3.8/site-packages/airflow/example_dags/example_nested_branch_dag.py
[2025-07-21T14:03:58.895+0000] {processor.py:840} INFO - DAG(s) 'example_nested_branch_dag' retrieved from /home/airflow/.local/lib/python3.8/site-packages/airflow/example_dags/example_nested_branch_dag.py
[2025-07-21T14:03:58.915+0000] {logging_mixin.py:188} INFO - [2025-07-21T14:03:58.915+0000] {dag.py:3036} INFO - Sync 1 DAGs
[2025-07-21T14:03:58.938+0000] {logging_mixin.py:188} INFO - [2025-07-21T14:03:58.938+0000] {dag.py:3823} INFO - Setting next_dagrun for example_nested_branch_dag to 2025-07-20 00:00:00+00:00, run_after=2025-07-21 00:00:00+00:00
[2025-07-21T14:03:58.961+0000] {processor.py:183} INFO - Processing /home/airflow/.local/lib/python3.8/site-packages/airflow/example_dags/example_nested_branch_dag.py took 0.082 seconds
[2025-07-21T14:04:29.141+0000] {processor.py:161} INFO - Started process (PID=784) to work on /home/airflow/.local/lib/python3.8/site-packages/airflow/example_dags/example_nested_branch_dag.py
[2025-07-21T14:04:29.142+0000] {processor.py:830} INFO - Processing file /home/airflow/.local/lib/python3.8/site-packages/airflow/example_dags/example_nested_branch_dag.py for tasks to queue
[2025-07-21T14:04:29.143+0000] {logging_mixin.py:188} INFO - [2025-07-21T14:04:29.142+0000] {dagbag.py:538} INFO - Filling up the DagBag from /home/airflow/.local/lib/python3.8/site-packages/airflow/example_dags/example_nested_branch_dag.py
[2025-07-21T14:04:29.151+0000] {processor.py:840} INFO - DAG(s) 'example_nested_branch_dag' retrieved from /home/airflow/.local/lib/python3.8/site-packages/airflow/example_dags/example_nested_branch_dag.py
[2025-07-21T14:04:29.172+0000] {logging_mixin.py:188} INFO - [2025-07-21T14:04:29.172+0000] {dag.py:3036} INFO - Sync 1 DAGs
[2025-07-21T14:04:29.191+0000] {logging_mixin.py:188} INFO - [2025-07-21T14:04:29.191+0000] {dag.py:3823} INFO - Setting next_dagrun for example_nested_branch_dag to 2025-07-20 00:00:00+00:00, run_after=2025-07-21 00:00:00+00:00
[2025-07-21T14:04:29.214+0000] {processor.py:183} INFO - Processing /home/airflow/.local/lib/python3.8/site-packages/airflow/example_dags/example_nested_branch_dag.py took 0.076 seconds
[2025-07-21T14:04:59.275+0000] {processor.py:161} INFO - Started process (PID=1024) to work on /home/airflow/.local/lib/python3.8/site-packages/airflow/example_dags/example_nested_branch_dag.py
[2025-07-21T14:04:59.277+0000] {processor.py:830} INFO - Processing file /home/airflow/.local/lib/python3.8/site-packages/airflow/example_dags/example_nested_branch_dag.py for tasks to queue
[2025-07-21T14:04:59.278+0000] {logging_mixin.py:188} INFO - [2025-07-21T14:04:59.277+0000] {dagbag.py:538} INFO - Filling up the DagBag from /home/airflow/.local/lib/python3.8/site-packages/airflow/example_dags/example_nested_branch_dag.py
[2025-07-21T14:04:59.288+0000] {processor.py:840} INFO - DAG(s) 'example_nested_branch_dag' retrieved from /home/airflow/.local/lib/python3.8/site-packages/airflow/example_dags/example_nested_branch_dag.py
[2025-07-21T14:04:59.308+0000] {logging_mixin.py:188} INFO - [2025-07-21T14:04:59.308+0000] {dag.py:3036} INFO - Sync 1 DAGs
[2025-07-21T14:04:59.329+0000] {logging_mixin.py:188} INFO - [2025-07-21T14:04:59.329+0000] {dag.py:3823} INFO - Setting next_dagrun for example_nested_branch_dag to 2025-07-20 00:00:00+00:00, run_after=2025-07-21 00:00:00+00:00
[2025-07-21T14:04:59.353+0000] {processor.py:183} INFO - Processing /home/airflow/.local/lib/python3.8/site-packages/airflow/example_dags/example_nested_branch_dag.py took 0.080 seconds
[2025-07-21T14:05:29.650+0000] {processor.py:161} INFO - Started process (PID=1264) to work on /home/airflow/.local/lib/python3.8/site-packages/airflow/example_dags/example_nested_branch_dag.py
[2025-07-21T14:05:29.652+0000] {processor.py:830} INFO - Processing file /home/airflow/.local/lib/python3.8/site-packages/airflow/example_dags/example_nested_branch_dag.py for tasks to queue
[2025-07-21T14:05:29.653+0000] {logging_mixin.py:188} INFO - [2025-07-21T14:05:29.652+0000] {dagbag.py:538} INFO - Filling up the DagBag from /home/airflow/.local/lib/python3.8/site-packages/airflow/example_dags/example_nested_branch_dag.py
[2025-07-21T14:05:29.662+0000] {processor.py:840} INFO - DAG(s) 'example_nested_branch_dag' retrieved from /home/airflow/.local/lib/python3.8/site-packages/airflow/example_dags/example_nested_branch_dag.py
[2025-07-21T14:05:29.684+0000] {logging_mixin.py:188} INFO - [2025-07-21T14:05:29.684+0000] {dag.py:3036} INFO - Sync 1 DAGs
[2025-07-21T14:05:29.710+0000] {logging_mixin.py:188} INFO - [2025-07-21T14:05:29.709+0000] {dag.py:3823} INFO - Setting next_dagrun for example_nested_branch_dag to 2025-07-20 00:00:00+00:00, run_after=2025-07-21 00:00:00+00:00
[2025-07-21T14:05:29.736+0000] {processor.py:183} INFO - Processing /home/airflow/.local/lib/python3.8/site-packages/airflow/example_dags/example_nested_branch_dag.py took 0.090 seconds
[2025-07-21T14:05:59.867+0000] {processor.py:161} INFO - Started process (PID=1505) to work on /home/airflow/.local/lib/python3.8/site-packages/airflow/example_dags/example_nested_branch_dag.py
[2025-07-21T14:05:59.868+0000] {processor.py:830} INFO - Processing file /home/airflow/.local/lib/python3.8/site-packages/airflow/example_dags/example_nested_branch_dag.py for tasks to queue
[2025-07-21T14:05:59.870+0000] {logging_mixin.py:188} INFO - [2025-07-21T14:05:59.869+0000] {dagbag.py:538} INFO - Filling up the DagBag from /home/airflow/.local/lib/python3.8/site-packages/airflow/example_dags/example_nested_branch_dag.py
[2025-07-21T14:05:59.881+0000] {processor.py:840} INFO - DAG(s) 'example_nested_branch_dag' retrieved from /home/airflow/.local/lib/python3.8/site-packages/airflow/example_dags/example_nested_branch_dag.py
[2025-07-21T14:05:59.903+0000] {logging_mixin.py:188} INFO - [2025-07-21T14:05:59.903+0000] {dag.py:3036} INFO - Sync 1 DAGs
[2025-07-21T14:05:59.924+0000] {logging_mixin.py:188} INFO - [2025-07-21T14:05:59.924+0000] {dag.py:3823} INFO - Setting next_dagrun for example_nested_branch_dag to 2025-07-20 00:00:00+00:00, run_after=2025-07-21 00:00:00+00:00
[2025-07-21T14:05:59.949+0000] {processor.py:183} INFO - Processing /home/airflow/.local/lib/python3.8/site-packages/airflow/example_dags/example_nested_branch_dag.py took 0.085 seconds
[2025-07-21T14:06:36.129+0000] {processor.py:161} INFO - Started process (PID=302) to work on /home/airflow/.local/lib/python3.8/site-packages/airflow/example_dags/example_nested_branch_dag.py
[2025-07-21T14:06:36.132+0000] {processor.py:830} INFO - Processing file /home/airflow/.local/lib/python3.8/site-packages/airflow/example_dags/example_nested_branch_dag.py for tasks to queue
[2025-07-21T14:06:36.142+0000] {logging_mixin.py:188} INFO - [2025-07-21T14:06:36.142+0000] {dagbag.py:538} INFO - Filling up the DagBag from /home/airflow/.local/lib/python3.8/site-packages/airflow/example_dags/example_nested_branch_dag.py
[2025-07-21T14:06:36.164+0000] {processor.py:840} INFO - DAG(s) 'example_nested_branch_dag' retrieved from /home/airflow/.local/lib/python3.8/site-packages/airflow/example_dags/example_nested_branch_dag.py
[2025-07-21T14:06:36.181+0000] {logging_mixin.py:188} INFO - [2025-07-21T14:06:36.181+0000] {dag.py:3036} INFO - Sync 1 DAGs
[2025-07-21T14:06:36.219+0000] {logging_mixin.py:188} INFO - [2025-07-21T14:06:36.218+0000] {dag.py:3823} INFO - Setting next_dagrun for example_nested_branch_dag to 2025-07-20 00:00:00+00:00, run_after=2025-07-21 00:00:00+00:00
[2025-07-21T14:06:36.245+0000] {processor.py:183} INFO - Processing /home/airflow/.local/lib/python3.8/site-packages/airflow/example_dags/example_nested_branch_dag.py took 0.129 seconds
[2025-07-21T14:07:07.172+0000] {processor.py:161} INFO - Started process (PID=543) to work on /home/airflow/.local/lib/python3.8/site-packages/airflow/example_dags/example_nested_branch_dag.py
[2025-07-21T14:07:07.173+0000] {processor.py:830} INFO - Processing file /home/airflow/.local/lib/python3.8/site-packages/airflow/example_dags/example_nested_branch_dag.py for tasks to queue
[2025-07-21T14:07:07.175+0000] {logging_mixin.py:188} INFO - [2025-07-21T14:07:07.174+0000] {dagbag.py:538} INFO - Filling up the DagBag from /home/airflow/.local/lib/python3.8/site-packages/airflow/example_dags/example_nested_branch_dag.py
[2025-07-21T14:07:07.185+0000] {processor.py:840} INFO - DAG(s) 'example_nested_branch_dag' retrieved from /home/airflow/.local/lib/python3.8/site-packages/airflow/example_dags/example_nested_branch_dag.py
[2025-07-21T14:07:07.298+0000] {logging_mixin.py:188} INFO - [2025-07-21T14:07:07.297+0000] {dag.py:3036} INFO - Sync 1 DAGs
[2025-07-21T14:07:07.320+0000] {logging_mixin.py:188} INFO - [2025-07-21T14:07:07.320+0000] {dag.py:3823} INFO - Setting next_dagrun for example_nested_branch_dag to 2025-07-20 00:00:00+00:00, run_after=2025-07-21 00:00:00+00:00
[2025-07-21T14:07:07.346+0000] {processor.py:183} INFO - Processing /home/airflow/.local/lib/python3.8/site-packages/airflow/example_dags/example_nested_branch_dag.py took 0.177 seconds
[2025-07-21T14:07:37.681+0000] {processor.py:161} INFO - Started process (PID=784) to work on /home/airflow/.local/lib/python3.8/site-packages/airflow/example_dags/example_nested_branch_dag.py
[2025-07-21T14:07:37.682+0000] {processor.py:830} INFO - Processing file /home/airflow/.local/lib/python3.8/site-packages/airflow/example_dags/example_nested_branch_dag.py for tasks to queue
[2025-07-21T14:07:37.683+0000] {logging_mixin.py:188} INFO - [2025-07-21T14:07:37.683+0000] {dagbag.py:538} INFO - Filling up the DagBag from /home/airflow/.local/lib/python3.8/site-packages/airflow/example_dags/example_nested_branch_dag.py
[2025-07-21T14:07:37.692+0000] {processor.py:840} INFO - DAG(s) 'example_nested_branch_dag' retrieved from /home/airflow/.local/lib/python3.8/site-packages/airflow/example_dags/example_nested_branch_dag.py
[2025-07-21T14:07:37.712+0000] {logging_mixin.py:188} INFO - [2025-07-21T14:07:37.712+0000] {dag.py:3036} INFO - Sync 1 DAGs
[2025-07-21T14:07:37.731+0000] {logging_mixin.py:188} INFO - [2025-07-21T14:07:37.730+0000] {dag.py:3823} INFO - Setting next_dagrun for example_nested_branch_dag to 2025-07-20 00:00:00+00:00, run_after=2025-07-21 00:00:00+00:00
[2025-07-21T14:07:37.751+0000] {processor.py:183} INFO - Processing /home/airflow/.local/lib/python3.8/site-packages/airflow/example_dags/example_nested_branch_dag.py took 0.073 seconds
[2025-07-21T14:08:07.998+0000] {processor.py:161} INFO - Started process (PID=1025) to work on /home/airflow/.local/lib/python3.8/site-packages/airflow/example_dags/example_nested_branch_dag.py
[2025-07-21T14:08:07.999+0000] {processor.py:830} INFO - Processing file /home/airflow/.local/lib/python3.8/site-packages/airflow/example_dags/example_nested_branch_dag.py for tasks to queue
[2025-07-21T14:08:08.000+0000] {logging_mixin.py:188} INFO - [2025-07-21T14:08:08.000+0000] {dagbag.py:538} INFO - Filling up the DagBag from /home/airflow/.local/lib/python3.8/site-packages/airflow/example_dags/example_nested_branch_dag.py
[2025-07-21T14:08:08.009+0000] {processor.py:840} INFO - DAG(s) 'example_nested_branch_dag' retrieved from /home/airflow/.local/lib/python3.8/site-packages/airflow/example_dags/example_nested_branch_dag.py
[2025-07-21T14:08:08.031+0000] {logging_mixin.py:188} INFO - [2025-07-21T14:08:08.030+0000] {dag.py:3036} INFO - Sync 1 DAGs
[2025-07-21T14:08:08.050+0000] {logging_mixin.py:188} INFO - [2025-07-21T14:08:08.050+0000] {dag.py:3823} INFO - Setting next_dagrun for example_nested_branch_dag to 2025-07-20 00:00:00+00:00, run_after=2025-07-21 00:00:00+00:00
[2025-07-21T14:08:08.071+0000] {processor.py:183} INFO - Processing /home/airflow/.local/lib/python3.8/site-packages/airflow/example_dags/example_nested_branch_dag.py took 0.076 seconds
[2025-07-21T14:08:38.406+0000] {processor.py:161} INFO - Started process (PID=1266) to work on /home/airflow/.local/lib/python3.8/site-packages/airflow/example_dags/example_nested_branch_dag.py
[2025-07-21T14:08:38.408+0000] {processor.py:830} INFO - Processing file /home/airflow/.local/lib/python3.8/site-packages/airflow/example_dags/example_nested_branch_dag.py for tasks to queue
[2025-07-21T14:08:38.409+0000] {logging_mixin.py:188} INFO - [2025-07-21T14:08:38.408+0000] {dagbag.py:538} INFO - Filling up the DagBag from /home/airflow/.local/lib/python3.8/site-packages/airflow/example_dags/example_nested_branch_dag.py
[2025-07-21T14:08:38.418+0000] {processor.py:840} INFO - DAG(s) 'example_nested_branch_dag' retrieved from /home/airflow/.local/lib/python3.8/site-packages/airflow/example_dags/example_nested_branch_dag.py
[2025-07-21T14:08:38.440+0000] {logging_mixin.py:188} INFO - [2025-07-21T14:08:38.440+0000] {dag.py:3036} INFO - Sync 1 DAGs
[2025-07-21T14:08:38.465+0000] {logging_mixin.py:188} INFO - [2025-07-21T14:08:38.465+0000] {dag.py:3823} INFO - Setting next_dagrun for example_nested_branch_dag to 2025-07-20 00:00:00+00:00, run_after=2025-07-21 00:00:00+00:00
[2025-07-21T14:08:38.487+0000] {processor.py:183} INFO - Processing /home/airflow/.local/lib/python3.8/site-packages/airflow/example_dags/example_nested_branch_dag.py took 0.085 seconds
