[2025-07-21T14:03:28.436+0000] {processor.py:161} INFO - Started process (PID=315) to work on /home/airflow/.local/lib/python3.8/site-packages/airflow/example_dags/example_datasets.py
[2025-07-21T14:03:28.438+0000] {processor.py:830} INFO - Processing file /home/airflow/.local/lib/python3.8/site-packages/airflow/example_dags/example_datasets.py for tasks to queue
[2025-07-21T14:03:28.440+0000] {logging_mixin.py:188} INFO - [2025-07-21T14:03:28.439+0000] {dagbag.py:538} INFO - Filling up the DagBag from /home/airflow/.local/lib/python3.8/site-packages/airflow/example_dags/example_datasets.py
[2025-07-21T14:03:28.456+0000] {processor.py:840} INFO - DAG(s) 'dataset_produces_1', 'dataset_consumes_1_and_2', 'dataset_consumes_1', 'dataset_consumes_unknown_never_scheduled', 'dataset_consumes_1_never_scheduled', 'dataset_produces_2' retrieved from /home/airflow/.local/lib/python3.8/site-packages/airflow/example_dags/example_datasets.py
[2025-07-21T14:03:28.627+0000] {logging_mixin.py:188} INFO - [2025-07-21T14:03:28.626+0000] {override.py:1769} INFO - Created Permission View: can read on DAG:dataset_produces_1
[2025-07-21T14:03:28.643+0000] {logging_mixin.py:188} INFO - [2025-07-21T14:03:28.643+0000] {override.py:1769} INFO - Created Permission View: can edit on DAG:dataset_produces_1
[2025-07-21T14:03:28.654+0000] {logging_mixin.py:188} INFO - [2025-07-21T14:03:28.653+0000] {override.py:1769} INFO - Created Permission View: can delete on DAG:dataset_produces_1
[2025-07-21T14:03:28.677+0000] {logging_mixin.py:188} INFO - [2025-07-21T14:03:28.676+0000] {override.py:1769} INFO - Created Permission View: can read on DAG:dataset_consumes_1_and_2
[2025-07-21T14:03:28.690+0000] {logging_mixin.py:188} INFO - [2025-07-21T14:03:28.690+0000] {override.py:1769} INFO - Created Permission View: can edit on DAG:dataset_consumes_1_and_2
[2025-07-21T14:03:28.705+0000] {logging_mixin.py:188} INFO - [2025-07-21T14:03:28.705+0000] {override.py:1769} INFO - Created Permission View: can delete on DAG:dataset_consumes_1_and_2
[2025-07-21T14:03:28.729+0000] {logging_mixin.py:188} INFO - [2025-07-21T14:03:28.728+0000] {override.py:1769} INFO - Created Permission View: can read on DAG:dataset_consumes_1
[2025-07-21T14:03:28.742+0000] {logging_mixin.py:188} INFO - [2025-07-21T14:03:28.742+0000] {override.py:1769} INFO - Created Permission View: can edit on DAG:dataset_consumes_1
[2025-07-21T14:03:28.755+0000] {logging_mixin.py:188} INFO - [2025-07-21T14:03:28.754+0000] {override.py:1769} INFO - Created Permission View: can delete on DAG:dataset_consumes_1
[2025-07-21T14:03:28.779+0000] {logging_mixin.py:188} INFO - [2025-07-21T14:03:28.778+0000] {override.py:1769} INFO - Created Permission View: can read on DAG:dataset_consumes_unknown_never_scheduled
[2025-07-21T14:03:28.789+0000] {logging_mixin.py:188} INFO - [2025-07-21T14:03:28.789+0000] {override.py:1769} INFO - Created Permission View: can edit on DAG:dataset_consumes_unknown_never_scheduled
[2025-07-21T14:03:28.800+0000] {logging_mixin.py:188} INFO - [2025-07-21T14:03:28.799+0000] {override.py:1769} INFO - Created Permission View: can delete on DAG:dataset_consumes_unknown_never_scheduled
[2025-07-21T14:03:28.821+0000] {logging_mixin.py:188} INFO - [2025-07-21T14:03:28.820+0000] {override.py:1769} INFO - Created Permission View: can read on DAG:dataset_consumes_1_never_scheduled
[2025-07-21T14:03:28.833+0000] {logging_mixin.py:188} INFO - [2025-07-21T14:03:28.833+0000] {override.py:1769} INFO - Created Permission View: can edit on DAG:dataset_consumes_1_never_scheduled
[2025-07-21T14:03:28.846+0000] {logging_mixin.py:188} INFO - [2025-07-21T14:03:28.846+0000] {override.py:1769} INFO - Created Permission View: can delete on DAG:dataset_consumes_1_never_scheduled
[2025-07-21T14:03:28.866+0000] {logging_mixin.py:188} INFO - [2025-07-21T14:03:28.865+0000] {override.py:1769} INFO - Created Permission View: can read on DAG:dataset_produces_2
[2025-07-21T14:03:28.880+0000] {logging_mixin.py:188} INFO - [2025-07-21T14:03:28.877+0000] {override.py:1769} INFO - Created Permission View: can edit on DAG:dataset_produces_2
[2025-07-21T14:03:28.892+0000] {logging_mixin.py:188} INFO - [2025-07-21T14:03:28.891+0000] {override.py:1769} INFO - Created Permission View: can delete on DAG:dataset_produces_2
[2025-07-21T14:03:28.893+0000] {logging_mixin.py:188} INFO - [2025-07-21T14:03:28.893+0000] {dag.py:3036} INFO - Sync 6 DAGs
[2025-07-21T14:03:28.913+0000] {logging_mixin.py:188} INFO - [2025-07-21T14:03:28.913+0000] {dag.py:3058} INFO - Creating ORM DAG for dataset_consumes_1_and_2
[2025-07-21T14:03:28.914+0000] {logging_mixin.py:188} INFO - [2025-07-21T14:03:28.914+0000] {dag.py:3058} INFO - Creating ORM DAG for dataset_produces_2
[2025-07-21T14:03:28.915+0000] {logging_mixin.py:188} INFO - [2025-07-21T14:03:28.915+0000] {dag.py:3058} INFO - Creating ORM DAG for dataset_consumes_1_never_scheduled
[2025-07-21T14:03:28.917+0000] {logging_mixin.py:188} INFO - [2025-07-21T14:03:28.917+0000] {dag.py:3058} INFO - Creating ORM DAG for dataset_produces_1
[2025-07-21T14:03:28.918+0000] {logging_mixin.py:188} INFO - [2025-07-21T14:03:28.918+0000] {dag.py:3058} INFO - Creating ORM DAG for dataset_consumes_1
[2025-07-21T14:03:28.919+0000] {logging_mixin.py:188} INFO - [2025-07-21T14:03:28.919+0000] {dag.py:3058} INFO - Creating ORM DAG for dataset_consumes_unknown_never_scheduled
[2025-07-21T14:03:28.937+0000] {logging_mixin.py:188} INFO - [2025-07-21T14:03:28.936+0000] {dag.py:3823} INFO - Setting next_dagrun for dataset_consumes_1 to None, run_after=None
[2025-07-21T14:03:28.938+0000] {logging_mixin.py:188} INFO - [2025-07-21T14:03:28.938+0000] {dag.py:3823} INFO - Setting next_dagrun for dataset_consumes_1_and_2 to None, run_after=None
[2025-07-21T14:03:28.940+0000] {logging_mixin.py:188} INFO - [2025-07-21T14:03:28.939+0000] {dag.py:3823} INFO - Setting next_dagrun for dataset_consumes_1_never_scheduled to None, run_after=None
[2025-07-21T14:03:28.941+0000] {logging_mixin.py:188} INFO - [2025-07-21T14:03:28.940+0000] {dag.py:3823} INFO - Setting next_dagrun for dataset_consumes_unknown_never_scheduled to None, run_after=None
[2025-07-21T14:03:28.945+0000] {logging_mixin.py:188} INFO - [2025-07-21T14:03:28.945+0000] {dag.py:3823} INFO - Setting next_dagrun for dataset_produces_1 to 2025-07-20 00:00:00+00:00, run_after=2025-07-21 00:00:00+00:00
[2025-07-21T14:03:28.947+0000] {logging_mixin.py:188} INFO - [2025-07-21T14:03:28.946+0000] {dag.py:3823} INFO - Setting next_dagrun for dataset_produces_2 to None, run_after=None
[2025-07-21T14:03:29.009+0000] {processor.py:183} INFO - Processing /home/airflow/.local/lib/python3.8/site-packages/airflow/example_dags/example_datasets.py took 0.579 seconds
[2025-07-21T14:03:59.142+0000] {processor.py:161} INFO - Started process (PID=561) to work on /home/airflow/.local/lib/python3.8/site-packages/airflow/example_dags/example_datasets.py
[2025-07-21T14:03:59.143+0000] {processor.py:830} INFO - Processing file /home/airflow/.local/lib/python3.8/site-packages/airflow/example_dags/example_datasets.py for tasks to queue
[2025-07-21T14:03:59.145+0000] {logging_mixin.py:188} INFO - [2025-07-21T14:03:59.144+0000] {dagbag.py:538} INFO - Filling up the DagBag from /home/airflow/.local/lib/python3.8/site-packages/airflow/example_dags/example_datasets.py
[2025-07-21T14:03:59.154+0000] {processor.py:840} INFO - DAG(s) 'dataset_consumes_1_and_2', 'dataset_produces_1', 'dataset_consumes_1_never_scheduled', 'dataset_consumes_unknown_never_scheduled', 'dataset_consumes_1', 'dataset_produces_2' retrieved from /home/airflow/.local/lib/python3.8/site-packages/airflow/example_dags/example_datasets.py
[2025-07-21T14:03:59.189+0000] {logging_mixin.py:188} INFO - [2025-07-21T14:03:59.188+0000] {dag.py:3036} INFO - Sync 6 DAGs
[2025-07-21T14:03:59.210+0000] {logging_mixin.py:188} INFO - [2025-07-21T14:03:59.210+0000] {dag.py:3823} INFO - Setting next_dagrun for dataset_consumes_1 to None, run_after=None
[2025-07-21T14:03:59.214+0000] {logging_mixin.py:188} INFO - [2025-07-21T14:03:59.214+0000] {dag.py:3823} INFO - Setting next_dagrun for dataset_consumes_1_and_2 to None, run_after=None
[2025-07-21T14:03:59.216+0000] {logging_mixin.py:188} INFO - [2025-07-21T14:03:59.216+0000] {dag.py:3823} INFO - Setting next_dagrun for dataset_consumes_1_never_scheduled to None, run_after=None
[2025-07-21T14:03:59.217+0000] {logging_mixin.py:188} INFO - [2025-07-21T14:03:59.217+0000] {dag.py:3823} INFO - Setting next_dagrun for dataset_consumes_unknown_never_scheduled to None, run_after=None
[2025-07-21T14:03:59.221+0000] {logging_mixin.py:188} INFO - [2025-07-21T14:03:59.220+0000] {dag.py:3823} INFO - Setting next_dagrun for dataset_produces_1 to 2025-07-20 00:00:00+00:00, run_after=2025-07-21 00:00:00+00:00
[2025-07-21T14:03:59.222+0000] {logging_mixin.py:188} INFO - [2025-07-21T14:03:59.222+0000] {dag.py:3823} INFO - Setting next_dagrun for dataset_produces_2 to None, run_after=None
[2025-07-21T14:03:59.250+0000] {processor.py:183} INFO - Processing /home/airflow/.local/lib/python3.8/site-packages/airflow/example_dags/example_datasets.py took 0.111 seconds
[2025-07-21T14:04:29.454+0000] {processor.py:161} INFO - Started process (PID=804) to work on /home/airflow/.local/lib/python3.8/site-packages/airflow/example_dags/example_datasets.py
[2025-07-21T14:04:29.455+0000] {processor.py:830} INFO - Processing file /home/airflow/.local/lib/python3.8/site-packages/airflow/example_dags/example_datasets.py for tasks to queue
[2025-07-21T14:04:29.456+0000] {logging_mixin.py:188} INFO - [2025-07-21T14:04:29.456+0000] {dagbag.py:538} INFO - Filling up the DagBag from /home/airflow/.local/lib/python3.8/site-packages/airflow/example_dags/example_datasets.py
[2025-07-21T14:04:29.465+0000] {processor.py:840} INFO - DAG(s) 'dataset_consumes_1_and_2', 'dataset_produces_1', 'dataset_consumes_unknown_never_scheduled', 'dataset_consumes_1_never_scheduled', 'dataset_produces_2', 'dataset_consumes_1' retrieved from /home/airflow/.local/lib/python3.8/site-packages/airflow/example_dags/example_datasets.py
[2025-07-21T14:04:29.502+0000] {logging_mixin.py:188} INFO - [2025-07-21T14:04:29.501+0000] {dag.py:3036} INFO - Sync 6 DAGs
[2025-07-21T14:04:29.522+0000] {logging_mixin.py:188} INFO - [2025-07-21T14:04:29.522+0000] {dag.py:3823} INFO - Setting next_dagrun for dataset_consumes_1 to None, run_after=None
[2025-07-21T14:04:29.526+0000] {logging_mixin.py:188} INFO - [2025-07-21T14:04:29.526+0000] {dag.py:3823} INFO - Setting next_dagrun for dataset_consumes_1_and_2 to None, run_after=None
[2025-07-21T14:04:29.528+0000] {logging_mixin.py:188} INFO - [2025-07-21T14:04:29.527+0000] {dag.py:3823} INFO - Setting next_dagrun for dataset_consumes_1_never_scheduled to None, run_after=None
[2025-07-21T14:04:29.529+0000] {logging_mixin.py:188} INFO - [2025-07-21T14:04:29.529+0000] {dag.py:3823} INFO - Setting next_dagrun for dataset_consumes_unknown_never_scheduled to None, run_after=None
[2025-07-21T14:04:29.532+0000] {logging_mixin.py:188} INFO - [2025-07-21T14:04:29.532+0000] {dag.py:3823} INFO - Setting next_dagrun for dataset_produces_1 to 2025-07-20 00:00:00+00:00, run_after=2025-07-21 00:00:00+00:00
[2025-07-21T14:04:29.533+0000] {logging_mixin.py:188} INFO - [2025-07-21T14:04:29.533+0000] {dag.py:3823} INFO - Setting next_dagrun for dataset_produces_2 to None, run_after=None
[2025-07-21T14:04:29.566+0000] {processor.py:183} INFO - Processing /home/airflow/.local/lib/python3.8/site-packages/airflow/example_dags/example_datasets.py took 0.114 seconds
[2025-07-21T14:04:59.613+0000] {processor.py:161} INFO - Started process (PID=1045) to work on /home/airflow/.local/lib/python3.8/site-packages/airflow/example_dags/example_datasets.py
[2025-07-21T14:04:59.614+0000] {processor.py:830} INFO - Processing file /home/airflow/.local/lib/python3.8/site-packages/airflow/example_dags/example_datasets.py for tasks to queue
[2025-07-21T14:04:59.615+0000] {logging_mixin.py:188} INFO - [2025-07-21T14:04:59.615+0000] {dagbag.py:538} INFO - Filling up the DagBag from /home/airflow/.local/lib/python3.8/site-packages/airflow/example_dags/example_datasets.py
[2025-07-21T14:04:59.624+0000] {processor.py:840} INFO - DAG(s) 'dataset_produces_1', 'dataset_consumes_1', 'dataset_consumes_1_and_2', 'dataset_consumes_1_never_scheduled', 'dataset_consumes_unknown_never_scheduled', 'dataset_produces_2' retrieved from /home/airflow/.local/lib/python3.8/site-packages/airflow/example_dags/example_datasets.py
[2025-07-21T14:04:59.661+0000] {logging_mixin.py:188} INFO - [2025-07-21T14:04:59.661+0000] {dag.py:3036} INFO - Sync 6 DAGs
[2025-07-21T14:04:59.682+0000] {logging_mixin.py:188} INFO - [2025-07-21T14:04:59.682+0000] {dag.py:3823} INFO - Setting next_dagrun for dataset_consumes_1 to None, run_after=None
[2025-07-21T14:04:59.687+0000] {logging_mixin.py:188} INFO - [2025-07-21T14:04:59.686+0000] {dag.py:3823} INFO - Setting next_dagrun for dataset_consumes_1_and_2 to None, run_after=None
[2025-07-21T14:04:59.689+0000] {logging_mixin.py:188} INFO - [2025-07-21T14:04:59.689+0000] {dag.py:3823} INFO - Setting next_dagrun for dataset_consumes_1_never_scheduled to None, run_after=None
[2025-07-21T14:04:59.691+0000] {logging_mixin.py:188} INFO - [2025-07-21T14:04:59.691+0000] {dag.py:3823} INFO - Setting next_dagrun for dataset_consumes_unknown_never_scheduled to None, run_after=None
[2025-07-21T14:04:59.695+0000] {logging_mixin.py:188} INFO - [2025-07-21T14:04:59.695+0000] {dag.py:3823} INFO - Setting next_dagrun for dataset_produces_1 to 2025-07-20 00:00:00+00:00, run_after=2025-07-21 00:00:00+00:00
[2025-07-21T14:04:59.697+0000] {logging_mixin.py:188} INFO - [2025-07-21T14:04:59.697+0000] {dag.py:3823} INFO - Setting next_dagrun for dataset_produces_2 to None, run_after=None
[2025-07-21T14:04:59.735+0000] {processor.py:183} INFO - Processing /home/airflow/.local/lib/python3.8/site-packages/airflow/example_dags/example_datasets.py took 0.125 seconds
[2025-07-21T14:05:29.798+0000] {processor.py:161} INFO - Started process (PID=1279) to work on /home/airflow/.local/lib/python3.8/site-packages/airflow/example_dags/example_datasets.py
[2025-07-21T14:05:29.799+0000] {processor.py:830} INFO - Processing file /home/airflow/.local/lib/python3.8/site-packages/airflow/example_dags/example_datasets.py for tasks to queue
[2025-07-21T14:05:29.801+0000] {logging_mixin.py:188} INFO - [2025-07-21T14:05:29.800+0000] {dagbag.py:538} INFO - Filling up the DagBag from /home/airflow/.local/lib/python3.8/site-packages/airflow/example_dags/example_datasets.py
[2025-07-21T14:05:29.811+0000] {processor.py:840} INFO - DAG(s) 'dataset_consumes_1', 'dataset_consumes_1_and_2', 'dataset_produces_1', 'dataset_consumes_1_never_scheduled', 'dataset_produces_2', 'dataset_consumes_unknown_never_scheduled' retrieved from /home/airflow/.local/lib/python3.8/site-packages/airflow/example_dags/example_datasets.py
[2025-07-21T14:05:29.854+0000] {logging_mixin.py:188} INFO - [2025-07-21T14:05:29.854+0000] {dag.py:3036} INFO - Sync 6 DAGs
[2025-07-21T14:05:29.878+0000] {logging_mixin.py:188} INFO - [2025-07-21T14:05:29.878+0000] {dag.py:3823} INFO - Setting next_dagrun for dataset_consumes_1 to None, run_after=None
[2025-07-21T14:05:29.882+0000] {logging_mixin.py:188} INFO - [2025-07-21T14:05:29.882+0000] {dag.py:3823} INFO - Setting next_dagrun for dataset_consumes_1_and_2 to None, run_after=None
[2025-07-21T14:05:29.884+0000] {logging_mixin.py:188} INFO - [2025-07-21T14:05:29.884+0000] {dag.py:3823} INFO - Setting next_dagrun for dataset_consumes_1_never_scheduled to None, run_after=None
[2025-07-21T14:05:29.886+0000] {logging_mixin.py:188} INFO - [2025-07-21T14:05:29.886+0000] {dag.py:3823} INFO - Setting next_dagrun for dataset_consumes_unknown_never_scheduled to None, run_after=None
[2025-07-21T14:05:29.889+0000] {logging_mixin.py:188} INFO - [2025-07-21T14:05:29.889+0000] {dag.py:3823} INFO - Setting next_dagrun for dataset_produces_1 to 2025-07-20 00:00:00+00:00, run_after=2025-07-21 00:00:00+00:00
[2025-07-21T14:05:29.890+0000] {logging_mixin.py:188} INFO - [2025-07-21T14:05:29.890+0000] {dag.py:3823} INFO - Setting next_dagrun for dataset_produces_2 to None, run_after=None
[2025-07-21T14:05:29.927+0000] {processor.py:183} INFO - Processing /home/airflow/.local/lib/python3.8/site-packages/airflow/example_dags/example_datasets.py took 0.134 seconds
[2025-07-21T14:06:00.005+0000] {processor.py:161} INFO - Started process (PID=1520) to work on /home/airflow/.local/lib/python3.8/site-packages/airflow/example_dags/example_datasets.py
[2025-07-21T14:06:00.007+0000] {processor.py:830} INFO - Processing file /home/airflow/.local/lib/python3.8/site-packages/airflow/example_dags/example_datasets.py for tasks to queue
[2025-07-21T14:06:00.009+0000] {logging_mixin.py:188} INFO - [2025-07-21T14:06:00.009+0000] {dagbag.py:538} INFO - Filling up the DagBag from /home/airflow/.local/lib/python3.8/site-packages/airflow/example_dags/example_datasets.py
[2025-07-21T14:06:00.024+0000] {processor.py:840} INFO - DAG(s) 'dataset_consumes_1', 'dataset_consumes_1_and_2', 'dataset_produces_2', 'dataset_consumes_1_never_scheduled', 'dataset_produces_1', 'dataset_consumes_unknown_never_scheduled' retrieved from /home/airflow/.local/lib/python3.8/site-packages/airflow/example_dags/example_datasets.py
[2025-07-21T14:06:00.075+0000] {logging_mixin.py:188} INFO - [2025-07-21T14:06:00.074+0000] {dag.py:3036} INFO - Sync 6 DAGs
[2025-07-21T14:06:00.120+0000] {logging_mixin.py:188} INFO - [2025-07-21T14:06:00.120+0000] {dag.py:3823} INFO - Setting next_dagrun for dataset_consumes_1 to None, run_after=None
[2025-07-21T14:06:00.124+0000] {logging_mixin.py:188} INFO - [2025-07-21T14:06:00.124+0000] {dag.py:3823} INFO - Setting next_dagrun for dataset_consumes_1_and_2 to None, run_after=None
[2025-07-21T14:06:00.126+0000] {logging_mixin.py:188} INFO - [2025-07-21T14:06:00.126+0000] {dag.py:3823} INFO - Setting next_dagrun for dataset_consumes_1_never_scheduled to None, run_after=None
[2025-07-21T14:06:00.128+0000] {logging_mixin.py:188} INFO - [2025-07-21T14:06:00.128+0000] {dag.py:3823} INFO - Setting next_dagrun for dataset_consumes_unknown_never_scheduled to None, run_after=None
[2025-07-21T14:06:00.131+0000] {logging_mixin.py:188} INFO - [2025-07-21T14:06:00.131+0000] {dag.py:3823} INFO - Setting next_dagrun for dataset_produces_1 to 2025-07-20 00:00:00+00:00, run_after=2025-07-21 00:00:00+00:00
[2025-07-21T14:06:00.133+0000] {logging_mixin.py:188} INFO - [2025-07-21T14:06:00.133+0000] {dag.py:3823} INFO - Setting next_dagrun for dataset_produces_2 to None, run_after=None
[2025-07-21T14:06:00.173+0000] {processor.py:183} INFO - Processing /home/airflow/.local/lib/python3.8/site-packages/airflow/example_dags/example_datasets.py took 0.172 seconds
[2025-07-21T14:06:36.446+0000] {processor.py:161} INFO - Started process (PID=317) to work on /home/airflow/.local/lib/python3.8/site-packages/airflow/example_dags/example_datasets.py
[2025-07-21T14:06:36.447+0000] {processor.py:830} INFO - Processing file /home/airflow/.local/lib/python3.8/site-packages/airflow/example_dags/example_datasets.py for tasks to queue
[2025-07-21T14:06:36.449+0000] {logging_mixin.py:188} INFO - [2025-07-21T14:06:36.448+0000] {dagbag.py:538} INFO - Filling up the DagBag from /home/airflow/.local/lib/python3.8/site-packages/airflow/example_dags/example_datasets.py
[2025-07-21T14:06:36.463+0000] {processor.py:840} INFO - DAG(s) 'dataset_produces_1', 'dataset_consumes_1_never_scheduled', 'dataset_consumes_1', 'dataset_consumes_1_and_2', 'dataset_produces_2', 'dataset_consumes_unknown_never_scheduled' retrieved from /home/airflow/.local/lib/python3.8/site-packages/airflow/example_dags/example_datasets.py
[2025-07-21T14:06:36.485+0000] {logging_mixin.py:188} INFO - [2025-07-21T14:06:36.484+0000] {dag.py:3036} INFO - Sync 6 DAGs
[2025-07-21T14:06:36.526+0000] {logging_mixin.py:188} INFO - [2025-07-21T14:06:36.526+0000] {dag.py:3823} INFO - Setting next_dagrun for dataset_consumes_1 to None, run_after=None
[2025-07-21T14:06:36.533+0000] {logging_mixin.py:188} INFO - [2025-07-21T14:06:36.532+0000] {dag.py:3823} INFO - Setting next_dagrun for dataset_consumes_1_and_2 to None, run_after=None
[2025-07-21T14:06:36.536+0000] {logging_mixin.py:188} INFO - [2025-07-21T14:06:36.536+0000] {dag.py:3823} INFO - Setting next_dagrun for dataset_consumes_1_never_scheduled to None, run_after=None
[2025-07-21T14:06:36.540+0000] {logging_mixin.py:188} INFO - [2025-07-21T14:06:36.539+0000] {dag.py:3823} INFO - Setting next_dagrun for dataset_consumes_unknown_never_scheduled to None, run_after=None
[2025-07-21T14:06:36.549+0000] {logging_mixin.py:188} INFO - [2025-07-21T14:06:36.548+0000] {dag.py:3823} INFO - Setting next_dagrun for dataset_produces_1 to 2025-07-20 00:00:00+00:00, run_after=2025-07-21 00:00:00+00:00
[2025-07-21T14:06:36.552+0000] {logging_mixin.py:188} INFO - [2025-07-21T14:06:36.552+0000] {dag.py:3823} INFO - Setting next_dagrun for dataset_produces_2 to None, run_after=None
[2025-07-21T14:06:36.599+0000] {processor.py:183} INFO - Processing /home/airflow/.local/lib/python3.8/site-packages/airflow/example_dags/example_datasets.py took 0.158 seconds
[2025-07-21T14:07:07.606+0000] {processor.py:161} INFO - Started process (PID=558) to work on /home/airflow/.local/lib/python3.8/site-packages/airflow/example_dags/example_datasets.py
[2025-07-21T14:07:07.607+0000] {processor.py:830} INFO - Processing file /home/airflow/.local/lib/python3.8/site-packages/airflow/example_dags/example_datasets.py for tasks to queue
[2025-07-21T14:07:07.609+0000] {logging_mixin.py:188} INFO - [2025-07-21T14:07:07.608+0000] {dagbag.py:538} INFO - Filling up the DagBag from /home/airflow/.local/lib/python3.8/site-packages/airflow/example_dags/example_datasets.py
[2025-07-21T14:07:07.619+0000] {processor.py:840} INFO - DAG(s) 'dataset_produces_1', 'dataset_consumes_1', 'dataset_consumes_1_and_2', 'dataset_consumes_1_never_scheduled', 'dataset_consumes_unknown_never_scheduled', 'dataset_produces_2' retrieved from /home/airflow/.local/lib/python3.8/site-packages/airflow/example_dags/example_datasets.py
[2025-07-21T14:07:07.789+0000] {logging_mixin.py:188} INFO - [2025-07-21T14:07:07.789+0000] {dag.py:3036} INFO - Sync 6 DAGs
[2025-07-21T14:07:07.810+0000] {logging_mixin.py:188} INFO - [2025-07-21T14:07:07.809+0000] {dag.py:3823} INFO - Setting next_dagrun for dataset_consumes_1 to None, run_after=None
[2025-07-21T14:07:07.813+0000] {logging_mixin.py:188} INFO - [2025-07-21T14:07:07.813+0000] {dag.py:3823} INFO - Setting next_dagrun for dataset_consumes_1_and_2 to None, run_after=None
[2025-07-21T14:07:07.815+0000] {logging_mixin.py:188} INFO - [2025-07-21T14:07:07.815+0000] {dag.py:3823} INFO - Setting next_dagrun for dataset_consumes_1_never_scheduled to None, run_after=None
[2025-07-21T14:07:07.816+0000] {logging_mixin.py:188} INFO - [2025-07-21T14:07:07.816+0000] {dag.py:3823} INFO - Setting next_dagrun for dataset_consumes_unknown_never_scheduled to None, run_after=None
[2025-07-21T14:07:07.819+0000] {logging_mixin.py:188} INFO - [2025-07-21T14:07:07.819+0000] {dag.py:3823} INFO - Setting next_dagrun for dataset_produces_1 to 2025-07-20 00:00:00+00:00, run_after=2025-07-21 00:00:00+00:00
[2025-07-21T14:07:07.821+0000] {logging_mixin.py:188} INFO - [2025-07-21T14:07:07.821+0000] {dag.py:3823} INFO - Setting next_dagrun for dataset_produces_2 to None, run_after=None
[2025-07-21T14:07:07.859+0000] {processor.py:183} INFO - Processing /home/airflow/.local/lib/python3.8/site-packages/airflow/example_dags/example_datasets.py took 0.257 seconds
[2025-07-21T14:07:38.804+0000] {processor.py:161} INFO - Started process (PID=799) to work on /home/airflow/.local/lib/python3.8/site-packages/airflow/example_dags/example_datasets.py
[2025-07-21T14:07:38.805+0000] {processor.py:830} INFO - Processing file /home/airflow/.local/lib/python3.8/site-packages/airflow/example_dags/example_datasets.py for tasks to queue
[2025-07-21T14:07:38.806+0000] {logging_mixin.py:188} INFO - [2025-07-21T14:07:38.805+0000] {dagbag.py:538} INFO - Filling up the DagBag from /home/airflow/.local/lib/python3.8/site-packages/airflow/example_dags/example_datasets.py
[2025-07-21T14:07:38.814+0000] {processor.py:840} INFO - DAG(s) 'dataset_consumes_1_never_scheduled', 'dataset_consumes_unknown_never_scheduled', 'dataset_consumes_1_and_2', 'dataset_produces_2', 'dataset_produces_1', 'dataset_consumes_1' retrieved from /home/airflow/.local/lib/python3.8/site-packages/airflow/example_dags/example_datasets.py
[2025-07-21T14:07:38.851+0000] {logging_mixin.py:188} INFO - [2025-07-21T14:07:38.851+0000] {dag.py:3036} INFO - Sync 6 DAGs
[2025-07-21T14:07:38.872+0000] {logging_mixin.py:188} INFO - [2025-07-21T14:07:38.871+0000] {dag.py:3823} INFO - Setting next_dagrun for dataset_consumes_1 to None, run_after=None
[2025-07-21T14:07:38.876+0000] {logging_mixin.py:188} INFO - [2025-07-21T14:07:38.876+0000] {dag.py:3823} INFO - Setting next_dagrun for dataset_consumes_1_and_2 to None, run_after=None
[2025-07-21T14:07:38.880+0000] {logging_mixin.py:188} INFO - [2025-07-21T14:07:38.880+0000] {dag.py:3823} INFO - Setting next_dagrun for dataset_consumes_1_never_scheduled to None, run_after=None
[2025-07-21T14:07:38.883+0000] {logging_mixin.py:188} INFO - [2025-07-21T14:07:38.882+0000] {dag.py:3823} INFO - Setting next_dagrun for dataset_consumes_unknown_never_scheduled to None, run_after=None
[2025-07-21T14:07:38.886+0000] {logging_mixin.py:188} INFO - [2025-07-21T14:07:38.886+0000] {dag.py:3823} INFO - Setting next_dagrun for dataset_produces_1 to 2025-07-20 00:00:00+00:00, run_after=2025-07-21 00:00:00+00:00
[2025-07-21T14:07:38.888+0000] {logging_mixin.py:188} INFO - [2025-07-21T14:07:38.888+0000] {dag.py:3823} INFO - Setting next_dagrun for dataset_produces_2 to None, run_after=None
[2025-07-21T14:07:38.922+0000] {processor.py:183} INFO - Processing /home/airflow/.local/lib/python3.8/site-packages/airflow/example_dags/example_datasets.py took 0.122 seconds
[2025-07-21T14:08:09.118+0000] {processor.py:161} INFO - Started process (PID=1040) to work on /home/airflow/.local/lib/python3.8/site-packages/airflow/example_dags/example_datasets.py
[2025-07-21T14:08:09.119+0000] {processor.py:830} INFO - Processing file /home/airflow/.local/lib/python3.8/site-packages/airflow/example_dags/example_datasets.py for tasks to queue
[2025-07-21T14:08:09.120+0000] {logging_mixin.py:188} INFO - [2025-07-21T14:08:09.120+0000] {dagbag.py:538} INFO - Filling up the DagBag from /home/airflow/.local/lib/python3.8/site-packages/airflow/example_dags/example_datasets.py
[2025-07-21T14:08:09.129+0000] {processor.py:840} INFO - DAG(s) 'dataset_consumes_1_and_2', 'dataset_produces_2', 'dataset_consumes_unknown_never_scheduled', 'dataset_consumes_1', 'dataset_produces_1', 'dataset_consumes_1_never_scheduled' retrieved from /home/airflow/.local/lib/python3.8/site-packages/airflow/example_dags/example_datasets.py
[2025-07-21T14:08:09.166+0000] {logging_mixin.py:188} INFO - [2025-07-21T14:08:09.166+0000] {dag.py:3036} INFO - Sync 6 DAGs
[2025-07-21T14:08:09.187+0000] {logging_mixin.py:188} INFO - [2025-07-21T14:08:09.187+0000] {dag.py:3823} INFO - Setting next_dagrun for dataset_consumes_1 to None, run_after=None
[2025-07-21T14:08:09.191+0000] {logging_mixin.py:188} INFO - [2025-07-21T14:08:09.191+0000] {dag.py:3823} INFO - Setting next_dagrun for dataset_consumes_1_and_2 to None, run_after=None
[2025-07-21T14:08:09.193+0000] {logging_mixin.py:188} INFO - [2025-07-21T14:08:09.193+0000] {dag.py:3823} INFO - Setting next_dagrun for dataset_consumes_1_never_scheduled to None, run_after=None
[2025-07-21T14:08:09.196+0000] {logging_mixin.py:188} INFO - [2025-07-21T14:08:09.195+0000] {dag.py:3823} INFO - Setting next_dagrun for dataset_consumes_unknown_never_scheduled to None, run_after=None
[2025-07-21T14:08:09.199+0000] {logging_mixin.py:188} INFO - [2025-07-21T14:08:09.199+0000] {dag.py:3823} INFO - Setting next_dagrun for dataset_produces_1 to 2025-07-20 00:00:00+00:00, run_after=2025-07-21 00:00:00+00:00
[2025-07-21T14:08:09.202+0000] {logging_mixin.py:188} INFO - [2025-07-21T14:08:09.201+0000] {dag.py:3823} INFO - Setting next_dagrun for dataset_produces_2 to None, run_after=None
[2025-07-21T14:08:09.241+0000] {processor.py:183} INFO - Processing /home/airflow/.local/lib/python3.8/site-packages/airflow/example_dags/example_datasets.py took 0.126 seconds
[2025-07-21T14:08:39.538+0000] {processor.py:161} INFO - Started process (PID=1281) to work on /home/airflow/.local/lib/python3.8/site-packages/airflow/example_dags/example_datasets.py
[2025-07-21T14:08:39.539+0000] {processor.py:830} INFO - Processing file /home/airflow/.local/lib/python3.8/site-packages/airflow/example_dags/example_datasets.py for tasks to queue
[2025-07-21T14:08:39.540+0000] {logging_mixin.py:188} INFO - [2025-07-21T14:08:39.540+0000] {dagbag.py:538} INFO - Filling up the DagBag from /home/airflow/.local/lib/python3.8/site-packages/airflow/example_dags/example_datasets.py
[2025-07-21T14:08:39.552+0000] {processor.py:840} INFO - DAG(s) 'dataset_consumes_1_never_scheduled', 'dataset_consumes_unknown_never_scheduled', 'dataset_produces_2', 'dataset_consumes_1_and_2', 'dataset_produces_1', 'dataset_consumes_1' retrieved from /home/airflow/.local/lib/python3.8/site-packages/airflow/example_dags/example_datasets.py
[2025-07-21T14:08:39.595+0000] {logging_mixin.py:188} INFO - [2025-07-21T14:08:39.595+0000] {dag.py:3036} INFO - Sync 6 DAGs
[2025-07-21T14:08:39.619+0000] {logging_mixin.py:188} INFO - [2025-07-21T14:08:39.618+0000] {dag.py:3823} INFO - Setting next_dagrun for dataset_consumes_1 to None, run_after=None
[2025-07-21T14:08:39.624+0000] {logging_mixin.py:188} INFO - [2025-07-21T14:08:39.624+0000] {dag.py:3823} INFO - Setting next_dagrun for dataset_consumes_1_and_2 to None, run_after=None
[2025-07-21T14:08:39.627+0000] {logging_mixin.py:188} INFO - [2025-07-21T14:08:39.627+0000] {dag.py:3823} INFO - Setting next_dagrun for dataset_consumes_1_never_scheduled to None, run_after=None
[2025-07-21T14:08:39.629+0000] {logging_mixin.py:188} INFO - [2025-07-21T14:08:39.629+0000] {dag.py:3823} INFO - Setting next_dagrun for dataset_consumes_unknown_never_scheduled to None, run_after=None
[2025-07-21T14:08:39.632+0000] {logging_mixin.py:188} INFO - [2025-07-21T14:08:39.632+0000] {dag.py:3823} INFO - Setting next_dagrun for dataset_produces_1 to 2025-07-20 00:00:00+00:00, run_after=2025-07-21 00:00:00+00:00
[2025-07-21T14:08:39.635+0000] {logging_mixin.py:188} INFO - [2025-07-21T14:08:39.634+0000] {dag.py:3823} INFO - Setting next_dagrun for dataset_produces_2 to None, run_after=None
[2025-07-21T14:08:39.670+0000] {processor.py:183} INFO - Processing /home/airflow/.local/lib/python3.8/site-packages/airflow/example_dags/example_datasets.py took 0.136 seconds
