[2025-07-21T14:03:30.270+0000] {processor.py:161} INFO - Started process (PID=355) to work on /home/airflow/.local/lib/python3.8/site-packages/airflow/example_dags/example_dag_decorator.py
[2025-07-21T14:03:30.273+0000] {processor.py:830} INFO - Processing file /home/airflow/.local/lib/python3.8/site-packages/airflow/example_dags/example_dag_decorator.py for tasks to queue
[2025-07-21T14:03:30.275+0000] {logging_mixin.py:188} INFO - [2025-07-21T14:03:30.274+0000] {dagbag.py:538} INFO - Filling up the DagBag from /home/airflow/.local/lib/python3.8/site-packages/airflow/example_dags/example_dag_decorator.py
[2025-07-21T14:03:30.709+0000] {processor.py:840} INFO - DAG(s) 'example_dag_decorator' retrieved from /home/airflow/.local/lib/python3.8/site-packages/airflow/example_dags/example_dag_decorator.py
[2025-07-21T14:03:30.945+0000] {logging_mixin.py:188} INFO - [2025-07-21T14:03:30.944+0000] {override.py:1769} INFO - Created Permission View: can read on DAG:example_dag_decorator
[2025-07-21T14:03:30.970+0000] {logging_mixin.py:188} INFO - [2025-07-21T14:03:30.969+0000] {override.py:1769} INFO - Created Permission View: can edit on DAG:example_dag_decorator
[2025-07-21T14:03:30.990+0000] {logging_mixin.py:188} INFO - [2025-07-21T14:03:30.989+0000] {override.py:1769} INFO - Created Permission View: can delete on DAG:example_dag_decorator
[2025-07-21T14:03:30.991+0000] {logging_mixin.py:188} INFO - [2025-07-21T14:03:30.991+0000] {dag.py:3036} INFO - Sync 1 DAGs
[2025-07-21T14:03:31.015+0000] {logging_mixin.py:188} INFO - [2025-07-21T14:03:31.014+0000] {dag.py:3058} INFO - Creating ORM DAG for example_dag_decorator
[2025-07-21T14:03:31.016+0000] {logging_mixin.py:188} INFO - [2025-07-21T14:03:31.016+0000] {dag.py:3823} INFO - Setting next_dagrun for example_dag_decorator to None, run_after=None
[2025-07-21T14:03:31.062+0000] {processor.py:183} INFO - Processing /home/airflow/.local/lib/python3.8/site-packages/airflow/example_dags/example_dag_decorator.py took 0.799 seconds
[2025-07-21T14:04:01.457+0000] {processor.py:161} INFO - Started process (PID=596) to work on /home/airflow/.local/lib/python3.8/site-packages/airflow/example_dags/example_dag_decorator.py
[2025-07-21T14:04:01.459+0000] {processor.py:830} INFO - Processing file /home/airflow/.local/lib/python3.8/site-packages/airflow/example_dags/example_dag_decorator.py for tasks to queue
[2025-07-21T14:04:01.460+0000] {logging_mixin.py:188} INFO - [2025-07-21T14:04:01.459+0000] {dagbag.py:538} INFO - Filling up the DagBag from /home/airflow/.local/lib/python3.8/site-packages/airflow/example_dags/example_dag_decorator.py
[2025-07-21T14:04:01.559+0000] {processor.py:840} INFO - DAG(s) 'example_dag_decorator' retrieved from /home/airflow/.local/lib/python3.8/site-packages/airflow/example_dags/example_dag_decorator.py
[2025-07-21T14:04:01.693+0000] {logging_mixin.py:188} INFO - [2025-07-21T14:04:01.692+0000] {dag.py:3036} INFO - Sync 1 DAGs
[2025-07-21T14:04:01.704+0000] {logging_mixin.py:188} INFO - [2025-07-21T14:04:01.704+0000] {dag.py:3823} INFO - Setting next_dagrun for example_dag_decorator to None, run_after=None
[2025-07-21T14:04:01.735+0000] {processor.py:183} INFO - Processing /home/airflow/.local/lib/python3.8/site-packages/airflow/example_dags/example_dag_decorator.py took 0.281 seconds
[2025-07-21T14:04:31.839+0000] {processor.py:161} INFO - Started process (PID=842) to work on /home/airflow/.local/lib/python3.8/site-packages/airflow/example_dags/example_dag_decorator.py
[2025-07-21T14:04:31.840+0000] {processor.py:830} INFO - Processing file /home/airflow/.local/lib/python3.8/site-packages/airflow/example_dags/example_dag_decorator.py for tasks to queue
[2025-07-21T14:04:31.842+0000] {logging_mixin.py:188} INFO - [2025-07-21T14:04:31.841+0000] {dagbag.py:538} INFO - Filling up the DagBag from /home/airflow/.local/lib/python3.8/site-packages/airflow/example_dags/example_dag_decorator.py
[2025-07-21T14:04:31.963+0000] {processor.py:840} INFO - DAG(s) 'example_dag_decorator' retrieved from /home/airflow/.local/lib/python3.8/site-packages/airflow/example_dags/example_dag_decorator.py
[2025-07-21T14:04:32.104+0000] {logging_mixin.py:188} INFO - [2025-07-21T14:04:32.103+0000] {dag.py:3036} INFO - Sync 1 DAGs
[2025-07-21T14:04:32.115+0000] {logging_mixin.py:188} INFO - [2025-07-21T14:04:32.115+0000] {dag.py:3823} INFO - Setting next_dagrun for example_dag_decorator to None, run_after=None
[2025-07-21T14:04:32.136+0000] {processor.py:183} INFO - Processing /home/airflow/.local/lib/python3.8/site-packages/airflow/example_dags/example_dag_decorator.py took 0.302 seconds
[2025-07-21T14:05:02.382+0000] {processor.py:161} INFO - Started process (PID=1095) to work on /home/airflow/.local/lib/python3.8/site-packages/airflow/example_dags/example_dag_decorator.py
[2025-07-21T14:05:02.383+0000] {processor.py:830} INFO - Processing file /home/airflow/.local/lib/python3.8/site-packages/airflow/example_dags/example_dag_decorator.py for tasks to queue
[2025-07-21T14:05:02.385+0000] {logging_mixin.py:188} INFO - [2025-07-21T14:05:02.385+0000] {dagbag.py:538} INFO - Filling up the DagBag from /home/airflow/.local/lib/python3.8/site-packages/airflow/example_dags/example_dag_decorator.py
[2025-07-21T14:05:02.507+0000] {processor.py:840} INFO - DAG(s) 'example_dag_decorator' retrieved from /home/airflow/.local/lib/python3.8/site-packages/airflow/example_dags/example_dag_decorator.py
[2025-07-21T14:05:02.655+0000] {logging_mixin.py:188} INFO - [2025-07-21T14:05:02.654+0000] {dag.py:3036} INFO - Sync 1 DAGs
[2025-07-21T14:05:02.669+0000] {logging_mixin.py:188} INFO - [2025-07-21T14:05:02.669+0000] {dag.py:3823} INFO - Setting next_dagrun for example_dag_decorator to None, run_after=None
[2025-07-21T14:05:02.718+0000] {processor.py:183} INFO - Processing /home/airflow/.local/lib/python3.8/site-packages/airflow/example_dags/example_dag_decorator.py took 0.341 seconds
[2025-07-21T14:05:33.535+0000] {processor.py:161} INFO - Started process (PID=1336) to work on /home/airflow/.local/lib/python3.8/site-packages/airflow/example_dags/example_dag_decorator.py
[2025-07-21T14:05:33.536+0000] {processor.py:830} INFO - Processing file /home/airflow/.local/lib/python3.8/site-packages/airflow/example_dags/example_dag_decorator.py for tasks to queue
[2025-07-21T14:05:33.537+0000] {logging_mixin.py:188} INFO - [2025-07-21T14:05:33.537+0000] {dagbag.py:538} INFO - Filling up the DagBag from /home/airflow/.local/lib/python3.8/site-packages/airflow/example_dags/example_dag_decorator.py
[2025-07-21T14:05:33.625+0000] {processor.py:840} INFO - DAG(s) 'example_dag_decorator' retrieved from /home/airflow/.local/lib/python3.8/site-packages/airflow/example_dags/example_dag_decorator.py
[2025-07-21T14:05:33.728+0000] {logging_mixin.py:188} INFO - [2025-07-21T14:05:33.728+0000] {dag.py:3036} INFO - Sync 1 DAGs
[2025-07-21T14:05:33.739+0000] {logging_mixin.py:188} INFO - [2025-07-21T14:05:33.739+0000] {dag.py:3823} INFO - Setting next_dagrun for example_dag_decorator to None, run_after=None
[2025-07-21T14:05:33.760+0000] {processor.py:183} INFO - Processing /home/airflow/.local/lib/python3.8/site-packages/airflow/example_dags/example_dag_decorator.py took 0.229 seconds
[2025-07-21T14:06:03.862+0000] {processor.py:161} INFO - Started process (PID=1577) to work on /home/airflow/.local/lib/python3.8/site-packages/airflow/example_dags/example_dag_decorator.py
[2025-07-21T14:06:03.863+0000] {processor.py:830} INFO - Processing file /home/airflow/.local/lib/python3.8/site-packages/airflow/example_dags/example_dag_decorator.py for tasks to queue
[2025-07-21T14:06:03.865+0000] {logging_mixin.py:188} INFO - [2025-07-21T14:06:03.864+0000] {dagbag.py:538} INFO - Filling up the DagBag from /home/airflow/.local/lib/python3.8/site-packages/airflow/example_dags/example_dag_decorator.py
[2025-07-21T14:06:03.959+0000] {processor.py:840} INFO - DAG(s) 'example_dag_decorator' retrieved from /home/airflow/.local/lib/python3.8/site-packages/airflow/example_dags/example_dag_decorator.py
[2025-07-21T14:06:04.060+0000] {logging_mixin.py:188} INFO - [2025-07-21T14:06:04.060+0000] {dag.py:3036} INFO - Sync 1 DAGs
[2025-07-21T14:06:04.070+0000] {logging_mixin.py:188} INFO - [2025-07-21T14:06:04.070+0000] {dag.py:3823} INFO - Setting next_dagrun for example_dag_decorator to None, run_after=None
[2025-07-21T14:06:04.094+0000] {processor.py:183} INFO - Processing /home/airflow/.local/lib/python3.8/site-packages/airflow/example_dags/example_dag_decorator.py took 0.235 seconds
[2025-07-21T14:06:37.293+0000] {processor.py:161} INFO - Started process (PID=355) to work on /home/airflow/.local/lib/python3.8/site-packages/airflow/example_dags/example_dag_decorator.py
[2025-07-21T14:06:37.295+0000] {processor.py:830} INFO - Processing file /home/airflow/.local/lib/python3.8/site-packages/airflow/example_dags/example_dag_decorator.py for tasks to queue
[2025-07-21T14:06:37.297+0000] {logging_mixin.py:188} INFO - [2025-07-21T14:06:37.297+0000] {dagbag.py:538} INFO - Filling up the DagBag from /home/airflow/.local/lib/python3.8/site-packages/airflow/example_dags/example_dag_decorator.py
[2025-07-21T14:06:37.454+0000] {processor.py:840} INFO - DAG(s) 'example_dag_decorator' retrieved from /home/airflow/.local/lib/python3.8/site-packages/airflow/example_dags/example_dag_decorator.py
[2025-07-21T14:06:37.471+0000] {logging_mixin.py:188} INFO - [2025-07-21T14:06:37.470+0000] {dag.py:3036} INFO - Sync 1 DAGs
[2025-07-21T14:06:37.496+0000] {logging_mixin.py:188} INFO - [2025-07-21T14:06:37.495+0000] {dag.py:3823} INFO - Setting next_dagrun for example_dag_decorator to None, run_after=None
[2025-07-21T14:06:37.529+0000] {processor.py:183} INFO - Processing /home/airflow/.local/lib/python3.8/site-packages/airflow/example_dags/example_dag_decorator.py took 0.241 seconds
[2025-07-21T14:07:08.786+0000] {processor.py:161} INFO - Started process (PID=598) to work on /home/airflow/.local/lib/python3.8/site-packages/airflow/example_dags/example_dag_decorator.py
[2025-07-21T14:07:08.787+0000] {processor.py:830} INFO - Processing file /home/airflow/.local/lib/python3.8/site-packages/airflow/example_dags/example_dag_decorator.py for tasks to queue
[2025-07-21T14:07:08.788+0000] {logging_mixin.py:188} INFO - [2025-07-21T14:07:08.788+0000] {dagbag.py:538} INFO - Filling up the DagBag from /home/airflow/.local/lib/python3.8/site-packages/airflow/example_dags/example_dag_decorator.py
[2025-07-21T14:07:08.879+0000] {processor.py:840} INFO - DAG(s) 'example_dag_decorator' retrieved from /home/airflow/.local/lib/python3.8/site-packages/airflow/example_dags/example_dag_decorator.py
[2025-07-21T14:07:08.990+0000] {logging_mixin.py:188} INFO - [2025-07-21T14:07:08.990+0000] {dag.py:3036} INFO - Sync 1 DAGs
[2025-07-21T14:07:09.004+0000] {logging_mixin.py:188} INFO - [2025-07-21T14:07:09.003+0000] {dag.py:3823} INFO - Setting next_dagrun for example_dag_decorator to None, run_after=None
[2025-07-21T14:07:09.032+0000] {processor.py:183} INFO - Processing /home/airflow/.local/lib/python3.8/site-packages/airflow/example_dags/example_dag_decorator.py took 0.249 seconds
[2025-07-21T14:07:39.208+0000] {processor.py:161} INFO - Started process (PID=837) to work on /home/airflow/.local/lib/python3.8/site-packages/airflow/example_dags/example_dag_decorator.py
[2025-07-21T14:07:39.209+0000] {processor.py:830} INFO - Processing file /home/airflow/.local/lib/python3.8/site-packages/airflow/example_dags/example_dag_decorator.py for tasks to queue
[2025-07-21T14:07:39.210+0000] {logging_mixin.py:188} INFO - [2025-07-21T14:07:39.210+0000] {dagbag.py:538} INFO - Filling up the DagBag from /home/airflow/.local/lib/python3.8/site-packages/airflow/example_dags/example_dag_decorator.py
[2025-07-21T14:07:39.292+0000] {processor.py:840} INFO - DAG(s) 'example_dag_decorator' retrieved from /home/airflow/.local/lib/python3.8/site-packages/airflow/example_dags/example_dag_decorator.py
[2025-07-21T14:07:39.387+0000] {logging_mixin.py:188} INFO - [2025-07-21T14:07:39.386+0000] {dag.py:3036} INFO - Sync 1 DAGs
[2025-07-21T14:07:39.397+0000] {logging_mixin.py:188} INFO - [2025-07-21T14:07:39.397+0000] {dag.py:3823} INFO - Setting next_dagrun for example_dag_decorator to None, run_after=None
[2025-07-21T14:07:39.419+0000] {processor.py:183} INFO - Processing /home/airflow/.local/lib/python3.8/site-packages/airflow/example_dags/example_dag_decorator.py took 0.214 seconds
[2025-07-21T14:08:09.540+0000] {processor.py:161} INFO - Started process (PID=1078) to work on /home/airflow/.local/lib/python3.8/site-packages/airflow/example_dags/example_dag_decorator.py
[2025-07-21T14:08:09.541+0000] {processor.py:830} INFO - Processing file /home/airflow/.local/lib/python3.8/site-packages/airflow/example_dags/example_dag_decorator.py for tasks to queue
[2025-07-21T14:08:09.542+0000] {logging_mixin.py:188} INFO - [2025-07-21T14:08:09.542+0000] {dagbag.py:538} INFO - Filling up the DagBag from /home/airflow/.local/lib/python3.8/site-packages/airflow/example_dags/example_dag_decorator.py
[2025-07-21T14:08:09.628+0000] {processor.py:840} INFO - DAG(s) 'example_dag_decorator' retrieved from /home/airflow/.local/lib/python3.8/site-packages/airflow/example_dags/example_dag_decorator.py
[2025-07-21T14:08:09.726+0000] {logging_mixin.py:188} INFO - [2025-07-21T14:08:09.725+0000] {dag.py:3036} INFO - Sync 1 DAGs
[2025-07-21T14:08:09.736+0000] {logging_mixin.py:188} INFO - [2025-07-21T14:08:09.736+0000] {dag.py:3823} INFO - Setting next_dagrun for example_dag_decorator to None, run_after=None
[2025-07-21T14:08:09.761+0000] {processor.py:183} INFO - Processing /home/airflow/.local/lib/python3.8/site-packages/airflow/example_dags/example_dag_decorator.py took 0.223 seconds
[2025-07-21T14:08:40.022+0000] {processor.py:161} INFO - Started process (PID=1319) to work on /home/airflow/.local/lib/python3.8/site-packages/airflow/example_dags/example_dag_decorator.py
[2025-07-21T14:08:40.024+0000] {processor.py:830} INFO - Processing file /home/airflow/.local/lib/python3.8/site-packages/airflow/example_dags/example_dag_decorator.py for tasks to queue
[2025-07-21T14:08:40.025+0000] {logging_mixin.py:188} INFO - [2025-07-21T14:08:40.024+0000] {dagbag.py:538} INFO - Filling up the DagBag from /home/airflow/.local/lib/python3.8/site-packages/airflow/example_dags/example_dag_decorator.py
[2025-07-21T14:08:40.128+0000] {processor.py:840} INFO - DAG(s) 'example_dag_decorator' retrieved from /home/airflow/.local/lib/python3.8/site-packages/airflow/example_dags/example_dag_decorator.py
[2025-07-21T14:08:40.267+0000] {logging_mixin.py:188} INFO - [2025-07-21T14:08:40.267+0000] {dag.py:3036} INFO - Sync 1 DAGs
[2025-07-21T14:08:40.281+0000] {logging_mixin.py:188} INFO - [2025-07-21T14:08:40.281+0000] {dag.py:3823} INFO - Setting next_dagrun for example_dag_decorator to None, run_after=None
[2025-07-21T14:08:40.305+0000] {processor.py:183} INFO - Processing /home/airflow/.local/lib/python3.8/site-packages/airflow/example_dags/example_dag_decorator.py took 0.286 seconds
