[2025-07-21T14:03:29.769+0000] {processor.py:161} INFO - Started process (PID=345) to work on /home/airflow/.local/lib/python3.8/site-packages/airflow/example_dags/example_trigger_target_dag.py
[2025-07-21T14:03:29.771+0000] {processor.py:830} INFO - Processing file /home/airflow/.local/lib/python3.8/site-packages/airflow/example_dags/example_trigger_target_dag.py for tasks to queue
[2025-07-21T14:03:29.773+0000] {logging_mixin.py:188} INFO - [2025-07-21T14:03:29.773+0000] {dagbag.py:538} INFO - Filling up the DagBag from /home/airflow/.local/lib/python3.8/site-packages/airflow/example_dags/example_trigger_target_dag.py
[2025-07-21T14:03:29.787+0000] {processor.py:840} INFO - DAG(s) 'example_trigger_target_dag' retrieved from /home/airflow/.local/lib/python3.8/site-packages/airflow/example_dags/example_trigger_target_dag.py
[2025-07-21T14:03:30.032+0000] {logging_mixin.py:188} INFO - [2025-07-21T14:03:30.031+0000] {override.py:1769} INFO - Created Permission View: can read on DAG:example_trigger_target_dag
[2025-07-21T14:03:30.073+0000] {logging_mixin.py:188} INFO - [2025-07-21T14:03:30.071+0000] {override.py:1769} INFO - Created Permission View: can edit on DAG:example_trigger_target_dag
[2025-07-21T14:03:30.097+0000] {logging_mixin.py:188} INFO - [2025-07-21T14:03:30.096+0000] {override.py:1769} INFO - Created Permission View: can delete on DAG:example_trigger_target_dag
[2025-07-21T14:03:30.099+0000] {logging_mixin.py:188} INFO - [2025-07-21T14:03:30.099+0000] {dag.py:3036} INFO - Sync 1 DAGs
[2025-07-21T14:03:30.150+0000] {logging_mixin.py:188} INFO - [2025-07-21T14:03:30.149+0000] {dag.py:3058} INFO - Creating ORM DAG for example_trigger_target_dag
[2025-07-21T14:03:30.151+0000] {logging_mixin.py:188} INFO - [2025-07-21T14:03:30.151+0000] {dag.py:3823} INFO - Setting next_dagrun for example_trigger_target_dag to None, run_after=None
[2025-07-21T14:03:30.201+0000] {processor.py:183} INFO - Processing /home/airflow/.local/lib/python3.8/site-packages/airflow/example_dags/example_trigger_target_dag.py took 0.438 seconds
[2025-07-21T14:04:00.380+0000] {processor.py:161} INFO - Started process (PID=586) to work on /home/airflow/.local/lib/python3.8/site-packages/airflow/example_dags/example_trigger_target_dag.py
[2025-07-21T14:04:00.381+0000] {processor.py:830} INFO - Processing file /home/airflow/.local/lib/python3.8/site-packages/airflow/example_dags/example_trigger_target_dag.py for tasks to queue
[2025-07-21T14:04:00.382+0000] {logging_mixin.py:188} INFO - [2025-07-21T14:04:00.381+0000] {dagbag.py:538} INFO - Filling up the DagBag from /home/airflow/.local/lib/python3.8/site-packages/airflow/example_dags/example_trigger_target_dag.py
[2025-07-21T14:04:00.388+0000] {processor.py:840} INFO - DAG(s) 'example_trigger_target_dag' retrieved from /home/airflow/.local/lib/python3.8/site-packages/airflow/example_dags/example_trigger_target_dag.py
[2025-07-21T14:04:00.408+0000] {logging_mixin.py:188} INFO - [2025-07-21T14:04:00.408+0000] {dag.py:3036} INFO - Sync 1 DAGs
[2025-07-21T14:04:00.420+0000] {logging_mixin.py:188} INFO - [2025-07-21T14:04:00.419+0000] {dag.py:3823} INFO - Setting next_dagrun for example_trigger_target_dag to None, run_after=None
[2025-07-21T14:04:00.440+0000] {processor.py:183} INFO - Processing /home/airflow/.local/lib/python3.8/site-packages/airflow/example_dags/example_trigger_target_dag.py took 0.063 seconds
[2025-07-21T14:04:30.666+0000] {processor.py:161} INFO - Started process (PID=827) to work on /home/airflow/.local/lib/python3.8/site-packages/airflow/example_dags/example_trigger_target_dag.py
[2025-07-21T14:04:30.667+0000] {processor.py:830} INFO - Processing file /home/airflow/.local/lib/python3.8/site-packages/airflow/example_dags/example_trigger_target_dag.py for tasks to queue
[2025-07-21T14:04:30.668+0000] {logging_mixin.py:188} INFO - [2025-07-21T14:04:30.667+0000] {dagbag.py:538} INFO - Filling up the DagBag from /home/airflow/.local/lib/python3.8/site-packages/airflow/example_dags/example_trigger_target_dag.py
[2025-07-21T14:04:30.673+0000] {processor.py:840} INFO - DAG(s) 'example_trigger_target_dag' retrieved from /home/airflow/.local/lib/python3.8/site-packages/airflow/example_dags/example_trigger_target_dag.py
[2025-07-21T14:04:30.694+0000] {logging_mixin.py:188} INFO - [2025-07-21T14:04:30.694+0000] {dag.py:3036} INFO - Sync 1 DAGs
[2025-07-21T14:04:30.707+0000] {logging_mixin.py:188} INFO - [2025-07-21T14:04:30.707+0000] {dag.py:3823} INFO - Setting next_dagrun for example_trigger_target_dag to None, run_after=None
[2025-07-21T14:04:30.728+0000] {processor.py:183} INFO - Processing /home/airflow/.local/lib/python3.8/site-packages/airflow/example_dags/example_trigger_target_dag.py took 0.065 seconds
[2025-07-21T14:05:00.841+0000] {processor.py:161} INFO - Started process (PID=1068) to work on /home/airflow/.local/lib/python3.8/site-packages/airflow/example_dags/example_trigger_target_dag.py
[2025-07-21T14:05:00.842+0000] {processor.py:830} INFO - Processing file /home/airflow/.local/lib/python3.8/site-packages/airflow/example_dags/example_trigger_target_dag.py for tasks to queue
[2025-07-21T14:05:00.843+0000] {logging_mixin.py:188} INFO - [2025-07-21T14:05:00.843+0000] {dagbag.py:538} INFO - Filling up the DagBag from /home/airflow/.local/lib/python3.8/site-packages/airflow/example_dags/example_trigger_target_dag.py
[2025-07-21T14:05:00.850+0000] {processor.py:840} INFO - DAG(s) 'example_trigger_target_dag' retrieved from /home/airflow/.local/lib/python3.8/site-packages/airflow/example_dags/example_trigger_target_dag.py
[2025-07-21T14:05:00.872+0000] {logging_mixin.py:188} INFO - [2025-07-21T14:05:00.872+0000] {dag.py:3036} INFO - Sync 1 DAGs
[2025-07-21T14:05:00.885+0000] {logging_mixin.py:188} INFO - [2025-07-21T14:05:00.885+0000] {dag.py:3823} INFO - Setting next_dagrun for example_trigger_target_dag to None, run_after=None
[2025-07-21T14:05:00.914+0000] {processor.py:183} INFO - Processing /home/airflow/.local/lib/python3.8/site-packages/airflow/example_dags/example_trigger_target_dag.py took 0.076 seconds
[2025-07-21T14:05:31.188+0000] {processor.py:161} INFO - Started process (PID=1309) to work on /home/airflow/.local/lib/python3.8/site-packages/airflow/example_dags/example_trigger_target_dag.py
[2025-07-21T14:05:31.189+0000] {processor.py:830} INFO - Processing file /home/airflow/.local/lib/python3.8/site-packages/airflow/example_dags/example_trigger_target_dag.py for tasks to queue
[2025-07-21T14:05:31.190+0000] {logging_mixin.py:188} INFO - [2025-07-21T14:05:31.190+0000] {dagbag.py:538} INFO - Filling up the DagBag from /home/airflow/.local/lib/python3.8/site-packages/airflow/example_dags/example_trigger_target_dag.py
[2025-07-21T14:05:31.198+0000] {processor.py:840} INFO - DAG(s) 'example_trigger_target_dag' retrieved from /home/airflow/.local/lib/python3.8/site-packages/airflow/example_dags/example_trigger_target_dag.py
[2025-07-21T14:05:31.236+0000] {logging_mixin.py:188} INFO - [2025-07-21T14:05:31.236+0000] {dag.py:3036} INFO - Sync 1 DAGs
[2025-07-21T14:05:31.251+0000] {logging_mixin.py:188} INFO - [2025-07-21T14:05:31.250+0000] {dag.py:3823} INFO - Setting next_dagrun for example_trigger_target_dag to None, run_after=None
[2025-07-21T14:05:31.279+0000] {processor.py:183} INFO - Processing /home/airflow/.local/lib/python3.8/site-packages/airflow/example_dags/example_trigger_target_dag.py took 0.095 seconds
[2025-07-21T14:06:01.473+0000] {processor.py:161} INFO - Started process (PID=1550) to work on /home/airflow/.local/lib/python3.8/site-packages/airflow/example_dags/example_trigger_target_dag.py
[2025-07-21T14:06:01.474+0000] {processor.py:830} INFO - Processing file /home/airflow/.local/lib/python3.8/site-packages/airflow/example_dags/example_trigger_target_dag.py for tasks to queue
[2025-07-21T14:06:01.476+0000] {logging_mixin.py:188} INFO - [2025-07-21T14:06:01.476+0000] {dagbag.py:538} INFO - Filling up the DagBag from /home/airflow/.local/lib/python3.8/site-packages/airflow/example_dags/example_trigger_target_dag.py
[2025-07-21T14:06:01.490+0000] {processor.py:840} INFO - DAG(s) 'example_trigger_target_dag' retrieved from /home/airflow/.local/lib/python3.8/site-packages/airflow/example_dags/example_trigger_target_dag.py
[2025-07-21T14:06:01.521+0000] {logging_mixin.py:188} INFO - [2025-07-21T14:06:01.521+0000] {dag.py:3036} INFO - Sync 1 DAGs
[2025-07-21T14:06:01.546+0000] {logging_mixin.py:188} INFO - [2025-07-21T14:06:01.545+0000] {dag.py:3823} INFO - Setting next_dagrun for example_trigger_target_dag to None, run_after=None
[2025-07-21T14:06:01.572+0000] {processor.py:183} INFO - Processing /home/airflow/.local/lib/python3.8/site-packages/airflow/example_dags/example_trigger_target_dag.py took 0.104 seconds
[2025-07-21T14:06:37.174+0000] {processor.py:161} INFO - Started process (PID=347) to work on /home/airflow/.local/lib/python3.8/site-packages/airflow/example_dags/example_trigger_target_dag.py
[2025-07-21T14:06:37.176+0000] {processor.py:830} INFO - Processing file /home/airflow/.local/lib/python3.8/site-packages/airflow/example_dags/example_trigger_target_dag.py for tasks to queue
[2025-07-21T14:06:37.177+0000] {logging_mixin.py:188} INFO - [2025-07-21T14:06:37.177+0000] {dagbag.py:538} INFO - Filling up the DagBag from /home/airflow/.local/lib/python3.8/site-packages/airflow/example_dags/example_trigger_target_dag.py
[2025-07-21T14:06:37.185+0000] {processor.py:840} INFO - DAG(s) 'example_trigger_target_dag' retrieved from /home/airflow/.local/lib/python3.8/site-packages/airflow/example_dags/example_trigger_target_dag.py
[2025-07-21T14:06:37.201+0000] {logging_mixin.py:188} INFO - [2025-07-21T14:06:37.200+0000] {dag.py:3036} INFO - Sync 1 DAGs
[2025-07-21T14:06:37.221+0000] {logging_mixin.py:188} INFO - [2025-07-21T14:06:37.220+0000] {dag.py:3823} INFO - Setting next_dagrun for example_trigger_target_dag to None, run_after=None
[2025-07-21T14:06:37.247+0000] {processor.py:183} INFO - Processing /home/airflow/.local/lib/python3.8/site-packages/airflow/example_dags/example_trigger_target_dag.py took 0.078 seconds
[2025-07-21T14:07:08.382+0000] {processor.py:161} INFO - Started process (PID=586) to work on /home/airflow/.local/lib/python3.8/site-packages/airflow/example_dags/example_trigger_target_dag.py
[2025-07-21T14:07:08.384+0000] {processor.py:830} INFO - Processing file /home/airflow/.local/lib/python3.8/site-packages/airflow/example_dags/example_trigger_target_dag.py for tasks to queue
[2025-07-21T14:07:08.386+0000] {logging_mixin.py:188} INFO - [2025-07-21T14:07:08.385+0000] {dagbag.py:538} INFO - Filling up the DagBag from /home/airflow/.local/lib/python3.8/site-packages/airflow/example_dags/example_trigger_target_dag.py
[2025-07-21T14:07:08.393+0000] {processor.py:840} INFO - DAG(s) 'example_trigger_target_dag' retrieved from /home/airflow/.local/lib/python3.8/site-packages/airflow/example_dags/example_trigger_target_dag.py
[2025-07-21T14:07:08.517+0000] {logging_mixin.py:188} INFO - [2025-07-21T14:07:08.516+0000] {dag.py:3036} INFO - Sync 1 DAGs
[2025-07-21T14:07:08.529+0000] {logging_mixin.py:188} INFO - [2025-07-21T14:07:08.529+0000] {dag.py:3823} INFO - Setting next_dagrun for example_trigger_target_dag to None, run_after=None
[2025-07-21T14:07:08.554+0000] {processor.py:183} INFO - Processing /home/airflow/.local/lib/python3.8/site-packages/airflow/example_dags/example_trigger_target_dag.py took 0.176 seconds
[2025-07-21T14:07:39.117+0000] {processor.py:161} INFO - Started process (PID=827) to work on /home/airflow/.local/lib/python3.8/site-packages/airflow/example_dags/example_trigger_target_dag.py
[2025-07-21T14:07:39.118+0000] {processor.py:830} INFO - Processing file /home/airflow/.local/lib/python3.8/site-packages/airflow/example_dags/example_trigger_target_dag.py for tasks to queue
[2025-07-21T14:07:39.119+0000] {logging_mixin.py:188} INFO - [2025-07-21T14:07:39.119+0000] {dagbag.py:538} INFO - Filling up the DagBag from /home/airflow/.local/lib/python3.8/site-packages/airflow/example_dags/example_trigger_target_dag.py
[2025-07-21T14:07:39.125+0000] {processor.py:840} INFO - DAG(s) 'example_trigger_target_dag' retrieved from /home/airflow/.local/lib/python3.8/site-packages/airflow/example_dags/example_trigger_target_dag.py
[2025-07-21T14:07:39.145+0000] {logging_mixin.py:188} INFO - [2025-07-21T14:07:39.145+0000] {dag.py:3036} INFO - Sync 1 DAGs
[2025-07-21T14:07:39.157+0000] {logging_mixin.py:188} INFO - [2025-07-21T14:07:39.157+0000] {dag.py:3823} INFO - Setting next_dagrun for example_trigger_target_dag to None, run_after=None
[2025-07-21T14:07:39.178+0000] {processor.py:183} INFO - Processing /home/airflow/.local/lib/python3.8/site-packages/airflow/example_dags/example_trigger_target_dag.py took 0.063 seconds
[2025-07-21T14:08:09.449+0000] {processor.py:161} INFO - Started process (PID=1068) to work on /home/airflow/.local/lib/python3.8/site-packages/airflow/example_dags/example_trigger_target_dag.py
[2025-07-21T14:08:09.450+0000] {processor.py:830} INFO - Processing file /home/airflow/.local/lib/python3.8/site-packages/airflow/example_dags/example_trigger_target_dag.py for tasks to queue
[2025-07-21T14:08:09.451+0000] {logging_mixin.py:188} INFO - [2025-07-21T14:08:09.451+0000] {dagbag.py:538} INFO - Filling up the DagBag from /home/airflow/.local/lib/python3.8/site-packages/airflow/example_dags/example_trigger_target_dag.py
[2025-07-21T14:08:09.456+0000] {processor.py:840} INFO - DAG(s) 'example_trigger_target_dag' retrieved from /home/airflow/.local/lib/python3.8/site-packages/airflow/example_dags/example_trigger_target_dag.py
[2025-07-21T14:08:09.476+0000] {logging_mixin.py:188} INFO - [2025-07-21T14:08:09.476+0000] {dag.py:3036} INFO - Sync 1 DAGs
[2025-07-21T14:08:09.488+0000] {logging_mixin.py:188} INFO - [2025-07-21T14:08:09.488+0000] {dag.py:3823} INFO - Setting next_dagrun for example_trigger_target_dag to None, run_after=None
[2025-07-21T14:08:09.509+0000] {processor.py:183} INFO - Processing /home/airflow/.local/lib/python3.8/site-packages/airflow/example_dags/example_trigger_target_dag.py took 0.063 seconds
[2025-07-21T14:08:39.911+0000] {processor.py:161} INFO - Started process (PID=1309) to work on /home/airflow/.local/lib/python3.8/site-packages/airflow/example_dags/example_trigger_target_dag.py
[2025-07-21T14:08:39.912+0000] {processor.py:830} INFO - Processing file /home/airflow/.local/lib/python3.8/site-packages/airflow/example_dags/example_trigger_target_dag.py for tasks to queue
[2025-07-21T14:08:39.914+0000] {logging_mixin.py:188} INFO - [2025-07-21T14:08:39.913+0000] {dagbag.py:538} INFO - Filling up the DagBag from /home/airflow/.local/lib/python3.8/site-packages/airflow/example_dags/example_trigger_target_dag.py
[2025-07-21T14:08:39.922+0000] {processor.py:840} INFO - DAG(s) 'example_trigger_target_dag' retrieved from /home/airflow/.local/lib/python3.8/site-packages/airflow/example_dags/example_trigger_target_dag.py
[2025-07-21T14:08:39.948+0000] {logging_mixin.py:188} INFO - [2025-07-21T14:08:39.948+0000] {dag.py:3036} INFO - Sync 1 DAGs
[2025-07-21T14:08:39.963+0000] {logging_mixin.py:188} INFO - [2025-07-21T14:08:39.963+0000] {dag.py:3823} INFO - Setting next_dagrun for example_trigger_target_dag to None, run_after=None
[2025-07-21T14:08:39.987+0000] {processor.py:183} INFO - Processing /home/airflow/.local/lib/python3.8/site-packages/airflow/example_dags/example_trigger_target_dag.py took 0.079 seconds
