[2025-07-21T14:03:28.714+0000] {processor.py:161} INFO - Started process (PID=320) to work on /home/airflow/.local/lib/python3.8/site-packages/airflow/example_dags/example_latest_only.py
[2025-07-21T14:03:28.715+0000] {processor.py:830} INFO - Processing file /home/airflow/.local/lib/python3.8/site-packages/airflow/example_dags/example_latest_only.py for tasks to queue
[2025-07-21T14:03:28.717+0000] {logging_mixin.py:188} INFO - [2025-07-21T14:03:28.716+0000] {dagbag.py:538} INFO - Filling up the DagBag from /home/airflow/.local/lib/python3.8/site-packages/airflow/example_dags/example_latest_only.py
[2025-07-21T14:03:28.725+0000] {processor.py:840} INFO - DAG(s) 'latest_only' retrieved from /home/airflow/.local/lib/python3.8/site-packages/airflow/example_dags/example_latest_only.py
[2025-07-21T14:03:28.889+0000] {logging_mixin.py:188} INFO - [2025-07-21T14:03:28.888+0000] {override.py:1769} INFO - Created Permission View: can read on DAG:latest_only
[2025-07-21T14:03:28.907+0000] {logging_mixin.py:188} INFO - [2025-07-21T14:03:28.907+0000] {override.py:1769} INFO - Created Permission View: can edit on DAG:latest_only
[2025-07-21T14:03:28.920+0000] {logging_mixin.py:188} INFO - [2025-07-21T14:03:28.920+0000] {override.py:1769} INFO - Created Permission View: can delete on DAG:latest_only
[2025-07-21T14:03:28.921+0000] {logging_mixin.py:188} INFO - [2025-07-21T14:03:28.921+0000] {dag.py:3036} INFO - Sync 1 DAGs
[2025-07-21T14:03:28.941+0000] {logging_mixin.py:188} INFO - [2025-07-21T14:03:28.940+0000] {dag.py:3058} INFO - Creating ORM DAG for latest_only
[2025-07-21T14:03:28.958+0000] {logging_mixin.py:188} INFO - [2025-07-21T14:03:28.957+0000] {dag.py:3823} INFO - Setting next_dagrun for latest_only to 2025-07-21 08:00:00+00:00, run_after=2025-07-21 12:00:00+00:00
[2025-07-21T14:03:28.990+0000] {processor.py:183} INFO - Processing /home/airflow/.local/lib/python3.8/site-packages/airflow/example_dags/example_latest_only.py took 0.281 seconds
[2025-07-21T14:03:59.041+0000] {processor.py:161} INFO - Started process (PID=556) to work on /home/airflow/.local/lib/python3.8/site-packages/airflow/example_dags/example_latest_only.py
[2025-07-21T14:03:59.042+0000] {processor.py:830} INFO - Processing file /home/airflow/.local/lib/python3.8/site-packages/airflow/example_dags/example_latest_only.py for tasks to queue
[2025-07-21T14:03:59.044+0000] {logging_mixin.py:188} INFO - [2025-07-21T14:03:59.043+0000] {dagbag.py:538} INFO - Filling up the DagBag from /home/airflow/.local/lib/python3.8/site-packages/airflow/example_dags/example_latest_only.py
[2025-07-21T14:03:59.050+0000] {processor.py:840} INFO - DAG(s) 'latest_only' retrieved from /home/airflow/.local/lib/python3.8/site-packages/airflow/example_dags/example_latest_only.py
[2025-07-21T14:03:59.075+0000] {logging_mixin.py:188} INFO - [2025-07-21T14:03:59.075+0000] {dag.py:3036} INFO - Sync 1 DAGs
[2025-07-21T14:03:59.104+0000] {logging_mixin.py:188} INFO - [2025-07-21T14:03:59.104+0000] {dag.py:3823} INFO - Setting next_dagrun for latest_only to 2025-07-21 08:00:00+00:00, run_after=2025-07-21 12:00:00+00:00
[2025-07-21T14:03:59.129+0000] {processor.py:183} INFO - Processing /home/airflow/.local/lib/python3.8/site-packages/airflow/example_dags/example_latest_only.py took 0.093 seconds
[2025-07-21T14:04:29.351+0000] {processor.py:161} INFO - Started process (PID=799) to work on /home/airflow/.local/lib/python3.8/site-packages/airflow/example_dags/example_latest_only.py
[2025-07-21T14:04:29.352+0000] {processor.py:830} INFO - Processing file /home/airflow/.local/lib/python3.8/site-packages/airflow/example_dags/example_latest_only.py for tasks to queue
[2025-07-21T14:04:29.353+0000] {logging_mixin.py:188} INFO - [2025-07-21T14:04:29.353+0000] {dagbag.py:538} INFO - Filling up the DagBag from /home/airflow/.local/lib/python3.8/site-packages/airflow/example_dags/example_latest_only.py
[2025-07-21T14:04:29.358+0000] {processor.py:840} INFO - DAG(s) 'latest_only' retrieved from /home/airflow/.local/lib/python3.8/site-packages/airflow/example_dags/example_latest_only.py
[2025-07-21T14:04:29.376+0000] {logging_mixin.py:188} INFO - [2025-07-21T14:04:29.376+0000] {dag.py:3036} INFO - Sync 1 DAGs
[2025-07-21T14:04:29.395+0000] {logging_mixin.py:188} INFO - [2025-07-21T14:04:29.394+0000] {dag.py:3823} INFO - Setting next_dagrun for latest_only to 2025-07-21 08:00:00+00:00, run_after=2025-07-21 12:00:00+00:00
[2025-07-21T14:04:29.416+0000] {processor.py:183} INFO - Processing /home/airflow/.local/lib/python3.8/site-packages/airflow/example_dags/example_latest_only.py took 0.068 seconds
[2025-07-21T14:04:59.508+0000] {processor.py:161} INFO - Started process (PID=1040) to work on /home/airflow/.local/lib/python3.8/site-packages/airflow/example_dags/example_latest_only.py
[2025-07-21T14:04:59.509+0000] {processor.py:830} INFO - Processing file /home/airflow/.local/lib/python3.8/site-packages/airflow/example_dags/example_latest_only.py for tasks to queue
[2025-07-21T14:04:59.510+0000] {logging_mixin.py:188} INFO - [2025-07-21T14:04:59.510+0000] {dagbag.py:538} INFO - Filling up the DagBag from /home/airflow/.local/lib/python3.8/site-packages/airflow/example_dags/example_latest_only.py
[2025-07-21T14:04:59.516+0000] {processor.py:840} INFO - DAG(s) 'latest_only' retrieved from /home/airflow/.local/lib/python3.8/site-packages/airflow/example_dags/example_latest_only.py
[2025-07-21T14:04:59.535+0000] {logging_mixin.py:188} INFO - [2025-07-21T14:04:59.535+0000] {dag.py:3036} INFO - Sync 1 DAGs
[2025-07-21T14:04:59.556+0000] {logging_mixin.py:188} INFO - [2025-07-21T14:04:59.556+0000] {dag.py:3823} INFO - Setting next_dagrun for latest_only to 2025-07-21 08:00:00+00:00, run_after=2025-07-21 12:00:00+00:00
[2025-07-21T14:04:59.578+0000] {processor.py:183} INFO - Processing /home/airflow/.local/lib/python3.8/site-packages/airflow/example_dags/example_latest_only.py took 0.073 seconds
[2025-07-21T14:05:29.886+0000] {processor.py:161} INFO - Started process (PID=1284) to work on /home/airflow/.local/lib/python3.8/site-packages/airflow/example_dags/example_latest_only.py
[2025-07-21T14:05:29.887+0000] {processor.py:830} INFO - Processing file /home/airflow/.local/lib/python3.8/site-packages/airflow/example_dags/example_latest_only.py for tasks to queue
[2025-07-21T14:05:29.888+0000] {logging_mixin.py:188} INFO - [2025-07-21T14:05:29.888+0000] {dagbag.py:538} INFO - Filling up the DagBag from /home/airflow/.local/lib/python3.8/site-packages/airflow/example_dags/example_latest_only.py
[2025-07-21T14:05:29.894+0000] {processor.py:840} INFO - DAG(s) 'latest_only' retrieved from /home/airflow/.local/lib/python3.8/site-packages/airflow/example_dags/example_latest_only.py
[2025-07-21T14:05:29.915+0000] {logging_mixin.py:188} INFO - [2025-07-21T14:05:29.915+0000] {dag.py:3036} INFO - Sync 1 DAGs
[2025-07-21T14:05:29.946+0000] {logging_mixin.py:188} INFO - [2025-07-21T14:05:29.946+0000] {dag.py:3823} INFO - Setting next_dagrun for latest_only to 2025-07-21 08:00:00+00:00, run_after=2025-07-21 12:00:00+00:00
[2025-07-21T14:05:29.976+0000] {processor.py:183} INFO - Processing /home/airflow/.local/lib/python3.8/site-packages/airflow/example_dags/example_latest_only.py took 0.093 seconds
[2025-07-21T14:06:00.126+0000] {processor.py:161} INFO - Started process (PID=1525) to work on /home/airflow/.local/lib/python3.8/site-packages/airflow/example_dags/example_latest_only.py
[2025-07-21T14:06:00.127+0000] {processor.py:830} INFO - Processing file /home/airflow/.local/lib/python3.8/site-packages/airflow/example_dags/example_latest_only.py for tasks to queue
[2025-07-21T14:06:00.128+0000] {logging_mixin.py:188} INFO - [2025-07-21T14:06:00.128+0000] {dagbag.py:538} INFO - Filling up the DagBag from /home/airflow/.local/lib/python3.8/site-packages/airflow/example_dags/example_latest_only.py
[2025-07-21T14:06:00.133+0000] {processor.py:840} INFO - DAG(s) 'latest_only' retrieved from /home/airflow/.local/lib/python3.8/site-packages/airflow/example_dags/example_latest_only.py
[2025-07-21T14:06:00.157+0000] {logging_mixin.py:188} INFO - [2025-07-21T14:06:00.156+0000] {dag.py:3036} INFO - Sync 1 DAGs
[2025-07-21T14:06:00.182+0000] {logging_mixin.py:188} INFO - [2025-07-21T14:06:00.181+0000] {dag.py:3823} INFO - Setting next_dagrun for latest_only to 2025-07-21 08:00:00+00:00, run_after=2025-07-21 12:00:00+00:00
[2025-07-21T14:06:00.203+0000] {processor.py:183} INFO - Processing /home/airflow/.local/lib/python3.8/site-packages/airflow/example_dags/example_latest_only.py took 0.081 seconds
[2025-07-21T14:06:36.691+0000] {processor.py:161} INFO - Started process (PID=322) to work on /home/airflow/.local/lib/python3.8/site-packages/airflow/example_dags/example_latest_only.py
[2025-07-21T14:06:36.693+0000] {processor.py:830} INFO - Processing file /home/airflow/.local/lib/python3.8/site-packages/airflow/example_dags/example_latest_only.py for tasks to queue
[2025-07-21T14:06:36.695+0000] {logging_mixin.py:188} INFO - [2025-07-21T14:06:36.695+0000] {dagbag.py:538} INFO - Filling up the DagBag from /home/airflow/.local/lib/python3.8/site-packages/airflow/example_dags/example_latest_only.py
[2025-07-21T14:06:36.706+0000] {processor.py:840} INFO - DAG(s) 'latest_only' retrieved from /home/airflow/.local/lib/python3.8/site-packages/airflow/example_dags/example_latest_only.py
[2025-07-21T14:06:36.731+0000] {logging_mixin.py:188} INFO - [2025-07-21T14:06:36.731+0000] {dag.py:3036} INFO - Sync 1 DAGs
[2025-07-21T14:06:36.770+0000] {logging_mixin.py:188} INFO - [2025-07-21T14:06:36.770+0000] {dag.py:3823} INFO - Setting next_dagrun for latest_only to 2025-07-21 08:00:00+00:00, run_after=2025-07-21 12:00:00+00:00
[2025-07-21T14:06:36.804+0000] {processor.py:183} INFO - Processing /home/airflow/.local/lib/python3.8/site-packages/airflow/example_dags/example_latest_only.py took 0.127 seconds
[2025-07-21T14:07:07.898+0000] {processor.py:161} INFO - Started process (PID=563) to work on /home/airflow/.local/lib/python3.8/site-packages/airflow/example_dags/example_latest_only.py
[2025-07-21T14:07:07.900+0000] {processor.py:830} INFO - Processing file /home/airflow/.local/lib/python3.8/site-packages/airflow/example_dags/example_latest_only.py for tasks to queue
[2025-07-21T14:07:07.901+0000] {logging_mixin.py:188} INFO - [2025-07-21T14:07:07.900+0000] {dagbag.py:538} INFO - Filling up the DagBag from /home/airflow/.local/lib/python3.8/site-packages/airflow/example_dags/example_latest_only.py
[2025-07-21T14:07:07.906+0000] {processor.py:840} INFO - DAG(s) 'latest_only' retrieved from /home/airflow/.local/lib/python3.8/site-packages/airflow/example_dags/example_latest_only.py
[2025-07-21T14:07:08.028+0000] {logging_mixin.py:188} INFO - [2025-07-21T14:07:08.027+0000] {dag.py:3036} INFO - Sync 1 DAGs
[2025-07-21T14:07:08.056+0000] {logging_mixin.py:188} INFO - [2025-07-21T14:07:08.056+0000] {dag.py:3823} INFO - Setting next_dagrun for latest_only to 2025-07-21 08:00:00+00:00, run_after=2025-07-21 12:00:00+00:00
[2025-07-21T14:07:08.083+0000] {processor.py:183} INFO - Processing /home/airflow/.local/lib/python3.8/site-packages/airflow/example_dags/example_latest_only.py took 0.188 seconds
[2025-07-21T14:07:38.804+0000] {processor.py:161} INFO - Started process (PID=802) to work on /home/airflow/.local/lib/python3.8/site-packages/airflow/example_dags/example_latest_only.py
[2025-07-21T14:07:38.805+0000] {processor.py:830} INFO - Processing file /home/airflow/.local/lib/python3.8/site-packages/airflow/example_dags/example_latest_only.py for tasks to queue
[2025-07-21T14:07:38.806+0000] {logging_mixin.py:188} INFO - [2025-07-21T14:07:38.806+0000] {dagbag.py:538} INFO - Filling up the DagBag from /home/airflow/.local/lib/python3.8/site-packages/airflow/example_dags/example_latest_only.py
[2025-07-21T14:07:38.811+0000] {processor.py:840} INFO - DAG(s) 'latest_only' retrieved from /home/airflow/.local/lib/python3.8/site-packages/airflow/example_dags/example_latest_only.py
[2025-07-21T14:07:38.830+0000] {logging_mixin.py:188} INFO - [2025-07-21T14:07:38.830+0000] {dag.py:3036} INFO - Sync 1 DAGs
[2025-07-21T14:07:38.852+0000] {logging_mixin.py:188} INFO - [2025-07-21T14:07:38.851+0000] {dag.py:3823} INFO - Setting next_dagrun for latest_only to 2025-07-21 08:00:00+00:00, run_after=2025-07-21 12:00:00+00:00
[2025-07-21T14:07:38.872+0000] {processor.py:183} INFO - Processing /home/airflow/.local/lib/python3.8/site-packages/airflow/example_dags/example_latest_only.py took 0.071 seconds
[2025-07-21T14:08:09.118+0000] {processor.py:161} INFO - Started process (PID=1043) to work on /home/airflow/.local/lib/python3.8/site-packages/airflow/example_dags/example_latest_only.py
[2025-07-21T14:08:09.119+0000] {processor.py:830} INFO - Processing file /home/airflow/.local/lib/python3.8/site-packages/airflow/example_dags/example_latest_only.py for tasks to queue
[2025-07-21T14:08:09.120+0000] {logging_mixin.py:188} INFO - [2025-07-21T14:08:09.120+0000] {dagbag.py:538} INFO - Filling up the DagBag from /home/airflow/.local/lib/python3.8/site-packages/airflow/example_dags/example_latest_only.py
[2025-07-21T14:08:09.125+0000] {processor.py:840} INFO - DAG(s) 'latest_only' retrieved from /home/airflow/.local/lib/python3.8/site-packages/airflow/example_dags/example_latest_only.py
[2025-07-21T14:08:09.145+0000] {logging_mixin.py:188} INFO - [2025-07-21T14:08:09.145+0000] {dag.py:3036} INFO - Sync 1 DAGs
[2025-07-21T14:08:09.164+0000] {logging_mixin.py:188} INFO - [2025-07-21T14:08:09.164+0000] {dag.py:3823} INFO - Setting next_dagrun for latest_only to 2025-07-21 08:00:00+00:00, run_after=2025-07-21 12:00:00+00:00
[2025-07-21T14:08:09.185+0000] {processor.py:183} INFO - Processing /home/airflow/.local/lib/python3.8/site-packages/airflow/example_dags/example_latest_only.py took 0.070 seconds
[2025-07-21T14:08:39.539+0000] {processor.py:161} INFO - Started process (PID=1284) to work on /home/airflow/.local/lib/python3.8/site-packages/airflow/example_dags/example_latest_only.py
[2025-07-21T14:08:39.541+0000] {processor.py:830} INFO - Processing file /home/airflow/.local/lib/python3.8/site-packages/airflow/example_dags/example_latest_only.py for tasks to queue
[2025-07-21T14:08:39.542+0000] {logging_mixin.py:188} INFO - [2025-07-21T14:08:39.541+0000] {dagbag.py:538} INFO - Filling up the DagBag from /home/airflow/.local/lib/python3.8/site-packages/airflow/example_dags/example_latest_only.py
[2025-07-21T14:08:39.548+0000] {processor.py:840} INFO - DAG(s) 'latest_only' retrieved from /home/airflow/.local/lib/python3.8/site-packages/airflow/example_dags/example_latest_only.py
[2025-07-21T14:08:39.573+0000] {logging_mixin.py:188} INFO - [2025-07-21T14:08:39.573+0000] {dag.py:3036} INFO - Sync 1 DAGs
[2025-07-21T14:08:39.596+0000] {logging_mixin.py:188} INFO - [2025-07-21T14:08:39.596+0000] {dag.py:3823} INFO - Setting next_dagrun for latest_only to 2025-07-21 08:00:00+00:00, run_after=2025-07-21 12:00:00+00:00
[2025-07-21T14:08:39.619+0000] {processor.py:183} INFO - Processing /home/airflow/.local/lib/python3.8/site-packages/airflow/example_dags/example_latest_only.py took 0.083 seconds
