[2025-07-21T14:03:25.607+0000] {processor.py:161} INFO - Started process (PID=245) to work on /home/airflow/.local/lib/python3.8/site-packages/airflow/example_dags/example_task_group.py
[2025-07-21T14:03:25.609+0000] {processor.py:830} INFO - Processing file /home/airflow/.local/lib/python3.8/site-packages/airflow/example_dags/example_task_group.py for tasks to queue
[2025-07-21T14:03:25.612+0000] {logging_mixin.py:188} INFO - [2025-07-21T14:03:25.611+0000] {dagbag.py:538} INFO - Filling up the DagBag from /home/airflow/.local/lib/python3.8/site-packages/airflow/example_dags/example_task_group.py
[2025-07-21T14:03:25.638+0000] {processor.py:840} INFO - DAG(s) 'example_task_group' retrieved from /home/airflow/.local/lib/python3.8/site-packages/airflow/example_dags/example_task_group.py
[2025-07-21T14:03:25.882+0000] {logging_mixin.py:188} INFO - [2025-07-21T14:03:25.881+0000] {override.py:1769} INFO - Created Permission View: can read on DAG:example_task_group
[2025-07-21T14:03:25.902+0000] {logging_mixin.py:188} INFO - [2025-07-21T14:03:25.901+0000] {override.py:1769} INFO - Created Permission View: can edit on DAG:example_task_group
[2025-07-21T14:03:25.917+0000] {logging_mixin.py:188} INFO - [2025-07-21T14:03:25.916+0000] {override.py:1769} INFO - Created Permission View: can delete on DAG:example_task_group
[2025-07-21T14:03:25.919+0000] {logging_mixin.py:188} INFO - [2025-07-21T14:03:25.918+0000] {dag.py:3036} INFO - Sync 1 DAGs
[2025-07-21T14:03:25.942+0000] {logging_mixin.py:188} INFO - [2025-07-21T14:03:25.942+0000] {dag.py:3058} INFO - Creating ORM DAG for example_task_group
[2025-07-21T14:03:25.965+0000] {logging_mixin.py:188} INFO - [2025-07-21T14:03:25.964+0000] {dag.py:3823} INFO - Setting next_dagrun for example_task_group to 2025-07-20 00:00:00+00:00, run_after=2025-07-21 00:00:00+00:00
[2025-07-21T14:03:26.004+0000] {processor.py:183} INFO - Processing /home/airflow/.local/lib/python3.8/site-packages/airflow/example_dags/example_task_group.py took 0.404 seconds
[2025-07-21T14:03:56.209+0000] {processor.py:161} INFO - Started process (PID=488) to work on /home/airflow/.local/lib/python3.8/site-packages/airflow/example_dags/example_task_group.py
[2025-07-21T14:03:56.210+0000] {processor.py:830} INFO - Processing file /home/airflow/.local/lib/python3.8/site-packages/airflow/example_dags/example_task_group.py for tasks to queue
[2025-07-21T14:03:56.211+0000] {logging_mixin.py:188} INFO - [2025-07-21T14:03:56.210+0000] {dagbag.py:538} INFO - Filling up the DagBag from /home/airflow/.local/lib/python3.8/site-packages/airflow/example_dags/example_task_group.py
[2025-07-21T14:03:56.217+0000] {processor.py:840} INFO - DAG(s) 'example_task_group' retrieved from /home/airflow/.local/lib/python3.8/site-packages/airflow/example_dags/example_task_group.py
[2025-07-21T14:03:56.236+0000] {logging_mixin.py:188} INFO - [2025-07-21T14:03:56.235+0000] {dag.py:3036} INFO - Sync 1 DAGs
[2025-07-21T14:03:56.254+0000] {logging_mixin.py:188} INFO - [2025-07-21T14:03:56.254+0000] {dag.py:3823} INFO - Setting next_dagrun for example_task_group to 2025-07-20 00:00:00+00:00, run_after=2025-07-21 00:00:00+00:00
[2025-07-21T14:03:56.274+0000] {processor.py:183} INFO - Processing /home/airflow/.local/lib/python3.8/site-packages/airflow/example_dags/example_task_group.py took 0.068 seconds
[2025-07-21T14:04:26.355+0000] {processor.py:161} INFO - Started process (PID=729) to work on /home/airflow/.local/lib/python3.8/site-packages/airflow/example_dags/example_task_group.py
[2025-07-21T14:04:26.356+0000] {processor.py:830} INFO - Processing file /home/airflow/.local/lib/python3.8/site-packages/airflow/example_dags/example_task_group.py for tasks to queue
[2025-07-21T14:04:26.357+0000] {logging_mixin.py:188} INFO - [2025-07-21T14:04:26.357+0000] {dagbag.py:538} INFO - Filling up the DagBag from /home/airflow/.local/lib/python3.8/site-packages/airflow/example_dags/example_task_group.py
[2025-07-21T14:04:26.364+0000] {processor.py:840} INFO - DAG(s) 'example_task_group' retrieved from /home/airflow/.local/lib/python3.8/site-packages/airflow/example_dags/example_task_group.py
[2025-07-21T14:04:26.386+0000] {logging_mixin.py:188} INFO - [2025-07-21T14:04:26.385+0000] {dag.py:3036} INFO - Sync 1 DAGs
[2025-07-21T14:04:26.404+0000] {logging_mixin.py:188} INFO - [2025-07-21T14:04:26.404+0000] {dag.py:3823} INFO - Setting next_dagrun for example_task_group to 2025-07-20 00:00:00+00:00, run_after=2025-07-21 00:00:00+00:00
[2025-07-21T14:04:26.422+0000] {processor.py:183} INFO - Processing /home/airflow/.local/lib/python3.8/site-packages/airflow/example_dags/example_task_group.py took 0.070 seconds
[2025-07-21T14:04:56.651+0000] {processor.py:161} INFO - Started process (PID=970) to work on /home/airflow/.local/lib/python3.8/site-packages/airflow/example_dags/example_task_group.py
[2025-07-21T14:04:56.652+0000] {processor.py:830} INFO - Processing file /home/airflow/.local/lib/python3.8/site-packages/airflow/example_dags/example_task_group.py for tasks to queue
[2025-07-21T14:04:56.654+0000] {logging_mixin.py:188} INFO - [2025-07-21T14:04:56.653+0000] {dagbag.py:538} INFO - Filling up the DagBag from /home/airflow/.local/lib/python3.8/site-packages/airflow/example_dags/example_task_group.py
[2025-07-21T14:04:56.664+0000] {processor.py:840} INFO - DAG(s) 'example_task_group' retrieved from /home/airflow/.local/lib/python3.8/site-packages/airflow/example_dags/example_task_group.py
[2025-07-21T14:04:56.688+0000] {logging_mixin.py:188} INFO - [2025-07-21T14:04:56.688+0000] {dag.py:3036} INFO - Sync 1 DAGs
[2025-07-21T14:04:56.719+0000] {logging_mixin.py:188} INFO - [2025-07-21T14:04:56.719+0000] {dag.py:3823} INFO - Setting next_dagrun for example_task_group to 2025-07-20 00:00:00+00:00, run_after=2025-07-21 00:00:00+00:00
[2025-07-21T14:04:56.742+0000] {processor.py:183} INFO - Processing /home/airflow/.local/lib/python3.8/site-packages/airflow/example_dags/example_task_group.py took 0.095 seconds
[2025-07-21T14:05:26.862+0000] {processor.py:161} INFO - Started process (PID=1211) to work on /home/airflow/.local/lib/python3.8/site-packages/airflow/example_dags/example_task_group.py
[2025-07-21T14:05:26.865+0000] {processor.py:830} INFO - Processing file /home/airflow/.local/lib/python3.8/site-packages/airflow/example_dags/example_task_group.py for tasks to queue
[2025-07-21T14:05:26.867+0000] {logging_mixin.py:188} INFO - [2025-07-21T14:05:26.866+0000] {dagbag.py:538} INFO - Filling up the DagBag from /home/airflow/.local/lib/python3.8/site-packages/airflow/example_dags/example_task_group.py
[2025-07-21T14:05:26.874+0000] {processor.py:840} INFO - DAG(s) 'example_task_group' retrieved from /home/airflow/.local/lib/python3.8/site-packages/airflow/example_dags/example_task_group.py
[2025-07-21T14:05:26.899+0000] {logging_mixin.py:188} INFO - [2025-07-21T14:05:26.898+0000] {dag.py:3036} INFO - Sync 1 DAGs
[2025-07-21T14:05:26.921+0000] {logging_mixin.py:188} INFO - [2025-07-21T14:05:26.921+0000] {dag.py:3823} INFO - Setting next_dagrun for example_task_group to 2025-07-20 00:00:00+00:00, run_after=2025-07-21 00:00:00+00:00
[2025-07-21T14:05:26.942+0000] {processor.py:183} INFO - Processing /home/airflow/.local/lib/python3.8/site-packages/airflow/example_dags/example_task_group.py took 0.083 seconds
[2025-07-21T14:05:57.167+0000] {processor.py:161} INFO - Started process (PID=1452) to work on /home/airflow/.local/lib/python3.8/site-packages/airflow/example_dags/example_task_group.py
[2025-07-21T14:05:57.168+0000] {processor.py:830} INFO - Processing file /home/airflow/.local/lib/python3.8/site-packages/airflow/example_dags/example_task_group.py for tasks to queue
[2025-07-21T14:05:57.169+0000] {logging_mixin.py:188} INFO - [2025-07-21T14:05:57.169+0000] {dagbag.py:538} INFO - Filling up the DagBag from /home/airflow/.local/lib/python3.8/site-packages/airflow/example_dags/example_task_group.py
[2025-07-21T14:05:57.179+0000] {processor.py:840} INFO - DAG(s) 'example_task_group' retrieved from /home/airflow/.local/lib/python3.8/site-packages/airflow/example_dags/example_task_group.py
[2025-07-21T14:05:57.203+0000] {logging_mixin.py:188} INFO - [2025-07-21T14:05:57.203+0000] {dag.py:3036} INFO - Sync 1 DAGs
[2025-07-21T14:05:57.224+0000] {logging_mixin.py:188} INFO - [2025-07-21T14:05:57.223+0000] {dag.py:3823} INFO - Setting next_dagrun for example_task_group to 2025-07-20 00:00:00+00:00, run_after=2025-07-21 00:00:00+00:00
[2025-07-21T14:05:57.243+0000] {processor.py:183} INFO - Processing /home/airflow/.local/lib/python3.8/site-packages/airflow/example_dags/example_task_group.py took 0.082 seconds
[2025-07-21T14:06:34.815+0000] {processor.py:161} INFO - Started process (PID=245) to work on /home/airflow/.local/lib/python3.8/site-packages/airflow/example_dags/example_task_group.py
[2025-07-21T14:06:34.817+0000] {processor.py:830} INFO - Processing file /home/airflow/.local/lib/python3.8/site-packages/airflow/example_dags/example_task_group.py for tasks to queue
[2025-07-21T14:06:34.820+0000] {logging_mixin.py:188} INFO - [2025-07-21T14:06:34.819+0000] {dagbag.py:538} INFO - Filling up the DagBag from /home/airflow/.local/lib/python3.8/site-packages/airflow/example_dags/example_task_group.py
[2025-07-21T14:06:34.835+0000] {processor.py:840} INFO - DAG(s) 'example_task_group' retrieved from /home/airflow/.local/lib/python3.8/site-packages/airflow/example_dags/example_task_group.py
[2025-07-21T14:06:34.856+0000] {logging_mixin.py:188} INFO - [2025-07-21T14:06:34.855+0000] {dag.py:3036} INFO - Sync 1 DAGs
[2025-07-21T14:06:34.895+0000] {logging_mixin.py:188} INFO - [2025-07-21T14:06:34.895+0000] {dag.py:3823} INFO - Setting next_dagrun for example_task_group to 2025-07-20 00:00:00+00:00, run_after=2025-07-21 00:00:00+00:00
[2025-07-21T14:06:34.932+0000] {processor.py:183} INFO - Processing /home/airflow/.local/lib/python3.8/site-packages/airflow/example_dags/example_task_group.py took 0.124 seconds
[2025-07-21T14:07:05.502+0000] {processor.py:161} INFO - Started process (PID=486) to work on /home/airflow/.local/lib/python3.8/site-packages/airflow/example_dags/example_task_group.py
[2025-07-21T14:07:05.503+0000] {processor.py:830} INFO - Processing file /home/airflow/.local/lib/python3.8/site-packages/airflow/example_dags/example_task_group.py for tasks to queue
[2025-07-21T14:07:05.504+0000] {logging_mixin.py:188} INFO - [2025-07-21T14:07:05.504+0000] {dagbag.py:538} INFO - Filling up the DagBag from /home/airflow/.local/lib/python3.8/site-packages/airflow/example_dags/example_task_group.py
[2025-07-21T14:07:05.514+0000] {processor.py:840} INFO - DAG(s) 'example_task_group' retrieved from /home/airflow/.local/lib/python3.8/site-packages/airflow/example_dags/example_task_group.py
[2025-07-21T14:07:05.657+0000] {logging_mixin.py:188} INFO - [2025-07-21T14:07:05.657+0000] {dag.py:3036} INFO - Sync 1 DAGs
[2025-07-21T14:07:05.685+0000] {logging_mixin.py:188} INFO - [2025-07-21T14:07:05.685+0000] {dag.py:3823} INFO - Setting next_dagrun for example_task_group to 2025-07-20 00:00:00+00:00, run_after=2025-07-21 00:00:00+00:00
[2025-07-21T14:07:05.716+0000] {processor.py:183} INFO - Processing /home/airflow/.local/lib/python3.8/site-packages/airflow/example_dags/example_task_group.py took 0.218 seconds
[2025-07-21T14:07:36.001+0000] {processor.py:161} INFO - Started process (PID=729) to work on /home/airflow/.local/lib/python3.8/site-packages/airflow/example_dags/example_task_group.py
[2025-07-21T14:07:36.003+0000] {processor.py:830} INFO - Processing file /home/airflow/.local/lib/python3.8/site-packages/airflow/example_dags/example_task_group.py for tasks to queue
[2025-07-21T14:07:36.004+0000] {logging_mixin.py:188} INFO - [2025-07-21T14:07:36.004+0000] {dagbag.py:538} INFO - Filling up the DagBag from /home/airflow/.local/lib/python3.8/site-packages/airflow/example_dags/example_task_group.py
[2025-07-21T14:07:36.011+0000] {processor.py:840} INFO - DAG(s) 'example_task_group' retrieved from /home/airflow/.local/lib/python3.8/site-packages/airflow/example_dags/example_task_group.py
[2025-07-21T14:07:36.031+0000] {logging_mixin.py:188} INFO - [2025-07-21T14:07:36.031+0000] {dag.py:3036} INFO - Sync 1 DAGs
[2025-07-21T14:07:36.050+0000] {logging_mixin.py:188} INFO - [2025-07-21T14:07:36.049+0000] {dag.py:3823} INFO - Setting next_dagrun for example_task_group to 2025-07-20 00:00:00+00:00, run_after=2025-07-21 00:00:00+00:00
[2025-07-21T14:07:36.071+0000] {processor.py:183} INFO - Processing /home/airflow/.local/lib/python3.8/site-packages/airflow/example_dags/example_task_group.py took 0.072 seconds
[2025-07-21T14:08:06.245+0000] {processor.py:161} INFO - Started process (PID=970) to work on /home/airflow/.local/lib/python3.8/site-packages/airflow/example_dags/example_task_group.py
[2025-07-21T14:08:06.247+0000] {processor.py:830} INFO - Processing file /home/airflow/.local/lib/python3.8/site-packages/airflow/example_dags/example_task_group.py for tasks to queue
[2025-07-21T14:08:06.248+0000] {logging_mixin.py:188} INFO - [2025-07-21T14:08:06.247+0000] {dagbag.py:538} INFO - Filling up the DagBag from /home/airflow/.local/lib/python3.8/site-packages/airflow/example_dags/example_task_group.py
[2025-07-21T14:08:06.254+0000] {processor.py:840} INFO - DAG(s) 'example_task_group' retrieved from /home/airflow/.local/lib/python3.8/site-packages/airflow/example_dags/example_task_group.py
[2025-07-21T14:08:06.274+0000] {logging_mixin.py:188} INFO - [2025-07-21T14:08:06.274+0000] {dag.py:3036} INFO - Sync 1 DAGs
[2025-07-21T14:08:06.292+0000] {logging_mixin.py:188} INFO - [2025-07-21T14:08:06.292+0000] {dag.py:3823} INFO - Setting next_dagrun for example_task_group to 2025-07-20 00:00:00+00:00, run_after=2025-07-21 00:00:00+00:00
[2025-07-21T14:08:06.314+0000] {processor.py:183} INFO - Processing /home/airflow/.local/lib/python3.8/site-packages/airflow/example_dags/example_task_group.py took 0.072 seconds
[2025-07-21T14:08:36.544+0000] {processor.py:161} INFO - Started process (PID=1211) to work on /home/airflow/.local/lib/python3.8/site-packages/airflow/example_dags/example_task_group.py
[2025-07-21T14:08:36.545+0000] {processor.py:830} INFO - Processing file /home/airflow/.local/lib/python3.8/site-packages/airflow/example_dags/example_task_group.py for tasks to queue
[2025-07-21T14:08:36.547+0000] {logging_mixin.py:188} INFO - [2025-07-21T14:08:36.546+0000] {dagbag.py:538} INFO - Filling up the DagBag from /home/airflow/.local/lib/python3.8/site-packages/airflow/example_dags/example_task_group.py
[2025-07-21T14:08:36.554+0000] {processor.py:840} INFO - DAG(s) 'example_task_group' retrieved from /home/airflow/.local/lib/python3.8/site-packages/airflow/example_dags/example_task_group.py
[2025-07-21T14:08:36.576+0000] {logging_mixin.py:188} INFO - [2025-07-21T14:08:36.575+0000] {dag.py:3036} INFO - Sync 1 DAGs
[2025-07-21T14:08:36.596+0000] {logging_mixin.py:188} INFO - [2025-07-21T14:08:36.595+0000] {dag.py:3823} INFO - Setting next_dagrun for example_task_group to 2025-07-20 00:00:00+00:00, run_after=2025-07-21 00:00:00+00:00
[2025-07-21T14:08:36.615+0000] {processor.py:183} INFO - Processing /home/airflow/.local/lib/python3.8/site-packages/airflow/example_dags/example_task_group.py took 0.074 seconds
