[2025-07-21T14:03:29.521+0000] {processor.py:161} INFO - Started process (PID=340) to work on /home/airflow/.local/lib/python3.8/site-packages/airflow/example_dags/example_params_ui_tutorial.py
[2025-07-21T14:03:29.523+0000] {processor.py:830} INFO - Processing file /home/airflow/.local/lib/python3.8/site-packages/airflow/example_dags/example_params_ui_tutorial.py for tasks to queue
[2025-07-21T14:03:29.524+0000] {logging_mixin.py:188} INFO - [2025-07-21T14:03:29.524+0000] {dagbag.py:538} INFO - Filling up the DagBag from /home/airflow/.local/lib/python3.8/site-packages/airflow/example_dags/example_params_ui_tutorial.py
[2025-07-21T14:03:29.546+0000] {processor.py:840} INFO - DAG(s) 'example_params_ui_tutorial' retrieved from /home/airflow/.local/lib/python3.8/site-packages/airflow/example_dags/example_params_ui_tutorial.py
[2025-07-21T14:03:29.827+0000] {logging_mixin.py:188} INFO - [2025-07-21T14:03:29.826+0000] {override.py:1769} INFO - Created Permission View: can read on DAG:example_params_ui_tutorial
[2025-07-21T14:03:29.858+0000] {logging_mixin.py:188} INFO - [2025-07-21T14:03:29.856+0000] {override.py:1769} INFO - Created Permission View: can edit on DAG:example_params_ui_tutorial
[2025-07-21T14:03:29.887+0000] {logging_mixin.py:188} INFO - [2025-07-21T14:03:29.886+0000] {override.py:1769} INFO - Created Permission View: can delete on DAG:example_params_ui_tutorial
[2025-07-21T14:03:29.889+0000] {logging_mixin.py:188} INFO - [2025-07-21T14:03:29.889+0000] {dag.py:3036} INFO - Sync 1 DAGs
[2025-07-21T14:03:29.925+0000] {logging_mixin.py:188} INFO - [2025-07-21T14:03:29.925+0000] {dag.py:3058} INFO - Creating ORM DAG for example_params_ui_tutorial
[2025-07-21T14:03:29.927+0000] {logging_mixin.py:188} INFO - [2025-07-21T14:03:29.927+0000] {dag.py:3823} INFO - Setting next_dagrun for example_params_ui_tutorial to None, run_after=None
[2025-07-21T14:03:29.976+0000] {processor.py:183} INFO - Processing /home/airflow/.local/lib/python3.8/site-packages/airflow/example_dags/example_params_ui_tutorial.py took 0.460 seconds
[2025-07-21T14:04:00.314+0000] {processor.py:161} INFO - Started process (PID=581) to work on /home/airflow/.local/lib/python3.8/site-packages/airflow/example_dags/example_params_ui_tutorial.py
[2025-07-21T14:04:00.315+0000] {processor.py:830} INFO - Processing file /home/airflow/.local/lib/python3.8/site-packages/airflow/example_dags/example_params_ui_tutorial.py for tasks to queue
[2025-07-21T14:04:00.316+0000] {logging_mixin.py:188} INFO - [2025-07-21T14:04:00.316+0000] {dagbag.py:538} INFO - Filling up the DagBag from /home/airflow/.local/lib/python3.8/site-packages/airflow/example_dags/example_params_ui_tutorial.py
[2025-07-21T14:04:00.327+0000] {processor.py:840} INFO - DAG(s) 'example_params_ui_tutorial' retrieved from /home/airflow/.local/lib/python3.8/site-packages/airflow/example_dags/example_params_ui_tutorial.py
[2025-07-21T14:04:00.385+0000] {logging_mixin.py:188} INFO - [2025-07-21T14:04:00.384+0000] {dag.py:3036} INFO - Sync 1 DAGs
[2025-07-21T14:04:00.396+0000] {logging_mixin.py:188} INFO - [2025-07-21T14:04:00.395+0000] {dag.py:3823} INFO - Setting next_dagrun for example_params_ui_tutorial to None, run_after=None
[2025-07-21T14:04:00.416+0000] {processor.py:183} INFO - Processing /home/airflow/.local/lib/python3.8/site-packages/airflow/example_dags/example_params_ui_tutorial.py took 0.105 seconds
[2025-07-21T14:04:30.587+0000] {processor.py:161} INFO - Started process (PID=822) to work on /home/airflow/.local/lib/python3.8/site-packages/airflow/example_dags/example_params_ui_tutorial.py
[2025-07-21T14:04:30.588+0000] {processor.py:830} INFO - Processing file /home/airflow/.local/lib/python3.8/site-packages/airflow/example_dags/example_params_ui_tutorial.py for tasks to queue
[2025-07-21T14:04:30.589+0000] {logging_mixin.py:188} INFO - [2025-07-21T14:04:30.589+0000] {dagbag.py:538} INFO - Filling up the DagBag from /home/airflow/.local/lib/python3.8/site-packages/airflow/example_dags/example_params_ui_tutorial.py
[2025-07-21T14:04:30.600+0000] {processor.py:840} INFO - DAG(s) 'example_params_ui_tutorial' retrieved from /home/airflow/.local/lib/python3.8/site-packages/airflow/example_dags/example_params_ui_tutorial.py
[2025-07-21T14:04:30.663+0000] {logging_mixin.py:188} INFO - [2025-07-21T14:04:30.663+0000] {dag.py:3036} INFO - Sync 1 DAGs
[2025-07-21T14:04:30.674+0000] {logging_mixin.py:188} INFO - [2025-07-21T14:04:30.674+0000] {dag.py:3823} INFO - Setting next_dagrun for example_params_ui_tutorial to None, run_after=None
[2025-07-21T14:04:30.697+0000] {processor.py:183} INFO - Processing /home/airflow/.local/lib/python3.8/site-packages/airflow/example_dags/example_params_ui_tutorial.py took 0.113 seconds
[2025-07-21T14:05:00.772+0000] {processor.py:161} INFO - Started process (PID=1063) to work on /home/airflow/.local/lib/python3.8/site-packages/airflow/example_dags/example_params_ui_tutorial.py
[2025-07-21T14:05:00.773+0000] {processor.py:830} INFO - Processing file /home/airflow/.local/lib/python3.8/site-packages/airflow/example_dags/example_params_ui_tutorial.py for tasks to queue
[2025-07-21T14:05:00.774+0000] {logging_mixin.py:188} INFO - [2025-07-21T14:05:00.774+0000] {dagbag.py:538} INFO - Filling up the DagBag from /home/airflow/.local/lib/python3.8/site-packages/airflow/example_dags/example_params_ui_tutorial.py
[2025-07-21T14:05:00.786+0000] {processor.py:840} INFO - DAG(s) 'example_params_ui_tutorial' retrieved from /home/airflow/.local/lib/python3.8/site-packages/airflow/example_dags/example_params_ui_tutorial.py
[2025-07-21T14:05:00.849+0000] {logging_mixin.py:188} INFO - [2025-07-21T14:05:00.849+0000] {dag.py:3036} INFO - Sync 1 DAGs
[2025-07-21T14:05:00.862+0000] {logging_mixin.py:188} INFO - [2025-07-21T14:05:00.862+0000] {dag.py:3823} INFO - Setting next_dagrun for example_params_ui_tutorial to None, run_after=None
[2025-07-21T14:05:00.888+0000] {processor.py:183} INFO - Processing /home/airflow/.local/lib/python3.8/site-packages/airflow/example_dags/example_params_ui_tutorial.py took 0.119 seconds
[2025-07-21T14:05:31.113+0000] {processor.py:161} INFO - Started process (PID=1304) to work on /home/airflow/.local/lib/python3.8/site-packages/airflow/example_dags/example_params_ui_tutorial.py
[2025-07-21T14:05:31.114+0000] {processor.py:830} INFO - Processing file /home/airflow/.local/lib/python3.8/site-packages/airflow/example_dags/example_params_ui_tutorial.py for tasks to queue
[2025-07-21T14:05:31.115+0000] {logging_mixin.py:188} INFO - [2025-07-21T14:05:31.115+0000] {dagbag.py:538} INFO - Filling up the DagBag from /home/airflow/.local/lib/python3.8/site-packages/airflow/example_dags/example_params_ui_tutorial.py
[2025-07-21T14:05:31.128+0000] {processor.py:840} INFO - DAG(s) 'example_params_ui_tutorial' retrieved from /home/airflow/.local/lib/python3.8/site-packages/airflow/example_dags/example_params_ui_tutorial.py
[2025-07-21T14:05:31.193+0000] {logging_mixin.py:188} INFO - [2025-07-21T14:05:31.193+0000] {dag.py:3036} INFO - Sync 1 DAGs
[2025-07-21T14:05:31.217+0000] {logging_mixin.py:188} INFO - [2025-07-21T14:05:31.216+0000] {dag.py:3823} INFO - Setting next_dagrun for example_params_ui_tutorial to None, run_after=None
[2025-07-21T14:05:31.248+0000] {processor.py:183} INFO - Processing /home/airflow/.local/lib/python3.8/site-packages/airflow/example_dags/example_params_ui_tutorial.py took 0.138 seconds
[2025-07-21T14:06:01.359+0000] {processor.py:161} INFO - Started process (PID=1545) to work on /home/airflow/.local/lib/python3.8/site-packages/airflow/example_dags/example_params_ui_tutorial.py
[2025-07-21T14:06:01.360+0000] {processor.py:830} INFO - Processing file /home/airflow/.local/lib/python3.8/site-packages/airflow/example_dags/example_params_ui_tutorial.py for tasks to queue
[2025-07-21T14:06:01.362+0000] {logging_mixin.py:188} INFO - [2025-07-21T14:06:01.361+0000] {dagbag.py:538} INFO - Filling up the DagBag from /home/airflow/.local/lib/python3.8/site-packages/airflow/example_dags/example_params_ui_tutorial.py
[2025-07-21T14:06:01.380+0000] {processor.py:840} INFO - DAG(s) 'example_params_ui_tutorial' retrieved from /home/airflow/.local/lib/python3.8/site-packages/airflow/example_dags/example_params_ui_tutorial.py
[2025-07-21T14:06:01.471+0000] {logging_mixin.py:188} INFO - [2025-07-21T14:06:01.471+0000] {dag.py:3036} INFO - Sync 1 DAGs
[2025-07-21T14:06:01.495+0000] {logging_mixin.py:188} INFO - [2025-07-21T14:06:01.494+0000] {dag.py:3823} INFO - Setting next_dagrun for example_params_ui_tutorial to None, run_after=None
[2025-07-21T14:06:01.528+0000] {processor.py:183} INFO - Processing /home/airflow/.local/lib/python3.8/site-packages/airflow/example_dags/example_params_ui_tutorial.py took 0.174 seconds
[2025-07-21T14:06:37.044+0000] {processor.py:161} INFO - Started process (PID=340) to work on /home/airflow/.local/lib/python3.8/site-packages/airflow/example_dags/example_params_ui_tutorial.py
[2025-07-21T14:06:37.046+0000] {processor.py:830} INFO - Processing file /home/airflow/.local/lib/python3.8/site-packages/airflow/example_dags/example_params_ui_tutorial.py for tasks to queue
[2025-07-21T14:06:37.047+0000] {logging_mixin.py:188} INFO - [2025-07-21T14:06:37.047+0000] {dagbag.py:538} INFO - Filling up the DagBag from /home/airflow/.local/lib/python3.8/site-packages/airflow/example_dags/example_params_ui_tutorial.py
[2025-07-21T14:06:37.063+0000] {processor.py:840} INFO - DAG(s) 'example_params_ui_tutorial' retrieved from /home/airflow/.local/lib/python3.8/site-packages/airflow/example_dags/example_params_ui_tutorial.py
[2025-07-21T14:06:37.078+0000] {logging_mixin.py:188} INFO - [2025-07-21T14:06:37.078+0000] {dag.py:3036} INFO - Sync 1 DAGs
[2025-07-21T14:06:37.099+0000] {logging_mixin.py:188} INFO - [2025-07-21T14:06:37.099+0000] {dag.py:3823} INFO - Setting next_dagrun for example_params_ui_tutorial to None, run_after=None
[2025-07-21T14:06:37.128+0000] {processor.py:183} INFO - Processing /home/airflow/.local/lib/python3.8/site-packages/airflow/example_dags/example_params_ui_tutorial.py took 0.087 seconds
[2025-07-21T14:07:08.327+0000] {processor.py:161} INFO - Started process (PID=581) to work on /home/airflow/.local/lib/python3.8/site-packages/airflow/example_dags/example_params_ui_tutorial.py
[2025-07-21T14:07:08.328+0000] {processor.py:830} INFO - Processing file /home/airflow/.local/lib/python3.8/site-packages/airflow/example_dags/example_params_ui_tutorial.py for tasks to queue
[2025-07-21T14:07:08.330+0000] {logging_mixin.py:188} INFO - [2025-07-21T14:07:08.330+0000] {dagbag.py:538} INFO - Filling up the DagBag from /home/airflow/.local/lib/python3.8/site-packages/airflow/example_dags/example_params_ui_tutorial.py
[2025-07-21T14:07:08.344+0000] {processor.py:840} INFO - DAG(s) 'example_params_ui_tutorial' retrieved from /home/airflow/.local/lib/python3.8/site-packages/airflow/example_dags/example_params_ui_tutorial.py
[2025-07-21T14:07:08.515+0000] {logging_mixin.py:188} INFO - [2025-07-21T14:07:08.515+0000] {dag.py:3036} INFO - Sync 1 DAGs
[2025-07-21T14:07:08.528+0000] {logging_mixin.py:188} INFO - [2025-07-21T14:07:08.528+0000] {dag.py:3823} INFO - Setting next_dagrun for example_params_ui_tutorial to None, run_after=None
[2025-07-21T14:07:08.556+0000] {processor.py:183} INFO - Processing /home/airflow/.local/lib/python3.8/site-packages/airflow/example_dags/example_params_ui_tutorial.py took 0.233 seconds
[2025-07-21T14:07:39.045+0000] {processor.py:161} INFO - Started process (PID=822) to work on /home/airflow/.local/lib/python3.8/site-packages/airflow/example_dags/example_params_ui_tutorial.py
[2025-07-21T14:07:39.046+0000] {processor.py:830} INFO - Processing file /home/airflow/.local/lib/python3.8/site-packages/airflow/example_dags/example_params_ui_tutorial.py for tasks to queue
[2025-07-21T14:07:39.047+0000] {logging_mixin.py:188} INFO - [2025-07-21T14:07:39.047+0000] {dagbag.py:538} INFO - Filling up the DagBag from /home/airflow/.local/lib/python3.8/site-packages/airflow/example_dags/example_params_ui_tutorial.py
[2025-07-21T14:07:39.058+0000] {processor.py:840} INFO - DAG(s) 'example_params_ui_tutorial' retrieved from /home/airflow/.local/lib/python3.8/site-packages/airflow/example_dags/example_params_ui_tutorial.py
[2025-07-21T14:07:39.116+0000] {logging_mixin.py:188} INFO - [2025-07-21T14:07:39.116+0000] {dag.py:3036} INFO - Sync 1 DAGs
[2025-07-21T14:07:39.128+0000] {logging_mixin.py:188} INFO - [2025-07-21T14:07:39.128+0000] {dag.py:3823} INFO - Setting next_dagrun for example_params_ui_tutorial to None, run_after=None
[2025-07-21T14:07:39.147+0000] {processor.py:183} INFO - Processing /home/airflow/.local/lib/python3.8/site-packages/airflow/example_dags/example_params_ui_tutorial.py took 0.105 seconds
[2025-07-21T14:08:09.376+0000] {processor.py:161} INFO - Started process (PID=1063) to work on /home/airflow/.local/lib/python3.8/site-packages/airflow/example_dags/example_params_ui_tutorial.py
[2025-07-21T14:08:09.378+0000] {processor.py:830} INFO - Processing file /home/airflow/.local/lib/python3.8/site-packages/airflow/example_dags/example_params_ui_tutorial.py for tasks to queue
[2025-07-21T14:08:09.379+0000] {logging_mixin.py:188} INFO - [2025-07-21T14:08:09.379+0000] {dagbag.py:538} INFO - Filling up the DagBag from /home/airflow/.local/lib/python3.8/site-packages/airflow/example_dags/example_params_ui_tutorial.py
[2025-07-21T14:08:09.389+0000] {processor.py:840} INFO - DAG(s) 'example_params_ui_tutorial' retrieved from /home/airflow/.local/lib/python3.8/site-packages/airflow/example_dags/example_params_ui_tutorial.py
[2025-07-21T14:08:09.446+0000] {logging_mixin.py:188} INFO - [2025-07-21T14:08:09.446+0000] {dag.py:3036} INFO - Sync 1 DAGs
[2025-07-21T14:08:09.457+0000] {logging_mixin.py:188} INFO - [2025-07-21T14:08:09.457+0000] {dag.py:3823} INFO - Setting next_dagrun for example_params_ui_tutorial to None, run_after=None
[2025-07-21T14:08:09.476+0000] {processor.py:183} INFO - Processing /home/airflow/.local/lib/python3.8/site-packages/airflow/example_dags/example_params_ui_tutorial.py took 0.103 seconds
[2025-07-21T14:08:39.818+0000] {processor.py:161} INFO - Started process (PID=1304) to work on /home/airflow/.local/lib/python3.8/site-packages/airflow/example_dags/example_params_ui_tutorial.py
[2025-07-21T14:08:39.819+0000] {processor.py:830} INFO - Processing file /home/airflow/.local/lib/python3.8/site-packages/airflow/example_dags/example_params_ui_tutorial.py for tasks to queue
[2025-07-21T14:08:39.820+0000] {logging_mixin.py:188} INFO - [2025-07-21T14:08:39.820+0000] {dagbag.py:538} INFO - Filling up the DagBag from /home/airflow/.local/lib/python3.8/site-packages/airflow/example_dags/example_params_ui_tutorial.py
[2025-07-21T14:08:39.836+0000] {processor.py:840} INFO - DAG(s) 'example_params_ui_tutorial' retrieved from /home/airflow/.local/lib/python3.8/site-packages/airflow/example_dags/example_params_ui_tutorial.py
[2025-07-21T14:08:39.902+0000] {logging_mixin.py:188} INFO - [2025-07-21T14:08:39.902+0000] {dag.py:3036} INFO - Sync 1 DAGs
[2025-07-21T14:08:39.917+0000] {logging_mixin.py:188} INFO - [2025-07-21T14:08:39.916+0000] {dag.py:3823} INFO - Setting next_dagrun for example_params_ui_tutorial to None, run_after=None
[2025-07-21T14:08:39.942+0000] {processor.py:183} INFO - Processing /home/airflow/.local/lib/python3.8/site-packages/airflow/example_dags/example_params_ui_tutorial.py took 0.128 seconds
