[2025-07-21T14:03:30.053+0000] {processor.py:161} INFO - Started process (PID=350) to work on /home/airflow/.local/lib/python3.8/site-packages/airflow/example_dags/example_python_operator.py
[2025-07-21T14:03:30.056+0000] {processor.py:830} INFO - Processing file /home/airflow/.local/lib/python3.8/site-packages/airflow/example_dags/example_python_operator.py for tasks to queue
[2025-07-21T14:03:30.064+0000] {logging_mixin.py:188} INFO - [2025-07-21T14:03:30.063+0000] {dagbag.py:538} INFO - Filling up the DagBag from /home/airflow/.local/lib/python3.8/site-packages/airflow/example_dags/example_python_operator.py
[2025-07-21T14:03:30.103+0000] {processor.py:840} INFO - DAG(s) 'example_python_operator' retrieved from /home/airflow/.local/lib/python3.8/site-packages/airflow/example_dags/example_python_operator.py
[2025-07-21T14:03:30.367+0000] {logging_mixin.py:188} INFO - [2025-07-21T14:03:30.366+0000] {override.py:1769} INFO - Created Permission View: can read on DAG:example_python_operator
[2025-07-21T14:03:30.392+0000] {logging_mixin.py:188} INFO - [2025-07-21T14:03:30.391+0000] {override.py:1769} INFO - Created Permission View: can edit on DAG:example_python_operator
[2025-07-21T14:03:30.411+0000] {logging_mixin.py:188} INFO - [2025-07-21T14:03:30.410+0000] {override.py:1769} INFO - Created Permission View: can delete on DAG:example_python_operator
[2025-07-21T14:03:30.412+0000] {logging_mixin.py:188} INFO - [2025-07-21T14:03:30.412+0000] {dag.py:3036} INFO - Sync 1 DAGs
[2025-07-21T14:03:30.434+0000] {logging_mixin.py:188} INFO - [2025-07-21T14:03:30.433+0000] {dag.py:3058} INFO - Creating ORM DAG for example_python_operator
[2025-07-21T14:03:30.436+0000] {logging_mixin.py:188} INFO - [2025-07-21T14:03:30.435+0000] {dag.py:3823} INFO - Setting next_dagrun for example_python_operator to None, run_after=None
[2025-07-21T14:03:30.479+0000] {processor.py:183} INFO - Processing /home/airflow/.local/lib/python3.8/site-packages/airflow/example_dags/example_python_operator.py took 0.435 seconds
[2025-07-21T14:04:01.457+0000] {processor.py:161} INFO - Started process (PID=593) to work on /home/airflow/.local/lib/python3.8/site-packages/airflow/example_dags/example_python_operator.py
[2025-07-21T14:04:01.459+0000] {processor.py:830} INFO - Processing file /home/airflow/.local/lib/python3.8/site-packages/airflow/example_dags/example_python_operator.py for tasks to queue
[2025-07-21T14:04:01.460+0000] {logging_mixin.py:188} INFO - [2025-07-21T14:04:01.459+0000] {dagbag.py:538} INFO - Filling up the DagBag from /home/airflow/.local/lib/python3.8/site-packages/airflow/example_dags/example_python_operator.py
[2025-07-21T14:04:01.469+0000] {processor.py:840} INFO - DAG(s) 'example_python_operator' retrieved from /home/airflow/.local/lib/python3.8/site-packages/airflow/example_dags/example_python_operator.py
[2025-07-21T14:04:01.495+0000] {logging_mixin.py:188} INFO - [2025-07-21T14:04:01.495+0000] {dag.py:3036} INFO - Sync 1 DAGs
[2025-07-21T14:04:01.508+0000] {logging_mixin.py:188} INFO - [2025-07-21T14:04:01.508+0000] {dag.py:3823} INFO - Setting next_dagrun for example_python_operator to None, run_after=None
[2025-07-21T14:04:01.533+0000] {processor.py:183} INFO - Processing /home/airflow/.local/lib/python3.8/site-packages/airflow/example_dags/example_python_operator.py took 0.078 seconds
[2025-07-21T14:04:31.738+0000] {processor.py:161} INFO - Started process (PID=834) to work on /home/airflow/.local/lib/python3.8/site-packages/airflow/example_dags/example_python_operator.py
[2025-07-21T14:04:31.739+0000] {processor.py:830} INFO - Processing file /home/airflow/.local/lib/python3.8/site-packages/airflow/example_dags/example_python_operator.py for tasks to queue
[2025-07-21T14:04:31.740+0000] {logging_mixin.py:188} INFO - [2025-07-21T14:04:31.740+0000] {dagbag.py:538} INFO - Filling up the DagBag from /home/airflow/.local/lib/python3.8/site-packages/airflow/example_dags/example_python_operator.py
[2025-07-21T14:04:31.749+0000] {processor.py:840} INFO - DAG(s) 'example_python_operator' retrieved from /home/airflow/.local/lib/python3.8/site-packages/airflow/example_dags/example_python_operator.py
[2025-07-21T14:04:31.772+0000] {logging_mixin.py:188} INFO - [2025-07-21T14:04:31.772+0000] {dag.py:3036} INFO - Sync 1 DAGs
[2025-07-21T14:04:31.783+0000] {logging_mixin.py:188} INFO - [2025-07-21T14:04:31.783+0000] {dag.py:3823} INFO - Setting next_dagrun for example_python_operator to None, run_after=None
[2025-07-21T14:04:31.805+0000] {processor.py:183} INFO - Processing /home/airflow/.local/lib/python3.8/site-packages/airflow/example_dags/example_python_operator.py took 0.070 seconds
[2025-07-21T14:05:01.943+0000] {processor.py:161} INFO - Started process (PID=1075) to work on /home/airflow/.local/lib/python3.8/site-packages/airflow/example_dags/example_python_operator.py
[2025-07-21T14:05:01.954+0000] {processor.py:830} INFO - Processing file /home/airflow/.local/lib/python3.8/site-packages/airflow/example_dags/example_python_operator.py for tasks to queue
[2025-07-21T14:05:01.958+0000] {logging_mixin.py:188} INFO - [2025-07-21T14:05:01.957+0000] {dagbag.py:538} INFO - Filling up the DagBag from /home/airflow/.local/lib/python3.8/site-packages/airflow/example_dags/example_python_operator.py
[2025-07-21T14:05:01.986+0000] {processor.py:840} INFO - DAG(s) 'example_python_operator' retrieved from /home/airflow/.local/lib/python3.8/site-packages/airflow/example_dags/example_python_operator.py
[2025-07-21T14:05:02.049+0000] {logging_mixin.py:188} INFO - [2025-07-21T14:05:02.049+0000] {dag.py:3036} INFO - Sync 1 DAGs
[2025-07-21T14:05:02.071+0000] {logging_mixin.py:188} INFO - [2025-07-21T14:05:02.070+0000] {dag.py:3823} INFO - Setting next_dagrun for example_python_operator to None, run_after=None
[2025-07-21T14:05:02.121+0000] {processor.py:183} INFO - Processing /home/airflow/.local/lib/python3.8/site-packages/airflow/example_dags/example_python_operator.py took 0.184 seconds
[2025-07-21T14:05:32.294+0000] {processor.py:161} INFO - Started process (PID=1316) to work on /home/airflow/.local/lib/python3.8/site-packages/airflow/example_dags/example_python_operator.py
[2025-07-21T14:05:32.295+0000] {processor.py:830} INFO - Processing file /home/airflow/.local/lib/python3.8/site-packages/airflow/example_dags/example_python_operator.py for tasks to queue
[2025-07-21T14:05:32.297+0000] {logging_mixin.py:188} INFO - [2025-07-21T14:05:32.296+0000] {dagbag.py:538} INFO - Filling up the DagBag from /home/airflow/.local/lib/python3.8/site-packages/airflow/example_dags/example_python_operator.py
[2025-07-21T14:05:32.308+0000] {processor.py:840} INFO - DAG(s) 'example_python_operator' retrieved from /home/airflow/.local/lib/python3.8/site-packages/airflow/example_dags/example_python_operator.py
[2025-07-21T14:05:32.332+0000] {logging_mixin.py:188} INFO - [2025-07-21T14:05:32.332+0000] {dag.py:3036} INFO - Sync 1 DAGs
[2025-07-21T14:05:32.343+0000] {logging_mixin.py:188} INFO - [2025-07-21T14:05:32.343+0000] {dag.py:3823} INFO - Setting next_dagrun for example_python_operator to None, run_after=None
[2025-07-21T14:05:32.368+0000] {processor.py:183} INFO - Processing /home/airflow/.local/lib/python3.8/site-packages/airflow/example_dags/example_python_operator.py took 0.077 seconds
[2025-07-21T14:06:02.581+0000] {processor.py:161} INFO - Started process (PID=1557) to work on /home/airflow/.local/lib/python3.8/site-packages/airflow/example_dags/example_python_operator.py
[2025-07-21T14:06:02.582+0000] {processor.py:830} INFO - Processing file /home/airflow/.local/lib/python3.8/site-packages/airflow/example_dags/example_python_operator.py for tasks to queue
[2025-07-21T14:06:02.583+0000] {logging_mixin.py:188} INFO - [2025-07-21T14:06:02.583+0000] {dagbag.py:538} INFO - Filling up the DagBag from /home/airflow/.local/lib/python3.8/site-packages/airflow/example_dags/example_python_operator.py
[2025-07-21T14:06:02.594+0000] {processor.py:840} INFO - DAG(s) 'example_python_operator' retrieved from /home/airflow/.local/lib/python3.8/site-packages/airflow/example_dags/example_python_operator.py
[2025-07-21T14:06:02.621+0000] {logging_mixin.py:188} INFO - [2025-07-21T14:06:02.620+0000] {dag.py:3036} INFO - Sync 1 DAGs
[2025-07-21T14:06:02.642+0000] {logging_mixin.py:188} INFO - [2025-07-21T14:06:02.641+0000] {dag.py:3823} INFO - Setting next_dagrun for example_python_operator to None, run_after=None
[2025-07-21T14:06:02.668+0000] {processor.py:183} INFO - Processing /home/airflow/.local/lib/python3.8/site-packages/airflow/example_dags/example_python_operator.py took 0.091 seconds
[2025-07-21T14:06:37.199+0000] {processor.py:161} INFO - Started process (PID=350) to work on /home/airflow/.local/lib/python3.8/site-packages/airflow/example_dags/example_python_operator.py
[2025-07-21T14:06:37.201+0000] {processor.py:830} INFO - Processing file /home/airflow/.local/lib/python3.8/site-packages/airflow/example_dags/example_python_operator.py for tasks to queue
[2025-07-21T14:06:37.202+0000] {logging_mixin.py:188} INFO - [2025-07-21T14:06:37.202+0000] {dagbag.py:538} INFO - Filling up the DagBag from /home/airflow/.local/lib/python3.8/site-packages/airflow/example_dags/example_python_operator.py
[2025-07-21T14:06:37.221+0000] {processor.py:840} INFO - DAG(s) 'example_python_operator' retrieved from /home/airflow/.local/lib/python3.8/site-packages/airflow/example_dags/example_python_operator.py
[2025-07-21T14:06:37.238+0000] {logging_mixin.py:188} INFO - [2025-07-21T14:06:37.238+0000] {dag.py:3036} INFO - Sync 1 DAGs
[2025-07-21T14:06:37.265+0000] {logging_mixin.py:188} INFO - [2025-07-21T14:06:37.265+0000] {dag.py:3823} INFO - Setting next_dagrun for example_python_operator to None, run_after=None
[2025-07-21T14:06:37.298+0000] {processor.py:183} INFO - Processing /home/airflow/.local/lib/python3.8/site-packages/airflow/example_dags/example_python_operator.py took 0.103 seconds
[2025-07-21T14:07:08.599+0000] {processor.py:161} INFO - Started process (PID=593) to work on /home/airflow/.local/lib/python3.8/site-packages/airflow/example_dags/example_python_operator.py
[2025-07-21T14:07:08.600+0000] {processor.py:830} INFO - Processing file /home/airflow/.local/lib/python3.8/site-packages/airflow/example_dags/example_python_operator.py for tasks to queue
[2025-07-21T14:07:08.602+0000] {logging_mixin.py:188} INFO - [2025-07-21T14:07:08.601+0000] {dagbag.py:538} INFO - Filling up the DagBag from /home/airflow/.local/lib/python3.8/site-packages/airflow/example_dags/example_python_operator.py
[2025-07-21T14:07:08.613+0000] {processor.py:840} INFO - DAG(s) 'example_python_operator' retrieved from /home/airflow/.local/lib/python3.8/site-packages/airflow/example_dags/example_python_operator.py
[2025-07-21T14:07:08.714+0000] {logging_mixin.py:188} INFO - [2025-07-21T14:07:08.714+0000] {dag.py:3036} INFO - Sync 1 DAGs
[2025-07-21T14:07:08.727+0000] {logging_mixin.py:188} INFO - [2025-07-21T14:07:08.727+0000] {dag.py:3823} INFO - Setting next_dagrun for example_python_operator to None, run_after=None
[2025-07-21T14:07:08.749+0000] {processor.py:183} INFO - Processing /home/airflow/.local/lib/python3.8/site-packages/airflow/example_dags/example_python_operator.py took 0.155 seconds
[2025-07-21T14:07:39.176+0000] {processor.py:161} INFO - Started process (PID=832) to work on /home/airflow/.local/lib/python3.8/site-packages/airflow/example_dags/example_python_operator.py
[2025-07-21T14:07:39.177+0000] {processor.py:830} INFO - Processing file /home/airflow/.local/lib/python3.8/site-packages/airflow/example_dags/example_python_operator.py for tasks to queue
[2025-07-21T14:07:39.178+0000] {logging_mixin.py:188} INFO - [2025-07-21T14:07:39.177+0000] {dagbag.py:538} INFO - Filling up the DagBag from /home/airflow/.local/lib/python3.8/site-packages/airflow/example_dags/example_python_operator.py
[2025-07-21T14:07:39.188+0000] {processor.py:840} INFO - DAG(s) 'example_python_operator' retrieved from /home/airflow/.local/lib/python3.8/site-packages/airflow/example_dags/example_python_operator.py
[2025-07-21T14:07:39.209+0000] {logging_mixin.py:188} INFO - [2025-07-21T14:07:39.209+0000] {dag.py:3036} INFO - Sync 1 DAGs
[2025-07-21T14:07:39.220+0000] {logging_mixin.py:188} INFO - [2025-07-21T14:07:39.220+0000] {dag.py:3823} INFO - Setting next_dagrun for example_python_operator to None, run_after=None
[2025-07-21T14:07:39.239+0000] {processor.py:183} INFO - Processing /home/airflow/.local/lib/python3.8/site-packages/airflow/example_dags/example_python_operator.py took 0.066 seconds
[2025-07-21T14:08:09.507+0000] {processor.py:161} INFO - Started process (PID=1073) to work on /home/airflow/.local/lib/python3.8/site-packages/airflow/example_dags/example_python_operator.py
[2025-07-21T14:08:09.509+0000] {processor.py:830} INFO - Processing file /home/airflow/.local/lib/python3.8/site-packages/airflow/example_dags/example_python_operator.py for tasks to queue
[2025-07-21T14:08:09.510+0000] {logging_mixin.py:188} INFO - [2025-07-21T14:08:09.509+0000] {dagbag.py:538} INFO - Filling up the DagBag from /home/airflow/.local/lib/python3.8/site-packages/airflow/example_dags/example_python_operator.py
[2025-07-21T14:08:09.520+0000] {processor.py:840} INFO - DAG(s) 'example_python_operator' retrieved from /home/airflow/.local/lib/python3.8/site-packages/airflow/example_dags/example_python_operator.py
[2025-07-21T14:08:09.543+0000] {logging_mixin.py:188} INFO - [2025-07-21T14:08:09.543+0000] {dag.py:3036} INFO - Sync 1 DAGs
[2025-07-21T14:08:09.553+0000] {logging_mixin.py:188} INFO - [2025-07-21T14:08:09.553+0000] {dag.py:3823} INFO - Setting next_dagrun for example_python_operator to None, run_after=None
[2025-07-21T14:08:09.574+0000] {processor.py:183} INFO - Processing /home/airflow/.local/lib/python3.8/site-packages/airflow/example_dags/example_python_operator.py took 0.070 seconds
[2025-07-21T14:08:39.975+0000] {processor.py:161} INFO - Started process (PID=1314) to work on /home/airflow/.local/lib/python3.8/site-packages/airflow/example_dags/example_python_operator.py
[2025-07-21T14:08:39.977+0000] {processor.py:830} INFO - Processing file /home/airflow/.local/lib/python3.8/site-packages/airflow/example_dags/example_python_operator.py for tasks to queue
[2025-07-21T14:08:39.978+0000] {logging_mixin.py:188} INFO - [2025-07-21T14:08:39.978+0000] {dagbag.py:538} INFO - Filling up the DagBag from /home/airflow/.local/lib/python3.8/site-packages/airflow/example_dags/example_python_operator.py
[2025-07-21T14:08:39.990+0000] {processor.py:840} INFO - DAG(s) 'example_python_operator' retrieved from /home/airflow/.local/lib/python3.8/site-packages/airflow/example_dags/example_python_operator.py
[2025-07-21T14:08:40.019+0000] {logging_mixin.py:188} INFO - [2025-07-21T14:08:40.018+0000] {dag.py:3036} INFO - Sync 1 DAGs
[2025-07-21T14:08:40.035+0000] {logging_mixin.py:188} INFO - [2025-07-21T14:08:40.035+0000] {dag.py:3823} INFO - Setting next_dagrun for example_python_operator to None, run_after=None
[2025-07-21T14:08:40.058+0000] {processor.py:183} INFO - Processing /home/airflow/.local/lib/python3.8/site-packages/airflow/example_dags/example_python_operator.py took 0.087 seconds
