[2025-07-21T14:03:23.798+0000] {processor.py:161} INFO - Started process (PID=220) to work on /home/airflow/.local/lib/python3.8/site-packages/airflow/example_dags/example_skip_dag.py
[2025-07-21T14:03:23.800+0000] {processor.py:830} INFO - Processing file /home/airflow/.local/lib/python3.8/site-packages/airflow/example_dags/example_skip_dag.py for tasks to queue
[2025-07-21T14:03:23.802+0000] {logging_mixin.py:188} INFO - [2025-07-21T14:03:23.802+0000] {dagbag.py:538} INFO - Filling up the DagBag from /home/airflow/.local/lib/python3.8/site-packages/airflow/example_dags/example_skip_dag.py
[2025-07-21T14:03:23.820+0000] {processor.py:840} INFO - DAG(s) 'example_skip_dag' retrieved from /home/airflow/.local/lib/python3.8/site-packages/airflow/example_dags/example_skip_dag.py
[2025-07-21T14:03:24.108+0000] {logging_mixin.py:188} INFO - [2025-07-21T14:03:24.107+0000] {override.py:1769} INFO - Created Permission View: can read on DAG:example_skip_dag
[2025-07-21T14:03:24.127+0000] {logging_mixin.py:188} INFO - [2025-07-21T14:03:24.126+0000] {override.py:1769} INFO - Created Permission View: can edit on DAG:example_skip_dag
[2025-07-21T14:03:24.142+0000] {logging_mixin.py:188} INFO - [2025-07-21T14:03:24.141+0000] {override.py:1769} INFO - Created Permission View: can delete on DAG:example_skip_dag
[2025-07-21T14:03:24.143+0000] {logging_mixin.py:188} INFO - [2025-07-21T14:03:24.143+0000] {dag.py:3036} INFO - Sync 1 DAGs
[2025-07-21T14:03:24.163+0000] {logging_mixin.py:188} INFO - [2025-07-21T14:03:24.163+0000] {dag.py:3058} INFO - Creating ORM DAG for example_skip_dag
[2025-07-21T14:03:24.182+0000] {logging_mixin.py:188} INFO - [2025-07-21T14:03:24.181+0000] {dag.py:3823} INFO - Setting next_dagrun for example_skip_dag to 2025-07-20 00:00:00+00:00, run_after=2025-07-21 00:00:00+00:00
[2025-07-21T14:03:24.217+0000] {processor.py:183} INFO - Processing /home/airflow/.local/lib/python3.8/site-packages/airflow/example_dags/example_skip_dag.py took 0.425 seconds
[2025-07-21T14:03:54.868+0000] {processor.py:161} INFO - Started process (PID=461) to work on /home/airflow/.local/lib/python3.8/site-packages/airflow/example_dags/example_skip_dag.py
[2025-07-21T14:03:54.869+0000] {processor.py:830} INFO - Processing file /home/airflow/.local/lib/python3.8/site-packages/airflow/example_dags/example_skip_dag.py for tasks to queue
[2025-07-21T14:03:54.870+0000] {logging_mixin.py:188} INFO - [2025-07-21T14:03:54.870+0000] {dagbag.py:538} INFO - Filling up the DagBag from /home/airflow/.local/lib/python3.8/site-packages/airflow/example_dags/example_skip_dag.py
[2025-07-21T14:03:54.879+0000] {processor.py:840} INFO - DAG(s) 'example_skip_dag' retrieved from /home/airflow/.local/lib/python3.8/site-packages/airflow/example_dags/example_skip_dag.py
[2025-07-21T14:03:54.904+0000] {logging_mixin.py:188} INFO - [2025-07-21T14:03:54.904+0000] {dag.py:3036} INFO - Sync 1 DAGs
[2025-07-21T14:03:54.931+0000] {logging_mixin.py:188} INFO - [2025-07-21T14:03:54.931+0000] {dag.py:3823} INFO - Setting next_dagrun for example_skip_dag to 2025-07-20 00:00:00+00:00, run_after=2025-07-21 00:00:00+00:00
[2025-07-21T14:03:54.956+0000] {processor.py:183} INFO - Processing /home/airflow/.local/lib/python3.8/site-packages/airflow/example_dags/example_skip_dag.py took 0.091 seconds
[2025-07-21T14:04:25.038+0000] {processor.py:161} INFO - Started process (PID=702) to work on /home/airflow/.local/lib/python3.8/site-packages/airflow/example_dags/example_skip_dag.py
[2025-07-21T14:04:25.039+0000] {processor.py:830} INFO - Processing file /home/airflow/.local/lib/python3.8/site-packages/airflow/example_dags/example_skip_dag.py for tasks to queue
[2025-07-21T14:04:25.040+0000] {logging_mixin.py:188} INFO - [2025-07-21T14:04:25.039+0000] {dagbag.py:538} INFO - Filling up the DagBag from /home/airflow/.local/lib/python3.8/site-packages/airflow/example_dags/example_skip_dag.py
[2025-07-21T14:04:25.046+0000] {processor.py:840} INFO - DAG(s) 'example_skip_dag' retrieved from /home/airflow/.local/lib/python3.8/site-packages/airflow/example_dags/example_skip_dag.py
[2025-07-21T14:04:25.068+0000] {logging_mixin.py:188} INFO - [2025-07-21T14:04:25.068+0000] {dag.py:3036} INFO - Sync 1 DAGs
[2025-07-21T14:04:25.086+0000] {logging_mixin.py:188} INFO - [2025-07-21T14:04:25.086+0000] {dag.py:3823} INFO - Setting next_dagrun for example_skip_dag to 2025-07-20 00:00:00+00:00, run_after=2025-07-21 00:00:00+00:00
[2025-07-21T14:04:25.108+0000] {processor.py:183} INFO - Processing /home/airflow/.local/lib/python3.8/site-packages/airflow/example_dags/example_skip_dag.py took 0.074 seconds
[2025-07-21T14:04:55.289+0000] {processor.py:161} INFO - Started process (PID=943) to work on /home/airflow/.local/lib/python3.8/site-packages/airflow/example_dags/example_skip_dag.py
[2025-07-21T14:04:55.290+0000] {processor.py:830} INFO - Processing file /home/airflow/.local/lib/python3.8/site-packages/airflow/example_dags/example_skip_dag.py for tasks to queue
[2025-07-21T14:04:55.291+0000] {logging_mixin.py:188} INFO - [2025-07-21T14:04:55.291+0000] {dagbag.py:538} INFO - Filling up the DagBag from /home/airflow/.local/lib/python3.8/site-packages/airflow/example_dags/example_skip_dag.py
[2025-07-21T14:04:55.299+0000] {processor.py:840} INFO - DAG(s) 'example_skip_dag' retrieved from /home/airflow/.local/lib/python3.8/site-packages/airflow/example_dags/example_skip_dag.py
[2025-07-21T14:04:55.323+0000] {logging_mixin.py:188} INFO - [2025-07-21T14:04:55.323+0000] {dag.py:3036} INFO - Sync 1 DAGs
[2025-07-21T14:04:55.352+0000] {logging_mixin.py:188} INFO - [2025-07-21T14:04:55.351+0000] {dag.py:3823} INFO - Setting next_dagrun for example_skip_dag to 2025-07-20 00:00:00+00:00, run_after=2025-07-21 00:00:00+00:00
[2025-07-21T14:04:55.377+0000] {processor.py:183} INFO - Processing /home/airflow/.local/lib/python3.8/site-packages/airflow/example_dags/example_skip_dag.py took 0.090 seconds
[2025-07-21T14:05:25.497+0000] {processor.py:161} INFO - Started process (PID=1184) to work on /home/airflow/.local/lib/python3.8/site-packages/airflow/example_dags/example_skip_dag.py
[2025-07-21T14:05:25.498+0000] {processor.py:830} INFO - Processing file /home/airflow/.local/lib/python3.8/site-packages/airflow/example_dags/example_skip_dag.py for tasks to queue
[2025-07-21T14:05:25.499+0000] {logging_mixin.py:188} INFO - [2025-07-21T14:05:25.498+0000] {dagbag.py:538} INFO - Filling up the DagBag from /home/airflow/.local/lib/python3.8/site-packages/airflow/example_dags/example_skip_dag.py
[2025-07-21T14:05:25.506+0000] {processor.py:840} INFO - DAG(s) 'example_skip_dag' retrieved from /home/airflow/.local/lib/python3.8/site-packages/airflow/example_dags/example_skip_dag.py
[2025-07-21T14:05:25.532+0000] {logging_mixin.py:188} INFO - [2025-07-21T14:05:25.531+0000] {dag.py:3036} INFO - Sync 1 DAGs
[2025-07-21T14:05:25.556+0000] {logging_mixin.py:188} INFO - [2025-07-21T14:05:25.555+0000] {dag.py:3823} INFO - Setting next_dagrun for example_skip_dag to 2025-07-20 00:00:00+00:00, run_after=2025-07-21 00:00:00+00:00
[2025-07-21T14:05:25.581+0000] {processor.py:183} INFO - Processing /home/airflow/.local/lib/python3.8/site-packages/airflow/example_dags/example_skip_dag.py took 0.087 seconds
[2025-07-21T14:05:55.812+0000] {processor.py:161} INFO - Started process (PID=1425) to work on /home/airflow/.local/lib/python3.8/site-packages/airflow/example_dags/example_skip_dag.py
[2025-07-21T14:05:55.813+0000] {processor.py:830} INFO - Processing file /home/airflow/.local/lib/python3.8/site-packages/airflow/example_dags/example_skip_dag.py for tasks to queue
[2025-07-21T14:05:55.814+0000] {logging_mixin.py:188} INFO - [2025-07-21T14:05:55.814+0000] {dagbag.py:538} INFO - Filling up the DagBag from /home/airflow/.local/lib/python3.8/site-packages/airflow/example_dags/example_skip_dag.py
[2025-07-21T14:05:55.820+0000] {processor.py:840} INFO - DAG(s) 'example_skip_dag' retrieved from /home/airflow/.local/lib/python3.8/site-packages/airflow/example_dags/example_skip_dag.py
[2025-07-21T14:05:55.842+0000] {logging_mixin.py:188} INFO - [2025-07-21T14:05:55.842+0000] {dag.py:3036} INFO - Sync 1 DAGs
[2025-07-21T14:05:55.864+0000] {logging_mixin.py:188} INFO - [2025-07-21T14:05:55.864+0000] {dag.py:3823} INFO - Setting next_dagrun for example_skip_dag to 2025-07-20 00:00:00+00:00, run_after=2025-07-21 00:00:00+00:00
[2025-07-21T14:05:55.889+0000] {processor.py:183} INFO - Processing /home/airflow/.local/lib/python3.8/site-packages/airflow/example_dags/example_skip_dag.py took 0.080 seconds
[2025-07-21T14:06:34.336+0000] {processor.py:161} INFO - Started process (PID=220) to work on /home/airflow/.local/lib/python3.8/site-packages/airflow/example_dags/example_skip_dag.py
[2025-07-21T14:06:34.338+0000] {processor.py:830} INFO - Processing file /home/airflow/.local/lib/python3.8/site-packages/airflow/example_dags/example_skip_dag.py for tasks to queue
[2025-07-21T14:06:34.339+0000] {logging_mixin.py:188} INFO - [2025-07-21T14:06:34.339+0000] {dagbag.py:538} INFO - Filling up the DagBag from /home/airflow/.local/lib/python3.8/site-packages/airflow/example_dags/example_skip_dag.py
[2025-07-21T14:06:34.356+0000] {processor.py:840} INFO - DAG(s) 'example_skip_dag' retrieved from /home/airflow/.local/lib/python3.8/site-packages/airflow/example_dags/example_skip_dag.py
[2025-07-21T14:06:34.380+0000] {logging_mixin.py:188} INFO - [2025-07-21T14:06:34.379+0000] {dag.py:3036} INFO - Sync 1 DAGs
[2025-07-21T14:06:34.424+0000] {logging_mixin.py:188} INFO - [2025-07-21T14:06:34.424+0000] {dag.py:3823} INFO - Setting next_dagrun for example_skip_dag to 2025-07-20 00:00:00+00:00, run_after=2025-07-21 00:00:00+00:00
[2025-07-21T14:06:34.461+0000] {processor.py:183} INFO - Processing /home/airflow/.local/lib/python3.8/site-packages/airflow/example_dags/example_skip_dag.py took 0.132 seconds
[2025-07-21T14:07:05.034+0000] {processor.py:161} INFO - Started process (PID=463) to work on /home/airflow/.local/lib/python3.8/site-packages/airflow/example_dags/example_skip_dag.py
[2025-07-21T14:07:05.035+0000] {processor.py:830} INFO - Processing file /home/airflow/.local/lib/python3.8/site-packages/airflow/example_dags/example_skip_dag.py for tasks to queue
[2025-07-21T14:07:05.036+0000] {logging_mixin.py:188} INFO - [2025-07-21T14:07:05.036+0000] {dagbag.py:538} INFO - Filling up the DagBag from /home/airflow/.local/lib/python3.8/site-packages/airflow/example_dags/example_skip_dag.py
[2025-07-21T14:07:05.044+0000] {processor.py:840} INFO - DAG(s) 'example_skip_dag' retrieved from /home/airflow/.local/lib/python3.8/site-packages/airflow/example_dags/example_skip_dag.py
[2025-07-21T14:07:05.166+0000] {logging_mixin.py:188} INFO - [2025-07-21T14:07:05.165+0000] {dag.py:3036} INFO - Sync 1 DAGs
[2025-07-21T14:07:05.186+0000] {logging_mixin.py:188} INFO - [2025-07-21T14:07:05.186+0000] {dag.py:3823} INFO - Setting next_dagrun for example_skip_dag to 2025-07-20 00:00:00+00:00, run_after=2025-07-21 00:00:00+00:00
[2025-07-21T14:07:05.215+0000] {processor.py:183} INFO - Processing /home/airflow/.local/lib/python3.8/site-packages/airflow/example_dags/example_skip_dag.py took 0.185 seconds
[2025-07-21T14:07:35.672+0000] {processor.py:161} INFO - Started process (PID=702) to work on /home/airflow/.local/lib/python3.8/site-packages/airflow/example_dags/example_skip_dag.py
[2025-07-21T14:07:35.673+0000] {processor.py:830} INFO - Processing file /home/airflow/.local/lib/python3.8/site-packages/airflow/example_dags/example_skip_dag.py for tasks to queue
[2025-07-21T14:07:35.674+0000] {logging_mixin.py:188} INFO - [2025-07-21T14:07:35.674+0000] {dagbag.py:538} INFO - Filling up the DagBag from /home/airflow/.local/lib/python3.8/site-packages/airflow/example_dags/example_skip_dag.py
[2025-07-21T14:07:35.681+0000] {processor.py:840} INFO - DAG(s) 'example_skip_dag' retrieved from /home/airflow/.local/lib/python3.8/site-packages/airflow/example_dags/example_skip_dag.py
[2025-07-21T14:07:35.701+0000] {logging_mixin.py:188} INFO - [2025-07-21T14:07:35.701+0000] {dag.py:3036} INFO - Sync 1 DAGs
[2025-07-21T14:07:35.721+0000] {logging_mixin.py:188} INFO - [2025-07-21T14:07:35.721+0000] {dag.py:3823} INFO - Setting next_dagrun for example_skip_dag to 2025-07-20 00:00:00+00:00, run_after=2025-07-21 00:00:00+00:00
[2025-07-21T14:07:35.742+0000] {processor.py:183} INFO - Processing /home/airflow/.local/lib/python3.8/site-packages/airflow/example_dags/example_skip_dag.py took 0.073 seconds
[2025-07-21T14:08:05.833+0000] {processor.py:161} INFO - Started process (PID=943) to work on /home/airflow/.local/lib/python3.8/site-packages/airflow/example_dags/example_skip_dag.py
[2025-07-21T14:08:05.835+0000] {processor.py:830} INFO - Processing file /home/airflow/.local/lib/python3.8/site-packages/airflow/example_dags/example_skip_dag.py for tasks to queue
[2025-07-21T14:08:05.836+0000] {logging_mixin.py:188} INFO - [2025-07-21T14:08:05.835+0000] {dagbag.py:538} INFO - Filling up the DagBag from /home/airflow/.local/lib/python3.8/site-packages/airflow/example_dags/example_skip_dag.py
[2025-07-21T14:08:05.843+0000] {processor.py:840} INFO - DAG(s) 'example_skip_dag' retrieved from /home/airflow/.local/lib/python3.8/site-packages/airflow/example_dags/example_skip_dag.py
[2025-07-21T14:08:05.863+0000] {logging_mixin.py:188} INFO - [2025-07-21T14:08:05.862+0000] {dag.py:3036} INFO - Sync 1 DAGs
[2025-07-21T14:08:05.882+0000] {logging_mixin.py:188} INFO - [2025-07-21T14:08:05.882+0000] {dag.py:3823} INFO - Setting next_dagrun for example_skip_dag to 2025-07-20 00:00:00+00:00, run_after=2025-07-21 00:00:00+00:00
[2025-07-21T14:08:05.903+0000] {processor.py:183} INFO - Processing /home/airflow/.local/lib/python3.8/site-packages/airflow/example_dags/example_skip_dag.py took 0.072 seconds
[2025-07-21T14:08:36.117+0000] {processor.py:161} INFO - Started process (PID=1184) to work on /home/airflow/.local/lib/python3.8/site-packages/airflow/example_dags/example_skip_dag.py
[2025-07-21T14:08:36.118+0000] {processor.py:830} INFO - Processing file /home/airflow/.local/lib/python3.8/site-packages/airflow/example_dags/example_skip_dag.py for tasks to queue
[2025-07-21T14:08:36.119+0000] {logging_mixin.py:188} INFO - [2025-07-21T14:08:36.119+0000] {dagbag.py:538} INFO - Filling up the DagBag from /home/airflow/.local/lib/python3.8/site-packages/airflow/example_dags/example_skip_dag.py
[2025-07-21T14:08:36.128+0000] {processor.py:840} INFO - DAG(s) 'example_skip_dag' retrieved from /home/airflow/.local/lib/python3.8/site-packages/airflow/example_dags/example_skip_dag.py
[2025-07-21T14:08:36.151+0000] {logging_mixin.py:188} INFO - [2025-07-21T14:08:36.150+0000] {dag.py:3036} INFO - Sync 1 DAGs
[2025-07-21T14:08:36.172+0000] {logging_mixin.py:188} INFO - [2025-07-21T14:08:36.172+0000] {dag.py:3823} INFO - Setting next_dagrun for example_skip_dag to 2025-07-20 00:00:00+00:00, run_after=2025-07-21 00:00:00+00:00
[2025-07-21T14:08:36.194+0000] {processor.py:183} INFO - Processing /home/airflow/.local/lib/python3.8/site-packages/airflow/example_dags/example_skip_dag.py took 0.081 seconds
