[2025-07-21T14:03:28.097+0000] {processor.py:161} INFO - Started process (PID=305) to work on /home/airflow/.local/lib/python3.8/site-packages/airflow/example_dags/example_setup_teardown.py
[2025-07-21T14:03:28.099+0000] {processor.py:830} INFO - Processing file /home/airflow/.local/lib/python3.8/site-packages/airflow/example_dags/example_setup_teardown.py for tasks to queue
[2025-07-21T14:03:28.101+0000] {logging_mixin.py:188} INFO - [2025-07-21T14:03:28.100+0000] {dagbag.py:538} INFO - Filling up the DagBag from /home/airflow/.local/lib/python3.8/site-packages/airflow/example_dags/example_setup_teardown.py
[2025-07-21T14:03:28.112+0000] {processor.py:840} INFO - DAG(s) 'example_setup_teardown' retrieved from /home/airflow/.local/lib/python3.8/site-packages/airflow/example_dags/example_setup_teardown.py
[2025-07-21T14:03:28.283+0000] {logging_mixin.py:188} INFO - [2025-07-21T14:03:28.282+0000] {override.py:1769} INFO - Created Permission View: can read on DAG:example_setup_teardown
[2025-07-21T14:03:28.301+0000] {logging_mixin.py:188} INFO - [2025-07-21T14:03:28.300+0000] {override.py:1769} INFO - Created Permission View: can edit on DAG:example_setup_teardown
[2025-07-21T14:03:28.314+0000] {logging_mixin.py:188} INFO - [2025-07-21T14:03:28.313+0000] {override.py:1769} INFO - Created Permission View: can delete on DAG:example_setup_teardown
[2025-07-21T14:03:28.315+0000] {logging_mixin.py:188} INFO - [2025-07-21T14:03:28.315+0000] {dag.py:3036} INFO - Sync 1 DAGs
[2025-07-21T14:03:28.338+0000] {logging_mixin.py:188} INFO - [2025-07-21T14:03:28.338+0000] {dag.py:3058} INFO - Creating ORM DAG for example_setup_teardown
[2025-07-21T14:03:28.357+0000] {logging_mixin.py:188} INFO - [2025-07-21T14:03:28.357+0000] {dag.py:3823} INFO - Setting next_dagrun for example_setup_teardown to 2025-07-20 00:00:00+00:00, run_after=2025-07-21 00:00:00+00:00
[2025-07-21T14:03:28.388+0000] {processor.py:183} INFO - Processing /home/airflow/.local/lib/python3.8/site-packages/airflow/example_dags/example_setup_teardown.py took 0.295 seconds
[2025-07-21T14:03:58.905+0000] {processor.py:161} INFO - Started process (PID=546) to work on /home/airflow/.local/lib/python3.8/site-packages/airflow/example_dags/example_setup_teardown.py
[2025-07-21T14:03:58.906+0000] {processor.py:830} INFO - Processing file /home/airflow/.local/lib/python3.8/site-packages/airflow/example_dags/example_setup_teardown.py for tasks to queue
[2025-07-21T14:03:58.907+0000] {logging_mixin.py:188} INFO - [2025-07-21T14:03:58.907+0000] {dagbag.py:538} INFO - Filling up the DagBag from /home/airflow/.local/lib/python3.8/site-packages/airflow/example_dags/example_setup_teardown.py
[2025-07-21T14:03:58.914+0000] {processor.py:840} INFO - DAG(s) 'example_setup_teardown' retrieved from /home/airflow/.local/lib/python3.8/site-packages/airflow/example_dags/example_setup_teardown.py
[2025-07-21T14:03:58.934+0000] {logging_mixin.py:188} INFO - [2025-07-21T14:03:58.934+0000] {dag.py:3036} INFO - Sync 1 DAGs
[2025-07-21T14:03:58.956+0000] {logging_mixin.py:188} INFO - [2025-07-21T14:03:58.956+0000] {dag.py:3823} INFO - Setting next_dagrun for example_setup_teardown to 2025-07-20 00:00:00+00:00, run_after=2025-07-21 00:00:00+00:00
[2025-07-21T14:03:58.998+0000] {processor.py:183} INFO - Processing /home/airflow/.local/lib/python3.8/site-packages/airflow/example_dags/example_setup_teardown.py took 0.097 seconds
[2025-07-21T14:04:29.249+0000] {processor.py:161} INFO - Started process (PID=789) to work on /home/airflow/.local/lib/python3.8/site-packages/airflow/example_dags/example_setup_teardown.py
[2025-07-21T14:04:29.250+0000] {processor.py:830} INFO - Processing file /home/airflow/.local/lib/python3.8/site-packages/airflow/example_dags/example_setup_teardown.py for tasks to queue
[2025-07-21T14:04:29.251+0000] {logging_mixin.py:188} INFO - [2025-07-21T14:04:29.251+0000] {dagbag.py:538} INFO - Filling up the DagBag from /home/airflow/.local/lib/python3.8/site-packages/airflow/example_dags/example_setup_teardown.py
[2025-07-21T14:04:29.257+0000] {processor.py:840} INFO - DAG(s) 'example_setup_teardown' retrieved from /home/airflow/.local/lib/python3.8/site-packages/airflow/example_dags/example_setup_teardown.py
[2025-07-21T14:04:29.278+0000] {logging_mixin.py:188} INFO - [2025-07-21T14:04:29.278+0000] {dag.py:3036} INFO - Sync 1 DAGs
[2025-07-21T14:04:29.298+0000] {logging_mixin.py:188} INFO - [2025-07-21T14:04:29.297+0000] {dag.py:3823} INFO - Setting next_dagrun for example_setup_teardown to 2025-07-20 00:00:00+00:00, run_after=2025-07-21 00:00:00+00:00
[2025-07-21T14:04:29.319+0000] {processor.py:183} INFO - Processing /home/airflow/.local/lib/python3.8/site-packages/airflow/example_dags/example_setup_teardown.py took 0.073 seconds
[2025-07-21T14:04:59.389+0000] {processor.py:161} INFO - Started process (PID=1030) to work on /home/airflow/.local/lib/python3.8/site-packages/airflow/example_dags/example_setup_teardown.py
[2025-07-21T14:04:59.390+0000] {processor.py:830} INFO - Processing file /home/airflow/.local/lib/python3.8/site-packages/airflow/example_dags/example_setup_teardown.py for tasks to queue
[2025-07-21T14:04:59.391+0000] {logging_mixin.py:188} INFO - [2025-07-21T14:04:59.391+0000] {dagbag.py:538} INFO - Filling up the DagBag from /home/airflow/.local/lib/python3.8/site-packages/airflow/example_dags/example_setup_teardown.py
[2025-07-21T14:04:59.398+0000] {processor.py:840} INFO - DAG(s) 'example_setup_teardown' retrieved from /home/airflow/.local/lib/python3.8/site-packages/airflow/example_dags/example_setup_teardown.py
[2025-07-21T14:04:59.422+0000] {logging_mixin.py:188} INFO - [2025-07-21T14:04:59.422+0000] {dag.py:3036} INFO - Sync 1 DAGs
[2025-07-21T14:04:59.446+0000] {logging_mixin.py:188} INFO - [2025-07-21T14:04:59.445+0000] {dag.py:3823} INFO - Setting next_dagrun for example_setup_teardown to 2025-07-20 00:00:00+00:00, run_after=2025-07-21 00:00:00+00:00
[2025-07-21T14:04:59.469+0000] {processor.py:183} INFO - Processing /home/airflow/.local/lib/python3.8/site-packages/airflow/example_dags/example_setup_teardown.py took 0.083 seconds
[2025-07-21T14:05:29.671+0000] {processor.py:161} INFO - Started process (PID=1269) to work on /home/airflow/.local/lib/python3.8/site-packages/airflow/example_dags/example_setup_teardown.py
[2025-07-21T14:05:29.672+0000] {processor.py:830} INFO - Processing file /home/airflow/.local/lib/python3.8/site-packages/airflow/example_dags/example_setup_teardown.py for tasks to queue
[2025-07-21T14:05:29.673+0000] {logging_mixin.py:188} INFO - [2025-07-21T14:05:29.673+0000] {dagbag.py:538} INFO - Filling up the DagBag from /home/airflow/.local/lib/python3.8/site-packages/airflow/example_dags/example_setup_teardown.py
[2025-07-21T14:05:29.681+0000] {processor.py:840} INFO - DAG(s) 'example_setup_teardown' retrieved from /home/airflow/.local/lib/python3.8/site-packages/airflow/example_dags/example_setup_teardown.py
[2025-07-21T14:05:29.704+0000] {logging_mixin.py:188} INFO - [2025-07-21T14:05:29.704+0000] {dag.py:3036} INFO - Sync 1 DAGs
[2025-07-21T14:05:29.731+0000] {logging_mixin.py:188} INFO - [2025-07-21T14:05:29.731+0000] {dag.py:3823} INFO - Setting next_dagrun for example_setup_teardown to 2025-07-20 00:00:00+00:00, run_after=2025-07-21 00:00:00+00:00
[2025-07-21T14:05:29.756+0000] {processor.py:183} INFO - Processing /home/airflow/.local/lib/python3.8/site-packages/airflow/example_dags/example_setup_teardown.py took 0.088 seconds
[2025-07-21T14:05:59.885+0000] {processor.py:161} INFO - Started process (PID=1510) to work on /home/airflow/.local/lib/python3.8/site-packages/airflow/example_dags/example_setup_teardown.py
[2025-07-21T14:05:59.887+0000] {processor.py:830} INFO - Processing file /home/airflow/.local/lib/python3.8/site-packages/airflow/example_dags/example_setup_teardown.py for tasks to queue
[2025-07-21T14:05:59.888+0000] {logging_mixin.py:188} INFO - [2025-07-21T14:05:59.887+0000] {dagbag.py:538} INFO - Filling up the DagBag from /home/airflow/.local/lib/python3.8/site-packages/airflow/example_dags/example_setup_teardown.py
[2025-07-21T14:05:59.895+0000] {processor.py:840} INFO - DAG(s) 'example_setup_teardown' retrieved from /home/airflow/.local/lib/python3.8/site-packages/airflow/example_dags/example_setup_teardown.py
[2025-07-21T14:05:59.916+0000] {logging_mixin.py:188} INFO - [2025-07-21T14:05:59.916+0000] {dag.py:3036} INFO - Sync 1 DAGs
[2025-07-21T14:05:59.938+0000] {logging_mixin.py:188} INFO - [2025-07-21T14:05:59.937+0000] {dag.py:3823} INFO - Setting next_dagrun for example_setup_teardown to 2025-07-20 00:00:00+00:00, run_after=2025-07-21 00:00:00+00:00
[2025-07-21T14:05:59.964+0000] {processor.py:183} INFO - Processing /home/airflow/.local/lib/python3.8/site-packages/airflow/example_dags/example_setup_teardown.py took 0.082 seconds
[2025-07-21T14:06:36.295+0000] {processor.py:161} INFO - Started process (PID=307) to work on /home/airflow/.local/lib/python3.8/site-packages/airflow/example_dags/example_setup_teardown.py
[2025-07-21T14:06:36.297+0000] {processor.py:830} INFO - Processing file /home/airflow/.local/lib/python3.8/site-packages/airflow/example_dags/example_setup_teardown.py for tasks to queue
[2025-07-21T14:06:36.299+0000] {logging_mixin.py:188} INFO - [2025-07-21T14:06:36.298+0000] {dagbag.py:538} INFO - Filling up the DagBag from /home/airflow/.local/lib/python3.8/site-packages/airflow/example_dags/example_setup_teardown.py
[2025-07-21T14:06:36.311+0000] {processor.py:840} INFO - DAG(s) 'example_setup_teardown' retrieved from /home/airflow/.local/lib/python3.8/site-packages/airflow/example_dags/example_setup_teardown.py
[2025-07-21T14:06:36.332+0000] {logging_mixin.py:188} INFO - [2025-07-21T14:06:36.331+0000] {dag.py:3036} INFO - Sync 1 DAGs
[2025-07-21T14:06:36.373+0000] {logging_mixin.py:188} INFO - [2025-07-21T14:06:36.372+0000] {dag.py:3823} INFO - Setting next_dagrun for example_setup_teardown to 2025-07-20 00:00:00+00:00, run_after=2025-07-21 00:00:00+00:00
[2025-07-21T14:06:36.404+0000] {processor.py:183} INFO - Processing /home/airflow/.local/lib/python3.8/site-packages/airflow/example_dags/example_setup_teardown.py took 0.115 seconds
[2025-07-21T14:07:07.388+0000] {processor.py:161} INFO - Started process (PID=548) to work on /home/airflow/.local/lib/python3.8/site-packages/airflow/example_dags/example_setup_teardown.py
[2025-07-21T14:07:07.389+0000] {processor.py:830} INFO - Processing file /home/airflow/.local/lib/python3.8/site-packages/airflow/example_dags/example_setup_teardown.py for tasks to queue
[2025-07-21T14:07:07.390+0000] {logging_mixin.py:188} INFO - [2025-07-21T14:07:07.390+0000] {dagbag.py:538} INFO - Filling up the DagBag from /home/airflow/.local/lib/python3.8/site-packages/airflow/example_dags/example_setup_teardown.py
[2025-07-21T14:07:07.400+0000] {processor.py:840} INFO - DAG(s) 'example_setup_teardown' retrieved from /home/airflow/.local/lib/python3.8/site-packages/airflow/example_dags/example_setup_teardown.py
[2025-07-21T14:07:07.517+0000] {logging_mixin.py:188} INFO - [2025-07-21T14:07:07.517+0000] {dag.py:3036} INFO - Sync 1 DAGs
[2025-07-21T14:07:07.541+0000] {logging_mixin.py:188} INFO - [2025-07-21T14:07:07.541+0000] {dag.py:3823} INFO - Setting next_dagrun for example_setup_teardown to 2025-07-20 00:00:00+00:00, run_after=2025-07-21 00:00:00+00:00
[2025-07-21T14:07:07.567+0000] {processor.py:183} INFO - Processing /home/airflow/.local/lib/python3.8/site-packages/airflow/example_dags/example_setup_teardown.py took 0.184 seconds
[2025-07-21T14:07:37.785+0000] {processor.py:161} INFO - Started process (PID=789) to work on /home/airflow/.local/lib/python3.8/site-packages/airflow/example_dags/example_setup_teardown.py
[2025-07-21T14:07:37.786+0000] {processor.py:830} INFO - Processing file /home/airflow/.local/lib/python3.8/site-packages/airflow/example_dags/example_setup_teardown.py for tasks to queue
[2025-07-21T14:07:37.787+0000] {logging_mixin.py:188} INFO - [2025-07-21T14:07:37.787+0000] {dagbag.py:538} INFO - Filling up the DagBag from /home/airflow/.local/lib/python3.8/site-packages/airflow/example_dags/example_setup_teardown.py
[2025-07-21T14:07:37.793+0000] {processor.py:840} INFO - DAG(s) 'example_setup_teardown' retrieved from /home/airflow/.local/lib/python3.8/site-packages/airflow/example_dags/example_setup_teardown.py
[2025-07-21T14:07:37.814+0000] {logging_mixin.py:188} INFO - [2025-07-21T14:07:37.814+0000] {dag.py:3036} INFO - Sync 1 DAGs
[2025-07-21T14:07:37.835+0000] {logging_mixin.py:188} INFO - [2025-07-21T14:07:37.834+0000] {dag.py:3823} INFO - Setting next_dagrun for example_setup_teardown to 2025-07-20 00:00:00+00:00, run_after=2025-07-21 00:00:00+00:00
[2025-07-21T14:07:37.855+0000] {processor.py:183} INFO - Processing /home/airflow/.local/lib/python3.8/site-packages/airflow/example_dags/example_setup_teardown.py took 0.073 seconds
[2025-07-21T14:08:07.998+0000] {processor.py:161} INFO - Started process (PID=1028) to work on /home/airflow/.local/lib/python3.8/site-packages/airflow/example_dags/example_setup_teardown.py
[2025-07-21T14:08:07.999+0000] {processor.py:830} INFO - Processing file /home/airflow/.local/lib/python3.8/site-packages/airflow/example_dags/example_setup_teardown.py for tasks to queue
[2025-07-21T14:08:08.000+0000] {logging_mixin.py:188} INFO - [2025-07-21T14:08:08.000+0000] {dagbag.py:538} INFO - Filling up the DagBag from /home/airflow/.local/lib/python3.8/site-packages/airflow/example_dags/example_setup_teardown.py
[2025-07-21T14:08:08.006+0000] {processor.py:840} INFO - DAG(s) 'example_setup_teardown' retrieved from /home/airflow/.local/lib/python3.8/site-packages/airflow/example_dags/example_setup_teardown.py
[2025-07-21T14:08:08.027+0000] {logging_mixin.py:188} INFO - [2025-07-21T14:08:08.027+0000] {dag.py:3036} INFO - Sync 1 DAGs
[2025-07-21T14:08:08.046+0000] {logging_mixin.py:188} INFO - [2025-07-21T14:08:08.046+0000] {dag.py:3823} INFO - Setting next_dagrun for example_setup_teardown to 2025-07-20 00:00:00+00:00, run_after=2025-07-21 00:00:00+00:00
[2025-07-21T14:08:08.068+0000] {processor.py:183} INFO - Processing /home/airflow/.local/lib/python3.8/site-packages/airflow/example_dags/example_setup_teardown.py took 0.073 seconds
[2025-07-21T14:08:38.407+0000] {processor.py:161} INFO - Started process (PID=1269) to work on /home/airflow/.local/lib/python3.8/site-packages/airflow/example_dags/example_setup_teardown.py
[2025-07-21T14:08:38.408+0000] {processor.py:830} INFO - Processing file /home/airflow/.local/lib/python3.8/site-packages/airflow/example_dags/example_setup_teardown.py for tasks to queue
[2025-07-21T14:08:38.409+0000] {logging_mixin.py:188} INFO - [2025-07-21T14:08:38.408+0000] {dagbag.py:538} INFO - Filling up the DagBag from /home/airflow/.local/lib/python3.8/site-packages/airflow/example_dags/example_setup_teardown.py
[2025-07-21T14:08:38.417+0000] {processor.py:840} INFO - DAG(s) 'example_setup_teardown' retrieved from /home/airflow/.local/lib/python3.8/site-packages/airflow/example_dags/example_setup_teardown.py
[2025-07-21T14:08:38.441+0000] {logging_mixin.py:188} INFO - [2025-07-21T14:08:38.441+0000] {dag.py:3036} INFO - Sync 1 DAGs
[2025-07-21T14:08:38.464+0000] {logging_mixin.py:188} INFO - [2025-07-21T14:08:38.464+0000] {dag.py:3823} INFO - Setting next_dagrun for example_setup_teardown to 2025-07-20 00:00:00+00:00, run_after=2025-07-21 00:00:00+00:00
[2025-07-21T14:08:38.487+0000] {processor.py:183} INFO - Processing /home/airflow/.local/lib/python3.8/site-packages/airflow/example_dags/example_setup_teardown.py took 0.084 seconds
