[2025-07-21T14:03:22.581+0000] {processor.py:161} INFO - Started process (PID=195) to work on /home/airflow/.local/lib/python3.8/site-packages/airflow/example_dags/example_dynamic_task_mapping.py
[2025-07-21T14:03:22.583+0000] {processor.py:830} INFO - Processing file /home/airflow/.local/lib/python3.8/site-packages/airflow/example_dags/example_dynamic_task_mapping.py for tasks to queue
[2025-07-21T14:03:22.585+0000] {logging_mixin.py:188} INFO - [2025-07-21T14:03:22.584+0000] {dagbag.py:538} INFO - Filling up the DagBag from /home/airflow/.local/lib/python3.8/site-packages/airflow/example_dags/example_dynamic_task_mapping.py
[2025-07-21T14:03:22.603+0000] {processor.py:840} INFO - DAG(s) 'example_dynamic_task_mapping' retrieved from /home/airflow/.local/lib/python3.8/site-packages/airflow/example_dags/example_dynamic_task_mapping.py
[2025-07-21T14:03:22.810+0000] {logging_mixin.py:188} INFO - [2025-07-21T14:03:22.809+0000] {override.py:1769} INFO - Created Permission View: can read on DAG:example_dynamic_task_mapping
[2025-07-21T14:03:22.829+0000] {logging_mixin.py:188} INFO - [2025-07-21T14:03:22.828+0000] {override.py:1769} INFO - Created Permission View: can edit on DAG:example_dynamic_task_mapping
[2025-07-21T14:03:22.842+0000] {logging_mixin.py:188} INFO - [2025-07-21T14:03:22.841+0000] {override.py:1769} INFO - Created Permission View: can delete on DAG:example_dynamic_task_mapping
[2025-07-21T14:03:22.845+0000] {logging_mixin.py:188} INFO - [2025-07-21T14:03:22.845+0000] {dag.py:3036} INFO - Sync 1 DAGs
[2025-07-21T14:03:22.866+0000] {logging_mixin.py:188} INFO - [2025-07-21T14:03:22.866+0000] {dag.py:3058} INFO - Creating ORM DAG for example_dynamic_task_mapping
[2025-07-21T14:03:22.885+0000] {logging_mixin.py:188} INFO - [2025-07-21T14:03:22.884+0000] {dag.py:3823} INFO - Setting next_dagrun for example_dynamic_task_mapping to 2022-03-04 00:00:00+00:00, run_after=2022-03-05 00:00:00+00:00
[2025-07-21T14:03:22.916+0000] {processor.py:183} INFO - Processing /home/airflow/.local/lib/python3.8/site-packages/airflow/example_dags/example_dynamic_task_mapping.py took 0.340 seconds
[2025-07-21T14:03:53.549+0000] {processor.py:161} INFO - Started process (PID=438) to work on /home/airflow/.local/lib/python3.8/site-packages/airflow/example_dags/example_dynamic_task_mapping.py
[2025-07-21T14:03:53.550+0000] {processor.py:830} INFO - Processing file /home/airflow/.local/lib/python3.8/site-packages/airflow/example_dags/example_dynamic_task_mapping.py for tasks to queue
[2025-07-21T14:03:53.551+0000] {logging_mixin.py:188} INFO - [2025-07-21T14:03:53.550+0000] {dagbag.py:538} INFO - Filling up the DagBag from /home/airflow/.local/lib/python3.8/site-packages/airflow/example_dags/example_dynamic_task_mapping.py
[2025-07-21T14:03:53.557+0000] {processor.py:840} INFO - DAG(s) 'example_dynamic_task_mapping' retrieved from /home/airflow/.local/lib/python3.8/site-packages/airflow/example_dags/example_dynamic_task_mapping.py
[2025-07-21T14:03:53.575+0000] {logging_mixin.py:188} INFO - [2025-07-21T14:03:53.575+0000] {dag.py:3036} INFO - Sync 1 DAGs
[2025-07-21T14:03:53.593+0000] {logging_mixin.py:188} INFO - [2025-07-21T14:03:53.593+0000] {dag.py:3823} INFO - Setting next_dagrun for example_dynamic_task_mapping to 2022-03-04 00:00:00+00:00, run_after=2022-03-05 00:00:00+00:00
[2025-07-21T14:03:53.613+0000] {processor.py:183} INFO - Processing /home/airflow/.local/lib/python3.8/site-packages/airflow/example_dags/example_dynamic_task_mapping.py took 0.067 seconds
[2025-07-21T14:04:23.725+0000] {processor.py:161} INFO - Started process (PID=679) to work on /home/airflow/.local/lib/python3.8/site-packages/airflow/example_dags/example_dynamic_task_mapping.py
[2025-07-21T14:04:23.726+0000] {processor.py:830} INFO - Processing file /home/airflow/.local/lib/python3.8/site-packages/airflow/example_dags/example_dynamic_task_mapping.py for tasks to queue
[2025-07-21T14:04:23.727+0000] {logging_mixin.py:188} INFO - [2025-07-21T14:04:23.727+0000] {dagbag.py:538} INFO - Filling up the DagBag from /home/airflow/.local/lib/python3.8/site-packages/airflow/example_dags/example_dynamic_task_mapping.py
[2025-07-21T14:04:23.733+0000] {processor.py:840} INFO - DAG(s) 'example_dynamic_task_mapping' retrieved from /home/airflow/.local/lib/python3.8/site-packages/airflow/example_dags/example_dynamic_task_mapping.py
[2025-07-21T14:04:23.752+0000] {logging_mixin.py:188} INFO - [2025-07-21T14:04:23.752+0000] {dag.py:3036} INFO - Sync 1 DAGs
[2025-07-21T14:04:23.772+0000] {logging_mixin.py:188} INFO - [2025-07-21T14:04:23.772+0000] {dag.py:3823} INFO - Setting next_dagrun for example_dynamic_task_mapping to 2022-03-04 00:00:00+00:00, run_after=2022-03-05 00:00:00+00:00
[2025-07-21T14:04:23.791+0000] {processor.py:183} INFO - Processing /home/airflow/.local/lib/python3.8/site-packages/airflow/example_dags/example_dynamic_task_mapping.py took 0.069 seconds
[2025-07-21T14:04:53.953+0000] {processor.py:161} INFO - Started process (PID=918) to work on /home/airflow/.local/lib/python3.8/site-packages/airflow/example_dags/example_dynamic_task_mapping.py
[2025-07-21T14:04:53.955+0000] {processor.py:830} INFO - Processing file /home/airflow/.local/lib/python3.8/site-packages/airflow/example_dags/example_dynamic_task_mapping.py for tasks to queue
[2025-07-21T14:04:53.956+0000] {logging_mixin.py:188} INFO - [2025-07-21T14:04:53.955+0000] {dagbag.py:538} INFO - Filling up the DagBag from /home/airflow/.local/lib/python3.8/site-packages/airflow/example_dags/example_dynamic_task_mapping.py
[2025-07-21T14:04:53.962+0000] {processor.py:840} INFO - DAG(s) 'example_dynamic_task_mapping' retrieved from /home/airflow/.local/lib/python3.8/site-packages/airflow/example_dags/example_dynamic_task_mapping.py
[2025-07-21T14:04:53.982+0000] {logging_mixin.py:188} INFO - [2025-07-21T14:04:53.982+0000] {dag.py:3036} INFO - Sync 1 DAGs
[2025-07-21T14:04:54.004+0000] {logging_mixin.py:188} INFO - [2025-07-21T14:04:54.004+0000] {dag.py:3823} INFO - Setting next_dagrun for example_dynamic_task_mapping to 2022-03-04 00:00:00+00:00, run_after=2022-03-05 00:00:00+00:00
[2025-07-21T14:04:54.027+0000] {processor.py:183} INFO - Processing /home/airflow/.local/lib/python3.8/site-packages/airflow/example_dags/example_dynamic_task_mapping.py took 0.076 seconds
[2025-07-21T14:05:24.263+0000] {processor.py:161} INFO - Started process (PID=1161) to work on /home/airflow/.local/lib/python3.8/site-packages/airflow/example_dags/example_dynamic_task_mapping.py
[2025-07-21T14:05:24.264+0000] {processor.py:830} INFO - Processing file /home/airflow/.local/lib/python3.8/site-packages/airflow/example_dags/example_dynamic_task_mapping.py for tasks to queue
[2025-07-21T14:05:24.265+0000] {logging_mixin.py:188} INFO - [2025-07-21T14:05:24.265+0000] {dagbag.py:538} INFO - Filling up the DagBag from /home/airflow/.local/lib/python3.8/site-packages/airflow/example_dags/example_dynamic_task_mapping.py
[2025-07-21T14:05:24.272+0000] {processor.py:840} INFO - DAG(s) 'example_dynamic_task_mapping' retrieved from /home/airflow/.local/lib/python3.8/site-packages/airflow/example_dags/example_dynamic_task_mapping.py
[2025-07-21T14:05:24.291+0000] {logging_mixin.py:188} INFO - [2025-07-21T14:05:24.290+0000] {dag.py:3036} INFO - Sync 1 DAGs
[2025-07-21T14:05:24.314+0000] {logging_mixin.py:188} INFO - [2025-07-21T14:05:24.313+0000] {dag.py:3823} INFO - Setting next_dagrun for example_dynamic_task_mapping to 2022-03-04 00:00:00+00:00, run_after=2022-03-05 00:00:00+00:00
[2025-07-21T14:05:24.336+0000] {processor.py:183} INFO - Processing /home/airflow/.local/lib/python3.8/site-packages/airflow/example_dags/example_dynamic_task_mapping.py took 0.076 seconds
[2025-07-21T14:05:54.518+0000] {processor.py:161} INFO - Started process (PID=1402) to work on /home/airflow/.local/lib/python3.8/site-packages/airflow/example_dags/example_dynamic_task_mapping.py
[2025-07-21T14:05:54.519+0000] {processor.py:830} INFO - Processing file /home/airflow/.local/lib/python3.8/site-packages/airflow/example_dags/example_dynamic_task_mapping.py for tasks to queue
[2025-07-21T14:05:54.521+0000] {logging_mixin.py:188} INFO - [2025-07-21T14:05:54.520+0000] {dagbag.py:538} INFO - Filling up the DagBag from /home/airflow/.local/lib/python3.8/site-packages/airflow/example_dags/example_dynamic_task_mapping.py
[2025-07-21T14:05:54.528+0000] {processor.py:840} INFO - DAG(s) 'example_dynamic_task_mapping' retrieved from /home/airflow/.local/lib/python3.8/site-packages/airflow/example_dags/example_dynamic_task_mapping.py
[2025-07-21T14:05:54.557+0000] {logging_mixin.py:188} INFO - [2025-07-21T14:05:54.557+0000] {dag.py:3036} INFO - Sync 1 DAGs
[2025-07-21T14:05:54.590+0000] {logging_mixin.py:188} INFO - [2025-07-21T14:05:54.589+0000] {dag.py:3823} INFO - Setting next_dagrun for example_dynamic_task_mapping to 2022-03-04 00:00:00+00:00, run_after=2022-03-05 00:00:00+00:00
[2025-07-21T14:05:54.611+0000] {processor.py:183} INFO - Processing /home/airflow/.local/lib/python3.8/site-packages/airflow/example_dags/example_dynamic_task_mapping.py took 0.097 seconds
[2025-07-21T14:06:33.841+0000] {processor.py:161} INFO - Started process (PID=195) to work on /home/airflow/.local/lib/python3.8/site-packages/airflow/example_dags/example_dynamic_task_mapping.py
[2025-07-21T14:06:33.845+0000] {processor.py:830} INFO - Processing file /home/airflow/.local/lib/python3.8/site-packages/airflow/example_dags/example_dynamic_task_mapping.py for tasks to queue
[2025-07-21T14:06:33.846+0000] {logging_mixin.py:188} INFO - [2025-07-21T14:06:33.846+0000] {dagbag.py:538} INFO - Filling up the DagBag from /home/airflow/.local/lib/python3.8/site-packages/airflow/example_dags/example_dynamic_task_mapping.py
[2025-07-21T14:06:33.864+0000] {processor.py:840} INFO - DAG(s) 'example_dynamic_task_mapping' retrieved from /home/airflow/.local/lib/python3.8/site-packages/airflow/example_dags/example_dynamic_task_mapping.py
[2025-07-21T14:06:33.887+0000] {logging_mixin.py:188} INFO - [2025-07-21T14:06:33.887+0000] {dag.py:3036} INFO - Sync 1 DAGs
[2025-07-21T14:06:33.946+0000] {logging_mixin.py:188} INFO - [2025-07-21T14:06:33.945+0000] {dag.py:3823} INFO - Setting next_dagrun for example_dynamic_task_mapping to 2022-03-04 00:00:00+00:00, run_after=2022-03-05 00:00:00+00:00
[2025-07-21T14:06:33.989+0000] {processor.py:183} INFO - Processing /home/airflow/.local/lib/python3.8/site-packages/airflow/example_dags/example_dynamic_task_mapping.py took 0.154 seconds
[2025-07-21T14:07:04.310+0000] {processor.py:161} INFO - Started process (PID=436) to work on /home/airflow/.local/lib/python3.8/site-packages/airflow/example_dags/example_dynamic_task_mapping.py
[2025-07-21T14:07:04.311+0000] {processor.py:830} INFO - Processing file /home/airflow/.local/lib/python3.8/site-packages/airflow/example_dags/example_dynamic_task_mapping.py for tasks to queue
[2025-07-21T14:07:04.313+0000] {logging_mixin.py:188} INFO - [2025-07-21T14:07:04.312+0000] {dagbag.py:538} INFO - Filling up the DagBag from /home/airflow/.local/lib/python3.8/site-packages/airflow/example_dags/example_dynamic_task_mapping.py
[2025-07-21T14:07:04.323+0000] {processor.py:840} INFO - DAG(s) 'example_dynamic_task_mapping' retrieved from /home/airflow/.local/lib/python3.8/site-packages/airflow/example_dags/example_dynamic_task_mapping.py
[2025-07-21T14:07:04.458+0000] {logging_mixin.py:188} INFO - [2025-07-21T14:07:04.458+0000] {dag.py:3036} INFO - Sync 1 DAGs
[2025-07-21T14:07:04.483+0000] {logging_mixin.py:188} INFO - [2025-07-21T14:07:04.483+0000] {dag.py:3823} INFO - Setting next_dagrun for example_dynamic_task_mapping to 2022-03-04 00:00:00+00:00, run_after=2022-03-05 00:00:00+00:00
[2025-07-21T14:07:04.510+0000] {processor.py:183} INFO - Processing /home/airflow/.local/lib/python3.8/site-packages/airflow/example_dags/example_dynamic_task_mapping.py took 0.204 seconds
[2025-07-21T14:07:35.444+0000] {processor.py:161} INFO - Started process (PID=679) to work on /home/airflow/.local/lib/python3.8/site-packages/airflow/example_dags/example_dynamic_task_mapping.py
[2025-07-21T14:07:35.446+0000] {processor.py:830} INFO - Processing file /home/airflow/.local/lib/python3.8/site-packages/airflow/example_dags/example_dynamic_task_mapping.py for tasks to queue
[2025-07-21T14:07:35.447+0000] {logging_mixin.py:188} INFO - [2025-07-21T14:07:35.446+0000] {dagbag.py:538} INFO - Filling up the DagBag from /home/airflow/.local/lib/python3.8/site-packages/airflow/example_dags/example_dynamic_task_mapping.py
[2025-07-21T14:07:35.453+0000] {processor.py:840} INFO - DAG(s) 'example_dynamic_task_mapping' retrieved from /home/airflow/.local/lib/python3.8/site-packages/airflow/example_dags/example_dynamic_task_mapping.py
[2025-07-21T14:07:35.473+0000] {logging_mixin.py:188} INFO - [2025-07-21T14:07:35.473+0000] {dag.py:3036} INFO - Sync 1 DAGs
[2025-07-21T14:07:35.493+0000] {logging_mixin.py:188} INFO - [2025-07-21T14:07:35.493+0000] {dag.py:3823} INFO - Setting next_dagrun for example_dynamic_task_mapping to 2022-03-04 00:00:00+00:00, run_after=2022-03-05 00:00:00+00:00
[2025-07-21T14:07:35.516+0000] {processor.py:183} INFO - Processing /home/airflow/.local/lib/python3.8/site-packages/airflow/example_dags/example_dynamic_task_mapping.py took 0.075 seconds
[2025-07-21T14:08:05.605+0000] {processor.py:161} INFO - Started process (PID=920) to work on /home/airflow/.local/lib/python3.8/site-packages/airflow/example_dags/example_dynamic_task_mapping.py
[2025-07-21T14:08:05.606+0000] {processor.py:830} INFO - Processing file /home/airflow/.local/lib/python3.8/site-packages/airflow/example_dags/example_dynamic_task_mapping.py for tasks to queue
[2025-07-21T14:08:05.607+0000] {logging_mixin.py:188} INFO - [2025-07-21T14:08:05.607+0000] {dagbag.py:538} INFO - Filling up the DagBag from /home/airflow/.local/lib/python3.8/site-packages/airflow/example_dags/example_dynamic_task_mapping.py
[2025-07-21T14:08:05.613+0000] {processor.py:840} INFO - DAG(s) 'example_dynamic_task_mapping' retrieved from /home/airflow/.local/lib/python3.8/site-packages/airflow/example_dags/example_dynamic_task_mapping.py
[2025-07-21T14:08:05.632+0000] {logging_mixin.py:188} INFO - [2025-07-21T14:08:05.631+0000] {dag.py:3036} INFO - Sync 1 DAGs
[2025-07-21T14:08:05.651+0000] {logging_mixin.py:188} INFO - [2025-07-21T14:08:05.650+0000] {dag.py:3823} INFO - Setting next_dagrun for example_dynamic_task_mapping to 2022-03-04 00:00:00+00:00, run_after=2022-03-05 00:00:00+00:00
[2025-07-21T14:08:05.670+0000] {processor.py:183} INFO - Processing /home/airflow/.local/lib/python3.8/site-packages/airflow/example_dags/example_dynamic_task_mapping.py took 0.068 seconds
[2025-07-21T14:08:35.763+0000] {processor.py:161} INFO - Started process (PID=1161) to work on /home/airflow/.local/lib/python3.8/site-packages/airflow/example_dags/example_dynamic_task_mapping.py
[2025-07-21T14:08:35.764+0000] {processor.py:830} INFO - Processing file /home/airflow/.local/lib/python3.8/site-packages/airflow/example_dags/example_dynamic_task_mapping.py for tasks to queue
[2025-07-21T14:08:35.765+0000] {logging_mixin.py:188} INFO - [2025-07-21T14:08:35.765+0000] {dagbag.py:538} INFO - Filling up the DagBag from /home/airflow/.local/lib/python3.8/site-packages/airflow/example_dags/example_dynamic_task_mapping.py
[2025-07-21T14:08:35.778+0000] {processor.py:840} INFO - DAG(s) 'example_dynamic_task_mapping' retrieved from /home/airflow/.local/lib/python3.8/site-packages/airflow/example_dags/example_dynamic_task_mapping.py
[2025-07-21T14:08:35.799+0000] {logging_mixin.py:188} INFO - [2025-07-21T14:08:35.799+0000] {dag.py:3036} INFO - Sync 1 DAGs
[2025-07-21T14:08:35.820+0000] {logging_mixin.py:188} INFO - [2025-07-21T14:08:35.820+0000] {dag.py:3823} INFO - Setting next_dagrun for example_dynamic_task_mapping to 2022-03-04 00:00:00+00:00, run_after=2022-03-05 00:00:00+00:00
[2025-07-21T14:08:35.841+0000] {processor.py:183} INFO - Processing /home/airflow/.local/lib/python3.8/site-packages/airflow/example_dags/example_dynamic_task_mapping.py took 0.081 seconds
[2025-07-21T14:09:06.082+0000] {processor.py:161} INFO - Started process (PID=1468) to work on /home/airflow/.local/lib/python3.8/site-packages/airflow/example_dags/example_dynamic_task_mapping.py
[2025-07-21T14:09:06.084+0000] {processor.py:830} INFO - Processing file /home/airflow/.local/lib/python3.8/site-packages/airflow/example_dags/example_dynamic_task_mapping.py for tasks to queue
[2025-07-21T14:09:06.087+0000] {logging_mixin.py:188} INFO - [2025-07-21T14:09:06.086+0000] {dagbag.py:538} INFO - Filling up the DagBag from /home/airflow/.local/lib/python3.8/site-packages/airflow/example_dags/example_dynamic_task_mapping.py
[2025-07-21T14:09:06.105+0000] {processor.py:840} INFO - DAG(s) 'example_dynamic_task_mapping' retrieved from /home/airflow/.local/lib/python3.8/site-packages/airflow/example_dags/example_dynamic_task_mapping.py
[2025-07-21T14:09:06.164+0000] {logging_mixin.py:188} INFO - [2025-07-21T14:09:06.163+0000] {dag.py:3036} INFO - Sync 1 DAGs
[2025-07-21T14:09:06.218+0000] {logging_mixin.py:188} INFO - [2025-07-21T14:09:06.217+0000] {dag.py:3823} INFO - Setting next_dagrun for example_dynamic_task_mapping to 2022-03-04 00:00:00+00:00, run_after=2022-03-05 00:00:00+00:00
