[2025-07-21T14:03:25.680+0000] {processor.py:161} INFO - Started process (PID=250) to work on /home/airflow/.local/lib/python3.8/site-packages/airflow/example_dags/example_subdag_operator.py
[2025-07-21T14:03:25.682+0000] {processor.py:830} INFO - Processing file /home/airflow/.local/lib/python3.8/site-packages/airflow/example_dags/example_subdag_operator.py for tasks to queue
[2025-07-21T14:03:25.685+0000] {logging_mixin.py:188} INFO - [2025-07-21T14:03:25.684+0000] {dagbag.py:538} INFO - Filling up the DagBag from /home/airflow/.local/lib/python3.8/site-packages/airflow/example_dags/example_subdag_operator.py
[2025-07-21T14:03:25.737+0000] {processor.py:840} INFO - DAG(s) 'example_subdag_operator.section-1', 'example_subdag_operator.section-2', 'example_subdag_operator' retrieved from /home/airflow/.local/lib/python3.8/site-packages/airflow/example_dags/example_subdag_operator.py
[2025-07-21T14:03:25.966+0000] {logging_mixin.py:188} INFO - [2025-07-21T14:03:25.965+0000] {override.py:1769} INFO - Created Permission View: can read on DAG:example_subdag_operator
[2025-07-21T14:03:25.988+0000] {logging_mixin.py:188} INFO - [2025-07-21T14:03:25.987+0000] {override.py:1769} INFO - Created Permission View: can edit on DAG:example_subdag_operator
[2025-07-21T14:03:26.006+0000] {logging_mixin.py:188} INFO - [2025-07-21T14:03:26.005+0000] {override.py:1769} INFO - Created Permission View: can delete on DAG:example_subdag_operator
[2025-07-21T14:03:26.007+0000] {logging_mixin.py:188} INFO - [2025-07-21T14:03:26.007+0000] {dag.py:3036} INFO - Sync 3 DAGs
[2025-07-21T14:03:26.032+0000] {logging_mixin.py:188} INFO - [2025-07-21T14:03:26.031+0000] {dag.py:3058} INFO - Creating ORM DAG for example_subdag_operator.section-2
[2025-07-21T14:03:26.034+0000] {logging_mixin.py:188} INFO - [2025-07-21T14:03:26.034+0000] {dag.py:3058} INFO - Creating ORM DAG for example_subdag_operator
[2025-07-21T14:03:26.036+0000] {logging_mixin.py:188} INFO - [2025-07-21T14:03:26.035+0000] {dag.py:3058} INFO - Creating ORM DAG for example_subdag_operator.section-1
[2025-07-21T14:03:26.055+0000] {logging_mixin.py:188} INFO - [2025-07-21T14:03:26.055+0000] {dag.py:3823} INFO - Setting next_dagrun for example_subdag_operator to 2022-01-01 00:00:00+00:00, run_after=2022-01-01 00:00:00+00:00
[2025-07-21T14:03:26.057+0000] {logging_mixin.py:188} INFO - [2025-07-21T14:03:26.057+0000] {dag.py:3823} INFO - Setting next_dagrun for example_subdag_operator.section-1 to None, run_after=None
[2025-07-21T14:03:26.058+0000] {logging_mixin.py:188} INFO - [2025-07-21T14:03:26.058+0000] {dag.py:3823} INFO - Setting next_dagrun for example_subdag_operator.section-2 to None, run_after=None
[2025-07-21T14:03:26.076+0000] {logging_mixin.py:188} INFO - [2025-07-21T14:03:26.076+0000] {dag.py:3036} INFO - Sync 2 DAGs
[2025-07-21T14:03:26.085+0000] {logging_mixin.py:188} INFO - [2025-07-21T14:03:26.084+0000] {dag.py:3823} INFO - Setting next_dagrun for example_subdag_operator.section-1 to None, run_after=None
[2025-07-21T14:03:26.091+0000] {logging_mixin.py:188} INFO - [2025-07-21T14:03:26.090+0000] {dag.py:3823} INFO - Setting next_dagrun for example_subdag_operator.section-2 to None, run_after=None
[2025-07-21T14:03:26.112+0000] {processor.py:183} INFO - Processing /home/airflow/.local/lib/python3.8/site-packages/airflow/example_dags/example_subdag_operator.py took 0.439 seconds
[2025-07-21T14:03:56.309+0000] {processor.py:161} INFO - Started process (PID=493) to work on /home/airflow/.local/lib/python3.8/site-packages/airflow/example_dags/example_subdag_operator.py
[2025-07-21T14:03:56.310+0000] {processor.py:830} INFO - Processing file /home/airflow/.local/lib/python3.8/site-packages/airflow/example_dags/example_subdag_operator.py for tasks to queue
[2025-07-21T14:03:56.311+0000] {logging_mixin.py:188} INFO - [2025-07-21T14:03:56.311+0000] {dagbag.py:538} INFO - Filling up the DagBag from /home/airflow/.local/lib/python3.8/site-packages/airflow/example_dags/example_subdag_operator.py
[2025-07-21T14:03:56.333+0000] {processor.py:840} INFO - DAG(s) 'example_subdag_operator.section-1', 'example_subdag_operator.section-2', 'example_subdag_operator' retrieved from /home/airflow/.local/lib/python3.8/site-packages/airflow/example_dags/example_subdag_operator.py
[2025-07-21T14:03:56.347+0000] {logging_mixin.py:188} INFO - [2025-07-21T14:03:56.347+0000] {dag.py:3036} INFO - Sync 3 DAGs
[2025-07-21T14:03:56.365+0000] {logging_mixin.py:188} INFO - [2025-07-21T14:03:56.365+0000] {dag.py:3823} INFO - Setting next_dagrun for example_subdag_operator to 2022-01-01 00:00:00+00:00, run_after=2022-01-01 00:00:00+00:00
[2025-07-21T14:03:56.369+0000] {logging_mixin.py:188} INFO - [2025-07-21T14:03:56.369+0000] {dag.py:3823} INFO - Setting next_dagrun for example_subdag_operator.section-1 to None, run_after=None
[2025-07-21T14:03:56.371+0000] {logging_mixin.py:188} INFO - [2025-07-21T14:03:56.371+0000] {dag.py:3823} INFO - Setting next_dagrun for example_subdag_operator.section-2 to None, run_after=None
[2025-07-21T14:03:56.378+0000] {logging_mixin.py:188} INFO - [2025-07-21T14:03:56.378+0000] {dag.py:3036} INFO - Sync 2 DAGs
[2025-07-21T14:03:56.384+0000] {logging_mixin.py:188} INFO - [2025-07-21T14:03:56.383+0000] {dag.py:3823} INFO - Setting next_dagrun for example_subdag_operator.section-1 to None, run_after=None
[2025-07-21T14:03:56.385+0000] {logging_mixin.py:188} INFO - [2025-07-21T14:03:56.384+0000] {dag.py:3823} INFO - Setting next_dagrun for example_subdag_operator.section-2 to None, run_after=None
[2025-07-21T14:03:56.399+0000] {processor.py:183} INFO - Processing /home/airflow/.local/lib/python3.8/site-packages/airflow/example_dags/example_subdag_operator.py took 0.093 seconds
[2025-07-21T14:04:26.456+0000] {processor.py:161} INFO - Started process (PID=734) to work on /home/airflow/.local/lib/python3.8/site-packages/airflow/example_dags/example_subdag_operator.py
[2025-07-21T14:04:26.457+0000] {processor.py:830} INFO - Processing file /home/airflow/.local/lib/python3.8/site-packages/airflow/example_dags/example_subdag_operator.py for tasks to queue
[2025-07-21T14:04:26.458+0000] {logging_mixin.py:188} INFO - [2025-07-21T14:04:26.458+0000] {dagbag.py:538} INFO - Filling up the DagBag from /home/airflow/.local/lib/python3.8/site-packages/airflow/example_dags/example_subdag_operator.py
[2025-07-21T14:04:26.481+0000] {processor.py:840} INFO - DAG(s) 'example_subdag_operator.section-1', 'example_subdag_operator.section-2', 'example_subdag_operator' retrieved from /home/airflow/.local/lib/python3.8/site-packages/airflow/example_dags/example_subdag_operator.py
[2025-07-21T14:04:26.497+0000] {logging_mixin.py:188} INFO - [2025-07-21T14:04:26.497+0000] {dag.py:3036} INFO - Sync 3 DAGs
[2025-07-21T14:04:26.517+0000] {logging_mixin.py:188} INFO - [2025-07-21T14:04:26.516+0000] {dag.py:3823} INFO - Setting next_dagrun for example_subdag_operator to 2022-01-01 00:00:00+00:00, run_after=2022-01-01 00:00:00+00:00
[2025-07-21T14:04:26.520+0000] {logging_mixin.py:188} INFO - [2025-07-21T14:04:26.520+0000] {dag.py:3823} INFO - Setting next_dagrun for example_subdag_operator.section-1 to None, run_after=None
[2025-07-21T14:04:26.522+0000] {logging_mixin.py:188} INFO - [2025-07-21T14:04:26.522+0000] {dag.py:3823} INFO - Setting next_dagrun for example_subdag_operator.section-2 to None, run_after=None
[2025-07-21T14:04:26.529+0000] {logging_mixin.py:188} INFO - [2025-07-21T14:04:26.528+0000] {dag.py:3036} INFO - Sync 2 DAGs
[2025-07-21T14:04:26.534+0000] {logging_mixin.py:188} INFO - [2025-07-21T14:04:26.533+0000] {dag.py:3823} INFO - Setting next_dagrun for example_subdag_operator.section-1 to None, run_after=None
[2025-07-21T14:04:26.534+0000] {logging_mixin.py:188} INFO - [2025-07-21T14:04:26.534+0000] {dag.py:3823} INFO - Setting next_dagrun for example_subdag_operator.section-2 to None, run_after=None
[2025-07-21T14:04:26.550+0000] {processor.py:183} INFO - Processing /home/airflow/.local/lib/python3.8/site-packages/airflow/example_dags/example_subdag_operator.py took 0.097 seconds
[2025-07-21T14:04:56.783+0000] {processor.py:161} INFO - Started process (PID=975) to work on /home/airflow/.local/lib/python3.8/site-packages/airflow/example_dags/example_subdag_operator.py
[2025-07-21T14:04:56.784+0000] {processor.py:830} INFO - Processing file /home/airflow/.local/lib/python3.8/site-packages/airflow/example_dags/example_subdag_operator.py for tasks to queue
[2025-07-21T14:04:56.785+0000] {logging_mixin.py:188} INFO - [2025-07-21T14:04:56.785+0000] {dagbag.py:538} INFO - Filling up the DagBag from /home/airflow/.local/lib/python3.8/site-packages/airflow/example_dags/example_subdag_operator.py
[2025-07-21T14:04:56.812+0000] {processor.py:840} INFO - DAG(s) 'example_subdag_operator.section-1', 'example_subdag_operator.section-2', 'example_subdag_operator' retrieved from /home/airflow/.local/lib/python3.8/site-packages/airflow/example_dags/example_subdag_operator.py
[2025-07-21T14:04:56.831+0000] {logging_mixin.py:188} INFO - [2025-07-21T14:04:56.831+0000] {dag.py:3036} INFO - Sync 3 DAGs
[2025-07-21T14:04:56.853+0000] {logging_mixin.py:188} INFO - [2025-07-21T14:04:56.853+0000] {dag.py:3823} INFO - Setting next_dagrun for example_subdag_operator to 2022-01-01 00:00:00+00:00, run_after=2022-01-01 00:00:00+00:00
[2025-07-21T14:04:56.858+0000] {logging_mixin.py:188} INFO - [2025-07-21T14:04:56.857+0000] {dag.py:3823} INFO - Setting next_dagrun for example_subdag_operator.section-1 to None, run_after=None
[2025-07-21T14:04:56.860+0000] {logging_mixin.py:188} INFO - [2025-07-21T14:04:56.860+0000] {dag.py:3823} INFO - Setting next_dagrun for example_subdag_operator.section-2 to None, run_after=None
[2025-07-21T14:04:56.871+0000] {logging_mixin.py:188} INFO - [2025-07-21T14:04:56.871+0000] {dag.py:3036} INFO - Sync 2 DAGs
[2025-07-21T14:04:56.877+0000] {logging_mixin.py:188} INFO - [2025-07-21T14:04:56.877+0000] {dag.py:3823} INFO - Setting next_dagrun for example_subdag_operator.section-1 to None, run_after=None
[2025-07-21T14:04:56.879+0000] {logging_mixin.py:188} INFO - [2025-07-21T14:04:56.879+0000] {dag.py:3823} INFO - Setting next_dagrun for example_subdag_operator.section-2 to None, run_after=None
[2025-07-21T14:04:56.893+0000] {processor.py:183} INFO - Processing /home/airflow/.local/lib/python3.8/site-packages/airflow/example_dags/example_subdag_operator.py took 0.114 seconds
[2025-07-21T14:05:26.984+0000] {processor.py:161} INFO - Started process (PID=1216) to work on /home/airflow/.local/lib/python3.8/site-packages/airflow/example_dags/example_subdag_operator.py
[2025-07-21T14:05:26.985+0000] {processor.py:830} INFO - Processing file /home/airflow/.local/lib/python3.8/site-packages/airflow/example_dags/example_subdag_operator.py for tasks to queue
[2025-07-21T14:05:26.986+0000] {logging_mixin.py:188} INFO - [2025-07-21T14:05:26.986+0000] {dagbag.py:538} INFO - Filling up the DagBag from /home/airflow/.local/lib/python3.8/site-packages/airflow/example_dags/example_subdag_operator.py
[2025-07-21T14:05:27.010+0000] {processor.py:840} INFO - DAG(s) 'example_subdag_operator.section-1', 'example_subdag_operator.section-2', 'example_subdag_operator' retrieved from /home/airflow/.local/lib/python3.8/site-packages/airflow/example_dags/example_subdag_operator.py
[2025-07-21T14:05:27.027+0000] {logging_mixin.py:188} INFO - [2025-07-21T14:05:27.027+0000] {dag.py:3036} INFO - Sync 3 DAGs
[2025-07-21T14:05:27.049+0000] {logging_mixin.py:188} INFO - [2025-07-21T14:05:27.049+0000] {dag.py:3823} INFO - Setting next_dagrun for example_subdag_operator to 2022-01-01 00:00:00+00:00, run_after=2022-01-01 00:00:00+00:00
[2025-07-21T14:05:27.053+0000] {logging_mixin.py:188} INFO - [2025-07-21T14:05:27.053+0000] {dag.py:3823} INFO - Setting next_dagrun for example_subdag_operator.section-1 to None, run_after=None
[2025-07-21T14:05:27.055+0000] {logging_mixin.py:188} INFO - [2025-07-21T14:05:27.055+0000] {dag.py:3823} INFO - Setting next_dagrun for example_subdag_operator.section-2 to None, run_after=None
[2025-07-21T14:05:27.062+0000] {logging_mixin.py:188} INFO - [2025-07-21T14:05:27.062+0000] {dag.py:3036} INFO - Sync 2 DAGs
[2025-07-21T14:05:27.069+0000] {logging_mixin.py:188} INFO - [2025-07-21T14:05:27.069+0000] {dag.py:3823} INFO - Setting next_dagrun for example_subdag_operator.section-1 to None, run_after=None
[2025-07-21T14:05:27.070+0000] {logging_mixin.py:188} INFO - [2025-07-21T14:05:27.069+0000] {dag.py:3823} INFO - Setting next_dagrun for example_subdag_operator.section-2 to None, run_after=None
[2025-07-21T14:05:27.088+0000] {processor.py:183} INFO - Processing /home/airflow/.local/lib/python3.8/site-packages/airflow/example_dags/example_subdag_operator.py took 0.107 seconds
[2025-07-21T14:05:57.278+0000] {processor.py:161} INFO - Started process (PID=1457) to work on /home/airflow/.local/lib/python3.8/site-packages/airflow/example_dags/example_subdag_operator.py
[2025-07-21T14:05:57.280+0000] {processor.py:830} INFO - Processing file /home/airflow/.local/lib/python3.8/site-packages/airflow/example_dags/example_subdag_operator.py for tasks to queue
[2025-07-21T14:05:57.280+0000] {logging_mixin.py:188} INFO - [2025-07-21T14:05:57.280+0000] {dagbag.py:538} INFO - Filling up the DagBag from /home/airflow/.local/lib/python3.8/site-packages/airflow/example_dags/example_subdag_operator.py
[2025-07-21T14:05:57.302+0000] {processor.py:840} INFO - DAG(s) 'example_subdag_operator.section-1', 'example_subdag_operator.section-2', 'example_subdag_operator' retrieved from /home/airflow/.local/lib/python3.8/site-packages/airflow/example_dags/example_subdag_operator.py
[2025-07-21T14:05:57.317+0000] {logging_mixin.py:188} INFO - [2025-07-21T14:05:57.317+0000] {dag.py:3036} INFO - Sync 3 DAGs
[2025-07-21T14:05:57.337+0000] {logging_mixin.py:188} INFO - [2025-07-21T14:05:57.336+0000] {dag.py:3823} INFO - Setting next_dagrun for example_subdag_operator to 2022-01-01 00:00:00+00:00, run_after=2022-01-01 00:00:00+00:00
[2025-07-21T14:05:57.340+0000] {logging_mixin.py:188} INFO - [2025-07-21T14:05:57.340+0000] {dag.py:3823} INFO - Setting next_dagrun for example_subdag_operator.section-1 to None, run_after=None
[2025-07-21T14:05:57.342+0000] {logging_mixin.py:188} INFO - [2025-07-21T14:05:57.342+0000] {dag.py:3823} INFO - Setting next_dagrun for example_subdag_operator.section-2 to None, run_after=None
[2025-07-21T14:05:57.348+0000] {logging_mixin.py:188} INFO - [2025-07-21T14:05:57.348+0000] {dag.py:3036} INFO - Sync 2 DAGs
[2025-07-21T14:05:57.353+0000] {logging_mixin.py:188} INFO - [2025-07-21T14:05:57.353+0000] {dag.py:3823} INFO - Setting next_dagrun for example_subdag_operator.section-1 to None, run_after=None
[2025-07-21T14:05:57.354+0000] {logging_mixin.py:188} INFO - [2025-07-21T14:05:57.354+0000] {dag.py:3823} INFO - Setting next_dagrun for example_subdag_operator.section-2 to None, run_after=None
[2025-07-21T14:05:57.366+0000] {processor.py:183} INFO - Processing /home/airflow/.local/lib/python3.8/site-packages/airflow/example_dags/example_subdag_operator.py took 0.090 seconds
[2025-07-21T14:06:34.941+0000] {processor.py:161} INFO - Started process (PID=250) to work on /home/airflow/.local/lib/python3.8/site-packages/airflow/example_dags/example_subdag_operator.py
[2025-07-21T14:06:34.943+0000] {processor.py:830} INFO - Processing file /home/airflow/.local/lib/python3.8/site-packages/airflow/example_dags/example_subdag_operator.py for tasks to queue
[2025-07-21T14:06:34.946+0000] {logging_mixin.py:188} INFO - [2025-07-21T14:06:34.945+0000] {dagbag.py:538} INFO - Filling up the DagBag from /home/airflow/.local/lib/python3.8/site-packages/airflow/example_dags/example_subdag_operator.py
[2025-07-21T14:06:34.984+0000] {processor.py:840} INFO - DAG(s) 'example_subdag_operator.section-1', 'example_subdag_operator.section-2', 'example_subdag_operator' retrieved from /home/airflow/.local/lib/python3.8/site-packages/airflow/example_dags/example_subdag_operator.py
[2025-07-21T14:06:34.989+0000] {logging_mixin.py:188} INFO - [2025-07-21T14:06:34.988+0000] {dag.py:3036} INFO - Sync 3 DAGs
[2025-07-21T14:06:35.032+0000] {logging_mixin.py:188} INFO - [2025-07-21T14:06:35.032+0000] {dag.py:3823} INFO - Setting next_dagrun for example_subdag_operator to 2022-01-01 00:00:00+00:00, run_after=2022-01-01 00:00:00+00:00
[2025-07-21T14:06:35.039+0000] {logging_mixin.py:188} INFO - [2025-07-21T14:06:35.038+0000] {dag.py:3823} INFO - Setting next_dagrun for example_subdag_operator.section-1 to None, run_after=None
[2025-07-21T14:06:35.041+0000] {logging_mixin.py:188} INFO - [2025-07-21T14:06:35.041+0000] {dag.py:3823} INFO - Setting next_dagrun for example_subdag_operator.section-2 to None, run_after=None
[2025-07-21T14:06:35.056+0000] {logging_mixin.py:188} INFO - [2025-07-21T14:06:35.056+0000] {dag.py:3036} INFO - Sync 2 DAGs
[2025-07-21T14:06:35.065+0000] {logging_mixin.py:188} INFO - [2025-07-21T14:06:35.065+0000] {dag.py:3823} INFO - Setting next_dagrun for example_subdag_operator.section-1 to None, run_after=None
[2025-07-21T14:06:35.067+0000] {logging_mixin.py:188} INFO - [2025-07-21T14:06:35.066+0000] {dag.py:3823} INFO - Setting next_dagrun for example_subdag_operator.section-2 to None, run_after=None
[2025-07-21T14:06:35.087+0000] {processor.py:183} INFO - Processing /home/airflow/.local/lib/python3.8/site-packages/airflow/example_dags/example_subdag_operator.py took 0.152 seconds
[2025-07-21T14:07:05.756+0000] {processor.py:161} INFO - Started process (PID=493) to work on /home/airflow/.local/lib/python3.8/site-packages/airflow/example_dags/example_subdag_operator.py
[2025-07-21T14:07:05.758+0000] {processor.py:830} INFO - Processing file /home/airflow/.local/lib/python3.8/site-packages/airflow/example_dags/example_subdag_operator.py for tasks to queue
[2025-07-21T14:07:05.760+0000] {logging_mixin.py:188} INFO - [2025-07-21T14:07:05.759+0000] {dagbag.py:538} INFO - Filling up the DagBag from /home/airflow/.local/lib/python3.8/site-packages/airflow/example_dags/example_subdag_operator.py
[2025-07-21T14:07:05.796+0000] {processor.py:840} INFO - DAG(s) 'example_subdag_operator.section-1', 'example_subdag_operator.section-2', 'example_subdag_operator' retrieved from /home/airflow/.local/lib/python3.8/site-packages/airflow/example_dags/example_subdag_operator.py
[2025-07-21T14:07:05.917+0000] {logging_mixin.py:188} INFO - [2025-07-21T14:07:05.916+0000] {dag.py:3036} INFO - Sync 3 DAGs
[2025-07-21T14:07:05.944+0000] {logging_mixin.py:188} INFO - [2025-07-21T14:07:05.943+0000] {dag.py:3823} INFO - Setting next_dagrun for example_subdag_operator to 2022-01-01 00:00:00+00:00, run_after=2022-01-01 00:00:00+00:00
[2025-07-21T14:07:05.948+0000] {logging_mixin.py:188} INFO - [2025-07-21T14:07:05.948+0000] {dag.py:3823} INFO - Setting next_dagrun for example_subdag_operator.section-1 to None, run_after=None
[2025-07-21T14:07:05.950+0000] {logging_mixin.py:188} INFO - [2025-07-21T14:07:05.950+0000] {dag.py:3823} INFO - Setting next_dagrun for example_subdag_operator.section-2 to None, run_after=None
[2025-07-21T14:07:05.963+0000] {logging_mixin.py:188} INFO - [2025-07-21T14:07:05.963+0000] {dag.py:3036} INFO - Sync 2 DAGs
[2025-07-21T14:07:05.973+0000] {logging_mixin.py:188} INFO - [2025-07-21T14:07:05.973+0000] {dag.py:3823} INFO - Setting next_dagrun for example_subdag_operator.section-1 to None, run_after=None
[2025-07-21T14:07:05.975+0000] {logging_mixin.py:188} INFO - [2025-07-21T14:07:05.975+0000] {dag.py:3823} INFO - Setting next_dagrun for example_subdag_operator.section-2 to None, run_after=None
[2025-07-21T14:07:06.007+0000] {processor.py:183} INFO - Processing /home/airflow/.local/lib/python3.8/site-packages/airflow/example_dags/example_subdag_operator.py took 0.255 seconds
[2025-07-21T14:07:36.107+0000] {processor.py:161} INFO - Started process (PID=734) to work on /home/airflow/.local/lib/python3.8/site-packages/airflow/example_dags/example_subdag_operator.py
[2025-07-21T14:07:36.108+0000] {processor.py:830} INFO - Processing file /home/airflow/.local/lib/python3.8/site-packages/airflow/example_dags/example_subdag_operator.py for tasks to queue
[2025-07-21T14:07:36.109+0000] {logging_mixin.py:188} INFO - [2025-07-21T14:07:36.109+0000] {dagbag.py:538} INFO - Filling up the DagBag from /home/airflow/.local/lib/python3.8/site-packages/airflow/example_dags/example_subdag_operator.py
[2025-07-21T14:07:36.133+0000] {processor.py:840} INFO - DAG(s) 'example_subdag_operator.section-1', 'example_subdag_operator.section-2', 'example_subdag_operator' retrieved from /home/airflow/.local/lib/python3.8/site-packages/airflow/example_dags/example_subdag_operator.py
[2025-07-21T14:07:36.148+0000] {logging_mixin.py:188} INFO - [2025-07-21T14:07:36.148+0000] {dag.py:3036} INFO - Sync 3 DAGs
[2025-07-21T14:07:36.166+0000] {logging_mixin.py:188} INFO - [2025-07-21T14:07:36.166+0000] {dag.py:3823} INFO - Setting next_dagrun for example_subdag_operator to 2022-01-01 00:00:00+00:00, run_after=2022-01-01 00:00:00+00:00
[2025-07-21T14:07:36.170+0000] {logging_mixin.py:188} INFO - [2025-07-21T14:07:36.169+0000] {dag.py:3823} INFO - Setting next_dagrun for example_subdag_operator.section-1 to None, run_after=None
[2025-07-21T14:07:36.171+0000] {logging_mixin.py:188} INFO - [2025-07-21T14:07:36.171+0000] {dag.py:3823} INFO - Setting next_dagrun for example_subdag_operator.section-2 to None, run_after=None
[2025-07-21T14:07:36.178+0000] {logging_mixin.py:188} INFO - [2025-07-21T14:07:36.178+0000] {dag.py:3036} INFO - Sync 2 DAGs
[2025-07-21T14:07:36.183+0000] {logging_mixin.py:188} INFO - [2025-07-21T14:07:36.183+0000] {dag.py:3823} INFO - Setting next_dagrun for example_subdag_operator.section-1 to None, run_after=None
[2025-07-21T14:07:36.184+0000] {logging_mixin.py:188} INFO - [2025-07-21T14:07:36.184+0000] {dag.py:3823} INFO - Setting next_dagrun for example_subdag_operator.section-2 to None, run_after=None
[2025-07-21T14:07:36.199+0000] {processor.py:183} INFO - Processing /home/airflow/.local/lib/python3.8/site-packages/airflow/example_dags/example_subdag_operator.py took 0.095 seconds
[2025-07-21T14:08:06.356+0000] {processor.py:161} INFO - Started process (PID=975) to work on /home/airflow/.local/lib/python3.8/site-packages/airflow/example_dags/example_subdag_operator.py
[2025-07-21T14:08:06.357+0000] {processor.py:830} INFO - Processing file /home/airflow/.local/lib/python3.8/site-packages/airflow/example_dags/example_subdag_operator.py for tasks to queue
[2025-07-21T14:08:06.358+0000] {logging_mixin.py:188} INFO - [2025-07-21T14:08:06.358+0000] {dagbag.py:538} INFO - Filling up the DagBag from /home/airflow/.local/lib/python3.8/site-packages/airflow/example_dags/example_subdag_operator.py
[2025-07-21T14:08:06.381+0000] {processor.py:840} INFO - DAG(s) 'example_subdag_operator.section-1', 'example_subdag_operator.section-2', 'example_subdag_operator' retrieved from /home/airflow/.local/lib/python3.8/site-packages/airflow/example_dags/example_subdag_operator.py
[2025-07-21T14:08:06.395+0000] {logging_mixin.py:188} INFO - [2025-07-21T14:08:06.395+0000] {dag.py:3036} INFO - Sync 3 DAGs
[2025-07-21T14:08:06.413+0000] {logging_mixin.py:188} INFO - [2025-07-21T14:08:06.413+0000] {dag.py:3823} INFO - Setting next_dagrun for example_subdag_operator to 2022-01-01 00:00:00+00:00, run_after=2022-01-01 00:00:00+00:00
[2025-07-21T14:08:06.417+0000] {logging_mixin.py:188} INFO - [2025-07-21T14:08:06.417+0000] {dag.py:3823} INFO - Setting next_dagrun for example_subdag_operator.section-1 to None, run_after=None
[2025-07-21T14:08:06.419+0000] {logging_mixin.py:188} INFO - [2025-07-21T14:08:06.418+0000] {dag.py:3823} INFO - Setting next_dagrun for example_subdag_operator.section-2 to None, run_after=None
[2025-07-21T14:08:06.426+0000] {logging_mixin.py:188} INFO - [2025-07-21T14:08:06.425+0000] {dag.py:3036} INFO - Sync 2 DAGs
[2025-07-21T14:08:06.431+0000] {logging_mixin.py:188} INFO - [2025-07-21T14:08:06.431+0000] {dag.py:3823} INFO - Setting next_dagrun for example_subdag_operator.section-1 to None, run_after=None
[2025-07-21T14:08:06.432+0000] {logging_mixin.py:188} INFO - [2025-07-21T14:08:06.432+0000] {dag.py:3823} INFO - Setting next_dagrun for example_subdag_operator.section-2 to None, run_after=None
[2025-07-21T14:08:06.447+0000] {processor.py:183} INFO - Processing /home/airflow/.local/lib/python3.8/site-packages/airflow/example_dags/example_subdag_operator.py took 0.094 seconds
[2025-07-21T14:08:36.547+0000] {processor.py:161} INFO - Started process (PID=1214) to work on /home/airflow/.local/lib/python3.8/site-packages/airflow/example_dags/example_subdag_operator.py
[2025-07-21T14:08:36.548+0000] {processor.py:830} INFO - Processing file /home/airflow/.local/lib/python3.8/site-packages/airflow/example_dags/example_subdag_operator.py for tasks to queue
[2025-07-21T14:08:36.550+0000] {logging_mixin.py:188} INFO - [2025-07-21T14:08:36.549+0000] {dagbag.py:538} INFO - Filling up the DagBag from /home/airflow/.local/lib/python3.8/site-packages/airflow/example_dags/example_subdag_operator.py
[2025-07-21T14:08:36.573+0000] {processor.py:840} INFO - DAG(s) 'example_subdag_operator.section-1', 'example_subdag_operator.section-2', 'example_subdag_operator' retrieved from /home/airflow/.local/lib/python3.8/site-packages/airflow/example_dags/example_subdag_operator.py
[2025-07-21T14:08:36.588+0000] {logging_mixin.py:188} INFO - [2025-07-21T14:08:36.588+0000] {dag.py:3036} INFO - Sync 3 DAGs
[2025-07-21T14:08:36.608+0000] {logging_mixin.py:188} INFO - [2025-07-21T14:08:36.608+0000] {dag.py:3823} INFO - Setting next_dagrun for example_subdag_operator to 2022-01-01 00:00:00+00:00, run_after=2022-01-01 00:00:00+00:00
[2025-07-21T14:08:36.612+0000] {logging_mixin.py:188} INFO - [2025-07-21T14:08:36.612+0000] {dag.py:3823} INFO - Setting next_dagrun for example_subdag_operator.section-1 to None, run_after=None
[2025-07-21T14:08:36.614+0000] {logging_mixin.py:188} INFO - [2025-07-21T14:08:36.613+0000] {dag.py:3823} INFO - Setting next_dagrun for example_subdag_operator.section-2 to None, run_after=None
[2025-07-21T14:08:36.621+0000] {logging_mixin.py:188} INFO - [2025-07-21T14:08:36.621+0000] {dag.py:3036} INFO - Sync 2 DAGs
[2025-07-21T14:08:36.628+0000] {logging_mixin.py:188} INFO - [2025-07-21T14:08:36.627+0000] {dag.py:3823} INFO - Setting next_dagrun for example_subdag_operator.section-1 to None, run_after=None
[2025-07-21T14:08:36.629+0000] {logging_mixin.py:188} INFO - [2025-07-21T14:08:36.628+0000] {dag.py:3823} INFO - Setting next_dagrun for example_subdag_operator.section-2 to None, run_after=None
[2025-07-21T14:08:36.642+0000] {processor.py:183} INFO - Processing /home/airflow/.local/lib/python3.8/site-packages/airflow/example_dags/example_subdag_operator.py took 0.099 seconds
