[2025-07-21T14:03:31.120+0000] {processor.py:161} INFO - Started process (PID=370) to work on /home/airflow/.local/lib/python3.8/site-packages/airflow/example_dags/example_sensor_decorator.py
[2025-07-21T14:03:31.122+0000] {processor.py:830} INFO - Processing file /home/airflow/.local/lib/python3.8/site-packages/airflow/example_dags/example_sensor_decorator.py for tasks to queue
[2025-07-21T14:03:31.124+0000] {logging_mixin.py:188} INFO - [2025-07-21T14:03:31.123+0000] {dagbag.py:538} INFO - Filling up the DagBag from /home/airflow/.local/lib/python3.8/site-packages/airflow/example_dags/example_sensor_decorator.py
[2025-07-21T14:03:31.135+0000] {processor.py:840} INFO - DAG(s) 'example_sensor_decorator' retrieved from /home/airflow/.local/lib/python3.8/site-packages/airflow/example_dags/example_sensor_decorator.py
[2025-07-21T14:03:31.383+0000] {logging_mixin.py:188} INFO - [2025-07-21T14:03:31.382+0000] {override.py:1769} INFO - Created Permission View: can read on DAG:example_sensor_decorator
[2025-07-21T14:03:31.406+0000] {logging_mixin.py:188} INFO - [2025-07-21T14:03:31.405+0000] {override.py:1769} INFO - Created Permission View: can edit on DAG:example_sensor_decorator
[2025-07-21T14:03:31.422+0000] {logging_mixin.py:188} INFO - [2025-07-21T14:03:31.421+0000] {override.py:1769} INFO - Created Permission View: can delete on DAG:example_sensor_decorator
[2025-07-21T14:03:31.424+0000] {logging_mixin.py:188} INFO - [2025-07-21T14:03:31.423+0000] {dag.py:3036} INFO - Sync 1 DAGs
[2025-07-21T14:03:31.448+0000] {logging_mixin.py:188} INFO - [2025-07-21T14:03:31.447+0000] {dag.py:3058} INFO - Creating ORM DAG for example_sensor_decorator
[2025-07-21T14:03:31.449+0000] {logging_mixin.py:188} INFO - [2025-07-21T14:03:31.449+0000] {dag.py:3823} INFO - Setting next_dagrun for example_sensor_decorator to None, run_after=None
[2025-07-21T14:03:31.493+0000] {processor.py:183} INFO - Processing /home/airflow/.local/lib/python3.8/site-packages/airflow/example_dags/example_sensor_decorator.py took 0.380 seconds
[2025-07-21T14:04:01.774+0000] {processor.py:161} INFO - Started process (PID=611) to work on /home/airflow/.local/lib/python3.8/site-packages/airflow/example_dags/example_sensor_decorator.py
[2025-07-21T14:04:01.775+0000] {processor.py:830} INFO - Processing file /home/airflow/.local/lib/python3.8/site-packages/airflow/example_dags/example_sensor_decorator.py for tasks to queue
[2025-07-21T14:04:01.776+0000] {logging_mixin.py:188} INFO - [2025-07-21T14:04:01.776+0000] {dagbag.py:538} INFO - Filling up the DagBag from /home/airflow/.local/lib/python3.8/site-packages/airflow/example_dags/example_sensor_decorator.py
[2025-07-21T14:04:01.782+0000] {processor.py:840} INFO - DAG(s) 'example_sensor_decorator' retrieved from /home/airflow/.local/lib/python3.8/site-packages/airflow/example_dags/example_sensor_decorator.py
[2025-07-21T14:04:01.800+0000] {logging_mixin.py:188} INFO - [2025-07-21T14:04:01.800+0000] {dag.py:3036} INFO - Sync 1 DAGs
[2025-07-21T14:04:01.812+0000] {logging_mixin.py:188} INFO - [2025-07-21T14:04:01.812+0000] {dag.py:3823} INFO - Setting next_dagrun for example_sensor_decorator to None, run_after=None
[2025-07-21T14:04:01.830+0000] {processor.py:183} INFO - Processing /home/airflow/.local/lib/python3.8/site-packages/airflow/example_dags/example_sensor_decorator.py took 0.060 seconds
[2025-07-21T14:04:32.017+0000] {processor.py:161} INFO - Started process (PID=852) to work on /home/airflow/.local/lib/python3.8/site-packages/airflow/example_dags/example_sensor_decorator.py
[2025-07-21T14:04:32.018+0000] {processor.py:830} INFO - Processing file /home/airflow/.local/lib/python3.8/site-packages/airflow/example_dags/example_sensor_decorator.py for tasks to queue
[2025-07-21T14:04:32.019+0000] {logging_mixin.py:188} INFO - [2025-07-21T14:04:32.019+0000] {dagbag.py:538} INFO - Filling up the DagBag from /home/airflow/.local/lib/python3.8/site-packages/airflow/example_dags/example_sensor_decorator.py
[2025-07-21T14:04:32.031+0000] {processor.py:840} INFO - DAG(s) 'example_sensor_decorator' retrieved from /home/airflow/.local/lib/python3.8/site-packages/airflow/example_dags/example_sensor_decorator.py
[2025-07-21T14:04:32.062+0000] {logging_mixin.py:188} INFO - [2025-07-21T14:04:32.062+0000] {dag.py:3036} INFO - Sync 1 DAGs
[2025-07-21T14:04:32.082+0000] {logging_mixin.py:188} INFO - [2025-07-21T14:04:32.082+0000] {dag.py:3823} INFO - Setting next_dagrun for example_sensor_decorator to None, run_after=None
[2025-07-21T14:04:32.105+0000] {processor.py:183} INFO - Processing /home/airflow/.local/lib/python3.8/site-packages/airflow/example_dags/example_sensor_decorator.py took 0.093 seconds
[2025-07-21T14:05:02.229+0000] {processor.py:161} INFO - Started process (PID=1088) to work on /home/airflow/.local/lib/python3.8/site-packages/airflow/example_dags/example_sensor_decorator.py
[2025-07-21T14:05:02.231+0000] {processor.py:830} INFO - Processing file /home/airflow/.local/lib/python3.8/site-packages/airflow/example_dags/example_sensor_decorator.py for tasks to queue
[2025-07-21T14:05:02.233+0000] {logging_mixin.py:188} INFO - [2025-07-21T14:05:02.232+0000] {dagbag.py:538} INFO - Filling up the DagBag from /home/airflow/.local/lib/python3.8/site-packages/airflow/example_dags/example_sensor_decorator.py
[2025-07-21T14:05:02.241+0000] {processor.py:840} INFO - DAG(s) 'example_sensor_decorator' retrieved from /home/airflow/.local/lib/python3.8/site-packages/airflow/example_dags/example_sensor_decorator.py
[2025-07-21T14:05:02.271+0000] {logging_mixin.py:188} INFO - [2025-07-21T14:05:02.271+0000] {dag.py:3036} INFO - Sync 1 DAGs
[2025-07-21T14:05:02.287+0000] {logging_mixin.py:188} INFO - [2025-07-21T14:05:02.287+0000] {dag.py:3823} INFO - Setting next_dagrun for example_sensor_decorator to None, run_after=None
[2025-07-21T14:05:02.324+0000] {processor.py:183} INFO - Processing /home/airflow/.local/lib/python3.8/site-packages/airflow/example_dags/example_sensor_decorator.py took 0.101 seconds
[2025-07-21T14:05:32.431+0000] {processor.py:161} INFO - Started process (PID=1329) to work on /home/airflow/.local/lib/python3.8/site-packages/airflow/example_dags/example_sensor_decorator.py
[2025-07-21T14:05:32.433+0000] {processor.py:830} INFO - Processing file /home/airflow/.local/lib/python3.8/site-packages/airflow/example_dags/example_sensor_decorator.py for tasks to queue
[2025-07-21T14:05:32.434+0000] {logging_mixin.py:188} INFO - [2025-07-21T14:05:32.433+0000] {dagbag.py:538} INFO - Filling up the DagBag from /home/airflow/.local/lib/python3.8/site-packages/airflow/example_dags/example_sensor_decorator.py
[2025-07-21T14:05:32.439+0000] {processor.py:840} INFO - DAG(s) 'example_sensor_decorator' retrieved from /home/airflow/.local/lib/python3.8/site-packages/airflow/example_dags/example_sensor_decorator.py
[2025-07-21T14:05:32.462+0000] {logging_mixin.py:188} INFO - [2025-07-21T14:05:32.461+0000] {dag.py:3036} INFO - Sync 1 DAGs
[2025-07-21T14:05:32.477+0000] {logging_mixin.py:188} INFO - [2025-07-21T14:05:32.476+0000] {dag.py:3823} INFO - Setting next_dagrun for example_sensor_decorator to None, run_after=None
[2025-07-21T14:05:32.499+0000] {processor.py:183} INFO - Processing /home/airflow/.local/lib/python3.8/site-packages/airflow/example_dags/example_sensor_decorator.py took 0.072 seconds
[2025-07-21T14:06:02.731+0000] {processor.py:161} INFO - Started process (PID=1570) to work on /home/airflow/.local/lib/python3.8/site-packages/airflow/example_dags/example_sensor_decorator.py
[2025-07-21T14:06:02.733+0000] {processor.py:830} INFO - Processing file /home/airflow/.local/lib/python3.8/site-packages/airflow/example_dags/example_sensor_decorator.py for tasks to queue
[2025-07-21T14:06:02.734+0000] {logging_mixin.py:188} INFO - [2025-07-21T14:06:02.734+0000] {dagbag.py:538} INFO - Filling up the DagBag from /home/airflow/.local/lib/python3.8/site-packages/airflow/example_dags/example_sensor_decorator.py
[2025-07-21T14:06:02.745+0000] {processor.py:840} INFO - DAG(s) 'example_sensor_decorator' retrieved from /home/airflow/.local/lib/python3.8/site-packages/airflow/example_dags/example_sensor_decorator.py
[2025-07-21T14:06:02.783+0000] {logging_mixin.py:188} INFO - [2025-07-21T14:06:02.782+0000] {dag.py:3036} INFO - Sync 1 DAGs
[2025-07-21T14:06:02.797+0000] {logging_mixin.py:188} INFO - [2025-07-21T14:06:02.797+0000] {dag.py:3823} INFO - Setting next_dagrun for example_sensor_decorator to None, run_after=None
[2025-07-21T14:06:02.820+0000] {processor.py:183} INFO - Processing /home/airflow/.local/lib/python3.8/site-packages/airflow/example_dags/example_sensor_decorator.py took 0.092 seconds
[2025-07-21T14:06:37.573+0000] {processor.py:161} INFO - Started process (PID=370) to work on /home/airflow/.local/lib/python3.8/site-packages/airflow/example_dags/example_sensor_decorator.py
[2025-07-21T14:06:37.574+0000] {processor.py:830} INFO - Processing file /home/airflow/.local/lib/python3.8/site-packages/airflow/example_dags/example_sensor_decorator.py for tasks to queue
[2025-07-21T14:06:37.576+0000] {logging_mixin.py:188} INFO - [2025-07-21T14:06:37.576+0000] {dagbag.py:538} INFO - Filling up the DagBag from /home/airflow/.local/lib/python3.8/site-packages/airflow/example_dags/example_sensor_decorator.py
[2025-07-21T14:06:37.587+0000] {processor.py:840} INFO - DAG(s) 'example_sensor_decorator' retrieved from /home/airflow/.local/lib/python3.8/site-packages/airflow/example_dags/example_sensor_decorator.py
[2025-07-21T14:06:37.604+0000] {logging_mixin.py:188} INFO - [2025-07-21T14:06:37.604+0000] {dag.py:3036} INFO - Sync 1 DAGs
[2025-07-21T14:06:37.628+0000] {logging_mixin.py:188} INFO - [2025-07-21T14:06:37.628+0000] {dag.py:3823} INFO - Setting next_dagrun for example_sensor_decorator to None, run_after=None
[2025-07-21T14:06:37.668+0000] {processor.py:183} INFO - Processing /home/airflow/.local/lib/python3.8/site-packages/airflow/example_dags/example_sensor_decorator.py took 0.099 seconds
[2025-07-21T14:07:09.071+0000] {processor.py:161} INFO - Started process (PID=611) to work on /home/airflow/.local/lib/python3.8/site-packages/airflow/example_dags/example_sensor_decorator.py
[2025-07-21T14:07:09.073+0000] {processor.py:830} INFO - Processing file /home/airflow/.local/lib/python3.8/site-packages/airflow/example_dags/example_sensor_decorator.py for tasks to queue
[2025-07-21T14:07:09.074+0000] {logging_mixin.py:188} INFO - [2025-07-21T14:07:09.074+0000] {dagbag.py:538} INFO - Filling up the DagBag from /home/airflow/.local/lib/python3.8/site-packages/airflow/example_dags/example_sensor_decorator.py
[2025-07-21T14:07:09.084+0000] {processor.py:840} INFO - DAG(s) 'example_sensor_decorator' retrieved from /home/airflow/.local/lib/python3.8/site-packages/airflow/example_dags/example_sensor_decorator.py
[2025-07-21T14:07:09.197+0000] {logging_mixin.py:188} INFO - [2025-07-21T14:07:09.197+0000] {dag.py:3036} INFO - Sync 1 DAGs
[2025-07-21T14:07:09.212+0000] {logging_mixin.py:188} INFO - [2025-07-21T14:07:09.211+0000] {dag.py:3823} INFO - Setting next_dagrun for example_sensor_decorator to None, run_after=None
[2025-07-21T14:07:09.236+0000] {processor.py:183} INFO - Processing /home/airflow/.local/lib/python3.8/site-packages/airflow/example_dags/example_sensor_decorator.py took 0.170 seconds
[2025-07-21T14:07:39.455+0000] {processor.py:161} INFO - Started process (PID=852) to work on /home/airflow/.local/lib/python3.8/site-packages/airflow/example_dags/example_sensor_decorator.py
[2025-07-21T14:07:39.456+0000] {processor.py:830} INFO - Processing file /home/airflow/.local/lib/python3.8/site-packages/airflow/example_dags/example_sensor_decorator.py for tasks to queue
[2025-07-21T14:07:39.457+0000] {logging_mixin.py:188} INFO - [2025-07-21T14:07:39.457+0000] {dagbag.py:538} INFO - Filling up the DagBag from /home/airflow/.local/lib/python3.8/site-packages/airflow/example_dags/example_sensor_decorator.py
[2025-07-21T14:07:39.463+0000] {processor.py:840} INFO - DAG(s) 'example_sensor_decorator' retrieved from /home/airflow/.local/lib/python3.8/site-packages/airflow/example_dags/example_sensor_decorator.py
[2025-07-21T14:07:39.485+0000] {logging_mixin.py:188} INFO - [2025-07-21T14:07:39.485+0000] {dag.py:3036} INFO - Sync 1 DAGs
[2025-07-21T14:07:39.497+0000] {logging_mixin.py:188} INFO - [2025-07-21T14:07:39.497+0000] {dag.py:3823} INFO - Setting next_dagrun for example_sensor_decorator to None, run_after=None
[2025-07-21T14:07:39.520+0000] {processor.py:183} INFO - Processing /home/airflow/.local/lib/python3.8/site-packages/airflow/example_dags/example_sensor_decorator.py took 0.068 seconds
[2025-07-21T14:08:09.794+0000] {processor.py:161} INFO - Started process (PID=1093) to work on /home/airflow/.local/lib/python3.8/site-packages/airflow/example_dags/example_sensor_decorator.py
[2025-07-21T14:08:09.796+0000] {processor.py:830} INFO - Processing file /home/airflow/.local/lib/python3.8/site-packages/airflow/example_dags/example_sensor_decorator.py for tasks to queue
[2025-07-21T14:08:09.797+0000] {logging_mixin.py:188} INFO - [2025-07-21T14:08:09.796+0000] {dagbag.py:538} INFO - Filling up the DagBag from /home/airflow/.local/lib/python3.8/site-packages/airflow/example_dags/example_sensor_decorator.py
[2025-07-21T14:08:09.802+0000] {processor.py:840} INFO - DAG(s) 'example_sensor_decorator' retrieved from /home/airflow/.local/lib/python3.8/site-packages/airflow/example_dags/example_sensor_decorator.py
[2025-07-21T14:08:09.825+0000] {logging_mixin.py:188} INFO - [2025-07-21T14:08:09.824+0000] {dag.py:3036} INFO - Sync 1 DAGs
[2025-07-21T14:08:09.837+0000] {logging_mixin.py:188} INFO - [2025-07-21T14:08:09.837+0000] {dag.py:3823} INFO - Setting next_dagrun for example_sensor_decorator to None, run_after=None
[2025-07-21T14:08:09.857+0000] {processor.py:183} INFO - Processing /home/airflow/.local/lib/python3.8/site-packages/airflow/example_dags/example_sensor_decorator.py took 0.065 seconds
[2025-07-21T14:08:40.336+0000] {processor.py:161} INFO - Started process (PID=1334) to work on /home/airflow/.local/lib/python3.8/site-packages/airflow/example_dags/example_sensor_decorator.py
[2025-07-21T14:08:40.338+0000] {processor.py:830} INFO - Processing file /home/airflow/.local/lib/python3.8/site-packages/airflow/example_dags/example_sensor_decorator.py for tasks to queue
[2025-07-21T14:08:40.339+0000] {logging_mixin.py:188} INFO - [2025-07-21T14:08:40.338+0000] {dagbag.py:538} INFO - Filling up the DagBag from /home/airflow/.local/lib/python3.8/site-packages/airflow/example_dags/example_sensor_decorator.py
[2025-07-21T14:08:40.346+0000] {processor.py:840} INFO - DAG(s) 'example_sensor_decorator' retrieved from /home/airflow/.local/lib/python3.8/site-packages/airflow/example_dags/example_sensor_decorator.py
[2025-07-21T14:08:40.370+0000] {logging_mixin.py:188} INFO - [2025-07-21T14:08:40.369+0000] {dag.py:3036} INFO - Sync 1 DAGs
[2025-07-21T14:08:40.382+0000] {logging_mixin.py:188} INFO - [2025-07-21T14:08:40.382+0000] {dag.py:3823} INFO - Setting next_dagrun for example_sensor_decorator to None, run_after=None
[2025-07-21T14:08:40.404+0000] {processor.py:183} INFO - Processing /home/airflow/.local/lib/python3.8/site-packages/airflow/example_dags/example_sensor_decorator.py took 0.071 seconds
