[2025-07-21T14:03:26.491+0000] {processor.py:161} INFO - Started process (PID=265) to work on /home/airflow/.local/lib/python3.8/site-packages/airflow/example_dags/example_task_group_decorator.py
[2025-07-21T14:03:26.493+0000] {processor.py:830} INFO - Processing file /home/airflow/.local/lib/python3.8/site-packages/airflow/example_dags/example_task_group_decorator.py for tasks to queue
[2025-07-21T14:03:26.495+0000] {logging_mixin.py:188} INFO - [2025-07-21T14:03:26.494+0000] {dagbag.py:538} INFO - Filling up the DagBag from /home/airflow/.local/lib/python3.8/site-packages/airflow/example_dags/example_task_group_decorator.py
[2025-07-21T14:03:26.531+0000] {processor.py:840} INFO - DAG(s) 'example_task_group_decorator' retrieved from /home/airflow/.local/lib/python3.8/site-packages/airflow/example_dags/example_task_group_decorator.py
[2025-07-21T14:03:26.707+0000] {logging_mixin.py:188} INFO - [2025-07-21T14:03:26.706+0000] {override.py:1769} INFO - Created Permission View: can read on DAG:example_task_group_decorator
[2025-07-21T14:03:26.723+0000] {logging_mixin.py:188} INFO - [2025-07-21T14:03:26.722+0000] {override.py:1769} INFO - Created Permission View: can edit on DAG:example_task_group_decorator
[2025-07-21T14:03:26.734+0000] {logging_mixin.py:188} INFO - [2025-07-21T14:03:26.733+0000] {override.py:1769} INFO - Created Permission View: can delete on DAG:example_task_group_decorator
[2025-07-21T14:03:26.735+0000] {logging_mixin.py:188} INFO - [2025-07-21T14:03:26.735+0000] {dag.py:3036} INFO - Sync 1 DAGs
[2025-07-21T14:03:26.756+0000] {logging_mixin.py:188} INFO - [2025-07-21T14:03:26.755+0000] {dag.py:3058} INFO - Creating ORM DAG for example_task_group_decorator
[2025-07-21T14:03:26.772+0000] {logging_mixin.py:188} INFO - [2025-07-21T14:03:26.772+0000] {dag.py:3823} INFO - Setting next_dagrun for example_task_group_decorator to 2025-07-20 00:00:00+00:00, run_after=2025-07-21 00:00:00+00:00
[2025-07-21T14:03:26.802+0000] {processor.py:183} INFO - Processing /home/airflow/.local/lib/python3.8/site-packages/airflow/example_dags/example_task_group_decorator.py took 0.317 seconds
[2025-07-21T14:03:57.431+0000] {processor.py:161} INFO - Started process (PID=508) to work on /home/airflow/.local/lib/python3.8/site-packages/airflow/example_dags/example_task_group_decorator.py
[2025-07-21T14:03:57.432+0000] {processor.py:830} INFO - Processing file /home/airflow/.local/lib/python3.8/site-packages/airflow/example_dags/example_task_group_decorator.py for tasks to queue
[2025-07-21T14:03:57.433+0000] {logging_mixin.py:188} INFO - [2025-07-21T14:03:57.433+0000] {dagbag.py:538} INFO - Filling up the DagBag from /home/airflow/.local/lib/python3.8/site-packages/airflow/example_dags/example_task_group_decorator.py
[2025-07-21T14:03:57.445+0000] {processor.py:840} INFO - DAG(s) 'example_task_group_decorator' retrieved from /home/airflow/.local/lib/python3.8/site-packages/airflow/example_dags/example_task_group_decorator.py
[2025-07-21T14:03:57.468+0000] {logging_mixin.py:188} INFO - [2025-07-21T14:03:57.468+0000] {dag.py:3036} INFO - Sync 1 DAGs
[2025-07-21T14:03:57.486+0000] {logging_mixin.py:188} INFO - [2025-07-21T14:03:57.486+0000] {dag.py:3823} INFO - Setting next_dagrun for example_task_group_decorator to 2025-07-20 00:00:00+00:00, run_after=2025-07-21 00:00:00+00:00
[2025-07-21T14:03:57.507+0000] {processor.py:183} INFO - Processing /home/airflow/.local/lib/python3.8/site-packages/airflow/example_dags/example_task_group_decorator.py took 0.079 seconds
[2025-07-21T14:04:27.575+0000] {processor.py:161} INFO - Started process (PID=749) to work on /home/airflow/.local/lib/python3.8/site-packages/airflow/example_dags/example_task_group_decorator.py
[2025-07-21T14:04:27.576+0000] {processor.py:830} INFO - Processing file /home/airflow/.local/lib/python3.8/site-packages/airflow/example_dags/example_task_group_decorator.py for tasks to queue
[2025-07-21T14:04:27.577+0000] {logging_mixin.py:188} INFO - [2025-07-21T14:04:27.577+0000] {dagbag.py:538} INFO - Filling up the DagBag from /home/airflow/.local/lib/python3.8/site-packages/airflow/example_dags/example_task_group_decorator.py
[2025-07-21T14:04:27.589+0000] {processor.py:840} INFO - DAG(s) 'example_task_group_decorator' retrieved from /home/airflow/.local/lib/python3.8/site-packages/airflow/example_dags/example_task_group_decorator.py
[2025-07-21T14:04:27.611+0000] {logging_mixin.py:188} INFO - [2025-07-21T14:04:27.611+0000] {dag.py:3036} INFO - Sync 1 DAGs
[2025-07-21T14:04:27.630+0000] {logging_mixin.py:188} INFO - [2025-07-21T14:04:27.630+0000] {dag.py:3823} INFO - Setting next_dagrun for example_task_group_decorator to 2025-07-20 00:00:00+00:00, run_after=2025-07-21 00:00:00+00:00
[2025-07-21T14:04:27.649+0000] {processor.py:183} INFO - Processing /home/airflow/.local/lib/python3.8/site-packages/airflow/example_dags/example_task_group_decorator.py took 0.077 seconds
[2025-07-21T14:04:57.905+0000] {processor.py:161} INFO - Started process (PID=990) to work on /home/airflow/.local/lib/python3.8/site-packages/airflow/example_dags/example_task_group_decorator.py
[2025-07-21T14:04:57.906+0000] {processor.py:830} INFO - Processing file /home/airflow/.local/lib/python3.8/site-packages/airflow/example_dags/example_task_group_decorator.py for tasks to queue
[2025-07-21T14:04:57.907+0000] {logging_mixin.py:188} INFO - [2025-07-21T14:04:57.907+0000] {dagbag.py:538} INFO - Filling up the DagBag from /home/airflow/.local/lib/python3.8/site-packages/airflow/example_dags/example_task_group_decorator.py
[2025-07-21T14:04:57.923+0000] {processor.py:840} INFO - DAG(s) 'example_task_group_decorator' retrieved from /home/airflow/.local/lib/python3.8/site-packages/airflow/example_dags/example_task_group_decorator.py
[2025-07-21T14:04:57.949+0000] {logging_mixin.py:188} INFO - [2025-07-21T14:04:57.949+0000] {dag.py:3036} INFO - Sync 1 DAGs
[2025-07-21T14:04:57.973+0000] {logging_mixin.py:188} INFO - [2025-07-21T14:04:57.973+0000] {dag.py:3823} INFO - Setting next_dagrun for example_task_group_decorator to 2025-07-20 00:00:00+00:00, run_after=2025-07-21 00:00:00+00:00
[2025-07-21T14:04:57.994+0000] {processor.py:183} INFO - Processing /home/airflow/.local/lib/python3.8/site-packages/airflow/example_dags/example_task_group_decorator.py took 0.092 seconds
[2025-07-21T14:05:28.104+0000] {processor.py:161} INFO - Started process (PID=1231) to work on /home/airflow/.local/lib/python3.8/site-packages/airflow/example_dags/example_task_group_decorator.py
[2025-07-21T14:05:28.106+0000] {processor.py:830} INFO - Processing file /home/airflow/.local/lib/python3.8/site-packages/airflow/example_dags/example_task_group_decorator.py for tasks to queue
[2025-07-21T14:05:28.107+0000] {logging_mixin.py:188} INFO - [2025-07-21T14:05:28.106+0000] {dagbag.py:538} INFO - Filling up the DagBag from /home/airflow/.local/lib/python3.8/site-packages/airflow/example_dags/example_task_group_decorator.py
[2025-07-21T14:05:28.127+0000] {processor.py:840} INFO - DAG(s) 'example_task_group_decorator' retrieved from /home/airflow/.local/lib/python3.8/site-packages/airflow/example_dags/example_task_group_decorator.py
[2025-07-21T14:05:28.165+0000] {logging_mixin.py:188} INFO - [2025-07-21T14:05:28.165+0000] {dag.py:3036} INFO - Sync 1 DAGs
[2025-07-21T14:05:28.197+0000] {logging_mixin.py:188} INFO - [2025-07-21T14:05:28.197+0000] {dag.py:3823} INFO - Setting next_dagrun for example_task_group_decorator to 2025-07-20 00:00:00+00:00, run_after=2025-07-21 00:00:00+00:00
[2025-07-21T14:05:28.226+0000] {processor.py:183} INFO - Processing /home/airflow/.local/lib/python3.8/site-packages/airflow/example_dags/example_task_group_decorator.py took 0.126 seconds
[2025-07-21T14:05:58.404+0000] {processor.py:161} INFO - Started process (PID=1472) to work on /home/airflow/.local/lib/python3.8/site-packages/airflow/example_dags/example_task_group_decorator.py
[2025-07-21T14:05:58.405+0000] {processor.py:830} INFO - Processing file /home/airflow/.local/lib/python3.8/site-packages/airflow/example_dags/example_task_group_decorator.py for tasks to queue
[2025-07-21T14:05:58.406+0000] {logging_mixin.py:188} INFO - [2025-07-21T14:05:58.406+0000] {dagbag.py:538} INFO - Filling up the DagBag from /home/airflow/.local/lib/python3.8/site-packages/airflow/example_dags/example_task_group_decorator.py
[2025-07-21T14:05:58.420+0000] {processor.py:840} INFO - DAG(s) 'example_task_group_decorator' retrieved from /home/airflow/.local/lib/python3.8/site-packages/airflow/example_dags/example_task_group_decorator.py
[2025-07-21T14:05:58.444+0000] {logging_mixin.py:188} INFO - [2025-07-21T14:05:58.443+0000] {dag.py:3036} INFO - Sync 1 DAGs
[2025-07-21T14:05:58.467+0000] {logging_mixin.py:188} INFO - [2025-07-21T14:05:58.466+0000] {dag.py:3823} INFO - Setting next_dagrun for example_task_group_decorator to 2025-07-20 00:00:00+00:00, run_after=2025-07-21 00:00:00+00:00
[2025-07-21T14:05:58.488+0000] {processor.py:183} INFO - Processing /home/airflow/.local/lib/python3.8/site-packages/airflow/example_dags/example_task_group_decorator.py took 0.087 seconds
[2025-07-21T14:06:35.296+0000] {processor.py:161} INFO - Started process (PID=267) to work on /home/airflow/.local/lib/python3.8/site-packages/airflow/example_dags/example_task_group_decorator.py
[2025-07-21T14:06:35.298+0000] {processor.py:830} INFO - Processing file /home/airflow/.local/lib/python3.8/site-packages/airflow/example_dags/example_task_group_decorator.py for tasks to queue
[2025-07-21T14:06:35.300+0000] {logging_mixin.py:188} INFO - [2025-07-21T14:06:35.299+0000] {dagbag.py:538} INFO - Filling up the DagBag from /home/airflow/.local/lib/python3.8/site-packages/airflow/example_dags/example_task_group_decorator.py
[2025-07-21T14:06:35.335+0000] {processor.py:840} INFO - DAG(s) 'example_task_group_decorator' retrieved from /home/airflow/.local/lib/python3.8/site-packages/airflow/example_dags/example_task_group_decorator.py
[2025-07-21T14:06:35.356+0000] {logging_mixin.py:188} INFO - [2025-07-21T14:06:35.355+0000] {dag.py:3036} INFO - Sync 1 DAGs
[2025-07-21T14:06:35.398+0000] {logging_mixin.py:188} INFO - [2025-07-21T14:06:35.398+0000] {dag.py:3823} INFO - Setting next_dagrun for example_task_group_decorator to 2025-07-20 00:00:00+00:00, run_after=2025-07-21 00:00:00+00:00
[2025-07-21T14:06:35.440+0000] {processor.py:183} INFO - Processing /home/airflow/.local/lib/python3.8/site-packages/airflow/example_dags/example_task_group_decorator.py took 0.150 seconds
[2025-07-21T14:07:06.532+0000] {processor.py:161} INFO - Started process (PID=513) to work on /home/airflow/.local/lib/python3.8/site-packages/airflow/example_dags/example_task_group_decorator.py
[2025-07-21T14:07:06.534+0000] {processor.py:830} INFO - Processing file /home/airflow/.local/lib/python3.8/site-packages/airflow/example_dags/example_task_group_decorator.py for tasks to queue
[2025-07-21T14:07:06.535+0000] {logging_mixin.py:188} INFO - [2025-07-21T14:07:06.535+0000] {dagbag.py:538} INFO - Filling up the DagBag from /home/airflow/.local/lib/python3.8/site-packages/airflow/example_dags/example_task_group_decorator.py
[2025-07-21T14:07:06.551+0000] {processor.py:840} INFO - DAG(s) 'example_task_group_decorator' retrieved from /home/airflow/.local/lib/python3.8/site-packages/airflow/example_dags/example_task_group_decorator.py
[2025-07-21T14:07:06.664+0000] {logging_mixin.py:188} INFO - [2025-07-21T14:07:06.663+0000] {dag.py:3036} INFO - Sync 1 DAGs
[2025-07-21T14:07:06.685+0000] {logging_mixin.py:188} INFO - [2025-07-21T14:07:06.685+0000] {dag.py:3823} INFO - Setting next_dagrun for example_task_group_decorator to 2025-07-20 00:00:00+00:00, run_after=2025-07-21 00:00:00+00:00
[2025-07-21T14:07:06.713+0000] {processor.py:183} INFO - Processing /home/airflow/.local/lib/python3.8/site-packages/airflow/example_dags/example_task_group_decorator.py took 0.184 seconds
[2025-07-21T14:07:37.226+0000] {processor.py:161} INFO - Started process (PID=749) to work on /home/airflow/.local/lib/python3.8/site-packages/airflow/example_dags/example_task_group_decorator.py
[2025-07-21T14:07:37.227+0000] {processor.py:830} INFO - Processing file /home/airflow/.local/lib/python3.8/site-packages/airflow/example_dags/example_task_group_decorator.py for tasks to queue
[2025-07-21T14:07:37.228+0000] {logging_mixin.py:188} INFO - [2025-07-21T14:07:37.228+0000] {dagbag.py:538} INFO - Filling up the DagBag from /home/airflow/.local/lib/python3.8/site-packages/airflow/example_dags/example_task_group_decorator.py
[2025-07-21T14:07:37.241+0000] {processor.py:840} INFO - DAG(s) 'example_task_group_decorator' retrieved from /home/airflow/.local/lib/python3.8/site-packages/airflow/example_dags/example_task_group_decorator.py
[2025-07-21T14:07:37.264+0000] {logging_mixin.py:188} INFO - [2025-07-21T14:07:37.264+0000] {dag.py:3036} INFO - Sync 1 DAGs
[2025-07-21T14:07:37.283+0000] {logging_mixin.py:188} INFO - [2025-07-21T14:07:37.283+0000] {dag.py:3823} INFO - Setting next_dagrun for example_task_group_decorator to 2025-07-20 00:00:00+00:00, run_after=2025-07-21 00:00:00+00:00
[2025-07-21T14:07:37.303+0000] {processor.py:183} INFO - Processing /home/airflow/.local/lib/python3.8/site-packages/airflow/example_dags/example_task_group_decorator.py took 0.080 seconds
[2025-07-21T14:08:07.459+0000] {processor.py:161} INFO - Started process (PID=990) to work on /home/airflow/.local/lib/python3.8/site-packages/airflow/example_dags/example_task_group_decorator.py
[2025-07-21T14:08:07.460+0000] {processor.py:830} INFO - Processing file /home/airflow/.local/lib/python3.8/site-packages/airflow/example_dags/example_task_group_decorator.py for tasks to queue
[2025-07-21T14:08:07.461+0000] {logging_mixin.py:188} INFO - [2025-07-21T14:08:07.460+0000] {dagbag.py:538} INFO - Filling up the DagBag from /home/airflow/.local/lib/python3.8/site-packages/airflow/example_dags/example_task_group_decorator.py
[2025-07-21T14:08:07.473+0000] {processor.py:840} INFO - DAG(s) 'example_task_group_decorator' retrieved from /home/airflow/.local/lib/python3.8/site-packages/airflow/example_dags/example_task_group_decorator.py
[2025-07-21T14:08:07.494+0000] {logging_mixin.py:188} INFO - [2025-07-21T14:08:07.494+0000] {dag.py:3036} INFO - Sync 1 DAGs
[2025-07-21T14:08:07.511+0000] {logging_mixin.py:188} INFO - [2025-07-21T14:08:07.511+0000] {dag.py:3823} INFO - Setting next_dagrun for example_task_group_decorator to 2025-07-20 00:00:00+00:00, run_after=2025-07-21 00:00:00+00:00
[2025-07-21T14:08:07.531+0000] {processor.py:183} INFO - Processing /home/airflow/.local/lib/python3.8/site-packages/airflow/example_dags/example_task_group_decorator.py took 0.075 seconds
[2025-07-21T14:08:37.774+0000] {processor.py:161} INFO - Started process (PID=1231) to work on /home/airflow/.local/lib/python3.8/site-packages/airflow/example_dags/example_task_group_decorator.py
[2025-07-21T14:08:37.775+0000] {processor.py:830} INFO - Processing file /home/airflow/.local/lib/python3.8/site-packages/airflow/example_dags/example_task_group_decorator.py for tasks to queue
[2025-07-21T14:08:37.776+0000] {logging_mixin.py:188} INFO - [2025-07-21T14:08:37.776+0000] {dagbag.py:538} INFO - Filling up the DagBag from /home/airflow/.local/lib/python3.8/site-packages/airflow/example_dags/example_task_group_decorator.py
[2025-07-21T14:08:37.790+0000] {processor.py:840} INFO - DAG(s) 'example_task_group_decorator' retrieved from /home/airflow/.local/lib/python3.8/site-packages/airflow/example_dags/example_task_group_decorator.py
[2025-07-21T14:08:37.821+0000] {logging_mixin.py:188} INFO - [2025-07-21T14:08:37.821+0000] {dag.py:3036} INFO - Sync 1 DAGs
[2025-07-21T14:08:37.849+0000] {logging_mixin.py:188} INFO - [2025-07-21T14:08:37.849+0000] {dag.py:3823} INFO - Setting next_dagrun for example_task_group_decorator to 2025-07-20 00:00:00+00:00, run_after=2025-07-21 00:00:00+00:00
[2025-07-21T14:08:37.875+0000] {processor.py:183} INFO - Processing /home/airflow/.local/lib/python3.8/site-packages/airflow/example_dags/example_task_group_decorator.py took 0.104 seconds
