[2025-07-21T14:03:27.755+0000] {processor.py:161} INFO - Started process (PID=295) to work on /home/airflow/.local/lib/python3.8/site-packages/airflow/example_dags/example_complex.py
[2025-07-21T14:03:27.757+0000] {processor.py:830} INFO - Processing file /home/airflow/.local/lib/python3.8/site-packages/airflow/example_dags/example_complex.py for tasks to queue
[2025-07-21T14:03:27.758+0000] {logging_mixin.py:188} INFO - [2025-07-21T14:03:27.758+0000] {dagbag.py:538} INFO - Filling up the DagBag from /home/airflow/.local/lib/python3.8/site-packages/airflow/example_dags/example_complex.py
[2025-07-21T14:03:27.777+0000] {processor.py:840} INFO - DAG(s) 'example_complex' retrieved from /home/airflow/.local/lib/python3.8/site-packages/airflow/example_dags/example_complex.py
[2025-07-21T14:03:27.971+0000] {logging_mixin.py:188} INFO - [2025-07-21T14:03:27.970+0000] {override.py:1769} INFO - Created Permission View: can read on DAG:example_complex
[2025-07-21T14:03:27.989+0000] {logging_mixin.py:188} INFO - [2025-07-21T14:03:27.988+0000] {override.py:1769} INFO - Created Permission View: can edit on DAG:example_complex
[2025-07-21T14:03:28.002+0000] {logging_mixin.py:188} INFO - [2025-07-21T14:03:28.002+0000] {override.py:1769} INFO - Created Permission View: can delete on DAG:example_complex
[2025-07-21T14:03:28.004+0000] {logging_mixin.py:188} INFO - [2025-07-21T14:03:28.003+0000] {dag.py:3036} INFO - Sync 1 DAGs
[2025-07-21T14:03:28.021+0000] {logging_mixin.py:188} INFO - [2025-07-21T14:03:28.021+0000] {dag.py:3058} INFO - Creating ORM DAG for example_complex
[2025-07-21T14:03:28.023+0000] {logging_mixin.py:188} INFO - [2025-07-21T14:03:28.023+0000] {dag.py:3823} INFO - Setting next_dagrun for example_complex to None, run_after=None
[2025-07-21T14:03:28.053+0000] {processor.py:183} INFO - Processing /home/airflow/.local/lib/python3.8/site-packages/airflow/example_dags/example_complex.py took 0.302 seconds
[2025-07-21T14:03:58.774+0000] {processor.py:161} INFO - Started process (PID=536) to work on /home/airflow/.local/lib/python3.8/site-packages/airflow/example_dags/example_complex.py
[2025-07-21T14:03:58.775+0000] {processor.py:830} INFO - Processing file /home/airflow/.local/lib/python3.8/site-packages/airflow/example_dags/example_complex.py for tasks to queue
[2025-07-21T14:03:58.776+0000] {logging_mixin.py:188} INFO - [2025-07-21T14:03:58.776+0000] {dagbag.py:538} INFO - Filling up the DagBag from /home/airflow/.local/lib/python3.8/site-packages/airflow/example_dags/example_complex.py
[2025-07-21T14:03:58.787+0000] {processor.py:840} INFO - DAG(s) 'example_complex' retrieved from /home/airflow/.local/lib/python3.8/site-packages/airflow/example_dags/example_complex.py
[2025-07-21T14:03:58.817+0000] {logging_mixin.py:188} INFO - [2025-07-21T14:03:58.817+0000] {dag.py:3036} INFO - Sync 1 DAGs
[2025-07-21T14:03:58.829+0000] {logging_mixin.py:188} INFO - [2025-07-21T14:03:58.828+0000] {dag.py:3823} INFO - Setting next_dagrun for example_complex to None, run_after=None
[2025-07-21T14:03:58.851+0000] {processor.py:183} INFO - Processing /home/airflow/.local/lib/python3.8/site-packages/airflow/example_dags/example_complex.py took 0.079 seconds
[2025-07-21T14:04:28.907+0000] {processor.py:161} INFO - Started process (PID=774) to work on /home/airflow/.local/lib/python3.8/site-packages/airflow/example_dags/example_complex.py
[2025-07-21T14:04:28.908+0000] {processor.py:830} INFO - Processing file /home/airflow/.local/lib/python3.8/site-packages/airflow/example_dags/example_complex.py for tasks to queue
[2025-07-21T14:04:28.909+0000] {logging_mixin.py:188} INFO - [2025-07-21T14:04:28.909+0000] {dagbag.py:538} INFO - Filling up the DagBag from /home/airflow/.local/lib/python3.8/site-packages/airflow/example_dags/example_complex.py
[2025-07-21T14:04:28.920+0000] {processor.py:840} INFO - DAG(s) 'example_complex' retrieved from /home/airflow/.local/lib/python3.8/site-packages/airflow/example_dags/example_complex.py
[2025-07-21T14:04:28.952+0000] {logging_mixin.py:188} INFO - [2025-07-21T14:04:28.951+0000] {dag.py:3036} INFO - Sync 1 DAGs
[2025-07-21T14:04:28.964+0000] {logging_mixin.py:188} INFO - [2025-07-21T14:04:28.963+0000] {dag.py:3823} INFO - Setting next_dagrun for example_complex to None, run_after=None
[2025-07-21T14:04:28.985+0000] {processor.py:183} INFO - Processing /home/airflow/.local/lib/python3.8/site-packages/airflow/example_dags/example_complex.py took 0.081 seconds
[2025-07-21T14:04:59.159+0000] {processor.py:161} INFO - Started process (PID=1018) to work on /home/airflow/.local/lib/python3.8/site-packages/airflow/example_dags/example_complex.py
[2025-07-21T14:04:59.161+0000] {processor.py:830} INFO - Processing file /home/airflow/.local/lib/python3.8/site-packages/airflow/example_dags/example_complex.py for tasks to queue
[2025-07-21T14:04:59.162+0000] {logging_mixin.py:188} INFO - [2025-07-21T14:04:59.161+0000] {dagbag.py:538} INFO - Filling up the DagBag from /home/airflow/.local/lib/python3.8/site-packages/airflow/example_dags/example_complex.py
[2025-07-21T14:04:59.172+0000] {processor.py:840} INFO - DAG(s) 'example_complex' retrieved from /home/airflow/.local/lib/python3.8/site-packages/airflow/example_dags/example_complex.py
[2025-07-21T14:04:59.205+0000] {logging_mixin.py:188} INFO - [2025-07-21T14:04:59.204+0000] {dag.py:3036} INFO - Sync 1 DAGs
[2025-07-21T14:04:59.218+0000] {logging_mixin.py:188} INFO - [2025-07-21T14:04:59.217+0000] {dag.py:3823} INFO - Setting next_dagrun for example_complex to None, run_after=None
[2025-07-21T14:04:59.242+0000] {processor.py:183} INFO - Processing /home/airflow/.local/lib/python3.8/site-packages/airflow/example_dags/example_complex.py took 0.087 seconds
[2025-07-21T14:05:29.524+0000] {processor.py:161} INFO - Started process (PID=1259) to work on /home/airflow/.local/lib/python3.8/site-packages/airflow/example_dags/example_complex.py
[2025-07-21T14:05:29.526+0000] {processor.py:830} INFO - Processing file /home/airflow/.local/lib/python3.8/site-packages/airflow/example_dags/example_complex.py for tasks to queue
[2025-07-21T14:05:29.527+0000] {logging_mixin.py:188} INFO - [2025-07-21T14:05:29.526+0000] {dagbag.py:538} INFO - Filling up the DagBag from /home/airflow/.local/lib/python3.8/site-packages/airflow/example_dags/example_complex.py
[2025-07-21T14:05:29.540+0000] {processor.py:840} INFO - DAG(s) 'example_complex' retrieved from /home/airflow/.local/lib/python3.8/site-packages/airflow/example_dags/example_complex.py
[2025-07-21T14:05:29.574+0000] {logging_mixin.py:188} INFO - [2025-07-21T14:05:29.573+0000] {dag.py:3036} INFO - Sync 1 DAGs
[2025-07-21T14:05:29.588+0000] {logging_mixin.py:188} INFO - [2025-07-21T14:05:29.587+0000] {dag.py:3823} INFO - Setting next_dagrun for example_complex to None, run_after=None
[2025-07-21T14:05:29.614+0000] {processor.py:183} INFO - Processing /home/airflow/.local/lib/python3.8/site-packages/airflow/example_dags/example_complex.py took 0.093 seconds
[2025-07-21T14:05:59.753+0000] {processor.py:161} INFO - Started process (PID=1500) to work on /home/airflow/.local/lib/python3.8/site-packages/airflow/example_dags/example_complex.py
[2025-07-21T14:05:59.754+0000] {processor.py:830} INFO - Processing file /home/airflow/.local/lib/python3.8/site-packages/airflow/example_dags/example_complex.py for tasks to queue
[2025-07-21T14:05:59.755+0000] {logging_mixin.py:188} INFO - [2025-07-21T14:05:59.755+0000] {dagbag.py:538} INFO - Filling up the DagBag from /home/airflow/.local/lib/python3.8/site-packages/airflow/example_dags/example_complex.py
[2025-07-21T14:05:59.765+0000] {processor.py:840} INFO - DAG(s) 'example_complex' retrieved from /home/airflow/.local/lib/python3.8/site-packages/airflow/example_dags/example_complex.py
[2025-07-21T14:05:59.794+0000] {logging_mixin.py:188} INFO - [2025-07-21T14:05:59.794+0000] {dag.py:3036} INFO - Sync 1 DAGs
[2025-07-21T14:05:59.806+0000] {logging_mixin.py:188} INFO - [2025-07-21T14:05:59.805+0000] {dag.py:3823} INFO - Setting next_dagrun for example_complex to None, run_after=None
[2025-07-21T14:05:59.831+0000] {processor.py:183} INFO - Processing /home/airflow/.local/lib/python3.8/site-packages/airflow/example_dags/example_complex.py took 0.081 seconds
[2025-07-21T14:06:35.858+0000] {processor.py:161} INFO - Started process (PID=295) to work on /home/airflow/.local/lib/python3.8/site-packages/airflow/example_dags/example_complex.py
[2025-07-21T14:06:35.865+0000] {processor.py:830} INFO - Processing file /home/airflow/.local/lib/python3.8/site-packages/airflow/example_dags/example_complex.py for tasks to queue
[2025-07-21T14:06:35.867+0000] {logging_mixin.py:188} INFO - [2025-07-21T14:06:35.867+0000] {dagbag.py:538} INFO - Filling up the DagBag from /home/airflow/.local/lib/python3.8/site-packages/airflow/example_dags/example_complex.py
[2025-07-21T14:06:35.903+0000] {processor.py:840} INFO - DAG(s) 'example_complex' retrieved from /home/airflow/.local/lib/python3.8/site-packages/airflow/example_dags/example_complex.py
[2025-07-21T14:06:35.929+0000] {logging_mixin.py:188} INFO - [2025-07-21T14:06:35.929+0000] {dag.py:3036} INFO - Sync 1 DAGs
[2025-07-21T14:06:35.959+0000] {logging_mixin.py:188} INFO - [2025-07-21T14:06:35.959+0000] {dag.py:3823} INFO - Setting next_dagrun for example_complex to None, run_after=None
[2025-07-21T14:06:36.044+0000] {processor.py:183} INFO - Processing /home/airflow/.local/lib/python3.8/site-packages/airflow/example_dags/example_complex.py took 0.193 seconds
[2025-07-21T14:07:06.963+0000] {processor.py:161} INFO - Started process (PID=536) to work on /home/airflow/.local/lib/python3.8/site-packages/airflow/example_dags/example_complex.py
[2025-07-21T14:07:06.964+0000] {processor.py:830} INFO - Processing file /home/airflow/.local/lib/python3.8/site-packages/airflow/example_dags/example_complex.py for tasks to queue
[2025-07-21T14:07:06.966+0000] {logging_mixin.py:188} INFO - [2025-07-21T14:07:06.965+0000] {dagbag.py:538} INFO - Filling up the DagBag from /home/airflow/.local/lib/python3.8/site-packages/airflow/example_dags/example_complex.py
[2025-07-21T14:07:06.977+0000] {processor.py:840} INFO - DAG(s) 'example_complex' retrieved from /home/airflow/.local/lib/python3.8/site-packages/airflow/example_dags/example_complex.py
[2025-07-21T14:07:07.094+0000] {logging_mixin.py:188} INFO - [2025-07-21T14:07:07.093+0000] {dag.py:3036} INFO - Sync 1 DAGs
[2025-07-21T14:07:07.104+0000] {logging_mixin.py:188} INFO - [2025-07-21T14:07:07.104+0000] {dag.py:3823} INFO - Setting next_dagrun for example_complex to None, run_after=None
[2025-07-21T14:07:07.130+0000] {processor.py:183} INFO - Processing /home/airflow/.local/lib/python3.8/site-packages/airflow/example_dags/example_complex.py took 0.170 seconds
[2025-07-21T14:07:37.569+0000] {processor.py:161} INFO - Started process (PID=777) to work on /home/airflow/.local/lib/python3.8/site-packages/airflow/example_dags/example_complex.py
[2025-07-21T14:07:37.570+0000] {processor.py:830} INFO - Processing file /home/airflow/.local/lib/python3.8/site-packages/airflow/example_dags/example_complex.py for tasks to queue
[2025-07-21T14:07:37.571+0000] {logging_mixin.py:188} INFO - [2025-07-21T14:07:37.571+0000] {dagbag.py:538} INFO - Filling up the DagBag from /home/airflow/.local/lib/python3.8/site-packages/airflow/example_dags/example_complex.py
[2025-07-21T14:07:37.581+0000] {processor.py:840} INFO - DAG(s) 'example_complex' retrieved from /home/airflow/.local/lib/python3.8/site-packages/airflow/example_dags/example_complex.py
[2025-07-21T14:07:37.611+0000] {logging_mixin.py:188} INFO - [2025-07-21T14:07:37.611+0000] {dag.py:3036} INFO - Sync 1 DAGs
[2025-07-21T14:07:37.622+0000] {logging_mixin.py:188} INFO - [2025-07-21T14:07:37.621+0000] {dag.py:3823} INFO - Setting next_dagrun for example_complex to None, run_after=None
[2025-07-21T14:07:37.645+0000] {processor.py:183} INFO - Processing /home/airflow/.local/lib/python3.8/site-packages/airflow/example_dags/example_complex.py took 0.079 seconds
[2025-07-21T14:08:07.894+0000] {processor.py:161} INFO - Started process (PID=1020) to work on /home/airflow/.local/lib/python3.8/site-packages/airflow/example_dags/example_complex.py
[2025-07-21T14:08:07.895+0000] {processor.py:830} INFO - Processing file /home/airflow/.local/lib/python3.8/site-packages/airflow/example_dags/example_complex.py for tasks to queue
[2025-07-21T14:08:07.896+0000] {logging_mixin.py:188} INFO - [2025-07-21T14:08:07.896+0000] {dagbag.py:538} INFO - Filling up the DagBag from /home/airflow/.local/lib/python3.8/site-packages/airflow/example_dags/example_complex.py
[2025-07-21T14:08:07.905+0000] {processor.py:840} INFO - DAG(s) 'example_complex' retrieved from /home/airflow/.local/lib/python3.8/site-packages/airflow/example_dags/example_complex.py
[2025-07-21T14:08:07.934+0000] {logging_mixin.py:188} INFO - [2025-07-21T14:08:07.934+0000] {dag.py:3036} INFO - Sync 1 DAGs
[2025-07-21T14:08:07.944+0000] {logging_mixin.py:188} INFO - [2025-07-21T14:08:07.944+0000] {dag.py:3823} INFO - Setting next_dagrun for example_complex to None, run_after=None
[2025-07-21T14:08:07.963+0000] {processor.py:183} INFO - Processing /home/airflow/.local/lib/python3.8/site-packages/airflow/example_dags/example_complex.py took 0.072 seconds
[2025-07-21T14:08:38.286+0000] {processor.py:161} INFO - Started process (PID=1261) to work on /home/airflow/.local/lib/python3.8/site-packages/airflow/example_dags/example_complex.py
[2025-07-21T14:08:38.287+0000] {processor.py:830} INFO - Processing file /home/airflow/.local/lib/python3.8/site-packages/airflow/example_dags/example_complex.py for tasks to queue
[2025-07-21T14:08:38.288+0000] {logging_mixin.py:188} INFO - [2025-07-21T14:08:38.288+0000] {dagbag.py:538} INFO - Filling up the DagBag from /home/airflow/.local/lib/python3.8/site-packages/airflow/example_dags/example_complex.py
[2025-07-21T14:08:38.297+0000] {processor.py:840} INFO - DAG(s) 'example_complex' retrieved from /home/airflow/.local/lib/python3.8/site-packages/airflow/example_dags/example_complex.py
[2025-07-21T14:08:38.334+0000] {logging_mixin.py:188} INFO - [2025-07-21T14:08:38.334+0000] {dag.py:3036} INFO - Sync 1 DAGs
[2025-07-21T14:08:38.346+0000] {logging_mixin.py:188} INFO - [2025-07-21T14:08:38.346+0000] {dag.py:3823} INFO - Setting next_dagrun for example_complex to None, run_after=None
[2025-07-21T14:08:38.368+0000] {processor.py:183} INFO - Processing /home/airflow/.local/lib/python3.8/site-packages/airflow/example_dags/example_complex.py took 0.085 seconds
