[2025-07-21T14:03:24.276+0000] {processor.py:161} INFO - Started process (PID=227) to work on /home/airflow/.local/lib/python3.8/site-packages/airflow/example_dags/example_time_delta_sensor_async.py
[2025-07-21T14:03:24.277+0000] {processor.py:830} INFO - Processing file /home/airflow/.local/lib/python3.8/site-packages/airflow/example_dags/example_time_delta_sensor_async.py for tasks to queue
[2025-07-21T14:03:24.279+0000] {logging_mixin.py:188} INFO - [2025-07-21T14:03:24.279+0000] {dagbag.py:538} INFO - Filling up the DagBag from /home/airflow/.local/lib/python3.8/site-packages/airflow/example_dags/example_time_delta_sensor_async.py
[2025-07-21T14:03:24.302+0000] {processor.py:840} INFO - DAG(s) 'example_time_delta_sensor_async' retrieved from /home/airflow/.local/lib/python3.8/site-packages/airflow/example_dags/example_time_delta_sensor_async.py
[2025-07-21T14:03:24.632+0000] {logging_mixin.py:188} INFO - [2025-07-21T14:03:24.631+0000] {override.py:1769} INFO - Created Permission View: can read on DAG:example_time_delta_sensor_async
[2025-07-21T14:03:24.655+0000] {logging_mixin.py:188} INFO - [2025-07-21T14:03:24.654+0000] {override.py:1769} INFO - Created Permission View: can edit on DAG:example_time_delta_sensor_async
[2025-07-21T14:03:24.672+0000] {logging_mixin.py:188} INFO - [2025-07-21T14:03:24.672+0000] {override.py:1769} INFO - Created Permission View: can delete on DAG:example_time_delta_sensor_async
[2025-07-21T14:03:24.674+0000] {logging_mixin.py:188} INFO - [2025-07-21T14:03:24.674+0000] {dag.py:3036} INFO - Sync 1 DAGs
[2025-07-21T14:03:24.704+0000] {logging_mixin.py:188} INFO - [2025-07-21T14:03:24.704+0000] {dag.py:3058} INFO - Creating ORM DAG for example_time_delta_sensor_async
[2025-07-21T14:03:24.706+0000] {logging_mixin.py:188} INFO - [2025-07-21T14:03:24.705+0000] {dag.py:3823} INFO - Setting next_dagrun for example_time_delta_sensor_async to None, run_after=None
[2025-07-21T14:03:24.758+0000] {processor.py:183} INFO - Processing /home/airflow/.local/lib/python3.8/site-packages/airflow/example_dags/example_time_delta_sensor_async.py took 0.488 seconds
[2025-07-21T14:03:54.991+0000] {processor.py:161} INFO - Started process (PID=468) to work on /home/airflow/.local/lib/python3.8/site-packages/airflow/example_dags/example_time_delta_sensor_async.py
[2025-07-21T14:03:54.992+0000] {processor.py:830} INFO - Processing file /home/airflow/.local/lib/python3.8/site-packages/airflow/example_dags/example_time_delta_sensor_async.py for tasks to queue
[2025-07-21T14:03:54.993+0000] {logging_mixin.py:188} INFO - [2025-07-21T14:03:54.993+0000] {dagbag.py:538} INFO - Filling up the DagBag from /home/airflow/.local/lib/python3.8/site-packages/airflow/example_dags/example_time_delta_sensor_async.py
[2025-07-21T14:03:54.998+0000] {processor.py:840} INFO - DAG(s) 'example_time_delta_sensor_async' retrieved from /home/airflow/.local/lib/python3.8/site-packages/airflow/example_dags/example_time_delta_sensor_async.py
[2025-07-21T14:03:55.018+0000] {logging_mixin.py:188} INFO - [2025-07-21T14:03:55.017+0000] {dag.py:3036} INFO - Sync 1 DAGs
[2025-07-21T14:03:55.029+0000] {logging_mixin.py:188} INFO - [2025-07-21T14:03:55.029+0000] {dag.py:3823} INFO - Setting next_dagrun for example_time_delta_sensor_async to None, run_after=None
[2025-07-21T14:03:55.051+0000] {processor.py:183} INFO - Processing /home/airflow/.local/lib/python3.8/site-packages/airflow/example_dags/example_time_delta_sensor_async.py took 0.063 seconds
[2025-07-21T14:04:25.146+0000] {processor.py:161} INFO - Started process (PID=709) to work on /home/airflow/.local/lib/python3.8/site-packages/airflow/example_dags/example_time_delta_sensor_async.py
[2025-07-21T14:04:25.147+0000] {processor.py:830} INFO - Processing file /home/airflow/.local/lib/python3.8/site-packages/airflow/example_dags/example_time_delta_sensor_async.py for tasks to queue
[2025-07-21T14:04:25.148+0000] {logging_mixin.py:188} INFO - [2025-07-21T14:04:25.148+0000] {dagbag.py:538} INFO - Filling up the DagBag from /home/airflow/.local/lib/python3.8/site-packages/airflow/example_dags/example_time_delta_sensor_async.py
[2025-07-21T14:04:25.152+0000] {processor.py:840} INFO - DAG(s) 'example_time_delta_sensor_async' retrieved from /home/airflow/.local/lib/python3.8/site-packages/airflow/example_dags/example_time_delta_sensor_async.py
[2025-07-21T14:04:25.170+0000] {logging_mixin.py:188} INFO - [2025-07-21T14:04:25.169+0000] {dag.py:3036} INFO - Sync 1 DAGs
[2025-07-21T14:04:25.180+0000] {logging_mixin.py:188} INFO - [2025-07-21T14:04:25.180+0000] {dag.py:3823} INFO - Setting next_dagrun for example_time_delta_sensor_async to None, run_after=None
[2025-07-21T14:04:25.201+0000] {processor.py:183} INFO - Processing /home/airflow/.local/lib/python3.8/site-packages/airflow/example_dags/example_time_delta_sensor_async.py took 0.058 seconds
[2025-07-21T14:04:55.413+0000] {processor.py:161} INFO - Started process (PID=950) to work on /home/airflow/.local/lib/python3.8/site-packages/airflow/example_dags/example_time_delta_sensor_async.py
[2025-07-21T14:04:55.414+0000] {processor.py:830} INFO - Processing file /home/airflow/.local/lib/python3.8/site-packages/airflow/example_dags/example_time_delta_sensor_async.py for tasks to queue
[2025-07-21T14:04:55.416+0000] {logging_mixin.py:188} INFO - [2025-07-21T14:04:55.415+0000] {dagbag.py:538} INFO - Filling up the DagBag from /home/airflow/.local/lib/python3.8/site-packages/airflow/example_dags/example_time_delta_sensor_async.py
[2025-07-21T14:04:55.420+0000] {processor.py:840} INFO - DAG(s) 'example_time_delta_sensor_async' retrieved from /home/airflow/.local/lib/python3.8/site-packages/airflow/example_dags/example_time_delta_sensor_async.py
[2025-07-21T14:04:55.441+0000] {logging_mixin.py:188} INFO - [2025-07-21T14:04:55.441+0000] {dag.py:3036} INFO - Sync 1 DAGs
[2025-07-21T14:04:55.453+0000] {logging_mixin.py:188} INFO - [2025-07-21T14:04:55.452+0000] {dag.py:3823} INFO - Setting next_dagrun for example_time_delta_sensor_async to None, run_after=None
[2025-07-21T14:04:55.475+0000] {processor.py:183} INFO - Processing /home/airflow/.local/lib/python3.8/site-packages/airflow/example_dags/example_time_delta_sensor_async.py took 0.066 seconds
[2025-07-21T14:05:25.617+0000] {processor.py:161} INFO - Started process (PID=1191) to work on /home/airflow/.local/lib/python3.8/site-packages/airflow/example_dags/example_time_delta_sensor_async.py
[2025-07-21T14:05:25.618+0000] {processor.py:830} INFO - Processing file /home/airflow/.local/lib/python3.8/site-packages/airflow/example_dags/example_time_delta_sensor_async.py for tasks to queue
[2025-07-21T14:05:25.620+0000] {logging_mixin.py:188} INFO - [2025-07-21T14:05:25.619+0000] {dagbag.py:538} INFO - Filling up the DagBag from /home/airflow/.local/lib/python3.8/site-packages/airflow/example_dags/example_time_delta_sensor_async.py
[2025-07-21T14:05:25.624+0000] {processor.py:840} INFO - DAG(s) 'example_time_delta_sensor_async' retrieved from /home/airflow/.local/lib/python3.8/site-packages/airflow/example_dags/example_time_delta_sensor_async.py
[2025-07-21T14:05:25.648+0000] {logging_mixin.py:188} INFO - [2025-07-21T14:05:25.647+0000] {dag.py:3036} INFO - Sync 1 DAGs
[2025-07-21T14:05:25.659+0000] {logging_mixin.py:188} INFO - [2025-07-21T14:05:25.659+0000] {dag.py:3823} INFO - Setting next_dagrun for example_time_delta_sensor_async to None, run_after=None
[2025-07-21T14:05:25.678+0000] {processor.py:183} INFO - Processing /home/airflow/.local/lib/python3.8/site-packages/airflow/example_dags/example_time_delta_sensor_async.py took 0.064 seconds
[2025-07-21T14:05:55.928+0000] {processor.py:161} INFO - Started process (PID=1432) to work on /home/airflow/.local/lib/python3.8/site-packages/airflow/example_dags/example_time_delta_sensor_async.py
[2025-07-21T14:05:55.929+0000] {processor.py:830} INFO - Processing file /home/airflow/.local/lib/python3.8/site-packages/airflow/example_dags/example_time_delta_sensor_async.py for tasks to queue
[2025-07-21T14:05:55.930+0000] {logging_mixin.py:188} INFO - [2025-07-21T14:05:55.930+0000] {dagbag.py:538} INFO - Filling up the DagBag from /home/airflow/.local/lib/python3.8/site-packages/airflow/example_dags/example_time_delta_sensor_async.py
[2025-07-21T14:05:55.934+0000] {processor.py:840} INFO - DAG(s) 'example_time_delta_sensor_async' retrieved from /home/airflow/.local/lib/python3.8/site-packages/airflow/example_dags/example_time_delta_sensor_async.py
[2025-07-21T14:05:55.955+0000] {logging_mixin.py:188} INFO - [2025-07-21T14:05:55.954+0000] {dag.py:3036} INFO - Sync 1 DAGs
[2025-07-21T14:05:55.965+0000] {logging_mixin.py:188} INFO - [2025-07-21T14:05:55.965+0000] {dag.py:3823} INFO - Setting next_dagrun for example_time_delta_sensor_async to None, run_after=None
[2025-07-21T14:05:55.988+0000] {processor.py:183} INFO - Processing /home/airflow/.local/lib/python3.8/site-packages/airflow/example_dags/example_time_delta_sensor_async.py took 0.063 seconds
[2025-07-21T14:06:34.419+0000] {processor.py:161} INFO - Started process (PID=225) to work on /home/airflow/.local/lib/python3.8/site-packages/airflow/example_dags/example_time_delta_sensor_async.py
[2025-07-21T14:06:34.421+0000] {processor.py:830} INFO - Processing file /home/airflow/.local/lib/python3.8/site-packages/airflow/example_dags/example_time_delta_sensor_async.py for tasks to queue
[2025-07-21T14:06:34.423+0000] {logging_mixin.py:188} INFO - [2025-07-21T14:06:34.422+0000] {dagbag.py:538} INFO - Filling up the DagBag from /home/airflow/.local/lib/python3.8/site-packages/airflow/example_dags/example_time_delta_sensor_async.py
[2025-07-21T14:06:34.437+0000] {processor.py:840} INFO - DAG(s) 'example_time_delta_sensor_async' retrieved from /home/airflow/.local/lib/python3.8/site-packages/airflow/example_dags/example_time_delta_sensor_async.py
[2025-07-21T14:06:34.457+0000] {logging_mixin.py:188} INFO - [2025-07-21T14:06:34.456+0000] {dag.py:3036} INFO - Sync 1 DAGs
[2025-07-21T14:06:34.484+0000] {logging_mixin.py:188} INFO - [2025-07-21T14:06:34.484+0000] {dag.py:3823} INFO - Setting next_dagrun for example_time_delta_sensor_async to None, run_after=None
[2025-07-21T14:06:34.530+0000] {processor.py:183} INFO - Processing /home/airflow/.local/lib/python3.8/site-packages/airflow/example_dags/example_time_delta_sensor_async.py took 0.117 seconds
[2025-07-21T14:07:05.034+0000] {processor.py:161} INFO - Started process (PID=466) to work on /home/airflow/.local/lib/python3.8/site-packages/airflow/example_dags/example_time_delta_sensor_async.py
[2025-07-21T14:07:05.035+0000] {processor.py:830} INFO - Processing file /home/airflow/.local/lib/python3.8/site-packages/airflow/example_dags/example_time_delta_sensor_async.py for tasks to queue
[2025-07-21T14:07:05.037+0000] {logging_mixin.py:188} INFO - [2025-07-21T14:07:05.036+0000] {dagbag.py:538} INFO - Filling up the DagBag from /home/airflow/.local/lib/python3.8/site-packages/airflow/example_dags/example_time_delta_sensor_async.py
[2025-07-21T14:07:05.042+0000] {processor.py:840} INFO - DAG(s) 'example_time_delta_sensor_async' retrieved from /home/airflow/.local/lib/python3.8/site-packages/airflow/example_dags/example_time_delta_sensor_async.py
[2025-07-21T14:07:05.162+0000] {logging_mixin.py:188} INFO - [2025-07-21T14:07:05.161+0000] {dag.py:3036} INFO - Sync 1 DAGs
[2025-07-21T14:07:05.177+0000] {logging_mixin.py:188} INFO - [2025-07-21T14:07:05.176+0000] {dag.py:3823} INFO - Setting next_dagrun for example_time_delta_sensor_async to None, run_after=None
[2025-07-21T14:07:05.201+0000] {processor.py:183} INFO - Processing /home/airflow/.local/lib/python3.8/site-packages/airflow/example_dags/example_time_delta_sensor_async.py took 0.170 seconds
[2025-07-21T14:07:35.772+0000] {processor.py:161} INFO - Started process (PID=709) to work on /home/airflow/.local/lib/python3.8/site-packages/airflow/example_dags/example_time_delta_sensor_async.py
[2025-07-21T14:07:35.773+0000] {processor.py:830} INFO - Processing file /home/airflow/.local/lib/python3.8/site-packages/airflow/example_dags/example_time_delta_sensor_async.py for tasks to queue
[2025-07-21T14:07:35.774+0000] {logging_mixin.py:188} INFO - [2025-07-21T14:07:35.774+0000] {dagbag.py:538} INFO - Filling up the DagBag from /home/airflow/.local/lib/python3.8/site-packages/airflow/example_dags/example_time_delta_sensor_async.py
[2025-07-21T14:07:35.780+0000] {processor.py:840} INFO - DAG(s) 'example_time_delta_sensor_async' retrieved from /home/airflow/.local/lib/python3.8/site-packages/airflow/example_dags/example_time_delta_sensor_async.py
[2025-07-21T14:07:35.802+0000] {logging_mixin.py:188} INFO - [2025-07-21T14:07:35.802+0000] {dag.py:3036} INFO - Sync 1 DAGs
[2025-07-21T14:07:35.814+0000] {logging_mixin.py:188} INFO - [2025-07-21T14:07:35.813+0000] {dag.py:3823} INFO - Setting next_dagrun for example_time_delta_sensor_async to None, run_after=None
[2025-07-21T14:07:35.836+0000] {processor.py:183} INFO - Processing /home/airflow/.local/lib/python3.8/site-packages/airflow/example_dags/example_time_delta_sensor_async.py took 0.067 seconds
[2025-07-21T14:08:05.934+0000] {processor.py:161} INFO - Started process (PID=950) to work on /home/airflow/.local/lib/python3.8/site-packages/airflow/example_dags/example_time_delta_sensor_async.py
[2025-07-21T14:08:05.936+0000] {processor.py:830} INFO - Processing file /home/airflow/.local/lib/python3.8/site-packages/airflow/example_dags/example_time_delta_sensor_async.py for tasks to queue
[2025-07-21T14:08:05.947+0000] {logging_mixin.py:188} INFO - [2025-07-21T14:08:05.937+0000] {dagbag.py:538} INFO - Filling up the DagBag from /home/airflow/.local/lib/python3.8/site-packages/airflow/example_dags/example_time_delta_sensor_async.py
[2025-07-21T14:08:05.952+0000] {processor.py:840} INFO - DAG(s) 'example_time_delta_sensor_async' retrieved from /home/airflow/.local/lib/python3.8/site-packages/airflow/example_dags/example_time_delta_sensor_async.py
[2025-07-21T14:08:05.978+0000] {logging_mixin.py:188} INFO - [2025-07-21T14:08:05.977+0000] {dag.py:3036} INFO - Sync 1 DAGs
[2025-07-21T14:08:05.989+0000] {logging_mixin.py:188} INFO - [2025-07-21T14:08:05.989+0000] {dag.py:3823} INFO - Setting next_dagrun for example_time_delta_sensor_async to None, run_after=None
[2025-07-21T14:08:06.008+0000] {processor.py:183} INFO - Processing /home/airflow/.local/lib/python3.8/site-packages/airflow/example_dags/example_time_delta_sensor_async.py took 0.078 seconds
[2025-07-21T14:08:36.230+0000] {processor.py:161} INFO - Started process (PID=1191) to work on /home/airflow/.local/lib/python3.8/site-packages/airflow/example_dags/example_time_delta_sensor_async.py
[2025-07-21T14:08:36.232+0000] {processor.py:830} INFO - Processing file /home/airflow/.local/lib/python3.8/site-packages/airflow/example_dags/example_time_delta_sensor_async.py for tasks to queue
[2025-07-21T14:08:36.233+0000] {logging_mixin.py:188} INFO - [2025-07-21T14:08:36.232+0000] {dagbag.py:538} INFO - Filling up the DagBag from /home/airflow/.local/lib/python3.8/site-packages/airflow/example_dags/example_time_delta_sensor_async.py
[2025-07-21T14:08:36.237+0000] {processor.py:840} INFO - DAG(s) 'example_time_delta_sensor_async' retrieved from /home/airflow/.local/lib/python3.8/site-packages/airflow/example_dags/example_time_delta_sensor_async.py
[2025-07-21T14:08:36.257+0000] {logging_mixin.py:188} INFO - [2025-07-21T14:08:36.257+0000] {dag.py:3036} INFO - Sync 1 DAGs
[2025-07-21T14:08:36.268+0000] {logging_mixin.py:188} INFO - [2025-07-21T14:08:36.268+0000] {dag.py:3823} INFO - Setting next_dagrun for example_time_delta_sensor_async to None, run_after=None
[2025-07-21T14:08:36.288+0000] {processor.py:183} INFO - Processing /home/airflow/.local/lib/python3.8/site-packages/airflow/example_dags/example_time_delta_sensor_async.py took 0.060 seconds
