[2025-07-21T14:03:26.660+0000] {processor.py:161} INFO - Started process (PID=270) to work on /home/airflow/.local/lib/python3.8/site-packages/airflow/example_dags/example_branch_python_dop_operator_3.py
[2025-07-21T14:03:26.662+0000] {processor.py:830} INFO - Processing file /home/airflow/.local/lib/python3.8/site-packages/airflow/example_dags/example_branch_python_dop_operator_3.py for tasks to queue
[2025-07-21T14:03:26.664+0000] {logging_mixin.py:188} INFO - [2025-07-21T14:03:26.663+0000] {dagbag.py:538} INFO - Filling up the DagBag from /home/airflow/.local/lib/python3.8/site-packages/airflow/example_dags/example_branch_python_dop_operator_3.py
[2025-07-21T14:03:26.685+0000] {processor.py:840} INFO - DAG(s) 'example_branch_dop_operator_v3' retrieved from /home/airflow/.local/lib/python3.8/site-packages/airflow/example_dags/example_branch_python_dop_operator_3.py
[2025-07-21T14:03:26.859+0000] {logging_mixin.py:188} INFO - [2025-07-21T14:03:26.859+0000] {override.py:1769} INFO - Created Permission View: can read on DAG:example_branch_dop_operator_v3
[2025-07-21T14:03:26.877+0000] {logging_mixin.py:188} INFO - [2025-07-21T14:03:26.876+0000] {override.py:1769} INFO - Created Permission View: can edit on DAG:example_branch_dop_operator_v3
[2025-07-21T14:03:26.889+0000] {logging_mixin.py:188} INFO - [2025-07-21T14:03:26.889+0000] {override.py:1769} INFO - Created Permission View: can delete on DAG:example_branch_dop_operator_v3
[2025-07-21T14:03:26.890+0000] {logging_mixin.py:188} INFO - [2025-07-21T14:03:26.890+0000] {dag.py:3036} INFO - Sync 1 DAGs
[2025-07-21T14:03:26.907+0000] {logging_mixin.py:188} INFO - [2025-07-21T14:03:26.907+0000] {dag.py:3058} INFO - Creating ORM DAG for example_branch_dop_operator_v3
[2025-07-21T14:03:26.932+0000] {logging_mixin.py:188} INFO - [2025-07-21T14:03:26.932+0000] {dag.py:3823} INFO - Setting next_dagrun for example_branch_dop_operator_v3 to 2025-07-21 14:02:00+00:00, run_after=2025-07-21 14:03:00+00:00
[2025-07-21T14:03:26.962+0000] {processor.py:183} INFO - Processing /home/airflow/.local/lib/python3.8/site-packages/airflow/example_dags/example_branch_python_dop_operator_3.py took 0.307 seconds
[2025-07-21T14:03:57.543+0000] {processor.py:161} INFO - Started process (PID=513) to work on /home/airflow/.local/lib/python3.8/site-packages/airflow/example_dags/example_branch_python_dop_operator_3.py
[2025-07-21T14:03:57.544+0000] {processor.py:830} INFO - Processing file /home/airflow/.local/lib/python3.8/site-packages/airflow/example_dags/example_branch_python_dop_operator_3.py for tasks to queue
[2025-07-21T14:03:57.545+0000] {logging_mixin.py:188} INFO - [2025-07-21T14:03:57.545+0000] {dagbag.py:538} INFO - Filling up the DagBag from /home/airflow/.local/lib/python3.8/site-packages/airflow/example_dags/example_branch_python_dop_operator_3.py
[2025-07-21T14:03:57.553+0000] {processor.py:840} INFO - DAG(s) 'example_branch_dop_operator_v3' retrieved from /home/airflow/.local/lib/python3.8/site-packages/airflow/example_dags/example_branch_python_dop_operator_3.py
[2025-07-21T14:03:57.574+0000] {logging_mixin.py:188} INFO - [2025-07-21T14:03:57.574+0000] {dag.py:3036} INFO - Sync 1 DAGs
[2025-07-21T14:03:57.597+0000] {logging_mixin.py:188} INFO - [2025-07-21T14:03:57.597+0000] {dag.py:3823} INFO - Setting next_dagrun for example_branch_dop_operator_v3 to 2025-07-21 14:02:00+00:00, run_after=2025-07-21 14:03:00+00:00
[2025-07-21T14:03:57.621+0000] {processor.py:183} INFO - Processing /home/airflow/.local/lib/python3.8/site-packages/airflow/example_dags/example_branch_python_dop_operator_3.py took 0.081 seconds
[2025-07-21T14:04:27.683+0000] {processor.py:161} INFO - Started process (PID=754) to work on /home/airflow/.local/lib/python3.8/site-packages/airflow/example_dags/example_branch_python_dop_operator_3.py
[2025-07-21T14:04:27.684+0000] {processor.py:830} INFO - Processing file /home/airflow/.local/lib/python3.8/site-packages/airflow/example_dags/example_branch_python_dop_operator_3.py for tasks to queue
[2025-07-21T14:04:27.685+0000] {logging_mixin.py:188} INFO - [2025-07-21T14:04:27.685+0000] {dagbag.py:538} INFO - Filling up the DagBag from /home/airflow/.local/lib/python3.8/site-packages/airflow/example_dags/example_branch_python_dop_operator_3.py
[2025-07-21T14:04:27.693+0000] {processor.py:840} INFO - DAG(s) 'example_branch_dop_operator_v3' retrieved from /home/airflow/.local/lib/python3.8/site-packages/airflow/example_dags/example_branch_python_dop_operator_3.py
[2025-07-21T14:04:27.713+0000] {logging_mixin.py:188} INFO - [2025-07-21T14:04:27.712+0000] {dag.py:3036} INFO - Sync 1 DAGs
[2025-07-21T14:04:27.735+0000] {logging_mixin.py:188} INFO - [2025-07-21T14:04:27.735+0000] {dag.py:3823} INFO - Setting next_dagrun for example_branch_dop_operator_v3 to 2025-07-21 14:03:00+00:00, run_after=2025-07-21 14:04:00+00:00
[2025-07-21T14:04:27.758+0000] {processor.py:183} INFO - Processing /home/airflow/.local/lib/python3.8/site-packages/airflow/example_dags/example_branch_python_dop_operator_3.py took 0.078 seconds
[2025-07-21T14:04:57.906+0000] {processor.py:161} INFO - Started process (PID=993) to work on /home/airflow/.local/lib/python3.8/site-packages/airflow/example_dags/example_branch_python_dop_operator_3.py
[2025-07-21T14:04:57.907+0000] {processor.py:830} INFO - Processing file /home/airflow/.local/lib/python3.8/site-packages/airflow/example_dags/example_branch_python_dop_operator_3.py for tasks to queue
[2025-07-21T14:04:57.908+0000] {logging_mixin.py:188} INFO - [2025-07-21T14:04:57.908+0000] {dagbag.py:538} INFO - Filling up the DagBag from /home/airflow/.local/lib/python3.8/site-packages/airflow/example_dags/example_branch_python_dop_operator_3.py
[2025-07-21T14:04:57.919+0000] {processor.py:840} INFO - DAG(s) 'example_branch_dop_operator_v3' retrieved from /home/airflow/.local/lib/python3.8/site-packages/airflow/example_dags/example_branch_python_dop_operator_3.py
[2025-07-21T14:04:57.942+0000] {logging_mixin.py:188} INFO - [2025-07-21T14:04:57.942+0000] {dag.py:3036} INFO - Sync 1 DAGs
[2025-07-21T14:04:57.971+0000] {logging_mixin.py:188} INFO - [2025-07-21T14:04:57.971+0000] {dag.py:3823} INFO - Setting next_dagrun for example_branch_dop_operator_v3 to 2025-07-21 14:03:00+00:00, run_after=2025-07-21 14:04:00+00:00
[2025-07-21T14:04:57.993+0000] {processor.py:183} INFO - Processing /home/airflow/.local/lib/python3.8/site-packages/airflow/example_dags/example_branch_python_dop_operator_3.py took 0.091 seconds
[2025-07-21T14:05:28.272+0000] {processor.py:161} INFO - Started process (PID=1236) to work on /home/airflow/.local/lib/python3.8/site-packages/airflow/example_dags/example_branch_python_dop_operator_3.py
[2025-07-21T14:05:28.274+0000] {processor.py:830} INFO - Processing file /home/airflow/.local/lib/python3.8/site-packages/airflow/example_dags/example_branch_python_dop_operator_3.py for tasks to queue
[2025-07-21T14:05:28.275+0000] {logging_mixin.py:188} INFO - [2025-07-21T14:05:28.275+0000] {dagbag.py:538} INFO - Filling up the DagBag from /home/airflow/.local/lib/python3.8/site-packages/airflow/example_dags/example_branch_python_dop_operator_3.py
[2025-07-21T14:05:28.288+0000] {processor.py:840} INFO - DAG(s) 'example_branch_dop_operator_v3' retrieved from /home/airflow/.local/lib/python3.8/site-packages/airflow/example_dags/example_branch_python_dop_operator_3.py
[2025-07-21T14:05:28.310+0000] {logging_mixin.py:188} INFO - [2025-07-21T14:05:28.310+0000] {dag.py:3036} INFO - Sync 1 DAGs
[2025-07-21T14:05:28.340+0000] {logging_mixin.py:188} INFO - [2025-07-21T14:05:28.340+0000] {dag.py:3823} INFO - Setting next_dagrun for example_branch_dop_operator_v3 to 2025-07-21 14:04:00+00:00, run_after=2025-07-21 14:05:00+00:00
[2025-07-21T14:05:28.361+0000] {processor.py:183} INFO - Processing /home/airflow/.local/lib/python3.8/site-packages/airflow/example_dags/example_branch_python_dop_operator_3.py took 0.093 seconds
[2025-07-21T14:05:58.521+0000] {processor.py:161} INFO - Started process (PID=1477) to work on /home/airflow/.local/lib/python3.8/site-packages/airflow/example_dags/example_branch_python_dop_operator_3.py
[2025-07-21T14:05:58.522+0000] {processor.py:830} INFO - Processing file /home/airflow/.local/lib/python3.8/site-packages/airflow/example_dags/example_branch_python_dop_operator_3.py for tasks to queue
[2025-07-21T14:05:58.523+0000] {logging_mixin.py:188} INFO - [2025-07-21T14:05:58.523+0000] {dagbag.py:538} INFO - Filling up the DagBag from /home/airflow/.local/lib/python3.8/site-packages/airflow/example_dags/example_branch_python_dop_operator_3.py
[2025-07-21T14:05:58.532+0000] {processor.py:840} INFO - DAG(s) 'example_branch_dop_operator_v3' retrieved from /home/airflow/.local/lib/python3.8/site-packages/airflow/example_dags/example_branch_python_dop_operator_3.py
[2025-07-21T14:05:58.552+0000] {logging_mixin.py:188} INFO - [2025-07-21T14:05:58.552+0000] {dag.py:3036} INFO - Sync 1 DAGs
[2025-07-21T14:05:58.577+0000] {logging_mixin.py:188} INFO - [2025-07-21T14:05:58.577+0000] {dag.py:3823} INFO - Setting next_dagrun for example_branch_dop_operator_v3 to 2025-07-21 14:04:00+00:00, run_after=2025-07-21 14:05:00+00:00
[2025-07-21T14:05:58.601+0000] {processor.py:183} INFO - Processing /home/airflow/.local/lib/python3.8/site-packages/airflow/example_dags/example_branch_python_dop_operator_3.py took 0.082 seconds
[2025-07-21T14:06:35.298+0000] {processor.py:161} INFO - Started process (PID=270) to work on /home/airflow/.local/lib/python3.8/site-packages/airflow/example_dags/example_branch_python_dop_operator_3.py
[2025-07-21T14:06:35.300+0000] {processor.py:830} INFO - Processing file /home/airflow/.local/lib/python3.8/site-packages/airflow/example_dags/example_branch_python_dop_operator_3.py for tasks to queue
[2025-07-21T14:06:35.302+0000] {logging_mixin.py:188} INFO - [2025-07-21T14:06:35.301+0000] {dagbag.py:538} INFO - Filling up the DagBag from /home/airflow/.local/lib/python3.8/site-packages/airflow/example_dags/example_branch_python_dop_operator_3.py
[2025-07-21T14:06:35.325+0000] {processor.py:840} INFO - DAG(s) 'example_branch_dop_operator_v3' retrieved from /home/airflow/.local/lib/python3.8/site-packages/airflow/example_dags/example_branch_python_dop_operator_3.py
[2025-07-21T14:06:35.350+0000] {logging_mixin.py:188} INFO - [2025-07-21T14:06:35.349+0000] {dag.py:3036} INFO - Sync 1 DAGs
[2025-07-21T14:06:35.407+0000] {logging_mixin.py:188} INFO - [2025-07-21T14:06:35.406+0000] {dag.py:3823} INFO - Setting next_dagrun for example_branch_dop_operator_v3 to 2025-07-21 14:05:00+00:00, run_after=2025-07-21 14:06:00+00:00
[2025-07-21T14:06:35.439+0000] {processor.py:183} INFO - Processing /home/airflow/.local/lib/python3.8/site-packages/airflow/example_dags/example_branch_python_dop_operator_3.py took 0.148 seconds
[2025-07-21T14:07:06.314+0000] {processor.py:161} INFO - Started process (PID=508) to work on /home/airflow/.local/lib/python3.8/site-packages/airflow/example_dags/example_branch_python_dop_operator_3.py
[2025-07-21T14:07:06.315+0000] {processor.py:830} INFO - Processing file /home/airflow/.local/lib/python3.8/site-packages/airflow/example_dags/example_branch_python_dop_operator_3.py for tasks to queue
[2025-07-21T14:07:06.316+0000] {logging_mixin.py:188} INFO - [2025-07-21T14:07:06.316+0000] {dagbag.py:538} INFO - Filling up the DagBag from /home/airflow/.local/lib/python3.8/site-packages/airflow/example_dags/example_branch_python_dop_operator_3.py
[2025-07-21T14:07:06.330+0000] {processor.py:840} INFO - DAG(s) 'example_branch_dop_operator_v3' retrieved from /home/airflow/.local/lib/python3.8/site-packages/airflow/example_dags/example_branch_python_dop_operator_3.py
[2025-07-21T14:07:06.439+0000] {logging_mixin.py:188} INFO - [2025-07-21T14:07:06.439+0000] {dag.py:3036} INFO - Sync 1 DAGs
[2025-07-21T14:07:06.465+0000] {logging_mixin.py:188} INFO - [2025-07-21T14:07:06.464+0000] {dag.py:3823} INFO - Setting next_dagrun for example_branch_dop_operator_v3 to 2025-07-21 14:06:00+00:00, run_after=2025-07-21 14:07:00+00:00
[2025-07-21T14:07:06.490+0000] {processor.py:183} INFO - Processing /home/airflow/.local/lib/python3.8/site-packages/airflow/example_dags/example_branch_python_dop_operator_3.py took 0.180 seconds
[2025-07-21T14:07:37.341+0000] {processor.py:161} INFO - Started process (PID=754) to work on /home/airflow/.local/lib/python3.8/site-packages/airflow/example_dags/example_branch_python_dop_operator_3.py
[2025-07-21T14:07:37.343+0000] {processor.py:830} INFO - Processing file /home/airflow/.local/lib/python3.8/site-packages/airflow/example_dags/example_branch_python_dop_operator_3.py for tasks to queue
[2025-07-21T14:07:37.343+0000] {logging_mixin.py:188} INFO - [2025-07-21T14:07:37.343+0000] {dagbag.py:538} INFO - Filling up the DagBag from /home/airflow/.local/lib/python3.8/site-packages/airflow/example_dags/example_branch_python_dop_operator_3.py
[2025-07-21T14:07:37.351+0000] {processor.py:840} INFO - DAG(s) 'example_branch_dop_operator_v3' retrieved from /home/airflow/.local/lib/python3.8/site-packages/airflow/example_dags/example_branch_python_dop_operator_3.py
[2025-07-21T14:07:37.371+0000] {logging_mixin.py:188} INFO - [2025-07-21T14:07:37.371+0000] {dag.py:3036} INFO - Sync 1 DAGs
[2025-07-21T14:07:37.395+0000] {logging_mixin.py:188} INFO - [2025-07-21T14:07:37.395+0000] {dag.py:3823} INFO - Setting next_dagrun for example_branch_dop_operator_v3 to 2025-07-21 14:06:00+00:00, run_after=2025-07-21 14:07:00+00:00
[2025-07-21T14:07:37.419+0000] {processor.py:183} INFO - Processing /home/airflow/.local/lib/python3.8/site-packages/airflow/example_dags/example_branch_python_dop_operator_3.py took 0.080 seconds
[2025-07-21T14:08:07.565+0000] {processor.py:161} INFO - Started process (PID=995) to work on /home/airflow/.local/lib/python3.8/site-packages/airflow/example_dags/example_branch_python_dop_operator_3.py
[2025-07-21T14:08:07.566+0000] {processor.py:830} INFO - Processing file /home/airflow/.local/lib/python3.8/site-packages/airflow/example_dags/example_branch_python_dop_operator_3.py for tasks to queue
[2025-07-21T14:08:07.567+0000] {logging_mixin.py:188} INFO - [2025-07-21T14:08:07.567+0000] {dagbag.py:538} INFO - Filling up the DagBag from /home/airflow/.local/lib/python3.8/site-packages/airflow/example_dags/example_branch_python_dop_operator_3.py
[2025-07-21T14:08:07.575+0000] {processor.py:840} INFO - DAG(s) 'example_branch_dop_operator_v3' retrieved from /home/airflow/.local/lib/python3.8/site-packages/airflow/example_dags/example_branch_python_dop_operator_3.py
[2025-07-21T14:08:07.594+0000] {logging_mixin.py:188} INFO - [2025-07-21T14:08:07.594+0000] {dag.py:3036} INFO - Sync 1 DAGs
[2025-07-21T14:08:07.617+0000] {logging_mixin.py:188} INFO - [2025-07-21T14:08:07.616+0000] {dag.py:3823} INFO - Setting next_dagrun for example_branch_dop_operator_v3 to 2025-07-21 14:07:00+00:00, run_after=2025-07-21 14:08:00+00:00
[2025-07-21T14:08:07.640+0000] {processor.py:183} INFO - Processing /home/airflow/.local/lib/python3.8/site-packages/airflow/example_dags/example_branch_python_dop_operator_3.py took 0.078 seconds
[2025-07-21T14:08:37.921+0000] {processor.py:161} INFO - Started process (PID=1236) to work on /home/airflow/.local/lib/python3.8/site-packages/airflow/example_dags/example_branch_python_dop_operator_3.py
[2025-07-21T14:08:37.923+0000] {processor.py:830} INFO - Processing file /home/airflow/.local/lib/python3.8/site-packages/airflow/example_dags/example_branch_python_dop_operator_3.py for tasks to queue
[2025-07-21T14:08:37.924+0000] {logging_mixin.py:188} INFO - [2025-07-21T14:08:37.924+0000] {dagbag.py:538} INFO - Filling up the DagBag from /home/airflow/.local/lib/python3.8/site-packages/airflow/example_dags/example_branch_python_dop_operator_3.py
[2025-07-21T14:08:37.936+0000] {processor.py:840} INFO - DAG(s) 'example_branch_dop_operator_v3' retrieved from /home/airflow/.local/lib/python3.8/site-packages/airflow/example_dags/example_branch_python_dop_operator_3.py
[2025-07-21T14:08:37.963+0000] {logging_mixin.py:188} INFO - [2025-07-21T14:08:37.963+0000] {dag.py:3036} INFO - Sync 1 DAGs
[2025-07-21T14:08:37.991+0000] {logging_mixin.py:188} INFO - [2025-07-21T14:08:37.991+0000] {dag.py:3823} INFO - Setting next_dagrun for example_branch_dop_operator_v3 to 2025-07-21 14:07:00+00:00, run_after=2025-07-21 14:08:00+00:00
[2025-07-21T14:08:38.010+0000] {processor.py:183} INFO - Processing /home/airflow/.local/lib/python3.8/site-packages/airflow/example_dags/example_branch_python_dop_operator_3.py took 0.094 seconds
