[2025-07-21T14:03:27.511+0000] {processor.py:161} INFO - Started process (PID=290) to work on /home/airflow/.local/lib/python3.8/site-packages/airflow/example_dags/example_branch_datetime_operator.py
[2025-07-21T14:03:27.515+0000] {processor.py:830} INFO - Processing file /home/airflow/.local/lib/python3.8/site-packages/airflow/example_dags/example_branch_datetime_operator.py for tasks to queue
[2025-07-21T14:03:27.517+0000] {logging_mixin.py:188} INFO - [2025-07-21T14:03:27.516+0000] {dagbag.py:538} INFO - Filling up the DagBag from /home/airflow/.local/lib/python3.8/site-packages/airflow/example_dags/example_branch_datetime_operator.py
[2025-07-21T14:03:27.555+0000] {processor.py:840} INFO - DAG(s) 'example_branch_datetime_operator', 'example_branch_datetime_operator_3', 'example_branch_datetime_operator_2' retrieved from /home/airflow/.local/lib/python3.8/site-packages/airflow/example_dags/example_branch_datetime_operator.py
[2025-07-21T14:03:27.771+0000] {logging_mixin.py:188} INFO - [2025-07-21T14:03:27.770+0000] {override.py:1769} INFO - Created Permission View: can read on DAG:example_branch_datetime_operator
[2025-07-21T14:03:27.789+0000] {logging_mixin.py:188} INFO - [2025-07-21T14:03:27.788+0000] {override.py:1769} INFO - Created Permission View: can edit on DAG:example_branch_datetime_operator
[2025-07-21T14:03:27.802+0000] {logging_mixin.py:188} INFO - [2025-07-21T14:03:27.801+0000] {override.py:1769} INFO - Created Permission View: can delete on DAG:example_branch_datetime_operator
[2025-07-21T14:03:27.825+0000] {logging_mixin.py:188} INFO - [2025-07-21T14:03:27.825+0000] {override.py:1769} INFO - Created Permission View: can read on DAG:example_branch_datetime_operator_3
[2025-07-21T14:03:27.838+0000] {logging_mixin.py:188} INFO - [2025-07-21T14:03:27.838+0000] {override.py:1769} INFO - Created Permission View: can edit on DAG:example_branch_datetime_operator_3
[2025-07-21T14:03:27.850+0000] {logging_mixin.py:188} INFO - [2025-07-21T14:03:27.849+0000] {override.py:1769} INFO - Created Permission View: can delete on DAG:example_branch_datetime_operator_3
[2025-07-21T14:03:27.869+0000] {logging_mixin.py:188} INFO - [2025-07-21T14:03:27.868+0000] {override.py:1769} INFO - Created Permission View: can read on DAG:example_branch_datetime_operator_2
[2025-07-21T14:03:27.879+0000] {logging_mixin.py:188} INFO - [2025-07-21T14:03:27.878+0000] {override.py:1769} INFO - Created Permission View: can edit on DAG:example_branch_datetime_operator_2
[2025-07-21T14:03:27.890+0000] {logging_mixin.py:188} INFO - [2025-07-21T14:03:27.890+0000] {override.py:1769} INFO - Created Permission View: can delete on DAG:example_branch_datetime_operator_2
[2025-07-21T14:03:27.891+0000] {logging_mixin.py:188} INFO - [2025-07-21T14:03:27.891+0000] {dag.py:3036} INFO - Sync 3 DAGs
[2025-07-21T14:03:27.912+0000] {logging_mixin.py:188} INFO - [2025-07-21T14:03:27.911+0000] {dag.py:3058} INFO - Creating ORM DAG for example_branch_datetime_operator_2
[2025-07-21T14:03:27.913+0000] {logging_mixin.py:188} INFO - [2025-07-21T14:03:27.913+0000] {dag.py:3058} INFO - Creating ORM DAG for example_branch_datetime_operator
[2025-07-21T14:03:27.914+0000] {logging_mixin.py:188} INFO - [2025-07-21T14:03:27.914+0000] {dag.py:3058} INFO - Creating ORM DAG for example_branch_datetime_operator_3
[2025-07-21T14:03:27.931+0000] {logging_mixin.py:188} INFO - [2025-07-21T14:03:27.931+0000] {dag.py:3823} INFO - Setting next_dagrun for example_branch_datetime_operator to 2025-07-20 00:00:00+00:00, run_after=2025-07-21 00:00:00+00:00
[2025-07-21T14:03:27.935+0000] {logging_mixin.py:188} INFO - [2025-07-21T14:03:27.934+0000] {dag.py:3823} INFO - Setting next_dagrun for example_branch_datetime_operator_2 to 2025-07-20 00:00:00+00:00, run_after=2025-07-21 00:00:00+00:00
[2025-07-21T14:03:27.937+0000] {logging_mixin.py:188} INFO - [2025-07-21T14:03:27.937+0000] {dag.py:3823} INFO - Setting next_dagrun for example_branch_datetime_operator_3 to 2025-07-20 00:00:00+00:00, run_after=2025-07-21 00:00:00+00:00
[2025-07-21T14:03:27.971+0000] {processor.py:183} INFO - Processing /home/airflow/.local/lib/python3.8/site-packages/airflow/example_dags/example_branch_datetime_operator.py took 0.472 seconds
[2025-07-21T14:03:58.774+0000] {processor.py:161} INFO - Started process (PID=533) to work on /home/airflow/.local/lib/python3.8/site-packages/airflow/example_dags/example_branch_datetime_operator.py
[2025-07-21T14:03:58.775+0000] {processor.py:830} INFO - Processing file /home/airflow/.local/lib/python3.8/site-packages/airflow/example_dags/example_branch_datetime_operator.py for tasks to queue
[2025-07-21T14:03:58.776+0000] {logging_mixin.py:188} INFO - [2025-07-21T14:03:58.776+0000] {dagbag.py:538} INFO - Filling up the DagBag from /home/airflow/.local/lib/python3.8/site-packages/airflow/example_dags/example_branch_datetime_operator.py
[2025-07-21T14:03:58.785+0000] {processor.py:840} INFO - DAG(s) 'example_branch_datetime_operator_3', 'example_branch_datetime_operator_2', 'example_branch_datetime_operator' retrieved from /home/airflow/.local/lib/python3.8/site-packages/airflow/example_dags/example_branch_datetime_operator.py
[2025-07-21T14:03:58.813+0000] {logging_mixin.py:188} INFO - [2025-07-21T14:03:58.813+0000] {dag.py:3036} INFO - Sync 3 DAGs
[2025-07-21T14:03:58.840+0000] {logging_mixin.py:188} INFO - [2025-07-21T14:03:58.839+0000] {dag.py:3823} INFO - Setting next_dagrun for example_branch_datetime_operator to 2025-07-20 00:00:00+00:00, run_after=2025-07-21 00:00:00+00:00
[2025-07-21T14:03:58.845+0000] {logging_mixin.py:188} INFO - [2025-07-21T14:03:58.845+0000] {dag.py:3823} INFO - Setting next_dagrun for example_branch_datetime_operator_2 to 2025-07-20 00:00:00+00:00, run_after=2025-07-21 00:00:00+00:00
[2025-07-21T14:03:58.848+0000] {logging_mixin.py:188} INFO - [2025-07-21T14:03:58.848+0000] {dag.py:3823} INFO - Setting next_dagrun for example_branch_datetime_operator_3 to 2025-07-20 00:00:00+00:00, run_after=2025-07-21 00:00:00+00:00
[2025-07-21T14:03:58.872+0000] {processor.py:183} INFO - Processing /home/airflow/.local/lib/python3.8/site-packages/airflow/example_dags/example_branch_datetime_operator.py took 0.101 seconds
[2025-07-21T14:04:29.015+0000] {processor.py:161} INFO - Started process (PID=779) to work on /home/airflow/.local/lib/python3.8/site-packages/airflow/example_dags/example_branch_datetime_operator.py
[2025-07-21T14:04:29.016+0000] {processor.py:830} INFO - Processing file /home/airflow/.local/lib/python3.8/site-packages/airflow/example_dags/example_branch_datetime_operator.py for tasks to queue
[2025-07-21T14:04:29.017+0000] {logging_mixin.py:188} INFO - [2025-07-21T14:04:29.016+0000] {dagbag.py:538} INFO - Filling up the DagBag from /home/airflow/.local/lib/python3.8/site-packages/airflow/example_dags/example_branch_datetime_operator.py
[2025-07-21T14:04:29.025+0000] {processor.py:840} INFO - DAG(s) 'example_branch_datetime_operator', 'example_branch_datetime_operator_3', 'example_branch_datetime_operator_2' retrieved from /home/airflow/.local/lib/python3.8/site-packages/airflow/example_dags/example_branch_datetime_operator.py
[2025-07-21T14:04:29.054+0000] {logging_mixin.py:188} INFO - [2025-07-21T14:04:29.053+0000] {dag.py:3036} INFO - Sync 3 DAGs
[2025-07-21T14:04:29.076+0000] {logging_mixin.py:188} INFO - [2025-07-21T14:04:29.076+0000] {dag.py:3823} INFO - Setting next_dagrun for example_branch_datetime_operator to 2025-07-20 00:00:00+00:00, run_after=2025-07-21 00:00:00+00:00
[2025-07-21T14:04:29.081+0000] {logging_mixin.py:188} INFO - [2025-07-21T14:04:29.081+0000] {dag.py:3823} INFO - Setting next_dagrun for example_branch_datetime_operator_2 to 2025-07-20 00:00:00+00:00, run_after=2025-07-21 00:00:00+00:00
[2025-07-21T14:04:29.084+0000] {logging_mixin.py:188} INFO - [2025-07-21T14:04:29.084+0000] {dag.py:3823} INFO - Setting next_dagrun for example_branch_datetime_operator_3 to 2025-07-20 00:00:00+00:00, run_after=2025-07-21 00:00:00+00:00
[2025-07-21T14:04:29.104+0000] {processor.py:183} INFO - Processing /home/airflow/.local/lib/python3.8/site-packages/airflow/example_dags/example_branch_datetime_operator.py took 0.093 seconds
[2025-07-21T14:04:59.158+0000] {processor.py:161} INFO - Started process (PID=1015) to work on /home/airflow/.local/lib/python3.8/site-packages/airflow/example_dags/example_branch_datetime_operator.py
[2025-07-21T14:04:59.159+0000] {processor.py:830} INFO - Processing file /home/airflow/.local/lib/python3.8/site-packages/airflow/example_dags/example_branch_datetime_operator.py for tasks to queue
[2025-07-21T14:04:59.160+0000] {logging_mixin.py:188} INFO - [2025-07-21T14:04:59.160+0000] {dagbag.py:538} INFO - Filling up the DagBag from /home/airflow/.local/lib/python3.8/site-packages/airflow/example_dags/example_branch_datetime_operator.py
[2025-07-21T14:04:59.169+0000] {processor.py:840} INFO - DAG(s) 'example_branch_datetime_operator_2', 'example_branch_datetime_operator', 'example_branch_datetime_operator_3' retrieved from /home/airflow/.local/lib/python3.8/site-packages/airflow/example_dags/example_branch_datetime_operator.py
[2025-07-21T14:04:59.199+0000] {logging_mixin.py:188} INFO - [2025-07-21T14:04:59.199+0000] {dag.py:3036} INFO - Sync 3 DAGs
[2025-07-21T14:04:59.224+0000] {logging_mixin.py:188} INFO - [2025-07-21T14:04:59.223+0000] {dag.py:3823} INFO - Setting next_dagrun for example_branch_datetime_operator to 2025-07-20 00:00:00+00:00, run_after=2025-07-21 00:00:00+00:00
[2025-07-21T14:04:59.229+0000] {logging_mixin.py:188} INFO - [2025-07-21T14:04:59.229+0000] {dag.py:3823} INFO - Setting next_dagrun for example_branch_datetime_operator_2 to 2025-07-20 00:00:00+00:00, run_after=2025-07-21 00:00:00+00:00
[2025-07-21T14:04:59.232+0000] {logging_mixin.py:188} INFO - [2025-07-21T14:04:59.232+0000] {dag.py:3823} INFO - Setting next_dagrun for example_branch_datetime_operator_3 to 2025-07-20 00:00:00+00:00, run_after=2025-07-21 00:00:00+00:00
[2025-07-21T14:04:59.255+0000] {processor.py:183} INFO - Processing /home/airflow/.local/lib/python3.8/site-packages/airflow/example_dags/example_branch_datetime_operator.py took 0.100 seconds
[2025-07-21T14:05:29.524+0000] {processor.py:161} INFO - Started process (PID=1256) to work on /home/airflow/.local/lib/python3.8/site-packages/airflow/example_dags/example_branch_datetime_operator.py
[2025-07-21T14:05:29.526+0000] {processor.py:830} INFO - Processing file /home/airflow/.local/lib/python3.8/site-packages/airflow/example_dags/example_branch_datetime_operator.py for tasks to queue
[2025-07-21T14:05:29.527+0000] {logging_mixin.py:188} INFO - [2025-07-21T14:05:29.526+0000] {dagbag.py:538} INFO - Filling up the DagBag from /home/airflow/.local/lib/python3.8/site-packages/airflow/example_dags/example_branch_datetime_operator.py
[2025-07-21T14:05:29.538+0000] {processor.py:840} INFO - DAG(s) 'example_branch_datetime_operator_2', 'example_branch_datetime_operator', 'example_branch_datetime_operator_3' retrieved from /home/airflow/.local/lib/python3.8/site-packages/airflow/example_dags/example_branch_datetime_operator.py
[2025-07-21T14:05:29.570+0000] {logging_mixin.py:188} INFO - [2025-07-21T14:05:29.570+0000] {dag.py:3036} INFO - Sync 3 DAGs
[2025-07-21T14:05:29.596+0000] {logging_mixin.py:188} INFO - [2025-07-21T14:05:29.596+0000] {dag.py:3823} INFO - Setting next_dagrun for example_branch_datetime_operator to 2025-07-20 00:00:00+00:00, run_after=2025-07-21 00:00:00+00:00
[2025-07-21T14:05:29.604+0000] {logging_mixin.py:188} INFO - [2025-07-21T14:05:29.604+0000] {dag.py:3823} INFO - Setting next_dagrun for example_branch_datetime_operator_2 to 2025-07-20 00:00:00+00:00, run_after=2025-07-21 00:00:00+00:00
[2025-07-21T14:05:29.607+0000] {logging_mixin.py:188} INFO - [2025-07-21T14:05:29.607+0000] {dag.py:3823} INFO - Setting next_dagrun for example_branch_datetime_operator_3 to 2025-07-20 00:00:00+00:00, run_after=2025-07-21 00:00:00+00:00
[2025-07-21T14:05:29.632+0000] {processor.py:183} INFO - Processing /home/airflow/.local/lib/python3.8/site-packages/airflow/example_dags/example_branch_datetime_operator.py took 0.111 seconds
[2025-07-21T14:05:59.753+0000] {processor.py:161} INFO - Started process (PID=1497) to work on /home/airflow/.local/lib/python3.8/site-packages/airflow/example_dags/example_branch_datetime_operator.py
[2025-07-21T14:05:59.754+0000] {processor.py:830} INFO - Processing file /home/airflow/.local/lib/python3.8/site-packages/airflow/example_dags/example_branch_datetime_operator.py for tasks to queue
[2025-07-21T14:05:59.755+0000] {logging_mixin.py:188} INFO - [2025-07-21T14:05:59.755+0000] {dagbag.py:538} INFO - Filling up the DagBag from /home/airflow/.local/lib/python3.8/site-packages/airflow/example_dags/example_branch_datetime_operator.py
[2025-07-21T14:05:59.764+0000] {processor.py:840} INFO - DAG(s) 'example_branch_datetime_operator_3', 'example_branch_datetime_operator', 'example_branch_datetime_operator_2' retrieved from /home/airflow/.local/lib/python3.8/site-packages/airflow/example_dags/example_branch_datetime_operator.py
[2025-07-21T14:05:59.792+0000] {logging_mixin.py:188} INFO - [2025-07-21T14:05:59.792+0000] {dag.py:3036} INFO - Sync 3 DAGs
[2025-07-21T14:05:59.817+0000] {logging_mixin.py:188} INFO - [2025-07-21T14:05:59.816+0000] {dag.py:3823} INFO - Setting next_dagrun for example_branch_datetime_operator to 2025-07-20 00:00:00+00:00, run_after=2025-07-21 00:00:00+00:00
[2025-07-21T14:05:59.822+0000] {logging_mixin.py:188} INFO - [2025-07-21T14:05:59.822+0000] {dag.py:3823} INFO - Setting next_dagrun for example_branch_datetime_operator_2 to 2025-07-20 00:00:00+00:00, run_after=2025-07-21 00:00:00+00:00
[2025-07-21T14:05:59.825+0000] {logging_mixin.py:188} INFO - [2025-07-21T14:05:59.825+0000] {dag.py:3823} INFO - Setting next_dagrun for example_branch_datetime_operator_3 to 2025-07-20 00:00:00+00:00, run_after=2025-07-21 00:00:00+00:00
[2025-07-21T14:05:59.848+0000] {processor.py:183} INFO - Processing /home/airflow/.local/lib/python3.8/site-packages/airflow/example_dags/example_branch_datetime_operator.py took 0.097 seconds
[2025-07-21T14:06:35.824+0000] {processor.py:161} INFO - Started process (PID=290) to work on /home/airflow/.local/lib/python3.8/site-packages/airflow/example_dags/example_branch_datetime_operator.py
[2025-07-21T14:06:35.825+0000] {processor.py:830} INFO - Processing file /home/airflow/.local/lib/python3.8/site-packages/airflow/example_dags/example_branch_datetime_operator.py for tasks to queue
[2025-07-21T14:06:35.828+0000] {logging_mixin.py:188} INFO - [2025-07-21T14:06:35.827+0000] {dagbag.py:538} INFO - Filling up the DagBag from /home/airflow/.local/lib/python3.8/site-packages/airflow/example_dags/example_branch_datetime_operator.py
[2025-07-21T14:06:35.845+0000] {processor.py:840} INFO - DAG(s) 'example_branch_datetime_operator_3', 'example_branch_datetime_operator_2', 'example_branch_datetime_operator' retrieved from /home/airflow/.local/lib/python3.8/site-packages/airflow/example_dags/example_branch_datetime_operator.py
[2025-07-21T14:06:35.887+0000] {logging_mixin.py:188} INFO - [2025-07-21T14:06:35.886+0000] {dag.py:3036} INFO - Sync 3 DAGs
[2025-07-21T14:06:35.946+0000] {logging_mixin.py:188} INFO - [2025-07-21T14:06:35.946+0000] {dag.py:3823} INFO - Setting next_dagrun for example_branch_datetime_operator to 2025-07-20 00:00:00+00:00, run_after=2025-07-21 00:00:00+00:00
[2025-07-21T14:06:35.957+0000] {logging_mixin.py:188} INFO - [2025-07-21T14:06:35.956+0000] {dag.py:3823} INFO - Setting next_dagrun for example_branch_datetime_operator_2 to 2025-07-20 00:00:00+00:00, run_after=2025-07-21 00:00:00+00:00
[2025-07-21T14:06:35.964+0000] {logging_mixin.py:188} INFO - [2025-07-21T14:06:35.963+0000] {dag.py:3823} INFO - Setting next_dagrun for example_branch_datetime_operator_3 to 2025-07-20 00:00:00+00:00, run_after=2025-07-21 00:00:00+00:00
[2025-07-21T14:06:36.016+0000] {processor.py:183} INFO - Processing /home/airflow/.local/lib/python3.8/site-packages/airflow/example_dags/example_branch_datetime_operator.py took 0.197 seconds
[2025-07-21T14:07:06.936+0000] {processor.py:161} INFO - Started process (PID=531) to work on /home/airflow/.local/lib/python3.8/site-packages/airflow/example_dags/example_branch_datetime_operator.py
[2025-07-21T14:07:06.938+0000] {processor.py:830} INFO - Processing file /home/airflow/.local/lib/python3.8/site-packages/airflow/example_dags/example_branch_datetime_operator.py for tasks to queue
[2025-07-21T14:07:06.939+0000] {logging_mixin.py:188} INFO - [2025-07-21T14:07:06.939+0000] {dagbag.py:538} INFO - Filling up the DagBag from /home/airflow/.local/lib/python3.8/site-packages/airflow/example_dags/example_branch_datetime_operator.py
[2025-07-21T14:07:06.949+0000] {processor.py:840} INFO - DAG(s) 'example_branch_datetime_operator_2', 'example_branch_datetime_operator_3', 'example_branch_datetime_operator' retrieved from /home/airflow/.local/lib/python3.8/site-packages/airflow/example_dags/example_branch_datetime_operator.py
[2025-07-21T14:07:07.082+0000] {logging_mixin.py:188} INFO - [2025-07-21T14:07:07.081+0000] {dag.py:3036} INFO - Sync 3 DAGs
[2025-07-21T14:07:07.103+0000] {logging_mixin.py:188} INFO - [2025-07-21T14:07:07.103+0000] {dag.py:3823} INFO - Setting next_dagrun for example_branch_datetime_operator to 2025-07-20 00:00:00+00:00, run_after=2025-07-21 00:00:00+00:00
[2025-07-21T14:07:07.109+0000] {logging_mixin.py:188} INFO - [2025-07-21T14:07:07.109+0000] {dag.py:3823} INFO - Setting next_dagrun for example_branch_datetime_operator_2 to 2025-07-20 00:00:00+00:00, run_after=2025-07-21 00:00:00+00:00
[2025-07-21T14:07:07.113+0000] {logging_mixin.py:188} INFO - [2025-07-21T14:07:07.113+0000] {dag.py:3823} INFO - Setting next_dagrun for example_branch_datetime_operator_3 to 2025-07-20 00:00:00+00:00, run_after=2025-07-21 00:00:00+00:00
[2025-07-21T14:07:07.135+0000] {processor.py:183} INFO - Processing /home/airflow/.local/lib/python3.8/site-packages/airflow/example_dags/example_branch_datetime_operator.py took 0.202 seconds
[2025-07-21T14:07:37.566+0000] {processor.py:161} INFO - Started process (PID=774) to work on /home/airflow/.local/lib/python3.8/site-packages/airflow/example_dags/example_branch_datetime_operator.py
[2025-07-21T14:07:37.567+0000] {processor.py:830} INFO - Processing file /home/airflow/.local/lib/python3.8/site-packages/airflow/example_dags/example_branch_datetime_operator.py for tasks to queue
[2025-07-21T14:07:37.568+0000] {logging_mixin.py:188} INFO - [2025-07-21T14:07:37.567+0000] {dagbag.py:538} INFO - Filling up the DagBag from /home/airflow/.local/lib/python3.8/site-packages/airflow/example_dags/example_branch_datetime_operator.py
[2025-07-21T14:07:37.576+0000] {processor.py:840} INFO - DAG(s) 'example_branch_datetime_operator_3', 'example_branch_datetime_operator_2', 'example_branch_datetime_operator' retrieved from /home/airflow/.local/lib/python3.8/site-packages/airflow/example_dags/example_branch_datetime_operator.py
[2025-07-21T14:07:37.604+0000] {logging_mixin.py:188} INFO - [2025-07-21T14:07:37.604+0000] {dag.py:3036} INFO - Sync 3 DAGs
[2025-07-21T14:07:37.624+0000] {logging_mixin.py:188} INFO - [2025-07-21T14:07:37.624+0000] {dag.py:3823} INFO - Setting next_dagrun for example_branch_datetime_operator to 2025-07-20 00:00:00+00:00, run_after=2025-07-21 00:00:00+00:00
[2025-07-21T14:07:37.631+0000] {logging_mixin.py:188} INFO - [2025-07-21T14:07:37.630+0000] {dag.py:3823} INFO - Setting next_dagrun for example_branch_datetime_operator_2 to 2025-07-20 00:00:00+00:00, run_after=2025-07-21 00:00:00+00:00
[2025-07-21T14:07:37.634+0000] {logging_mixin.py:188} INFO - [2025-07-21T14:07:37.633+0000] {dag.py:3823} INFO - Setting next_dagrun for example_branch_datetime_operator_3 to 2025-07-20 00:00:00+00:00, run_after=2025-07-21 00:00:00+00:00
[2025-07-21T14:07:37.654+0000] {processor.py:183} INFO - Processing /home/airflow/.local/lib/python3.8/site-packages/airflow/example_dags/example_branch_datetime_operator.py took 0.090 seconds
[2025-07-21T14:08:07.774+0000] {processor.py:161} INFO - Started process (PID=1013) to work on /home/airflow/.local/lib/python3.8/site-packages/airflow/example_dags/example_branch_datetime_operator.py
[2025-07-21T14:08:07.775+0000] {processor.py:830} INFO - Processing file /home/airflow/.local/lib/python3.8/site-packages/airflow/example_dags/example_branch_datetime_operator.py for tasks to queue
[2025-07-21T14:08:07.776+0000] {logging_mixin.py:188} INFO - [2025-07-21T14:08:07.776+0000] {dagbag.py:538} INFO - Filling up the DagBag from /home/airflow/.local/lib/python3.8/site-packages/airflow/example_dags/example_branch_datetime_operator.py
[2025-07-21T14:08:07.784+0000] {processor.py:840} INFO - DAG(s) 'example_branch_datetime_operator_2', 'example_branch_datetime_operator', 'example_branch_datetime_operator_3' retrieved from /home/airflow/.local/lib/python3.8/site-packages/airflow/example_dags/example_branch_datetime_operator.py
[2025-07-21T14:08:07.813+0000] {logging_mixin.py:188} INFO - [2025-07-21T14:08:07.812+0000] {dag.py:3036} INFO - Sync 3 DAGs
[2025-07-21T14:08:07.834+0000] {logging_mixin.py:188} INFO - [2025-07-21T14:08:07.833+0000] {dag.py:3823} INFO - Setting next_dagrun for example_branch_datetime_operator to 2025-07-20 00:00:00+00:00, run_after=2025-07-21 00:00:00+00:00
[2025-07-21T14:08:07.839+0000] {logging_mixin.py:188} INFO - [2025-07-21T14:08:07.839+0000] {dag.py:3823} INFO - Setting next_dagrun for example_branch_datetime_operator_2 to 2025-07-20 00:00:00+00:00, run_after=2025-07-21 00:00:00+00:00
[2025-07-21T14:08:07.842+0000] {logging_mixin.py:188} INFO - [2025-07-21T14:08:07.842+0000] {dag.py:3823} INFO - Setting next_dagrun for example_branch_datetime_operator_3 to 2025-07-20 00:00:00+00:00, run_after=2025-07-21 00:00:00+00:00
[2025-07-21T14:08:07.862+0000] {processor.py:183} INFO - Processing /home/airflow/.local/lib/python3.8/site-packages/airflow/example_dags/example_branch_datetime_operator.py took 0.091 seconds
[2025-07-21T14:08:38.157+0000] {processor.py:161} INFO - Started process (PID=1254) to work on /home/airflow/.local/lib/python3.8/site-packages/airflow/example_dags/example_branch_datetime_operator.py
[2025-07-21T14:08:38.159+0000] {processor.py:830} INFO - Processing file /home/airflow/.local/lib/python3.8/site-packages/airflow/example_dags/example_branch_datetime_operator.py for tasks to queue
[2025-07-21T14:08:38.160+0000] {logging_mixin.py:188} INFO - [2025-07-21T14:08:38.159+0000] {dagbag.py:538} INFO - Filling up the DagBag from /home/airflow/.local/lib/python3.8/site-packages/airflow/example_dags/example_branch_datetime_operator.py
[2025-07-21T14:08:38.169+0000] {processor.py:840} INFO - DAG(s) 'example_branch_datetime_operator', 'example_branch_datetime_operator_3', 'example_branch_datetime_operator_2' retrieved from /home/airflow/.local/lib/python3.8/site-packages/airflow/example_dags/example_branch_datetime_operator.py
[2025-07-21T14:08:38.199+0000] {logging_mixin.py:188} INFO - [2025-07-21T14:08:38.199+0000] {dag.py:3036} INFO - Sync 3 DAGs
[2025-07-21T14:08:38.222+0000] {logging_mixin.py:188} INFO - [2025-07-21T14:08:38.222+0000] {dag.py:3823} INFO - Setting next_dagrun for example_branch_datetime_operator to 2025-07-20 00:00:00+00:00, run_after=2025-07-21 00:00:00+00:00
[2025-07-21T14:08:38.228+0000] {logging_mixin.py:188} INFO - [2025-07-21T14:08:38.228+0000] {dag.py:3823} INFO - Setting next_dagrun for example_branch_datetime_operator_2 to 2025-07-20 00:00:00+00:00, run_after=2025-07-21 00:00:00+00:00
[2025-07-21T14:08:38.233+0000] {logging_mixin.py:188} INFO - [2025-07-21T14:08:38.232+0000] {dag.py:3823} INFO - Setting next_dagrun for example_branch_datetime_operator_3 to 2025-07-20 00:00:00+00:00, run_after=2025-07-21 00:00:00+00:00
[2025-07-21T14:08:38.253+0000] {processor.py:183} INFO - Processing /home/airflow/.local/lib/python3.8/site-packages/airflow/example_dags/example_branch_datetime_operator.py took 0.098 seconds
