[2025-07-21T14:03:28.378+0000] {processor.py:161} INFO - Started process (PID=310) to work on /home/airflow/.local/lib/python3.8/site-packages/airflow/example_dags/example_sensors.py
[2025-07-21T14:03:28.380+0000] {processor.py:830} INFO - Processing file /home/airflow/.local/lib/python3.8/site-packages/airflow/example_dags/example_sensors.py for tasks to queue
[2025-07-21T14:03:28.382+0000] {logging_mixin.py:188} INFO - [2025-07-21T14:03:28.381+0000] {dagbag.py:538} INFO - Filling up the DagBag from /home/airflow/.local/lib/python3.8/site-packages/airflow/example_dags/example_sensors.py
[2025-07-21T14:03:28.397+0000] {processor.py:840} INFO - DAG(s) 'example_sensors' retrieved from /home/airflow/.local/lib/python3.8/site-packages/airflow/example_dags/example_sensors.py
[2025-07-21T14:03:28.584+0000] {logging_mixin.py:188} INFO - [2025-07-21T14:03:28.583+0000] {override.py:1769} INFO - Created Permission View: can read on DAG:example_sensors
[2025-07-21T14:03:28.603+0000] {logging_mixin.py:188} INFO - [2025-07-21T14:03:28.602+0000] {override.py:1769} INFO - Created Permission View: can edit on DAG:example_sensors
[2025-07-21T14:03:28.615+0000] {logging_mixin.py:188} INFO - [2025-07-21T14:03:28.615+0000] {override.py:1769} INFO - Created Permission View: can delete on DAG:example_sensors
[2025-07-21T14:03:28.616+0000] {logging_mixin.py:188} INFO - [2025-07-21T14:03:28.616+0000] {dag.py:3036} INFO - Sync 1 DAGs
[2025-07-21T14:03:28.634+0000] {logging_mixin.py:188} INFO - [2025-07-21T14:03:28.634+0000] {dag.py:3058} INFO - Creating ORM DAG for example_sensors
[2025-07-21T14:03:28.636+0000] {logging_mixin.py:188} INFO - [2025-07-21T14:03:28.635+0000] {dag.py:3823} INFO - Setting next_dagrun for example_sensors to None, run_after=None
[2025-07-21T14:03:28.666+0000] {processor.py:183} INFO - Processing /home/airflow/.local/lib/python3.8/site-packages/airflow/example_dags/example_sensors.py took 0.294 seconds
[2025-07-21T14:03:59.007+0000] {processor.py:161} INFO - Started process (PID=551) to work on /home/airflow/.local/lib/python3.8/site-packages/airflow/example_dags/example_sensors.py
[2025-07-21T14:03:59.009+0000] {processor.py:830} INFO - Processing file /home/airflow/.local/lib/python3.8/site-packages/airflow/example_dags/example_sensors.py for tasks to queue
[2025-07-21T14:03:59.013+0000] {logging_mixin.py:188} INFO - [2025-07-21T14:03:59.012+0000] {dagbag.py:538} INFO - Filling up the DagBag from /home/airflow/.local/lib/python3.8/site-packages/airflow/example_dags/example_sensors.py
[2025-07-21T14:03:59.030+0000] {processor.py:840} INFO - DAG(s) 'example_sensors' retrieved from /home/airflow/.local/lib/python3.8/site-packages/airflow/example_dags/example_sensors.py
[2025-07-21T14:03:59.065+0000] {logging_mixin.py:188} INFO - [2025-07-21T14:03:59.065+0000] {dag.py:3036} INFO - Sync 1 DAGs
[2025-07-21T14:03:59.081+0000] {logging_mixin.py:188} INFO - [2025-07-21T14:03:59.081+0000] {dag.py:3823} INFO - Setting next_dagrun for example_sensors to None, run_after=None
[2025-07-21T14:03:59.108+0000] {processor.py:183} INFO - Processing /home/airflow/.local/lib/python3.8/site-packages/airflow/example_dags/example_sensors.py took 0.105 seconds
[2025-07-21T14:04:29.249+0000] {processor.py:161} INFO - Started process (PID=792) to work on /home/airflow/.local/lib/python3.8/site-packages/airflow/example_dags/example_sensors.py
[2025-07-21T14:04:29.250+0000] {processor.py:830} INFO - Processing file /home/airflow/.local/lib/python3.8/site-packages/airflow/example_dags/example_sensors.py for tasks to queue
[2025-07-21T14:04:29.251+0000] {logging_mixin.py:188} INFO - [2025-07-21T14:04:29.251+0000] {dagbag.py:538} INFO - Filling up the DagBag from /home/airflow/.local/lib/python3.8/site-packages/airflow/example_dags/example_sensors.py
[2025-07-21T14:04:29.261+0000] {processor.py:840} INFO - DAG(s) 'example_sensors' retrieved from /home/airflow/.local/lib/python3.8/site-packages/airflow/example_dags/example_sensors.py
[2025-07-21T14:04:29.285+0000] {logging_mixin.py:188} INFO - [2025-07-21T14:04:29.285+0000] {dag.py:3036} INFO - Sync 1 DAGs
[2025-07-21T14:04:29.296+0000] {logging_mixin.py:188} INFO - [2025-07-21T14:04:29.296+0000] {dag.py:3823} INFO - Setting next_dagrun for example_sensors to None, run_after=None
[2025-07-21T14:04:29.318+0000] {processor.py:183} INFO - Processing /home/airflow/.local/lib/python3.8/site-packages/airflow/example_dags/example_sensors.py took 0.072 seconds
[2025-07-21T14:04:59.391+0000] {processor.py:161} INFO - Started process (PID=1033) to work on /home/airflow/.local/lib/python3.8/site-packages/airflow/example_dags/example_sensors.py
[2025-07-21T14:04:59.393+0000] {processor.py:830} INFO - Processing file /home/airflow/.local/lib/python3.8/site-packages/airflow/example_dags/example_sensors.py for tasks to queue
[2025-07-21T14:04:59.394+0000] {logging_mixin.py:188} INFO - [2025-07-21T14:04:59.394+0000] {dagbag.py:538} INFO - Filling up the DagBag from /home/airflow/.local/lib/python3.8/site-packages/airflow/example_dags/example_sensors.py
[2025-07-21T14:04:59.405+0000] {processor.py:840} INFO - DAG(s) 'example_sensors' retrieved from /home/airflow/.local/lib/python3.8/site-packages/airflow/example_dags/example_sensors.py
[2025-07-21T14:04:59.436+0000] {logging_mixin.py:188} INFO - [2025-07-21T14:04:59.435+0000] {dag.py:3036} INFO - Sync 1 DAGs
[2025-07-21T14:04:59.449+0000] {logging_mixin.py:188} INFO - [2025-07-21T14:04:59.448+0000] {dag.py:3823} INFO - Setting next_dagrun for example_sensors to None, run_after=None
[2025-07-21T14:04:59.472+0000] {processor.py:183} INFO - Processing /home/airflow/.local/lib/python3.8/site-packages/airflow/example_dags/example_sensors.py took 0.084 seconds
[2025-07-21T14:05:29.772+0000] {processor.py:161} INFO - Started process (PID=1274) to work on /home/airflow/.local/lib/python3.8/site-packages/airflow/example_dags/example_sensors.py
[2025-07-21T14:05:29.774+0000] {processor.py:830} INFO - Processing file /home/airflow/.local/lib/python3.8/site-packages/airflow/example_dags/example_sensors.py for tasks to queue
[2025-07-21T14:05:29.775+0000] {logging_mixin.py:188} INFO - [2025-07-21T14:05:29.775+0000] {dagbag.py:538} INFO - Filling up the DagBag from /home/airflow/.local/lib/python3.8/site-packages/airflow/example_dags/example_sensors.py
[2025-07-21T14:05:29.789+0000] {processor.py:840} INFO - DAG(s) 'example_sensors' retrieved from /home/airflow/.local/lib/python3.8/site-packages/airflow/example_dags/example_sensors.py
[2025-07-21T14:05:29.821+0000] {logging_mixin.py:188} INFO - [2025-07-21T14:05:29.821+0000] {dag.py:3036} INFO - Sync 1 DAGs
[2025-07-21T14:05:29.836+0000] {logging_mixin.py:188} INFO - [2025-07-21T14:05:29.836+0000] {dag.py:3823} INFO - Setting next_dagrun for example_sensors to None, run_after=None
[2025-07-21T14:05:29.858+0000] {processor.py:183} INFO - Processing /home/airflow/.local/lib/python3.8/site-packages/airflow/example_dags/example_sensors.py took 0.089 seconds
[2025-07-21T14:05:59.986+0000] {processor.py:161} INFO - Started process (PID=1517) to work on /home/airflow/.local/lib/python3.8/site-packages/airflow/example_dags/example_sensors.py
[2025-07-21T14:05:59.987+0000] {processor.py:830} INFO - Processing file /home/airflow/.local/lib/python3.8/site-packages/airflow/example_dags/example_sensors.py for tasks to queue
[2025-07-21T14:05:59.989+0000] {logging_mixin.py:188} INFO - [2025-07-21T14:05:59.989+0000] {dagbag.py:538} INFO - Filling up the DagBag from /home/airflow/.local/lib/python3.8/site-packages/airflow/example_dags/example_sensors.py
[2025-07-21T14:05:59.999+0000] {processor.py:840} INFO - DAG(s) 'example_sensors' retrieved from /home/airflow/.local/lib/python3.8/site-packages/airflow/example_dags/example_sensors.py
[2025-07-21T14:06:00.035+0000] {logging_mixin.py:188} INFO - [2025-07-21T14:06:00.035+0000] {dag.py:3036} INFO - Sync 1 DAGs
[2025-07-21T14:06:00.051+0000] {logging_mixin.py:188} INFO - [2025-07-21T14:06:00.051+0000] {dag.py:3823} INFO - Setting next_dagrun for example_sensors to None, run_after=None
[2025-07-21T14:06:00.076+0000] {processor.py:183} INFO - Processing /home/airflow/.local/lib/python3.8/site-packages/airflow/example_dags/example_sensors.py took 0.094 seconds
[2025-07-21T14:06:36.302+0000] {processor.py:161} INFO - Started process (PID=310) to work on /home/airflow/.local/lib/python3.8/site-packages/airflow/example_dags/example_sensors.py
[2025-07-21T14:06:36.304+0000] {processor.py:830} INFO - Processing file /home/airflow/.local/lib/python3.8/site-packages/airflow/example_dags/example_sensors.py for tasks to queue
[2025-07-21T14:06:36.305+0000] {logging_mixin.py:188} INFO - [2025-07-21T14:06:36.305+0000] {dagbag.py:538} INFO - Filling up the DagBag from /home/airflow/.local/lib/python3.8/site-packages/airflow/example_dags/example_sensors.py
[2025-07-21T14:06:36.325+0000] {processor.py:840} INFO - DAG(s) 'example_sensors' retrieved from /home/airflow/.local/lib/python3.8/site-packages/airflow/example_dags/example_sensors.py
[2025-07-21T14:06:36.344+0000] {logging_mixin.py:188} INFO - [2025-07-21T14:06:36.343+0000] {dag.py:3036} INFO - Sync 1 DAGs
[2025-07-21T14:06:36.366+0000] {logging_mixin.py:188} INFO - [2025-07-21T14:06:36.365+0000] {dag.py:3823} INFO - Setting next_dagrun for example_sensors to None, run_after=None
[2025-07-21T14:06:36.395+0000] {processor.py:183} INFO - Processing /home/airflow/.local/lib/python3.8/site-packages/airflow/example_dags/example_sensors.py took 0.097 seconds
[2025-07-21T14:07:07.387+0000] {processor.py:161} INFO - Started process (PID=551) to work on /home/airflow/.local/lib/python3.8/site-packages/airflow/example_dags/example_sensors.py
[2025-07-21T14:07:07.389+0000] {processor.py:830} INFO - Processing file /home/airflow/.local/lib/python3.8/site-packages/airflow/example_dags/example_sensors.py for tasks to queue
[2025-07-21T14:07:07.390+0000] {logging_mixin.py:188} INFO - [2025-07-21T14:07:07.390+0000] {dagbag.py:538} INFO - Filling up the DagBag from /home/airflow/.local/lib/python3.8/site-packages/airflow/example_dags/example_sensors.py
[2025-07-21T14:07:07.403+0000] {processor.py:840} INFO - DAG(s) 'example_sensors' retrieved from /home/airflow/.local/lib/python3.8/site-packages/airflow/example_dags/example_sensors.py
[2025-07-21T14:07:07.520+0000] {logging_mixin.py:188} INFO - [2025-07-21T14:07:07.520+0000] {dag.py:3036} INFO - Sync 1 DAGs
[2025-07-21T14:07:07.532+0000] {logging_mixin.py:188} INFO - [2025-07-21T14:07:07.532+0000] {dag.py:3823} INFO - Setting next_dagrun for example_sensors to None, run_after=None
[2025-07-21T14:07:07.559+0000] {processor.py:183} INFO - Processing /home/airflow/.local/lib/python3.8/site-packages/airflow/example_dags/example_sensors.py took 0.175 seconds
[2025-07-21T14:07:37.785+0000] {processor.py:161} INFO - Started process (PID=792) to work on /home/airflow/.local/lib/python3.8/site-packages/airflow/example_dags/example_sensors.py
[2025-07-21T14:07:37.786+0000] {processor.py:830} INFO - Processing file /home/airflow/.local/lib/python3.8/site-packages/airflow/example_dags/example_sensors.py for tasks to queue
[2025-07-21T14:07:37.787+0000] {logging_mixin.py:188} INFO - [2025-07-21T14:07:37.787+0000] {dagbag.py:538} INFO - Filling up the DagBag from /home/airflow/.local/lib/python3.8/site-packages/airflow/example_dags/example_sensors.py
[2025-07-21T14:07:37.796+0000] {processor.py:840} INFO - DAG(s) 'example_sensors' retrieved from /home/airflow/.local/lib/python3.8/site-packages/airflow/example_dags/example_sensors.py
[2025-07-21T14:07:37.821+0000] {logging_mixin.py:188} INFO - [2025-07-21T14:07:37.820+0000] {dag.py:3036} INFO - Sync 1 DAGs
[2025-07-21T14:07:37.832+0000] {logging_mixin.py:188} INFO - [2025-07-21T14:07:37.832+0000] {dag.py:3823} INFO - Setting next_dagrun for example_sensors to None, run_after=None
[2025-07-21T14:07:37.852+0000] {processor.py:183} INFO - Processing /home/airflow/.local/lib/python3.8/site-packages/airflow/example_dags/example_sensors.py took 0.069 seconds
[2025-07-21T14:08:08.105+0000] {processor.py:161} INFO - Started process (PID=1035) to work on /home/airflow/.local/lib/python3.8/site-packages/airflow/example_dags/example_sensors.py
[2025-07-21T14:08:08.106+0000] {processor.py:830} INFO - Processing file /home/airflow/.local/lib/python3.8/site-packages/airflow/example_dags/example_sensors.py for tasks to queue
[2025-07-21T14:08:08.107+0000] {logging_mixin.py:188} INFO - [2025-07-21T14:08:08.106+0000] {dagbag.py:538} INFO - Filling up the DagBag from /home/airflow/.local/lib/python3.8/site-packages/airflow/example_dags/example_sensors.py
[2025-07-21T14:08:08.115+0000] {processor.py:840} INFO - DAG(s) 'example_sensors' retrieved from /home/airflow/.local/lib/python3.8/site-packages/airflow/example_dags/example_sensors.py
[2025-07-21T14:08:08.137+0000] {logging_mixin.py:188} INFO - [2025-07-21T14:08:08.137+0000] {dag.py:3036} INFO - Sync 1 DAGs
[2025-07-21T14:08:08.148+0000] {logging_mixin.py:188} INFO - [2025-07-21T14:08:08.147+0000] {dag.py:3823} INFO - Setting next_dagrun for example_sensors to None, run_after=None
[2025-07-21T14:08:08.167+0000] {processor.py:183} INFO - Processing /home/airflow/.local/lib/python3.8/site-packages/airflow/example_dags/example_sensors.py took 0.065 seconds
[2025-07-21T14:08:38.532+0000] {processor.py:161} INFO - Started process (PID=1276) to work on /home/airflow/.local/lib/python3.8/site-packages/airflow/example_dags/example_sensors.py
[2025-07-21T14:08:38.533+0000] {processor.py:830} INFO - Processing file /home/airflow/.local/lib/python3.8/site-packages/airflow/example_dags/example_sensors.py for tasks to queue
[2025-07-21T14:08:38.534+0000] {logging_mixin.py:188} INFO - [2025-07-21T14:08:38.533+0000] {dagbag.py:538} INFO - Filling up the DagBag from /home/airflow/.local/lib/python3.8/site-packages/airflow/example_dags/example_sensors.py
[2025-07-21T14:08:38.542+0000] {processor.py:840} INFO - DAG(s) 'example_sensors' retrieved from /home/airflow/.local/lib/python3.8/site-packages/airflow/example_dags/example_sensors.py
[2025-07-21T14:08:38.566+0000] {logging_mixin.py:188} INFO - [2025-07-21T14:08:38.566+0000] {dag.py:3036} INFO - Sync 1 DAGs
[2025-07-21T14:08:38.578+0000] {logging_mixin.py:188} INFO - [2025-07-21T14:08:38.577+0000] {dag.py:3823} INFO - Setting next_dagrun for example_sensors to None, run_after=None
[2025-07-21T14:08:38.601+0000] {processor.py:183} INFO - Processing /home/airflow/.local/lib/python3.8/site-packages/airflow/example_dags/example_sensors.py took 0.072 seconds
