[2025-07-21T14:03:24.853+0000] {processor.py:161} INFO - Started process (PID=240) to work on /home/airflow/.local/lib/python3.8/site-packages/airflow/example_dags/example_setup_teardown_taskflow.py
[2025-07-21T14:03:24.855+0000] {processor.py:830} INFO - Processing file /home/airflow/.local/lib/python3.8/site-packages/airflow/example_dags/example_setup_teardown_taskflow.py for tasks to queue
[2025-07-21T14:03:24.857+0000] {logging_mixin.py:188} INFO - [2025-07-21T14:03:24.856+0000] {dagbag.py:538} INFO - Filling up the DagBag from /home/airflow/.local/lib/python3.8/site-packages/airflow/example_dags/example_setup_teardown_taskflow.py
[2025-07-21T14:03:24.879+0000] {processor.py:840} INFO - DAG(s) 'example_setup_teardown_taskflow' retrieved from /home/airflow/.local/lib/python3.8/site-packages/airflow/example_dags/example_setup_teardown_taskflow.py
[2025-07-21T14:03:25.443+0000] {logging_mixin.py:188} INFO - [2025-07-21T14:03:25.442+0000] {override.py:1769} INFO - Created Permission View: can read on DAG:example_setup_teardown_taskflow
[2025-07-21T14:03:25.471+0000] {logging_mixin.py:188} INFO - [2025-07-21T14:03:25.471+0000] {override.py:1769} INFO - Created Permission View: can edit on DAG:example_setup_teardown_taskflow
[2025-07-21T14:03:25.496+0000] {logging_mixin.py:188} INFO - [2025-07-21T14:03:25.495+0000] {override.py:1769} INFO - Created Permission View: can delete on DAG:example_setup_teardown_taskflow
[2025-07-21T14:03:25.499+0000] {logging_mixin.py:188} INFO - [2025-07-21T14:03:25.498+0000] {dag.py:3036} INFO - Sync 1 DAGs
[2025-07-21T14:03:25.536+0000] {logging_mixin.py:188} INFO - [2025-07-21T14:03:25.536+0000] {dag.py:3058} INFO - Creating ORM DAG for example_setup_teardown_taskflow
[2025-07-21T14:03:25.562+0000] {logging_mixin.py:188} INFO - [2025-07-21T14:03:25.561+0000] {dag.py:3823} INFO - Setting next_dagrun for example_setup_teardown_taskflow to 2025-07-20 00:00:00+00:00, run_after=2025-07-21 00:00:00+00:00
[2025-07-21T14:03:25.605+0000] {processor.py:183} INFO - Processing /home/airflow/.local/lib/python3.8/site-packages/airflow/example_dags/example_setup_teardown_taskflow.py took 0.757 seconds
[2025-07-21T14:03:56.100+0000] {processor.py:161} INFO - Started process (PID=481) to work on /home/airflow/.local/lib/python3.8/site-packages/airflow/example_dags/example_setup_teardown_taskflow.py
[2025-07-21T14:03:56.101+0000] {processor.py:830} INFO - Processing file /home/airflow/.local/lib/python3.8/site-packages/airflow/example_dags/example_setup_teardown_taskflow.py for tasks to queue
[2025-07-21T14:03:56.102+0000] {logging_mixin.py:188} INFO - [2025-07-21T14:03:56.101+0000] {dagbag.py:538} INFO - Filling up the DagBag from /home/airflow/.local/lib/python3.8/site-packages/airflow/example_dags/example_setup_teardown_taskflow.py
[2025-07-21T14:03:56.110+0000] {processor.py:840} INFO - DAG(s) 'example_setup_teardown_taskflow' retrieved from /home/airflow/.local/lib/python3.8/site-packages/airflow/example_dags/example_setup_teardown_taskflow.py
[2025-07-21T14:03:56.132+0000] {logging_mixin.py:188} INFO - [2025-07-21T14:03:56.132+0000] {dag.py:3036} INFO - Sync 1 DAGs
[2025-07-21T14:03:56.152+0000] {logging_mixin.py:188} INFO - [2025-07-21T14:03:56.152+0000] {dag.py:3823} INFO - Setting next_dagrun for example_setup_teardown_taskflow to 2025-07-20 00:00:00+00:00, run_after=2025-07-21 00:00:00+00:00
[2025-07-21T14:03:56.173+0000] {processor.py:183} INFO - Processing /home/airflow/.local/lib/python3.8/site-packages/airflow/example_dags/example_setup_teardown_taskflow.py took 0.076 seconds
[2025-07-21T14:04:26.246+0000] {processor.py:161} INFO - Started process (PID=722) to work on /home/airflow/.local/lib/python3.8/site-packages/airflow/example_dags/example_setup_teardown_taskflow.py
[2025-07-21T14:04:26.247+0000] {processor.py:830} INFO - Processing file /home/airflow/.local/lib/python3.8/site-packages/airflow/example_dags/example_setup_teardown_taskflow.py for tasks to queue
[2025-07-21T14:04:26.248+0000] {logging_mixin.py:188} INFO - [2025-07-21T14:04:26.248+0000] {dagbag.py:538} INFO - Filling up the DagBag from /home/airflow/.local/lib/python3.8/site-packages/airflow/example_dags/example_setup_teardown_taskflow.py
[2025-07-21T14:04:26.256+0000] {processor.py:840} INFO - DAG(s) 'example_setup_teardown_taskflow' retrieved from /home/airflow/.local/lib/python3.8/site-packages/airflow/example_dags/example_setup_teardown_taskflow.py
[2025-07-21T14:04:26.277+0000] {logging_mixin.py:188} INFO - [2025-07-21T14:04:26.277+0000] {dag.py:3036} INFO - Sync 1 DAGs
[2025-07-21T14:04:26.295+0000] {logging_mixin.py:188} INFO - [2025-07-21T14:04:26.295+0000] {dag.py:3823} INFO - Setting next_dagrun for example_setup_teardown_taskflow to 2025-07-20 00:00:00+00:00, run_after=2025-07-21 00:00:00+00:00
[2025-07-21T14:04:26.319+0000] {processor.py:183} INFO - Processing /home/airflow/.local/lib/python3.8/site-packages/airflow/example_dags/example_setup_teardown_taskflow.py took 0.076 seconds
[2025-07-21T14:04:56.525+0000] {processor.py:161} INFO - Started process (PID=963) to work on /home/airflow/.local/lib/python3.8/site-packages/airflow/example_dags/example_setup_teardown_taskflow.py
[2025-07-21T14:04:56.526+0000] {processor.py:830} INFO - Processing file /home/airflow/.local/lib/python3.8/site-packages/airflow/example_dags/example_setup_teardown_taskflow.py for tasks to queue
[2025-07-21T14:04:56.527+0000] {logging_mixin.py:188} INFO - [2025-07-21T14:04:56.527+0000] {dagbag.py:538} INFO - Filling up the DagBag from /home/airflow/.local/lib/python3.8/site-packages/airflow/example_dags/example_setup_teardown_taskflow.py
[2025-07-21T14:04:56.537+0000] {processor.py:840} INFO - DAG(s) 'example_setup_teardown_taskflow' retrieved from /home/airflow/.local/lib/python3.8/site-packages/airflow/example_dags/example_setup_teardown_taskflow.py
[2025-07-21T14:04:56.564+0000] {logging_mixin.py:188} INFO - [2025-07-21T14:04:56.563+0000] {dag.py:3036} INFO - Sync 1 DAGs
[2025-07-21T14:04:56.591+0000] {logging_mixin.py:188} INFO - [2025-07-21T14:04:56.590+0000] {dag.py:3823} INFO - Setting next_dagrun for example_setup_teardown_taskflow to 2025-07-20 00:00:00+00:00, run_after=2025-07-21 00:00:00+00:00
[2025-07-21T14:04:56.615+0000] {processor.py:183} INFO - Processing /home/airflow/.local/lib/python3.8/site-packages/airflow/example_dags/example_setup_teardown_taskflow.py took 0.093 seconds
[2025-07-21T14:05:26.730+0000] {processor.py:161} INFO - Started process (PID=1204) to work on /home/airflow/.local/lib/python3.8/site-packages/airflow/example_dags/example_setup_teardown_taskflow.py
[2025-07-21T14:05:26.733+0000] {processor.py:830} INFO - Processing file /home/airflow/.local/lib/python3.8/site-packages/airflow/example_dags/example_setup_teardown_taskflow.py for tasks to queue
[2025-07-21T14:05:26.734+0000] {logging_mixin.py:188} INFO - [2025-07-21T14:05:26.734+0000] {dagbag.py:538} INFO - Filling up the DagBag from /home/airflow/.local/lib/python3.8/site-packages/airflow/example_dags/example_setup_teardown_taskflow.py
[2025-07-21T14:05:26.743+0000] {processor.py:840} INFO - DAG(s) 'example_setup_teardown_taskflow' retrieved from /home/airflow/.local/lib/python3.8/site-packages/airflow/example_dags/example_setup_teardown_taskflow.py
[2025-07-21T14:05:26.770+0000] {logging_mixin.py:188} INFO - [2025-07-21T14:05:26.770+0000] {dag.py:3036} INFO - Sync 1 DAGs
[2025-07-21T14:05:26.793+0000] {logging_mixin.py:188} INFO - [2025-07-21T14:05:26.793+0000] {dag.py:3823} INFO - Setting next_dagrun for example_setup_teardown_taskflow to 2025-07-20 00:00:00+00:00, run_after=2025-07-21 00:00:00+00:00
[2025-07-21T14:05:26.820+0000] {processor.py:183} INFO - Processing /home/airflow/.local/lib/python3.8/site-packages/airflow/example_dags/example_setup_teardown_taskflow.py took 0.094 seconds
[2025-07-21T14:05:57.042+0000] {processor.py:161} INFO - Started process (PID=1445) to work on /home/airflow/.local/lib/python3.8/site-packages/airflow/example_dags/example_setup_teardown_taskflow.py
[2025-07-21T14:05:57.043+0000] {processor.py:830} INFO - Processing file /home/airflow/.local/lib/python3.8/site-packages/airflow/example_dags/example_setup_teardown_taskflow.py for tasks to queue
[2025-07-21T14:05:57.044+0000] {logging_mixin.py:188} INFO - [2025-07-21T14:05:57.044+0000] {dagbag.py:538} INFO - Filling up the DagBag from /home/airflow/.local/lib/python3.8/site-packages/airflow/example_dags/example_setup_teardown_taskflow.py
[2025-07-21T14:05:57.056+0000] {processor.py:840} INFO - DAG(s) 'example_setup_teardown_taskflow' retrieved from /home/airflow/.local/lib/python3.8/site-packages/airflow/example_dags/example_setup_teardown_taskflow.py
[2025-07-21T14:05:57.080+0000] {logging_mixin.py:188} INFO - [2025-07-21T14:05:57.080+0000] {dag.py:3036} INFO - Sync 1 DAGs
[2025-07-21T14:05:57.109+0000] {logging_mixin.py:188} INFO - [2025-07-21T14:05:57.109+0000] {dag.py:3823} INFO - Setting next_dagrun for example_setup_teardown_taskflow to 2025-07-20 00:00:00+00:00, run_after=2025-07-21 00:00:00+00:00
[2025-07-21T14:05:57.133+0000] {processor.py:183} INFO - Processing /home/airflow/.local/lib/python3.8/site-packages/airflow/example_dags/example_setup_teardown_taskflow.py took 0.096 seconds
[2025-07-21T14:06:34.749+0000] {processor.py:161} INFO - Started process (PID=240) to work on /home/airflow/.local/lib/python3.8/site-packages/airflow/example_dags/example_setup_teardown_taskflow.py
[2025-07-21T14:06:34.751+0000] {processor.py:830} INFO - Processing file /home/airflow/.local/lib/python3.8/site-packages/airflow/example_dags/example_setup_teardown_taskflow.py for tasks to queue
[2025-07-21T14:06:34.753+0000] {logging_mixin.py:188} INFO - [2025-07-21T14:06:34.752+0000] {dagbag.py:538} INFO - Filling up the DagBag from /home/airflow/.local/lib/python3.8/site-packages/airflow/example_dags/example_setup_teardown_taskflow.py
[2025-07-21T14:06:34.780+0000] {processor.py:840} INFO - DAG(s) 'example_setup_teardown_taskflow' retrieved from /home/airflow/.local/lib/python3.8/site-packages/airflow/example_dags/example_setup_teardown_taskflow.py
[2025-07-21T14:06:34.801+0000] {logging_mixin.py:188} INFO - [2025-07-21T14:06:34.801+0000] {dag.py:3036} INFO - Sync 1 DAGs
[2025-07-21T14:06:34.852+0000] {logging_mixin.py:188} INFO - [2025-07-21T14:06:34.852+0000] {dag.py:3823} INFO - Setting next_dagrun for example_setup_teardown_taskflow to 2025-07-20 00:00:00+00:00, run_after=2025-07-21 00:00:00+00:00
[2025-07-21T14:06:34.889+0000] {processor.py:183} INFO - Processing /home/airflow/.local/lib/python3.8/site-packages/airflow/example_dags/example_setup_teardown_taskflow.py took 0.147 seconds
[2025-07-21T14:07:05.487+0000] {processor.py:161} INFO - Started process (PID=483) to work on /home/airflow/.local/lib/python3.8/site-packages/airflow/example_dags/example_setup_teardown_taskflow.py
[2025-07-21T14:07:05.488+0000] {processor.py:830} INFO - Processing file /home/airflow/.local/lib/python3.8/site-packages/airflow/example_dags/example_setup_teardown_taskflow.py for tasks to queue
[2025-07-21T14:07:05.489+0000] {logging_mixin.py:188} INFO - [2025-07-21T14:07:05.489+0000] {dagbag.py:538} INFO - Filling up the DagBag from /home/airflow/.local/lib/python3.8/site-packages/airflow/example_dags/example_setup_teardown_taskflow.py
[2025-07-21T14:07:05.501+0000] {processor.py:840} INFO - DAG(s) 'example_setup_teardown_taskflow' retrieved from /home/airflow/.local/lib/python3.8/site-packages/airflow/example_dags/example_setup_teardown_taskflow.py
[2025-07-21T14:07:05.647+0000] {logging_mixin.py:188} INFO - [2025-07-21T14:07:05.646+0000] {dag.py:3036} INFO - Sync 1 DAGs
[2025-07-21T14:07:05.674+0000] {logging_mixin.py:188} INFO - [2025-07-21T14:07:05.674+0000] {dag.py:3823} INFO - Setting next_dagrun for example_setup_teardown_taskflow to 2025-07-20 00:00:00+00:00, run_after=2025-07-21 00:00:00+00:00
[2025-07-21T14:07:05.706+0000] {processor.py:183} INFO - Processing /home/airflow/.local/lib/python3.8/site-packages/airflow/example_dags/example_setup_teardown_taskflow.py took 0.222 seconds
[2025-07-21T14:07:35.895+0000] {processor.py:161} INFO - Started process (PID=722) to work on /home/airflow/.local/lib/python3.8/site-packages/airflow/example_dags/example_setup_teardown_taskflow.py
[2025-07-21T14:07:35.897+0000] {processor.py:830} INFO - Processing file /home/airflow/.local/lib/python3.8/site-packages/airflow/example_dags/example_setup_teardown_taskflow.py for tasks to queue
[2025-07-21T14:07:35.899+0000] {logging_mixin.py:188} INFO - [2025-07-21T14:07:35.897+0000] {dagbag.py:538} INFO - Filling up the DagBag from /home/airflow/.local/lib/python3.8/site-packages/airflow/example_dags/example_setup_teardown_taskflow.py
[2025-07-21T14:07:35.914+0000] {processor.py:840} INFO - DAG(s) 'example_setup_teardown_taskflow' retrieved from /home/airflow/.local/lib/python3.8/site-packages/airflow/example_dags/example_setup_teardown_taskflow.py
[2025-07-21T14:07:35.939+0000] {logging_mixin.py:188} INFO - [2025-07-21T14:07:35.938+0000] {dag.py:3036} INFO - Sync 1 DAGs
[2025-07-21T14:07:35.961+0000] {logging_mixin.py:188} INFO - [2025-07-21T14:07:35.961+0000] {dag.py:3823} INFO - Setting next_dagrun for example_setup_teardown_taskflow to 2025-07-20 00:00:00+00:00, run_after=2025-07-21 00:00:00+00:00
[2025-07-21T14:07:35.980+0000] {processor.py:183} INFO - Processing /home/airflow/.local/lib/python3.8/site-packages/airflow/example_dags/example_setup_teardown_taskflow.py took 0.088 seconds
[2025-07-21T14:08:06.141+0000] {processor.py:161} INFO - Started process (PID=963) to work on /home/airflow/.local/lib/python3.8/site-packages/airflow/example_dags/example_setup_teardown_taskflow.py
[2025-07-21T14:08:06.142+0000] {processor.py:830} INFO - Processing file /home/airflow/.local/lib/python3.8/site-packages/airflow/example_dags/example_setup_teardown_taskflow.py for tasks to queue
[2025-07-21T14:08:06.143+0000] {logging_mixin.py:188} INFO - [2025-07-21T14:08:06.143+0000] {dagbag.py:538} INFO - Filling up the DagBag from /home/airflow/.local/lib/python3.8/site-packages/airflow/example_dags/example_setup_teardown_taskflow.py
[2025-07-21T14:08:06.152+0000] {processor.py:840} INFO - DAG(s) 'example_setup_teardown_taskflow' retrieved from /home/airflow/.local/lib/python3.8/site-packages/airflow/example_dags/example_setup_teardown_taskflow.py
[2025-07-21T14:08:06.173+0000] {logging_mixin.py:188} INFO - [2025-07-21T14:08:06.173+0000] {dag.py:3036} INFO - Sync 1 DAGs
[2025-07-21T14:08:06.192+0000] {logging_mixin.py:188} INFO - [2025-07-21T14:08:06.192+0000] {dag.py:3823} INFO - Setting next_dagrun for example_setup_teardown_taskflow to 2025-07-20 00:00:00+00:00, run_after=2025-07-21 00:00:00+00:00
[2025-07-21T14:08:06.212+0000] {processor.py:183} INFO - Processing /home/airflow/.local/lib/python3.8/site-packages/airflow/example_dags/example_setup_teardown_taskflow.py took 0.073 seconds
[2025-07-21T14:08:36.429+0000] {processor.py:161} INFO - Started process (PID=1206) to work on /home/airflow/.local/lib/python3.8/site-packages/airflow/example_dags/example_setup_teardown_taskflow.py
[2025-07-21T14:08:36.430+0000] {processor.py:830} INFO - Processing file /home/airflow/.local/lib/python3.8/site-packages/airflow/example_dags/example_setup_teardown_taskflow.py for tasks to queue
[2025-07-21T14:08:36.431+0000] {logging_mixin.py:188} INFO - [2025-07-21T14:08:36.431+0000] {dagbag.py:538} INFO - Filling up the DagBag from /home/airflow/.local/lib/python3.8/site-packages/airflow/example_dags/example_setup_teardown_taskflow.py
[2025-07-21T14:08:36.442+0000] {processor.py:840} INFO - DAG(s) 'example_setup_teardown_taskflow' retrieved from /home/airflow/.local/lib/python3.8/site-packages/airflow/example_dags/example_setup_teardown_taskflow.py
[2025-07-21T14:08:36.463+0000] {logging_mixin.py:188} INFO - [2025-07-21T14:08:36.463+0000] {dag.py:3036} INFO - Sync 1 DAGs
[2025-07-21T14:08:36.482+0000] {logging_mixin.py:188} INFO - [2025-07-21T14:08:36.482+0000] {dag.py:3823} INFO - Setting next_dagrun for example_setup_teardown_taskflow to 2025-07-20 00:00:00+00:00, run_after=2025-07-21 00:00:00+00:00
[2025-07-21T14:08:36.504+0000] {processor.py:183} INFO - Processing /home/airflow/.local/lib/python3.8/site-packages/airflow/example_dags/example_setup_teardown_taskflow.py took 0.078 seconds
