[2025-07-21T14:03:23.391+0000] {processor.py:161} INFO - Started process (PID=207) to work on /home/airflow/.local/lib/python3.8/site-packages/airflow/example_dags/example_kubernetes_executor.py
[2025-07-21T14:03:23.393+0000] {processor.py:830} INFO - Processing file /home/airflow/.local/lib/python3.8/site-packages/airflow/example_dags/example_kubernetes_executor.py for tasks to queue
[2025-07-21T14:03:23.395+0000] {logging_mixin.py:188} INFO - [2025-07-21T14:03:23.394+0000] {dagbag.py:538} INFO - Filling up the DagBag from /home/airflow/.local/lib/python3.8/site-packages/airflow/example_dags/example_kubernetes_executor.py
[2025-07-21T14:03:23.430+0000] {processor.py:840} INFO - DAG(s) 'example_kubernetes_executor' retrieved from /home/airflow/.local/lib/python3.8/site-packages/airflow/example_dags/example_kubernetes_executor.py
[2025-07-21T14:03:23.649+0000] {logging_mixin.py:188} INFO - [2025-07-21T14:03:23.648+0000] {override.py:1769} INFO - Created Permission View: can read on DAG:example_kubernetes_executor
[2025-07-21T14:03:23.669+0000] {logging_mixin.py:188} INFO - [2025-07-21T14:03:23.668+0000] {override.py:1769} INFO - Created Permission View: can edit on DAG:example_kubernetes_executor
[2025-07-21T14:03:23.684+0000] {logging_mixin.py:188} INFO - [2025-07-21T14:03:23.683+0000] {override.py:1769} INFO - Created Permission View: can delete on DAG:example_kubernetes_executor
[2025-07-21T14:03:23.685+0000] {logging_mixin.py:188} INFO - [2025-07-21T14:03:23.685+0000] {dag.py:3036} INFO - Sync 1 DAGs
[2025-07-21T14:03:23.706+0000] {logging_mixin.py:188} INFO - [2025-07-21T14:03:23.705+0000] {dag.py:3058} INFO - Creating ORM DAG for example_kubernetes_executor
[2025-07-21T14:03:23.707+0000] {logging_mixin.py:188} INFO - [2025-07-21T14:03:23.707+0000] {dag.py:3823} INFO - Setting next_dagrun for example_kubernetes_executor to None, run_after=None
[2025-07-21T14:03:23.741+0000] {processor.py:183} INFO - Processing /home/airflow/.local/lib/python3.8/site-packages/airflow/example_dags/example_kubernetes_executor.py took 0.356 seconds
[2025-07-21T14:03:53.858+0000] {processor.py:161} INFO - Started process (PID=453) to work on /home/airflow/.local/lib/python3.8/site-packages/airflow/example_dags/example_kubernetes_executor.py
[2025-07-21T14:03:53.859+0000] {processor.py:830} INFO - Processing file /home/airflow/.local/lib/python3.8/site-packages/airflow/example_dags/example_kubernetes_executor.py for tasks to queue
[2025-07-21T14:03:53.860+0000] {logging_mixin.py:188} INFO - [2025-07-21T14:03:53.860+0000] {dagbag.py:538} INFO - Filling up the DagBag from /home/airflow/.local/lib/python3.8/site-packages/airflow/example_dags/example_kubernetes_executor.py
[2025-07-21T14:03:53.872+0000] {processor.py:840} INFO - DAG(s) 'example_kubernetes_executor' retrieved from /home/airflow/.local/lib/python3.8/site-packages/airflow/example_dags/example_kubernetes_executor.py
[2025-07-21T14:03:53.906+0000] {logging_mixin.py:188} INFO - [2025-07-21T14:03:53.905+0000] {dag.py:3036} INFO - Sync 1 DAGs
[2025-07-21T14:03:53.917+0000] {logging_mixin.py:188} INFO - [2025-07-21T14:03:53.917+0000] {dag.py:3823} INFO - Setting next_dagrun for example_kubernetes_executor to None, run_after=None
[2025-07-21T14:03:53.935+0000] {processor.py:183} INFO - Processing /home/airflow/.local/lib/python3.8/site-packages/airflow/example_dags/example_kubernetes_executor.py took 0.080 seconds
[2025-07-21T14:04:24.025+0000] {processor.py:161} INFO - Started process (PID=694) to work on /home/airflow/.local/lib/python3.8/site-packages/airflow/example_dags/example_kubernetes_executor.py
[2025-07-21T14:04:24.026+0000] {processor.py:830} INFO - Processing file /home/airflow/.local/lib/python3.8/site-packages/airflow/example_dags/example_kubernetes_executor.py for tasks to queue
[2025-07-21T14:04:24.028+0000] {logging_mixin.py:188} INFO - [2025-07-21T14:04:24.027+0000] {dagbag.py:538} INFO - Filling up the DagBag from /home/airflow/.local/lib/python3.8/site-packages/airflow/example_dags/example_kubernetes_executor.py
[2025-07-21T14:04:24.039+0000] {processor.py:840} INFO - DAG(s) 'example_kubernetes_executor' retrieved from /home/airflow/.local/lib/python3.8/site-packages/airflow/example_dags/example_kubernetes_executor.py
[2025-07-21T14:04:24.074+0000] {logging_mixin.py:188} INFO - [2025-07-21T14:04:24.074+0000] {dag.py:3036} INFO - Sync 1 DAGs
[2025-07-21T14:04:24.084+0000] {logging_mixin.py:188} INFO - [2025-07-21T14:04:24.084+0000] {dag.py:3823} INFO - Setting next_dagrun for example_kubernetes_executor to None, run_after=None
[2025-07-21T14:04:24.103+0000] {processor.py:183} INFO - Processing /home/airflow/.local/lib/python3.8/site-packages/airflow/example_dags/example_kubernetes_executor.py took 0.081 seconds
[2025-07-21T14:04:54.282+0000] {processor.py:161} INFO - Started process (PID=935) to work on /home/airflow/.local/lib/python3.8/site-packages/airflow/example_dags/example_kubernetes_executor.py
[2025-07-21T14:04:54.283+0000] {processor.py:830} INFO - Processing file /home/airflow/.local/lib/python3.8/site-packages/airflow/example_dags/example_kubernetes_executor.py for tasks to queue
[2025-07-21T14:04:54.284+0000] {logging_mixin.py:188} INFO - [2025-07-21T14:04:54.284+0000] {dagbag.py:538} INFO - Filling up the DagBag from /home/airflow/.local/lib/python3.8/site-packages/airflow/example_dags/example_kubernetes_executor.py
[2025-07-21T14:04:54.296+0000] {processor.py:840} INFO - DAG(s) 'example_kubernetes_executor' retrieved from /home/airflow/.local/lib/python3.8/site-packages/airflow/example_dags/example_kubernetes_executor.py
[2025-07-21T14:04:54.332+0000] {logging_mixin.py:188} INFO - [2025-07-21T14:04:54.332+0000] {dag.py:3036} INFO - Sync 1 DAGs
[2025-07-21T14:04:54.346+0000] {logging_mixin.py:188} INFO - [2025-07-21T14:04:54.345+0000] {dag.py:3823} INFO - Setting next_dagrun for example_kubernetes_executor to None, run_after=None
[2025-07-21T14:04:54.368+0000] {processor.py:183} INFO - Processing /home/airflow/.local/lib/python3.8/site-packages/airflow/example_dags/example_kubernetes_executor.py took 0.089 seconds
[2025-07-21T14:05:24.484+0000] {processor.py:161} INFO - Started process (PID=1176) to work on /home/airflow/.local/lib/python3.8/site-packages/airflow/example_dags/example_kubernetes_executor.py
[2025-07-21T14:05:24.485+0000] {processor.py:830} INFO - Processing file /home/airflow/.local/lib/python3.8/site-packages/airflow/example_dags/example_kubernetes_executor.py for tasks to queue
[2025-07-21T14:05:24.486+0000] {logging_mixin.py:188} INFO - [2025-07-21T14:05:24.485+0000] {dagbag.py:538} INFO - Filling up the DagBag from /home/airflow/.local/lib/python3.8/site-packages/airflow/example_dags/example_kubernetes_executor.py
[2025-07-21T14:05:24.498+0000] {processor.py:840} INFO - DAG(s) 'example_kubernetes_executor' retrieved from /home/airflow/.local/lib/python3.8/site-packages/airflow/example_dags/example_kubernetes_executor.py
[2025-07-21T14:05:24.534+0000] {logging_mixin.py:188} INFO - [2025-07-21T14:05:24.534+0000] {dag.py:3036} INFO - Sync 1 DAGs
[2025-07-21T14:05:24.545+0000] {logging_mixin.py:188} INFO - [2025-07-21T14:05:24.545+0000] {dag.py:3823} INFO - Setting next_dagrun for example_kubernetes_executor to None, run_after=None
[2025-07-21T14:05:24.565+0000] {processor.py:183} INFO - Processing /home/airflow/.local/lib/python3.8/site-packages/airflow/example_dags/example_kubernetes_executor.py took 0.085 seconds
[2025-07-21T14:05:54.649+0000] {processor.py:161} INFO - Started process (PID=1410) to work on /home/airflow/.local/lib/python3.8/site-packages/airflow/example_dags/example_kubernetes_executor.py
[2025-07-21T14:05:54.650+0000] {processor.py:830} INFO - Processing file /home/airflow/.local/lib/python3.8/site-packages/airflow/example_dags/example_kubernetes_executor.py for tasks to queue
[2025-07-21T14:05:54.651+0000] {logging_mixin.py:188} INFO - [2025-07-21T14:05:54.651+0000] {dagbag.py:538} INFO - Filling up the DagBag from /home/airflow/.local/lib/python3.8/site-packages/airflow/example_dags/example_kubernetes_executor.py
[2025-07-21T14:05:54.665+0000] {processor.py:840} INFO - DAG(s) 'example_kubernetes_executor' retrieved from /home/airflow/.local/lib/python3.8/site-packages/airflow/example_dags/example_kubernetes_executor.py
[2025-07-21T14:05:54.714+0000] {logging_mixin.py:188} INFO - [2025-07-21T14:05:54.714+0000] {dag.py:3036} INFO - Sync 1 DAGs
[2025-07-21T14:05:54.735+0000] {logging_mixin.py:188} INFO - [2025-07-21T14:05:54.735+0000] {dag.py:3823} INFO - Setting next_dagrun for example_kubernetes_executor to None, run_after=None
[2025-07-21T14:05:54.764+0000] {processor.py:183} INFO - Processing /home/airflow/.local/lib/python3.8/site-packages/airflow/example_dags/example_kubernetes_executor.py took 0.118 seconds
[2025-07-21T14:06:34.050+0000] {processor.py:161} INFO - Started process (PID=205) to work on /home/airflow/.local/lib/python3.8/site-packages/airflow/example_dags/example_kubernetes_executor.py
[2025-07-21T14:06:34.052+0000] {processor.py:830} INFO - Processing file /home/airflow/.local/lib/python3.8/site-packages/airflow/example_dags/example_kubernetes_executor.py for tasks to queue
[2025-07-21T14:06:34.054+0000] {logging_mixin.py:188} INFO - [2025-07-21T14:06:34.053+0000] {dagbag.py:538} INFO - Filling up the DagBag from /home/airflow/.local/lib/python3.8/site-packages/airflow/example_dags/example_kubernetes_executor.py
[2025-07-21T14:06:34.087+0000] {processor.py:840} INFO - DAG(s) 'example_kubernetes_executor' retrieved from /home/airflow/.local/lib/python3.8/site-packages/airflow/example_dags/example_kubernetes_executor.py
[2025-07-21T14:06:34.111+0000] {logging_mixin.py:188} INFO - [2025-07-21T14:06:34.110+0000] {dag.py:3036} INFO - Sync 1 DAGs
[2025-07-21T14:06:34.138+0000] {logging_mixin.py:188} INFO - [2025-07-21T14:06:34.137+0000] {dag.py:3823} INFO - Setting next_dagrun for example_kubernetes_executor to None, run_after=None
[2025-07-21T14:06:34.176+0000] {processor.py:183} INFO - Processing /home/airflow/.local/lib/python3.8/site-packages/airflow/example_dags/example_kubernetes_executor.py took 0.133 seconds
[2025-07-21T14:07:04.551+0000] {processor.py:161} INFO - Started process (PID=448) to work on /home/airflow/.local/lib/python3.8/site-packages/airflow/example_dags/example_kubernetes_executor.py
[2025-07-21T14:07:04.553+0000] {processor.py:830} INFO - Processing file /home/airflow/.local/lib/python3.8/site-packages/airflow/example_dags/example_kubernetes_executor.py for tasks to queue
[2025-07-21T14:07:04.554+0000] {logging_mixin.py:188} INFO - [2025-07-21T14:07:04.554+0000] {dagbag.py:538} INFO - Filling up the DagBag from /home/airflow/.local/lib/python3.8/site-packages/airflow/example_dags/example_kubernetes_executor.py
[2025-07-21T14:07:04.571+0000] {processor.py:840} INFO - DAG(s) 'example_kubernetes_executor' retrieved from /home/airflow/.local/lib/python3.8/site-packages/airflow/example_dags/example_kubernetes_executor.py
[2025-07-21T14:07:04.727+0000] {logging_mixin.py:188} INFO - [2025-07-21T14:07:04.727+0000] {dag.py:3036} INFO - Sync 1 DAGs
[2025-07-21T14:07:04.742+0000] {logging_mixin.py:188} INFO - [2025-07-21T14:07:04.742+0000] {dag.py:3823} INFO - Setting next_dagrun for example_kubernetes_executor to None, run_after=None
[2025-07-21T14:07:04.769+0000] {processor.py:183} INFO - Processing /home/airflow/.local/lib/python3.8/site-packages/airflow/example_dags/example_kubernetes_executor.py took 0.222 seconds
[2025-07-21T14:07:35.553+0000] {processor.py:161} INFO - Started process (PID=689) to work on /home/airflow/.local/lib/python3.8/site-packages/airflow/example_dags/example_kubernetes_executor.py
[2025-07-21T14:07:35.554+0000] {processor.py:830} INFO - Processing file /home/airflow/.local/lib/python3.8/site-packages/airflow/example_dags/example_kubernetes_executor.py for tasks to queue
[2025-07-21T14:07:35.555+0000] {logging_mixin.py:188} INFO - [2025-07-21T14:07:35.554+0000] {dagbag.py:538} INFO - Filling up the DagBag from /home/airflow/.local/lib/python3.8/site-packages/airflow/example_dags/example_kubernetes_executor.py
[2025-07-21T14:07:35.567+0000] {processor.py:840} INFO - DAG(s) 'example_kubernetes_executor' retrieved from /home/airflow/.local/lib/python3.8/site-packages/airflow/example_dags/example_kubernetes_executor.py
[2025-07-21T14:07:35.602+0000] {logging_mixin.py:188} INFO - [2025-07-21T14:07:35.602+0000] {dag.py:3036} INFO - Sync 1 DAGs
[2025-07-21T14:07:35.614+0000] {logging_mixin.py:188} INFO - [2025-07-21T14:07:35.614+0000] {dag.py:3823} INFO - Setting next_dagrun for example_kubernetes_executor to None, run_after=None
[2025-07-21T14:07:35.638+0000] {processor.py:183} INFO - Processing /home/airflow/.local/lib/python3.8/site-packages/airflow/example_dags/example_kubernetes_executor.py took 0.088 seconds
[2025-07-21T14:08:05.708+0000] {processor.py:161} INFO - Started process (PID=930) to work on /home/airflow/.local/lib/python3.8/site-packages/airflow/example_dags/example_kubernetes_executor.py
[2025-07-21T14:08:05.709+0000] {processor.py:830} INFO - Processing file /home/airflow/.local/lib/python3.8/site-packages/airflow/example_dags/example_kubernetes_executor.py for tasks to queue
[2025-07-21T14:08:05.710+0000] {logging_mixin.py:188} INFO - [2025-07-21T14:08:05.710+0000] {dagbag.py:538} INFO - Filling up the DagBag from /home/airflow/.local/lib/python3.8/site-packages/airflow/example_dags/example_kubernetes_executor.py
[2025-07-21T14:08:05.725+0000] {processor.py:840} INFO - DAG(s) 'example_kubernetes_executor' retrieved from /home/airflow/.local/lib/python3.8/site-packages/airflow/example_dags/example_kubernetes_executor.py
[2025-07-21T14:08:05.761+0000] {logging_mixin.py:188} INFO - [2025-07-21T14:08:05.761+0000] {dag.py:3036} INFO - Sync 1 DAGs
[2025-07-21T14:08:05.772+0000] {logging_mixin.py:188} INFO - [2025-07-21T14:08:05.772+0000] {dag.py:3823} INFO - Setting next_dagrun for example_kubernetes_executor to None, run_after=None
[2025-07-21T14:08:05.794+0000] {processor.py:183} INFO - Processing /home/airflow/.local/lib/python3.8/site-packages/airflow/example_dags/example_kubernetes_executor.py took 0.089 seconds
[2025-07-21T14:08:35.884+0000] {processor.py:161} INFO - Started process (PID=1171) to work on /home/airflow/.local/lib/python3.8/site-packages/airflow/example_dags/example_kubernetes_executor.py
[2025-07-21T14:08:35.885+0000] {processor.py:830} INFO - Processing file /home/airflow/.local/lib/python3.8/site-packages/airflow/example_dags/example_kubernetes_executor.py for tasks to queue
[2025-07-21T14:08:35.887+0000] {logging_mixin.py:188} INFO - [2025-07-21T14:08:35.886+0000] {dagbag.py:538} INFO - Filling up the DagBag from /home/airflow/.local/lib/python3.8/site-packages/airflow/example_dags/example_kubernetes_executor.py
[2025-07-21T14:08:35.902+0000] {processor.py:840} INFO - DAG(s) 'example_kubernetes_executor' retrieved from /home/airflow/.local/lib/python3.8/site-packages/airflow/example_dags/example_kubernetes_executor.py
[2025-07-21T14:08:35.940+0000] {logging_mixin.py:188} INFO - [2025-07-21T14:08:35.940+0000] {dag.py:3036} INFO - Sync 1 DAGs
[2025-07-21T14:08:35.951+0000] {logging_mixin.py:188} INFO - [2025-07-21T14:08:35.951+0000] {dag.py:3823} INFO - Setting next_dagrun for example_kubernetes_executor to None, run_after=None
[2025-07-21T14:08:35.969+0000] {processor.py:183} INFO - Processing /home/airflow/.local/lib/python3.8/site-packages/airflow/example_dags/example_kubernetes_executor.py took 0.089 seconds
