[2025-07-21T14:03:23.763+0000] {processor.py:161} INFO - Started process (PID=215) to work on /home/airflow/.local/lib/python3.8/site-packages/airflow/example_dags/example_sla_dag.py
[2025-07-21T14:03:23.765+0000] {processor.py:830} INFO - Processing file /home/airflow/.local/lib/python3.8/site-packages/airflow/example_dags/example_sla_dag.py for tasks to queue
[2025-07-21T14:03:23.767+0000] {logging_mixin.py:188} INFO - [2025-07-21T14:03:23.767+0000] {dagbag.py:538} INFO - Filling up the DagBag from /home/airflow/.local/lib/python3.8/site-packages/airflow/example_dags/example_sla_dag.py
[2025-07-21T14:03:23.785+0000] {processor.py:840} INFO - DAG(s) 'example_sla_dag' retrieved from /home/airflow/.local/lib/python3.8/site-packages/airflow/example_dags/example_sla_dag.py
[2025-07-21T14:03:24.073+0000] {logging_mixin.py:188} INFO - [2025-07-21T14:03:24.071+0000] {override.py:1769} INFO - Created Permission View: can read on DAG:example_sla_dag
[2025-07-21T14:03:24.107+0000] {logging_mixin.py:188} INFO - [2025-07-21T14:03:24.106+0000] {override.py:1769} INFO - Created Permission View: can edit on DAG:example_sla_dag
[2025-07-21T14:03:24.121+0000] {logging_mixin.py:188} INFO - [2025-07-21T14:03:24.120+0000] {override.py:1769} INFO - Created Permission View: can delete on DAG:example_sla_dag
[2025-07-21T14:03:24.122+0000] {logging_mixin.py:188} INFO - [2025-07-21T14:03:24.122+0000] {dag.py:3036} INFO - Sync 1 DAGs
[2025-07-21T14:03:24.143+0000] {logging_mixin.py:188} INFO - [2025-07-21T14:03:24.143+0000] {dag.py:3058} INFO - Creating ORM DAG for example_sla_dag
[2025-07-21T14:03:24.170+0000] {logging_mixin.py:188} INFO - [2025-07-21T14:03:24.169+0000] {dag.py:3823} INFO - Setting next_dagrun for example_sla_dag to 2025-07-21 14:00:00+00:00, run_after=2025-07-21 14:02:00+00:00
[2025-07-21T14:03:24.199+0000] {processor.py:183} INFO - Processing /home/airflow/.local/lib/python3.8/site-packages/airflow/example_dags/example_sla_dag.py took 0.443 seconds
[2025-07-21T14:03:54.867+0000] {processor.py:161} INFO - Started process (PID=458) to work on /home/airflow/.local/lib/python3.8/site-packages/airflow/example_dags/example_sla_dag.py
[2025-07-21T14:03:54.869+0000] {processor.py:830} INFO - Processing file /home/airflow/.local/lib/python3.8/site-packages/airflow/example_dags/example_sla_dag.py for tasks to queue
[2025-07-21T14:03:54.870+0000] {logging_mixin.py:188} INFO - [2025-07-21T14:03:54.869+0000] {dagbag.py:538} INFO - Filling up the DagBag from /home/airflow/.local/lib/python3.8/site-packages/airflow/example_dags/example_sla_dag.py
[2025-07-21T14:03:54.878+0000] {processor.py:840} INFO - DAG(s) 'example_sla_dag' retrieved from /home/airflow/.local/lib/python3.8/site-packages/airflow/example_dags/example_sla_dag.py
[2025-07-21T14:03:54.904+0000] {logging_mixin.py:188} INFO - [2025-07-21T14:03:54.903+0000] {dag.py:3036} INFO - Sync 1 DAGs
[2025-07-21T14:03:54.934+0000] {logging_mixin.py:188} INFO - [2025-07-21T14:03:54.934+0000] {dag.py:3823} INFO - Setting next_dagrun for example_sla_dag to 2025-07-21 14:00:00+00:00, run_after=2025-07-21 14:02:00+00:00
[2025-07-21T14:03:54.958+0000] {processor.py:183} INFO - Processing /home/airflow/.local/lib/python3.8/site-packages/airflow/example_dags/example_sla_dag.py took 0.093 seconds
[2025-07-21T14:04:25.037+0000] {processor.py:161} INFO - Started process (PID=699) to work on /home/airflow/.local/lib/python3.8/site-packages/airflow/example_dags/example_sla_dag.py
[2025-07-21T14:04:25.038+0000] {processor.py:830} INFO - Processing file /home/airflow/.local/lib/python3.8/site-packages/airflow/example_dags/example_sla_dag.py for tasks to queue
[2025-07-21T14:04:25.039+0000] {logging_mixin.py:188} INFO - [2025-07-21T14:04:25.039+0000] {dagbag.py:538} INFO - Filling up the DagBag from /home/airflow/.local/lib/python3.8/site-packages/airflow/example_dags/example_sla_dag.py
[2025-07-21T14:04:25.047+0000] {processor.py:840} INFO - DAG(s) 'example_sla_dag' retrieved from /home/airflow/.local/lib/python3.8/site-packages/airflow/example_dags/example_sla_dag.py
[2025-07-21T14:04:25.067+0000] {logging_mixin.py:188} INFO - [2025-07-21T14:04:25.067+0000] {dag.py:3036} INFO - Sync 1 DAGs
[2025-07-21T14:04:25.089+0000] {logging_mixin.py:188} INFO - [2025-07-21T14:04:25.089+0000] {dag.py:3823} INFO - Setting next_dagrun for example_sla_dag to 2025-07-21 14:02:00+00:00, run_after=2025-07-21 14:04:00+00:00
[2025-07-21T14:04:25.110+0000] {processor.py:183} INFO - Processing /home/airflow/.local/lib/python3.8/site-packages/airflow/example_dags/example_sla_dag.py took 0.076 seconds
[2025-07-21T14:04:55.289+0000] {processor.py:161} INFO - Started process (PID=940) to work on /home/airflow/.local/lib/python3.8/site-packages/airflow/example_dags/example_sla_dag.py
[2025-07-21T14:04:55.290+0000] {processor.py:830} INFO - Processing file /home/airflow/.local/lib/python3.8/site-packages/airflow/example_dags/example_sla_dag.py for tasks to queue
[2025-07-21T14:04:55.291+0000] {logging_mixin.py:188} INFO - [2025-07-21T14:04:55.291+0000] {dagbag.py:538} INFO - Filling up the DagBag from /home/airflow/.local/lib/python3.8/site-packages/airflow/example_dags/example_sla_dag.py
[2025-07-21T14:04:55.301+0000] {processor.py:840} INFO - DAG(s) 'example_sla_dag' retrieved from /home/airflow/.local/lib/python3.8/site-packages/airflow/example_dags/example_sla_dag.py
[2025-07-21T14:04:55.322+0000] {logging_mixin.py:188} INFO - [2025-07-21T14:04:55.322+0000] {dag.py:3036} INFO - Sync 1 DAGs
[2025-07-21T14:04:55.353+0000] {logging_mixin.py:188} INFO - [2025-07-21T14:04:55.353+0000] {dag.py:3823} INFO - Setting next_dagrun for example_sla_dag to 2025-07-21 14:02:00+00:00, run_after=2025-07-21 14:04:00+00:00
[2025-07-21T14:04:55.379+0000] {processor.py:183} INFO - Processing /home/airflow/.local/lib/python3.8/site-packages/airflow/example_dags/example_sla_dag.py took 0.093 seconds
[2025-07-21T14:05:25.496+0000] {processor.py:161} INFO - Started process (PID=1181) to work on /home/airflow/.local/lib/python3.8/site-packages/airflow/example_dags/example_sla_dag.py
[2025-07-21T14:05:25.498+0000] {processor.py:830} INFO - Processing file /home/airflow/.local/lib/python3.8/site-packages/airflow/example_dags/example_sla_dag.py for tasks to queue
[2025-07-21T14:05:25.499+0000] {logging_mixin.py:188} INFO - [2025-07-21T14:05:25.498+0000] {dagbag.py:538} INFO - Filling up the DagBag from /home/airflow/.local/lib/python3.8/site-packages/airflow/example_dags/example_sla_dag.py
[2025-07-21T14:05:25.507+0000] {processor.py:840} INFO - DAG(s) 'example_sla_dag' retrieved from /home/airflow/.local/lib/python3.8/site-packages/airflow/example_dags/example_sla_dag.py
[2025-07-21T14:05:25.528+0000] {logging_mixin.py:188} INFO - [2025-07-21T14:05:25.527+0000] {dag.py:3036} INFO - Sync 1 DAGs
[2025-07-21T14:05:25.554+0000] {logging_mixin.py:188} INFO - [2025-07-21T14:05:25.554+0000] {dag.py:3823} INFO - Setting next_dagrun for example_sla_dag to 2025-07-21 14:02:00+00:00, run_after=2025-07-21 14:04:00+00:00
[2025-07-21T14:05:25.580+0000] {processor.py:183} INFO - Processing /home/airflow/.local/lib/python3.8/site-packages/airflow/example_dags/example_sla_dag.py took 0.087 seconds
[2025-07-21T14:05:55.812+0000] {processor.py:161} INFO - Started process (PID=1422) to work on /home/airflow/.local/lib/python3.8/site-packages/airflow/example_dags/example_sla_dag.py
[2025-07-21T14:05:55.813+0000] {processor.py:830} INFO - Processing file /home/airflow/.local/lib/python3.8/site-packages/airflow/example_dags/example_sla_dag.py for tasks to queue
[2025-07-21T14:05:55.814+0000] {logging_mixin.py:188} INFO - [2025-07-21T14:05:55.814+0000] {dagbag.py:538} INFO - Filling up the DagBag from /home/airflow/.local/lib/python3.8/site-packages/airflow/example_dags/example_sla_dag.py
[2025-07-21T14:05:55.821+0000] {processor.py:840} INFO - DAG(s) 'example_sla_dag' retrieved from /home/airflow/.local/lib/python3.8/site-packages/airflow/example_dags/example_sla_dag.py
[2025-07-21T14:05:55.841+0000] {logging_mixin.py:188} INFO - [2025-07-21T14:05:55.841+0000] {dag.py:3036} INFO - Sync 1 DAGs
[2025-07-21T14:05:55.867+0000] {logging_mixin.py:188} INFO - [2025-07-21T14:05:55.866+0000] {dag.py:3823} INFO - Setting next_dagrun for example_sla_dag to 2025-07-21 14:02:00+00:00, run_after=2025-07-21 14:04:00+00:00
[2025-07-21T14:05:55.889+0000] {processor.py:183} INFO - Processing /home/airflow/.local/lib/python3.8/site-packages/airflow/example_dags/example_sla_dag.py took 0.081 seconds
[2025-07-21T14:06:34.222+0000] {processor.py:161} INFO - Started process (PID=215) to work on /home/airflow/.local/lib/python3.8/site-packages/airflow/example_dags/example_sla_dag.py
[2025-07-21T14:06:34.224+0000] {processor.py:830} INFO - Processing file /home/airflow/.local/lib/python3.8/site-packages/airflow/example_dags/example_sla_dag.py for tasks to queue
[2025-07-21T14:06:34.227+0000] {logging_mixin.py:188} INFO - [2025-07-21T14:06:34.226+0000] {dagbag.py:538} INFO - Filling up the DagBag from /home/airflow/.local/lib/python3.8/site-packages/airflow/example_dags/example_sla_dag.py
[2025-07-21T14:06:34.246+0000] {processor.py:840} INFO - DAG(s) 'example_sla_dag' retrieved from /home/airflow/.local/lib/python3.8/site-packages/airflow/example_dags/example_sla_dag.py
[2025-07-21T14:06:34.264+0000] {logging_mixin.py:188} INFO - [2025-07-21T14:06:34.263+0000] {dag.py:3036} INFO - Sync 1 DAGs
[2025-07-21T14:06:34.331+0000] {logging_mixin.py:188} INFO - [2025-07-21T14:06:34.331+0000] {dag.py:3823} INFO - Setting next_dagrun for example_sla_dag to 2025-07-21 14:04:00+00:00, run_after=2025-07-21 14:06:00+00:00
[2025-07-21T14:06:34.368+0000] {processor.py:183} INFO - Processing /home/airflow/.local/lib/python3.8/site-packages/airflow/example_dags/example_sla_dag.py took 0.150 seconds
[2025-07-21T14:07:04.813+0000] {processor.py:161} INFO - Started process (PID=458) to work on /home/airflow/.local/lib/python3.8/site-packages/airflow/example_dags/example_sla_dag.py
[2025-07-21T14:07:04.815+0000] {processor.py:830} INFO - Processing file /home/airflow/.local/lib/python3.8/site-packages/airflow/example_dags/example_sla_dag.py for tasks to queue
[2025-07-21T14:07:04.816+0000] {logging_mixin.py:188} INFO - [2025-07-21T14:07:04.816+0000] {dagbag.py:538} INFO - Filling up the DagBag from /home/airflow/.local/lib/python3.8/site-packages/airflow/example_dags/example_sla_dag.py
[2025-07-21T14:07:04.827+0000] {processor.py:840} INFO - DAG(s) 'example_sla_dag' retrieved from /home/airflow/.local/lib/python3.8/site-packages/airflow/example_dags/example_sla_dag.py
[2025-07-21T14:07:04.944+0000] {logging_mixin.py:188} INFO - [2025-07-21T14:07:04.943+0000] {dag.py:3036} INFO - Sync 1 DAGs
[2025-07-21T14:07:04.968+0000] {logging_mixin.py:188} INFO - [2025-07-21T14:07:04.967+0000] {dag.py:3823} INFO - Setting next_dagrun for example_sla_dag to 2025-07-21 14:04:00+00:00, run_after=2025-07-21 14:06:00+00:00
[2025-07-21T14:07:04.995+0000] {processor.py:183} INFO - Processing /home/airflow/.local/lib/python3.8/site-packages/airflow/example_dags/example_sla_dag.py took 0.185 seconds
[2025-07-21T14:07:35.660+0000] {processor.py:161} INFO - Started process (PID=699) to work on /home/airflow/.local/lib/python3.8/site-packages/airflow/example_dags/example_sla_dag.py
[2025-07-21T14:07:35.661+0000] {processor.py:830} INFO - Processing file /home/airflow/.local/lib/python3.8/site-packages/airflow/example_dags/example_sla_dag.py for tasks to queue
[2025-07-21T14:07:35.662+0000] {logging_mixin.py:188} INFO - [2025-07-21T14:07:35.662+0000] {dagbag.py:538} INFO - Filling up the DagBag from /home/airflow/.local/lib/python3.8/site-packages/airflow/example_dags/example_sla_dag.py
[2025-07-21T14:07:35.670+0000] {processor.py:840} INFO - DAG(s) 'example_sla_dag' retrieved from /home/airflow/.local/lib/python3.8/site-packages/airflow/example_dags/example_sla_dag.py
[2025-07-21T14:07:35.689+0000] {logging_mixin.py:188} INFO - [2025-07-21T14:07:35.689+0000] {dag.py:3036} INFO - Sync 1 DAGs
[2025-07-21T14:07:35.711+0000] {logging_mixin.py:188} INFO - [2025-07-21T14:07:35.711+0000] {dag.py:3823} INFO - Setting next_dagrun for example_sla_dag to 2025-07-21 14:04:00+00:00, run_after=2025-07-21 14:06:00+00:00
[2025-07-21T14:07:35.733+0000] {processor.py:183} INFO - Processing /home/airflow/.local/lib/python3.8/site-packages/airflow/example_dags/example_sla_dag.py took 0.075 seconds
[2025-07-21T14:08:05.822+0000] {processor.py:161} INFO - Started process (PID=940) to work on /home/airflow/.local/lib/python3.8/site-packages/airflow/example_dags/example_sla_dag.py
[2025-07-21T14:08:05.823+0000] {processor.py:830} INFO - Processing file /home/airflow/.local/lib/python3.8/site-packages/airflow/example_dags/example_sla_dag.py for tasks to queue
[2025-07-21T14:08:05.824+0000] {logging_mixin.py:188} INFO - [2025-07-21T14:08:05.824+0000] {dagbag.py:538} INFO - Filling up the DagBag from /home/airflow/.local/lib/python3.8/site-packages/airflow/example_dags/example_sla_dag.py
[2025-07-21T14:08:05.832+0000] {processor.py:840} INFO - DAG(s) 'example_sla_dag' retrieved from /home/airflow/.local/lib/python3.8/site-packages/airflow/example_dags/example_sla_dag.py
[2025-07-21T14:08:05.852+0000] {logging_mixin.py:188} INFO - [2025-07-21T14:08:05.851+0000] {dag.py:3036} INFO - Sync 1 DAGs
[2025-07-21T14:08:05.874+0000] {logging_mixin.py:188} INFO - [2025-07-21T14:08:05.874+0000] {dag.py:3823} INFO - Setting next_dagrun for example_sla_dag to 2025-07-21 14:06:00+00:00, run_after=2025-07-21 14:08:00+00:00
[2025-07-21T14:08:05.896+0000] {processor.py:183} INFO - Processing /home/airflow/.local/lib/python3.8/site-packages/airflow/example_dags/example_sla_dag.py took 0.077 seconds
[2025-07-21T14:08:36.115+0000] {processor.py:161} INFO - Started process (PID=1181) to work on /home/airflow/.local/lib/python3.8/site-packages/airflow/example_dags/example_sla_dag.py
[2025-07-21T14:08:36.117+0000] {processor.py:830} INFO - Processing file /home/airflow/.local/lib/python3.8/site-packages/airflow/example_dags/example_sla_dag.py for tasks to queue
[2025-07-21T14:08:36.118+0000] {logging_mixin.py:188} INFO - [2025-07-21T14:08:36.117+0000] {dagbag.py:538} INFO - Filling up the DagBag from /home/airflow/.local/lib/python3.8/site-packages/airflow/example_dags/example_sla_dag.py
[2025-07-21T14:08:36.125+0000] {processor.py:840} INFO - DAG(s) 'example_sla_dag' retrieved from /home/airflow/.local/lib/python3.8/site-packages/airflow/example_dags/example_sla_dag.py
[2025-07-21T14:08:36.147+0000] {logging_mixin.py:188} INFO - [2025-07-21T14:08:36.147+0000] {dag.py:3036} INFO - Sync 1 DAGs
[2025-07-21T14:08:36.171+0000] {logging_mixin.py:188} INFO - [2025-07-21T14:08:36.171+0000] {dag.py:3823} INFO - Setting next_dagrun for example_sla_dag to 2025-07-21 14:06:00+00:00, run_after=2025-07-21 14:08:00+00:00
[2025-07-21T14:08:36.194+0000] {processor.py:183} INFO - Processing /home/airflow/.local/lib/python3.8/site-packages/airflow/example_dags/example_sla_dag.py took 0.081 seconds
