[2025-07-21T14:03:22.556+0000] {processor.py:161} INFO - Started process (PID=191) to work on /home/airflow/.local/lib/python3.8/site-packages/airflow/example_dags/example_branch_labels.py
[2025-07-21T14:03:22.558+0000] {processor.py:830} INFO - Processing file /home/airflow/.local/lib/python3.8/site-packages/airflow/example_dags/example_branch_labels.py for tasks to queue
[2025-07-21T14:03:22.560+0000] {logging_mixin.py:188} INFO - [2025-07-21T14:03:22.559+0000] {dagbag.py:538} INFO - Filling up the DagBag from /home/airflow/.local/lib/python3.8/site-packages/airflow/example_dags/example_branch_labels.py
[2025-07-21T14:03:22.581+0000] {processor.py:840} INFO - DAG(s) 'example_branch_labels' retrieved from /home/airflow/.local/lib/python3.8/site-packages/airflow/example_dags/example_branch_labels.py
[2025-07-21T14:03:22.793+0000] {logging_mixin.py:188} INFO - [2025-07-21T14:03:22.792+0000] {override.py:1769} INFO - Created Permission View: can read on DAG:example_branch_labels
[2025-07-21T14:03:22.812+0000] {logging_mixin.py:188} INFO - [2025-07-21T14:03:22.811+0000] {override.py:1769} INFO - Created Permission View: can edit on DAG:example_branch_labels
[2025-07-21T14:03:22.825+0000] {logging_mixin.py:188} INFO - [2025-07-21T14:03:22.825+0000] {override.py:1769} INFO - Created Permission View: can delete on DAG:example_branch_labels
[2025-07-21T14:03:22.827+0000] {logging_mixin.py:188} INFO - [2025-07-21T14:03:22.826+0000] {dag.py:3036} INFO - Sync 1 DAGs
[2025-07-21T14:03:22.846+0000] {logging_mixin.py:188} INFO - [2025-07-21T14:03:22.846+0000] {dag.py:3058} INFO - Creating ORM DAG for example_branch_labels
[2025-07-21T14:03:22.870+0000] {logging_mixin.py:188} INFO - [2025-07-21T14:03:22.869+0000] {dag.py:3823} INFO - Setting next_dagrun for example_branch_labels to 2025-07-20 00:00:00+00:00, run_after=2025-07-21 00:00:00+00:00
[2025-07-21T14:03:22.898+0000] {processor.py:183} INFO - Processing /home/airflow/.local/lib/python3.8/site-packages/airflow/example_dags/example_branch_labels.py took 0.347 seconds
[2025-07-21T14:03:53.445+0000] {processor.py:161} INFO - Started process (PID=433) to work on /home/airflow/.local/lib/python3.8/site-packages/airflow/example_dags/example_branch_labels.py
[2025-07-21T14:03:53.446+0000] {processor.py:830} INFO - Processing file /home/airflow/.local/lib/python3.8/site-packages/airflow/example_dags/example_branch_labels.py for tasks to queue
[2025-07-21T14:03:53.447+0000] {logging_mixin.py:188} INFO - [2025-07-21T14:03:53.446+0000] {dagbag.py:538} INFO - Filling up the DagBag from /home/airflow/.local/lib/python3.8/site-packages/airflow/example_dags/example_branch_labels.py
[2025-07-21T14:03:53.453+0000] {processor.py:840} INFO - DAG(s) 'example_branch_labels' retrieved from /home/airflow/.local/lib/python3.8/site-packages/airflow/example_dags/example_branch_labels.py
[2025-07-21T14:03:53.474+0000] {logging_mixin.py:188} INFO - [2025-07-21T14:03:53.474+0000] {dag.py:3036} INFO - Sync 1 DAGs
[2025-07-21T14:03:53.493+0000] {logging_mixin.py:188} INFO - [2025-07-21T14:03:53.493+0000] {dag.py:3823} INFO - Setting next_dagrun for example_branch_labels to 2025-07-20 00:00:00+00:00, run_after=2025-07-21 00:00:00+00:00
[2025-07-21T14:03:53.515+0000] {processor.py:183} INFO - Processing /home/airflow/.local/lib/python3.8/site-packages/airflow/example_dags/example_branch_labels.py took 0.073 seconds
[2025-07-21T14:04:23.616+0000] {processor.py:161} INFO - Started process (PID=674) to work on /home/airflow/.local/lib/python3.8/site-packages/airflow/example_dags/example_branch_labels.py
[2025-07-21T14:04:23.617+0000] {processor.py:830} INFO - Processing file /home/airflow/.local/lib/python3.8/site-packages/airflow/example_dags/example_branch_labels.py for tasks to queue
[2025-07-21T14:04:23.618+0000] {logging_mixin.py:188} INFO - [2025-07-21T14:04:23.618+0000] {dagbag.py:538} INFO - Filling up the DagBag from /home/airflow/.local/lib/python3.8/site-packages/airflow/example_dags/example_branch_labels.py
[2025-07-21T14:04:23.625+0000] {processor.py:840} INFO - DAG(s) 'example_branch_labels' retrieved from /home/airflow/.local/lib/python3.8/site-packages/airflow/example_dags/example_branch_labels.py
[2025-07-21T14:04:23.646+0000] {logging_mixin.py:188} INFO - [2025-07-21T14:04:23.645+0000] {dag.py:3036} INFO - Sync 1 DAGs
[2025-07-21T14:04:23.666+0000] {logging_mixin.py:188} INFO - [2025-07-21T14:04:23.665+0000] {dag.py:3823} INFO - Setting next_dagrun for example_branch_labels to 2025-07-20 00:00:00+00:00, run_after=2025-07-21 00:00:00+00:00
[2025-07-21T14:04:23.686+0000] {processor.py:183} INFO - Processing /home/airflow/.local/lib/python3.8/site-packages/airflow/example_dags/example_branch_labels.py took 0.073 seconds
[2025-07-21T14:04:53.945+0000] {processor.py:161} INFO - Started process (PID=915) to work on /home/airflow/.local/lib/python3.8/site-packages/airflow/example_dags/example_branch_labels.py
[2025-07-21T14:04:53.946+0000] {processor.py:830} INFO - Processing file /home/airflow/.local/lib/python3.8/site-packages/airflow/example_dags/example_branch_labels.py for tasks to queue
[2025-07-21T14:04:53.947+0000] {logging_mixin.py:188} INFO - [2025-07-21T14:04:53.947+0000] {dagbag.py:538} INFO - Filling up the DagBag from /home/airflow/.local/lib/python3.8/site-packages/airflow/example_dags/example_branch_labels.py
[2025-07-21T14:04:53.955+0000] {processor.py:840} INFO - DAG(s) 'example_branch_labels' retrieved from /home/airflow/.local/lib/python3.8/site-packages/airflow/example_dags/example_branch_labels.py
[2025-07-21T14:04:53.975+0000] {logging_mixin.py:188} INFO - [2025-07-21T14:04:53.974+0000] {dag.py:3036} INFO - Sync 1 DAGs
[2025-07-21T14:04:53.998+0000] {logging_mixin.py:188} INFO - [2025-07-21T14:04:53.997+0000] {dag.py:3823} INFO - Setting next_dagrun for example_branch_labels to 2025-07-20 00:00:00+00:00, run_after=2025-07-21 00:00:00+00:00
[2025-07-21T14:04:54.020+0000] {processor.py:183} INFO - Processing /home/airflow/.local/lib/python3.8/site-packages/airflow/example_dags/example_branch_labels.py took 0.078 seconds
[2025-07-21T14:05:24.155+0000] {processor.py:161} INFO - Started process (PID=1156) to work on /home/airflow/.local/lib/python3.8/site-packages/airflow/example_dags/example_branch_labels.py
[2025-07-21T14:05:24.156+0000] {processor.py:830} INFO - Processing file /home/airflow/.local/lib/python3.8/site-packages/airflow/example_dags/example_branch_labels.py for tasks to queue
[2025-07-21T14:05:24.157+0000] {logging_mixin.py:188} INFO - [2025-07-21T14:05:24.157+0000] {dagbag.py:538} INFO - Filling up the DagBag from /home/airflow/.local/lib/python3.8/site-packages/airflow/example_dags/example_branch_labels.py
[2025-07-21T14:05:24.164+0000] {processor.py:840} INFO - DAG(s) 'example_branch_labels' retrieved from /home/airflow/.local/lib/python3.8/site-packages/airflow/example_dags/example_branch_labels.py
[2025-07-21T14:05:24.187+0000] {logging_mixin.py:188} INFO - [2025-07-21T14:05:24.186+0000] {dag.py:3036} INFO - Sync 1 DAGs
[2025-07-21T14:05:24.209+0000] {logging_mixin.py:188} INFO - [2025-07-21T14:05:24.209+0000] {dag.py:3823} INFO - Setting next_dagrun for example_branch_labels to 2025-07-20 00:00:00+00:00, run_after=2025-07-21 00:00:00+00:00
[2025-07-21T14:05:24.229+0000] {processor.py:183} INFO - Processing /home/airflow/.local/lib/python3.8/site-packages/airflow/example_dags/example_branch_labels.py took 0.077 seconds
[2025-07-21T14:05:54.387+0000] {processor.py:161} INFO - Started process (PID=1397) to work on /home/airflow/.local/lib/python3.8/site-packages/airflow/example_dags/example_branch_labels.py
[2025-07-21T14:05:54.388+0000] {processor.py:830} INFO - Processing file /home/airflow/.local/lib/python3.8/site-packages/airflow/example_dags/example_branch_labels.py for tasks to queue
[2025-07-21T14:05:54.389+0000] {logging_mixin.py:188} INFO - [2025-07-21T14:05:54.389+0000] {dagbag.py:538} INFO - Filling up the DagBag from /home/airflow/.local/lib/python3.8/site-packages/airflow/example_dags/example_branch_labels.py
[2025-07-21T14:05:54.397+0000] {processor.py:840} INFO - DAG(s) 'example_branch_labels' retrieved from /home/airflow/.local/lib/python3.8/site-packages/airflow/example_dags/example_branch_labels.py
[2025-07-21T14:05:54.422+0000] {logging_mixin.py:188} INFO - [2025-07-21T14:05:54.422+0000] {dag.py:3036} INFO - Sync 1 DAGs
[2025-07-21T14:05:54.442+0000] {logging_mixin.py:188} INFO - [2025-07-21T14:05:54.442+0000] {dag.py:3823} INFO - Setting next_dagrun for example_branch_labels to 2025-07-20 00:00:00+00:00, run_after=2025-07-21 00:00:00+00:00
[2025-07-21T14:05:54.467+0000] {processor.py:183} INFO - Processing /home/airflow/.local/lib/python3.8/site-packages/airflow/example_dags/example_branch_labels.py took 0.083 seconds
[2025-07-21T14:06:33.715+0000] {processor.py:161} INFO - Started process (PID=190) to work on /home/airflow/.local/lib/python3.8/site-packages/airflow/example_dags/example_branch_labels.py
[2025-07-21T14:06:33.717+0000] {processor.py:830} INFO - Processing file /home/airflow/.local/lib/python3.8/site-packages/airflow/example_dags/example_branch_labels.py for tasks to queue
[2025-07-21T14:06:33.720+0000] {logging_mixin.py:188} INFO - [2025-07-21T14:06:33.719+0000] {dagbag.py:538} INFO - Filling up the DagBag from /home/airflow/.local/lib/python3.8/site-packages/airflow/example_dags/example_branch_labels.py
[2025-07-21T14:06:33.752+0000] {processor.py:840} INFO - DAG(s) 'example_branch_labels' retrieved from /home/airflow/.local/lib/python3.8/site-packages/airflow/example_dags/example_branch_labels.py
[2025-07-21T14:06:33.772+0000] {logging_mixin.py:188} INFO - [2025-07-21T14:06:33.772+0000] {dag.py:3036} INFO - Sync 1 DAGs
[2025-07-21T14:06:33.834+0000] {logging_mixin.py:188} INFO - [2025-07-21T14:06:33.834+0000] {dag.py:3823} INFO - Setting next_dagrun for example_branch_labels to 2025-07-20 00:00:00+00:00, run_after=2025-07-21 00:00:00+00:00
[2025-07-21T14:06:33.876+0000] {processor.py:183} INFO - Processing /home/airflow/.local/lib/python3.8/site-packages/airflow/example_dags/example_branch_labels.py took 0.167 seconds
[2025-07-21T14:07:04.116+0000] {processor.py:161} INFO - Started process (PID=431) to work on /home/airflow/.local/lib/python3.8/site-packages/airflow/example_dags/example_branch_labels.py
[2025-07-21T14:07:04.118+0000] {processor.py:830} INFO - Processing file /home/airflow/.local/lib/python3.8/site-packages/airflow/example_dags/example_branch_labels.py for tasks to queue
[2025-07-21T14:07:04.119+0000] {logging_mixin.py:188} INFO - [2025-07-21T14:07:04.119+0000] {dagbag.py:538} INFO - Filling up the DagBag from /home/airflow/.local/lib/python3.8/site-packages/airflow/example_dags/example_branch_labels.py
[2025-07-21T14:07:04.128+0000] {processor.py:840} INFO - DAG(s) 'example_branch_labels' retrieved from /home/airflow/.local/lib/python3.8/site-packages/airflow/example_dags/example_branch_labels.py
[2025-07-21T14:07:04.249+0000] {logging_mixin.py:188} INFO - [2025-07-21T14:07:04.248+0000] {dag.py:3036} INFO - Sync 1 DAGs
[2025-07-21T14:07:04.278+0000] {logging_mixin.py:188} INFO - [2025-07-21T14:07:04.278+0000] {dag.py:3823} INFO - Setting next_dagrun for example_branch_labels to 2025-07-20 00:00:00+00:00, run_after=2025-07-21 00:00:00+00:00
[2025-07-21T14:07:04.307+0000] {processor.py:183} INFO - Processing /home/airflow/.local/lib/python3.8/site-packages/airflow/example_dags/example_branch_labels.py took 0.195 seconds
[2025-07-21T14:07:34.430+0000] {processor.py:161} INFO - Started process (PID=674) to work on /home/airflow/.local/lib/python3.8/site-packages/airflow/example_dags/example_branch_labels.py
[2025-07-21T14:07:34.431+0000] {processor.py:830} INFO - Processing file /home/airflow/.local/lib/python3.8/site-packages/airflow/example_dags/example_branch_labels.py for tasks to queue
[2025-07-21T14:07:34.432+0000] {logging_mixin.py:188} INFO - [2025-07-21T14:07:34.432+0000] {dagbag.py:538} INFO - Filling up the DagBag from /home/airflow/.local/lib/python3.8/site-packages/airflow/example_dags/example_branch_labels.py
[2025-07-21T14:07:34.439+0000] {processor.py:840} INFO - DAG(s) 'example_branch_labels' retrieved from /home/airflow/.local/lib/python3.8/site-packages/airflow/example_dags/example_branch_labels.py
[2025-07-21T14:07:34.460+0000] {logging_mixin.py:188} INFO - [2025-07-21T14:07:34.460+0000] {dag.py:3036} INFO - Sync 1 DAGs
[2025-07-21T14:07:34.479+0000] {logging_mixin.py:188} INFO - [2025-07-21T14:07:34.479+0000] {dag.py:3823} INFO - Setting next_dagrun for example_branch_labels to 2025-07-20 00:00:00+00:00, run_after=2025-07-21 00:00:00+00:00
[2025-07-21T14:07:34.499+0000] {processor.py:183} INFO - Processing /home/airflow/.local/lib/python3.8/site-packages/airflow/example_dags/example_branch_labels.py took 0.072 seconds
[2025-07-21T14:08:04.600+0000] {processor.py:161} INFO - Started process (PID=915) to work on /home/airflow/.local/lib/python3.8/site-packages/airflow/example_dags/example_branch_labels.py
[2025-07-21T14:08:04.601+0000] {processor.py:830} INFO - Processing file /home/airflow/.local/lib/python3.8/site-packages/airflow/example_dags/example_branch_labels.py for tasks to queue
[2025-07-21T14:08:04.602+0000] {logging_mixin.py:188} INFO - [2025-07-21T14:08:04.601+0000] {dagbag.py:538} INFO - Filling up the DagBag from /home/airflow/.local/lib/python3.8/site-packages/airflow/example_dags/example_branch_labels.py
[2025-07-21T14:08:04.608+0000] {processor.py:840} INFO - DAG(s) 'example_branch_labels' retrieved from /home/airflow/.local/lib/python3.8/site-packages/airflow/example_dags/example_branch_labels.py
[2025-07-21T14:08:04.628+0000] {logging_mixin.py:188} INFO - [2025-07-21T14:08:04.628+0000] {dag.py:3036} INFO - Sync 1 DAGs
[2025-07-21T14:08:04.646+0000] {logging_mixin.py:188} INFO - [2025-07-21T14:08:04.646+0000] {dag.py:3823} INFO - Setting next_dagrun for example_branch_labels to 2025-07-20 00:00:00+00:00, run_after=2025-07-21 00:00:00+00:00
[2025-07-21T14:08:04.666+0000] {processor.py:183} INFO - Processing /home/airflow/.local/lib/python3.8/site-packages/airflow/example_dags/example_branch_labels.py took 0.069 seconds
[2025-07-21T14:08:34.752+0000] {processor.py:161} INFO - Started process (PID=1156) to work on /home/airflow/.local/lib/python3.8/site-packages/airflow/example_dags/example_branch_labels.py
[2025-07-21T14:08:34.753+0000] {processor.py:830} INFO - Processing file /home/airflow/.local/lib/python3.8/site-packages/airflow/example_dags/example_branch_labels.py for tasks to queue
[2025-07-21T14:08:34.754+0000] {logging_mixin.py:188} INFO - [2025-07-21T14:08:34.754+0000] {dagbag.py:538} INFO - Filling up the DagBag from /home/airflow/.local/lib/python3.8/site-packages/airflow/example_dags/example_branch_labels.py
[2025-07-21T14:08:34.761+0000] {processor.py:840} INFO - DAG(s) 'example_branch_labels' retrieved from /home/airflow/.local/lib/python3.8/site-packages/airflow/example_dags/example_branch_labels.py
[2025-07-21T14:08:34.782+0000] {logging_mixin.py:188} INFO - [2025-07-21T14:08:34.781+0000] {dag.py:3036} INFO - Sync 1 DAGs
[2025-07-21T14:08:34.801+0000] {logging_mixin.py:188} INFO - [2025-07-21T14:08:34.801+0000] {dag.py:3823} INFO - Setting next_dagrun for example_branch_labels to 2025-07-20 00:00:00+00:00, run_after=2025-07-21 00:00:00+00:00
[2025-07-21T14:08:34.821+0000] {processor.py:183} INFO - Processing /home/airflow/.local/lib/python3.8/site-packages/airflow/example_dags/example_branch_labels.py took 0.072 seconds
[2025-07-21T14:09:04.947+0000] {processor.py:161} INFO - Started process (PID=1395) to work on /home/airflow/.local/lib/python3.8/site-packages/airflow/example_dags/example_branch_labels.py
[2025-07-21T14:09:04.948+0000] {processor.py:830} INFO - Processing file /home/airflow/.local/lib/python3.8/site-packages/airflow/example_dags/example_branch_labels.py for tasks to queue
[2025-07-21T14:09:04.949+0000] {logging_mixin.py:188} INFO - [2025-07-21T14:09:04.949+0000] {dagbag.py:538} INFO - Filling up the DagBag from /home/airflow/.local/lib/python3.8/site-packages/airflow/example_dags/example_branch_labels.py
[2025-07-21T14:09:04.957+0000] {processor.py:840} INFO - DAG(s) 'example_branch_labels' retrieved from /home/airflow/.local/lib/python3.8/site-packages/airflow/example_dags/example_branch_labels.py
[2025-07-21T14:09:04.990+0000] {logging_mixin.py:188} INFO - [2025-07-21T14:09:04.989+0000] {dag.py:3036} INFO - Sync 1 DAGs
[2025-07-21T14:09:05.022+0000] {logging_mixin.py:188} INFO - [2025-07-21T14:09:05.021+0000] {dag.py:3823} INFO - Setting next_dagrun for example_branch_labels to 2025-07-20 00:00:00+00:00, run_after=2025-07-21 00:00:00+00:00
[2025-07-21T14:09:05.046+0000] {processor.py:183} INFO - Processing /home/airflow/.local/lib/python3.8/site-packages/airflow/example_dags/example_branch_labels.py took 0.103 seconds
