[2025-07-21T14:03:21.329+0000] {processor.py:161} INFO - Started process (PID=167) to work on /home/airflow/.local/lib/python3.8/site-packages/airflow/example_dags/tutorial_dag.py
[2025-07-21T14:03:21.331+0000] {processor.py:830} INFO - Processing file /home/airflow/.local/lib/python3.8/site-packages/airflow/example_dags/tutorial_dag.py for tasks to queue
[2025-07-21T14:03:21.333+0000] {logging_mixin.py:188} INFO - [2025-07-21T14:03:21.332+0000] {dagbag.py:538} INFO - Filling up the DagBag from /home/airflow/.local/lib/python3.8/site-packages/airflow/example_dags/tutorial_dag.py
[2025-07-21T14:03:21.350+0000] {processor.py:840} INFO - DAG(s) 'tutorial_dag' retrieved from /home/airflow/.local/lib/python3.8/site-packages/airflow/example_dags/tutorial_dag.py
[2025-07-21T14:03:21.705+0000] {logging_mixin.py:188} INFO - [2025-07-21T14:03:21.703+0000] {override.py:1769} INFO - Created Permission View: can read on DAG:tutorial_dag
[2025-07-21T14:03:21.717+0000] {logging_mixin.py:188} INFO - [2025-07-21T14:03:21.717+0000] {override.py:1769} INFO - Created Permission View: can edit on DAG:tutorial_dag
[2025-07-21T14:03:21.731+0000] {logging_mixin.py:188} INFO - [2025-07-21T14:03:21.731+0000] {override.py:1769} INFO - Created Permission View: can delete on DAG:tutorial_dag
[2025-07-21T14:03:21.732+0000] {logging_mixin.py:188} INFO - [2025-07-21T14:03:21.732+0000] {dag.py:3036} INFO - Sync 1 DAGs
[2025-07-21T14:03:21.752+0000] {logging_mixin.py:188} INFO - [2025-07-21T14:03:21.752+0000] {dag.py:3058} INFO - Creating ORM DAG for tutorial_dag
[2025-07-21T14:03:21.754+0000] {logging_mixin.py:188} INFO - [2025-07-21T14:03:21.753+0000] {dag.py:3823} INFO - Setting next_dagrun for tutorial_dag to None, run_after=None
[2025-07-21T14:03:21.787+0000] {processor.py:183} INFO - Processing /home/airflow/.local/lib/python3.8/site-packages/airflow/example_dags/tutorial_dag.py took 0.463 seconds
[2025-07-21T14:03:52.210+0000] {processor.py:161} INFO - Started process (PID=408) to work on /home/airflow/.local/lib/python3.8/site-packages/airflow/example_dags/tutorial_dag.py
[2025-07-21T14:03:52.212+0000] {processor.py:830} INFO - Processing file /home/airflow/.local/lib/python3.8/site-packages/airflow/example_dags/tutorial_dag.py for tasks to queue
[2025-07-21T14:03:52.213+0000] {logging_mixin.py:188} INFO - [2025-07-21T14:03:52.213+0000] {dagbag.py:538} INFO - Filling up the DagBag from /home/airflow/.local/lib/python3.8/site-packages/airflow/example_dags/tutorial_dag.py
[2025-07-21T14:03:52.219+0000] {processor.py:840} INFO - DAG(s) 'tutorial_dag' retrieved from /home/airflow/.local/lib/python3.8/site-packages/airflow/example_dags/tutorial_dag.py
[2025-07-21T14:03:52.247+0000] {logging_mixin.py:188} INFO - [2025-07-21T14:03:52.247+0000] {dag.py:3036} INFO - Sync 1 DAGs
[2025-07-21T14:03:52.261+0000] {logging_mixin.py:188} INFO - [2025-07-21T14:03:52.261+0000] {dag.py:3823} INFO - Setting next_dagrun for tutorial_dag to None, run_after=None
[2025-07-21T14:03:52.289+0000] {processor.py:183} INFO - Processing /home/airflow/.local/lib/python3.8/site-packages/airflow/example_dags/tutorial_dag.py took 0.084 seconds
[2025-07-21T14:04:22.404+0000] {processor.py:161} INFO - Started process (PID=649) to work on /home/airflow/.local/lib/python3.8/site-packages/airflow/example_dags/tutorial_dag.py
[2025-07-21T14:04:22.405+0000] {processor.py:830} INFO - Processing file /home/airflow/.local/lib/python3.8/site-packages/airflow/example_dags/tutorial_dag.py for tasks to queue
[2025-07-21T14:04:22.406+0000] {logging_mixin.py:188} INFO - [2025-07-21T14:04:22.406+0000] {dagbag.py:538} INFO - Filling up the DagBag from /home/airflow/.local/lib/python3.8/site-packages/airflow/example_dags/tutorial_dag.py
[2025-07-21T14:04:22.410+0000] {processor.py:840} INFO - DAG(s) 'tutorial_dag' retrieved from /home/airflow/.local/lib/python3.8/site-packages/airflow/example_dags/tutorial_dag.py
[2025-07-21T14:04:22.430+0000] {logging_mixin.py:188} INFO - [2025-07-21T14:04:22.429+0000] {dag.py:3036} INFO - Sync 1 DAGs
[2025-07-21T14:04:22.440+0000] {logging_mixin.py:188} INFO - [2025-07-21T14:04:22.440+0000] {dag.py:3823} INFO - Setting next_dagrun for tutorial_dag to None, run_after=None
[2025-07-21T14:04:22.461+0000] {processor.py:183} INFO - Processing /home/airflow/.local/lib/python3.8/site-packages/airflow/example_dags/tutorial_dag.py took 0.061 seconds
[2025-07-21T14:04:52.694+0000] {processor.py:161} INFO - Started process (PID=890) to work on /home/airflow/.local/lib/python3.8/site-packages/airflow/example_dags/tutorial_dag.py
[2025-07-21T14:04:52.696+0000] {processor.py:830} INFO - Processing file /home/airflow/.local/lib/python3.8/site-packages/airflow/example_dags/tutorial_dag.py for tasks to queue
[2025-07-21T14:04:52.697+0000] {logging_mixin.py:188} INFO - [2025-07-21T14:04:52.697+0000] {dagbag.py:538} INFO - Filling up the DagBag from /home/airflow/.local/lib/python3.8/site-packages/airflow/example_dags/tutorial_dag.py
[2025-07-21T14:04:52.704+0000] {processor.py:840} INFO - DAG(s) 'tutorial_dag' retrieved from /home/airflow/.local/lib/python3.8/site-packages/airflow/example_dags/tutorial_dag.py
[2025-07-21T14:04:52.728+0000] {logging_mixin.py:188} INFO - [2025-07-21T14:04:52.728+0000] {dag.py:3036} INFO - Sync 1 DAGs
[2025-07-21T14:04:52.743+0000] {logging_mixin.py:188} INFO - [2025-07-21T14:04:52.743+0000] {dag.py:3823} INFO - Setting next_dagrun for tutorial_dag to None, run_after=None
[2025-07-21T14:04:52.767+0000] {processor.py:183} INFO - Processing /home/airflow/.local/lib/python3.8/site-packages/airflow/example_dags/tutorial_dag.py took 0.076 seconds
[2025-07-21T14:05:22.811+0000] {processor.py:161} INFO - Started process (PID=1131) to work on /home/airflow/.local/lib/python3.8/site-packages/airflow/example_dags/tutorial_dag.py
[2025-07-21T14:05:22.812+0000] {processor.py:830} INFO - Processing file /home/airflow/.local/lib/python3.8/site-packages/airflow/example_dags/tutorial_dag.py for tasks to queue
[2025-07-21T14:05:22.812+0000] {logging_mixin.py:188} INFO - [2025-07-21T14:05:22.812+0000] {dagbag.py:538} INFO - Filling up the DagBag from /home/airflow/.local/lib/python3.8/site-packages/airflow/example_dags/tutorial_dag.py
[2025-07-21T14:05:22.818+0000] {processor.py:840} INFO - DAG(s) 'tutorial_dag' retrieved from /home/airflow/.local/lib/python3.8/site-packages/airflow/example_dags/tutorial_dag.py
[2025-07-21T14:05:22.841+0000] {logging_mixin.py:188} INFO - [2025-07-21T14:05:22.841+0000] {dag.py:3036} INFO - Sync 1 DAGs
[2025-07-21T14:05:22.853+0000] {logging_mixin.py:188} INFO - [2025-07-21T14:05:22.853+0000] {dag.py:3823} INFO - Setting next_dagrun for tutorial_dag to None, run_after=None
[2025-07-21T14:05:22.878+0000] {processor.py:183} INFO - Processing /home/airflow/.local/lib/python3.8/site-packages/airflow/example_dags/tutorial_dag.py took 0.070 seconds
[2025-07-21T14:05:53.135+0000] {processor.py:161} INFO - Started process (PID=1372) to work on /home/airflow/.local/lib/python3.8/site-packages/airflow/example_dags/tutorial_dag.py
[2025-07-21T14:05:53.136+0000] {processor.py:830} INFO - Processing file /home/airflow/.local/lib/python3.8/site-packages/airflow/example_dags/tutorial_dag.py for tasks to queue
[2025-07-21T14:05:53.137+0000] {logging_mixin.py:188} INFO - [2025-07-21T14:05:53.137+0000] {dagbag.py:538} INFO - Filling up the DagBag from /home/airflow/.local/lib/python3.8/site-packages/airflow/example_dags/tutorial_dag.py
[2025-07-21T14:05:53.144+0000] {processor.py:840} INFO - DAG(s) 'tutorial_dag' retrieved from /home/airflow/.local/lib/python3.8/site-packages/airflow/example_dags/tutorial_dag.py
[2025-07-21T14:05:53.171+0000] {logging_mixin.py:188} INFO - [2025-07-21T14:05:53.171+0000] {dag.py:3036} INFO - Sync 1 DAGs
[2025-07-21T14:05:53.184+0000] {logging_mixin.py:188} INFO - [2025-07-21T14:05:53.184+0000] {dag.py:3823} INFO - Setting next_dagrun for tutorial_dag to None, run_after=None
[2025-07-21T14:05:53.208+0000] {processor.py:183} INFO - Processing /home/airflow/.local/lib/python3.8/site-packages/airflow/example_dags/tutorial_dag.py took 0.078 seconds
[2025-07-21T14:06:32.395+0000] {processor.py:161} INFO - Started process (PID=167) to work on /home/airflow/.local/lib/python3.8/site-packages/airflow/example_dags/tutorial_dag.py
[2025-07-21T14:06:32.397+0000] {processor.py:830} INFO - Processing file /home/airflow/.local/lib/python3.8/site-packages/airflow/example_dags/tutorial_dag.py for tasks to queue
[2025-07-21T14:06:32.399+0000] {logging_mixin.py:188} INFO - [2025-07-21T14:06:32.398+0000] {dagbag.py:538} INFO - Filling up the DagBag from /home/airflow/.local/lib/python3.8/site-packages/airflow/example_dags/tutorial_dag.py
[2025-07-21T14:06:32.417+0000] {processor.py:840} INFO - DAG(s) 'tutorial_dag' retrieved from /home/airflow/.local/lib/python3.8/site-packages/airflow/example_dags/tutorial_dag.py
[2025-07-21T14:06:32.470+0000] {logging_mixin.py:188} INFO - [2025-07-21T14:06:32.470+0000] {dag.py:3036} INFO - Sync 1 DAGs
[2025-07-21T14:06:32.499+0000] {logging_mixin.py:188} INFO - [2025-07-21T14:06:32.498+0000] {dag.py:3823} INFO - Setting next_dagrun for tutorial_dag to None, run_after=None
[2025-07-21T14:06:32.540+0000] {processor.py:183} INFO - Processing /home/airflow/.local/lib/python3.8/site-packages/airflow/example_dags/tutorial_dag.py took 0.151 seconds
[2025-07-21T14:07:02.612+0000] {processor.py:161} INFO - Started process (PID=408) to work on /home/airflow/.local/lib/python3.8/site-packages/airflow/example_dags/tutorial_dag.py
[2025-07-21T14:07:02.614+0000] {processor.py:830} INFO - Processing file /home/airflow/.local/lib/python3.8/site-packages/airflow/example_dags/tutorial_dag.py for tasks to queue
[2025-07-21T14:07:02.615+0000] {logging_mixin.py:188} INFO - [2025-07-21T14:07:02.615+0000] {dagbag.py:538} INFO - Filling up the DagBag from /home/airflow/.local/lib/python3.8/site-packages/airflow/example_dags/tutorial_dag.py
[2025-07-21T14:07:02.622+0000] {processor.py:840} INFO - DAG(s) 'tutorial_dag' retrieved from /home/airflow/.local/lib/python3.8/site-packages/airflow/example_dags/tutorial_dag.py
[2025-07-21T14:07:02.740+0000] {logging_mixin.py:188} INFO - [2025-07-21T14:07:02.739+0000] {dag.py:3036} INFO - Sync 1 DAGs
[2025-07-21T14:07:02.752+0000] {logging_mixin.py:188} INFO - [2025-07-21T14:07:02.752+0000] {dag.py:3823} INFO - Setting next_dagrun for tutorial_dag to None, run_after=None
[2025-07-21T14:07:02.779+0000] {processor.py:183} INFO - Processing /home/airflow/.local/lib/python3.8/site-packages/airflow/example_dags/tutorial_dag.py took 0.171 seconds
[2025-07-21T14:07:32.985+0000] {processor.py:161} INFO - Started process (PID=649) to work on /home/airflow/.local/lib/python3.8/site-packages/airflow/example_dags/tutorial_dag.py
[2025-07-21T14:07:32.986+0000] {processor.py:830} INFO - Processing file /home/airflow/.local/lib/python3.8/site-packages/airflow/example_dags/tutorial_dag.py for tasks to queue
[2025-07-21T14:07:32.987+0000] {logging_mixin.py:188} INFO - [2025-07-21T14:07:32.987+0000] {dagbag.py:538} INFO - Filling up the DagBag from /home/airflow/.local/lib/python3.8/site-packages/airflow/example_dags/tutorial_dag.py
[2025-07-21T14:07:32.992+0000] {processor.py:840} INFO - DAG(s) 'tutorial_dag' retrieved from /home/airflow/.local/lib/python3.8/site-packages/airflow/example_dags/tutorial_dag.py
[2025-07-21T14:07:33.013+0000] {logging_mixin.py:188} INFO - [2025-07-21T14:07:33.013+0000] {dag.py:3036} INFO - Sync 1 DAGs
[2025-07-21T14:07:33.024+0000] {logging_mixin.py:188} INFO - [2025-07-21T14:07:33.024+0000] {dag.py:3823} INFO - Setting next_dagrun for tutorial_dag to None, run_after=None
[2025-07-21T14:07:33.045+0000] {processor.py:183} INFO - Processing /home/airflow/.local/lib/python3.8/site-packages/airflow/example_dags/tutorial_dag.py took 0.064 seconds
[2025-07-21T14:08:03.139+0000] {processor.py:161} INFO - Started process (PID=890) to work on /home/airflow/.local/lib/python3.8/site-packages/airflow/example_dags/tutorial_dag.py
[2025-07-21T14:08:03.140+0000] {processor.py:830} INFO - Processing file /home/airflow/.local/lib/python3.8/site-packages/airflow/example_dags/tutorial_dag.py for tasks to queue
[2025-07-21T14:08:03.141+0000] {logging_mixin.py:188} INFO - [2025-07-21T14:08:03.141+0000] {dagbag.py:538} INFO - Filling up the DagBag from /home/airflow/.local/lib/python3.8/site-packages/airflow/example_dags/tutorial_dag.py
[2025-07-21T14:08:03.146+0000] {processor.py:840} INFO - DAG(s) 'tutorial_dag' retrieved from /home/airflow/.local/lib/python3.8/site-packages/airflow/example_dags/tutorial_dag.py
[2025-07-21T14:08:03.172+0000] {logging_mixin.py:188} INFO - [2025-07-21T14:08:03.172+0000] {dag.py:3036} INFO - Sync 1 DAGs
[2025-07-21T14:08:03.187+0000] {logging_mixin.py:188} INFO - [2025-07-21T14:08:03.187+0000] {dag.py:3823} INFO - Setting next_dagrun for tutorial_dag to None, run_after=None
[2025-07-21T14:08:03.214+0000] {processor.py:183} INFO - Processing /home/airflow/.local/lib/python3.8/site-packages/airflow/example_dags/tutorial_dag.py took 0.079 seconds
[2025-07-21T14:08:33.407+0000] {processor.py:161} INFO - Started process (PID=1131) to work on /home/airflow/.local/lib/python3.8/site-packages/airflow/example_dags/tutorial_dag.py
[2025-07-21T14:08:33.409+0000] {processor.py:830} INFO - Processing file /home/airflow/.local/lib/python3.8/site-packages/airflow/example_dags/tutorial_dag.py for tasks to queue
[2025-07-21T14:08:33.412+0000] {logging_mixin.py:188} INFO - [2025-07-21T14:08:33.411+0000] {dagbag.py:538} INFO - Filling up the DagBag from /home/airflow/.local/lib/python3.8/site-packages/airflow/example_dags/tutorial_dag.py
[2025-07-21T14:08:33.418+0000] {processor.py:840} INFO - DAG(s) 'tutorial_dag' retrieved from /home/airflow/.local/lib/python3.8/site-packages/airflow/example_dags/tutorial_dag.py
[2025-07-21T14:08:33.445+0000] {logging_mixin.py:188} INFO - [2025-07-21T14:08:33.444+0000] {dag.py:3036} INFO - Sync 1 DAGs
[2025-07-21T14:08:33.456+0000] {logging_mixin.py:188} INFO - [2025-07-21T14:08:33.456+0000] {dag.py:3823} INFO - Setting next_dagrun for tutorial_dag to None, run_after=None
[2025-07-21T14:08:33.478+0000] {processor.py:183} INFO - Processing /home/airflow/.local/lib/python3.8/site-packages/airflow/example_dags/tutorial_dag.py took 0.075 seconds
[2025-07-21T14:09:03.785+0000] {processor.py:161} INFO - Started process (PID=1372) to work on /home/airflow/.local/lib/python3.8/site-packages/airflow/example_dags/tutorial_dag.py
[2025-07-21T14:09:03.786+0000] {processor.py:830} INFO - Processing file /home/airflow/.local/lib/python3.8/site-packages/airflow/example_dags/tutorial_dag.py for tasks to queue
[2025-07-21T14:09:03.788+0000] {logging_mixin.py:188} INFO - [2025-07-21T14:09:03.787+0000] {dagbag.py:538} INFO - Filling up the DagBag from /home/airflow/.local/lib/python3.8/site-packages/airflow/example_dags/tutorial_dag.py
[2025-07-21T14:09:03.792+0000] {processor.py:840} INFO - DAG(s) 'tutorial_dag' retrieved from /home/airflow/.local/lib/python3.8/site-packages/airflow/example_dags/tutorial_dag.py
[2025-07-21T14:09:03.813+0000] {logging_mixin.py:188} INFO - [2025-07-21T14:09:03.813+0000] {dag.py:3036} INFO - Sync 1 DAGs
[2025-07-21T14:09:03.825+0000] {logging_mixin.py:188} INFO - [2025-07-21T14:09:03.825+0000] {dag.py:3823} INFO - Setting next_dagrun for tutorial_dag to None, run_after=None
[2025-07-21T14:09:03.848+0000] {processor.py:183} INFO - Processing /home/airflow/.local/lib/python3.8/site-packages/airflow/example_dags/tutorial_dag.py took 0.066 seconds
