[2025-07-21T14:03:29.197+0000] {processor.py:161} INFO - Started process (PID=330) to work on /home/airflow/.local/lib/python3.8/site-packages/airflow/example_dags/tutorial_objectstorage.py
[2025-07-21T14:03:29.199+0000] {processor.py:830} INFO - Processing file /home/airflow/.local/lib/python3.8/site-packages/airflow/example_dags/tutorial_objectstorage.py for tasks to queue
[2025-07-21T14:03:29.201+0000] {logging_mixin.py:188} INFO - [2025-07-21T14:03:29.200+0000] {dagbag.py:538} INFO - Filling up the DagBag from /home/airflow/.local/lib/python3.8/site-packages/airflow/example_dags/tutorial_objectstorage.py
[2025-07-21T14:03:29.214+0000] {processor.py:840} INFO - DAG(s) 'tutorial_objectstorage' retrieved from /home/airflow/.local/lib/python3.8/site-packages/airflow/example_dags/tutorial_objectstorage.py
[2025-07-21T14:03:29.383+0000] {logging_mixin.py:188} INFO - [2025-07-21T14:03:29.382+0000] {override.py:1769} INFO - Created Permission View: can read on DAG:tutorial_objectstorage
[2025-07-21T14:03:29.414+0000] {logging_mixin.py:188} INFO - [2025-07-21T14:03:29.413+0000] {override.py:1769} INFO - Created Permission View: can edit on DAG:tutorial_objectstorage
[2025-07-21T14:03:29.428+0000] {logging_mixin.py:188} INFO - [2025-07-21T14:03:29.427+0000] {override.py:1769} INFO - Created Permission View: can delete on DAG:tutorial_objectstorage
[2025-07-21T14:03:29.429+0000] {logging_mixin.py:188} INFO - [2025-07-21T14:03:29.428+0000] {dag.py:3036} INFO - Sync 1 DAGs
[2025-07-21T14:03:29.446+0000] {logging_mixin.py:188} INFO - [2025-07-21T14:03:29.446+0000] {dag.py:3058} INFO - Creating ORM DAG for tutorial_objectstorage
[2025-07-21T14:03:29.448+0000] {logging_mixin.py:188} INFO - [2025-07-21T14:03:29.447+0000] {dag.py:3823} INFO - Setting next_dagrun for tutorial_objectstorage to None, run_after=None
[2025-07-21T14:03:29.474+0000] {processor.py:183} INFO - Processing /home/airflow/.local/lib/python3.8/site-packages/airflow/example_dags/tutorial_objectstorage.py took 0.282 seconds
[2025-07-21T14:04:00.182+0000] {processor.py:161} INFO - Started process (PID=571) to work on /home/airflow/.local/lib/python3.8/site-packages/airflow/example_dags/tutorial_objectstorage.py
[2025-07-21T14:04:00.183+0000] {processor.py:830} INFO - Processing file /home/airflow/.local/lib/python3.8/site-packages/airflow/example_dags/tutorial_objectstorage.py for tasks to queue
[2025-07-21T14:04:00.184+0000] {logging_mixin.py:188} INFO - [2025-07-21T14:04:00.184+0000] {dagbag.py:538} INFO - Filling up the DagBag from /home/airflow/.local/lib/python3.8/site-packages/airflow/example_dags/tutorial_objectstorage.py
[2025-07-21T14:04:00.192+0000] {processor.py:840} INFO - DAG(s) 'tutorial_objectstorage' retrieved from /home/airflow/.local/lib/python3.8/site-packages/airflow/example_dags/tutorial_objectstorage.py
[2025-07-21T14:04:00.216+0000] {logging_mixin.py:188} INFO - [2025-07-21T14:04:00.215+0000] {dag.py:3036} INFO - Sync 1 DAGs
[2025-07-21T14:04:00.231+0000] {logging_mixin.py:188} INFO - [2025-07-21T14:04:00.231+0000] {dag.py:3823} INFO - Setting next_dagrun for tutorial_objectstorage to None, run_after=None
[2025-07-21T14:04:00.251+0000] {processor.py:183} INFO - Processing /home/airflow/.local/lib/python3.8/site-packages/airflow/example_dags/tutorial_objectstorage.py took 0.073 seconds
[2025-07-21T14:04:30.464+0000] {processor.py:161} INFO - Started process (PID=812) to work on /home/airflow/.local/lib/python3.8/site-packages/airflow/example_dags/tutorial_objectstorage.py
[2025-07-21T14:04:30.465+0000] {processor.py:830} INFO - Processing file /home/airflow/.local/lib/python3.8/site-packages/airflow/example_dags/tutorial_objectstorage.py for tasks to queue
[2025-07-21T14:04:30.466+0000] {logging_mixin.py:188} INFO - [2025-07-21T14:04:30.466+0000] {dagbag.py:538} INFO - Filling up the DagBag from /home/airflow/.local/lib/python3.8/site-packages/airflow/example_dags/tutorial_objectstorage.py
[2025-07-21T14:04:30.472+0000] {processor.py:840} INFO - DAG(s) 'tutorial_objectstorage' retrieved from /home/airflow/.local/lib/python3.8/site-packages/airflow/example_dags/tutorial_objectstorage.py
[2025-07-21T14:04:30.492+0000] {logging_mixin.py:188} INFO - [2025-07-21T14:04:30.492+0000] {dag.py:3036} INFO - Sync 1 DAGs
[2025-07-21T14:04:30.503+0000] {logging_mixin.py:188} INFO - [2025-07-21T14:04:30.503+0000] {dag.py:3823} INFO - Setting next_dagrun for tutorial_objectstorage to None, run_after=None
[2025-07-21T14:04:30.526+0000] {processor.py:183} INFO - Processing /home/airflow/.local/lib/python3.8/site-packages/airflow/example_dags/tutorial_objectstorage.py took 0.065 seconds
[2025-07-21T14:05:00.625+0000] {processor.py:161} INFO - Started process (PID=1053) to work on /home/airflow/.local/lib/python3.8/site-packages/airflow/example_dags/tutorial_objectstorage.py
[2025-07-21T14:05:00.626+0000] {processor.py:830} INFO - Processing file /home/airflow/.local/lib/python3.8/site-packages/airflow/example_dags/tutorial_objectstorage.py for tasks to queue
[2025-07-21T14:05:00.627+0000] {logging_mixin.py:188} INFO - [2025-07-21T14:05:00.627+0000] {dagbag.py:538} INFO - Filling up the DagBag from /home/airflow/.local/lib/python3.8/site-packages/airflow/example_dags/tutorial_objectstorage.py
[2025-07-21T14:05:00.634+0000] {processor.py:840} INFO - DAG(s) 'tutorial_objectstorage' retrieved from /home/airflow/.local/lib/python3.8/site-packages/airflow/example_dags/tutorial_objectstorage.py
[2025-07-21T14:05:00.657+0000] {logging_mixin.py:188} INFO - [2025-07-21T14:05:00.657+0000] {dag.py:3036} INFO - Sync 1 DAGs
[2025-07-21T14:05:00.670+0000] {logging_mixin.py:188} INFO - [2025-07-21T14:05:00.670+0000] {dag.py:3823} INFO - Setting next_dagrun for tutorial_objectstorage to None, run_after=None
[2025-07-21T14:05:00.692+0000] {processor.py:183} INFO - Processing /home/airflow/.local/lib/python3.8/site-packages/airflow/example_dags/tutorial_objectstorage.py took 0.070 seconds
[2025-07-21T14:05:30.974+0000] {processor.py:161} INFO - Started process (PID=1294) to work on /home/airflow/.local/lib/python3.8/site-packages/airflow/example_dags/tutorial_objectstorage.py
[2025-07-21T14:05:30.975+0000] {processor.py:830} INFO - Processing file /home/airflow/.local/lib/python3.8/site-packages/airflow/example_dags/tutorial_objectstorage.py for tasks to queue
[2025-07-21T14:05:30.976+0000] {logging_mixin.py:188} INFO - [2025-07-21T14:05:30.976+0000] {dagbag.py:538} INFO - Filling up the DagBag from /home/airflow/.local/lib/python3.8/site-packages/airflow/example_dags/tutorial_objectstorage.py
[2025-07-21T14:05:30.984+0000] {processor.py:840} INFO - DAG(s) 'tutorial_objectstorage' retrieved from /home/airflow/.local/lib/python3.8/site-packages/airflow/example_dags/tutorial_objectstorage.py
[2025-07-21T14:05:31.005+0000] {logging_mixin.py:188} INFO - [2025-07-21T14:05:31.004+0000] {dag.py:3036} INFO - Sync 1 DAGs
[2025-07-21T14:05:31.017+0000] {logging_mixin.py:188} INFO - [2025-07-21T14:05:31.017+0000] {dag.py:3823} INFO - Setting next_dagrun for tutorial_objectstorage to None, run_after=None
[2025-07-21T14:05:31.043+0000] {processor.py:183} INFO - Processing /home/airflow/.local/lib/python3.8/site-packages/airflow/example_dags/tutorial_objectstorage.py took 0.072 seconds
[2025-07-21T14:06:01.213+0000] {processor.py:161} INFO - Started process (PID=1535) to work on /home/airflow/.local/lib/python3.8/site-packages/airflow/example_dags/tutorial_objectstorage.py
[2025-07-21T14:06:01.215+0000] {processor.py:830} INFO - Processing file /home/airflow/.local/lib/python3.8/site-packages/airflow/example_dags/tutorial_objectstorage.py for tasks to queue
[2025-07-21T14:06:01.216+0000] {logging_mixin.py:188} INFO - [2025-07-21T14:06:01.216+0000] {dagbag.py:538} INFO - Filling up the DagBag from /home/airflow/.local/lib/python3.8/site-packages/airflow/example_dags/tutorial_objectstorage.py
[2025-07-21T14:06:01.223+0000] {processor.py:840} INFO - DAG(s) 'tutorial_objectstorage' retrieved from /home/airflow/.local/lib/python3.8/site-packages/airflow/example_dags/tutorial_objectstorage.py
[2025-07-21T14:06:01.248+0000] {logging_mixin.py:188} INFO - [2025-07-21T14:06:01.248+0000] {dag.py:3036} INFO - Sync 1 DAGs
[2025-07-21T14:06:01.264+0000] {logging_mixin.py:188} INFO - [2025-07-21T14:06:01.264+0000] {dag.py:3823} INFO - Setting next_dagrun for tutorial_objectstorage to None, run_after=None
[2025-07-21T14:06:01.289+0000] {processor.py:183} INFO - Processing /home/airflow/.local/lib/python3.8/site-packages/airflow/example_dags/tutorial_objectstorage.py took 0.080 seconds
[2025-07-21T14:06:36.916+0000] {processor.py:161} INFO - Started process (PID=332) to work on /home/airflow/.local/lib/python3.8/site-packages/airflow/example_dags/tutorial_objectstorage.py
[2025-07-21T14:06:36.918+0000] {processor.py:830} INFO - Processing file /home/airflow/.local/lib/python3.8/site-packages/airflow/example_dags/tutorial_objectstorage.py for tasks to queue
[2025-07-21T14:06:36.919+0000] {logging_mixin.py:188} INFO - [2025-07-21T14:06:36.919+0000] {dagbag.py:538} INFO - Filling up the DagBag from /home/airflow/.local/lib/python3.8/site-packages/airflow/example_dags/tutorial_objectstorage.py
[2025-07-21T14:06:36.930+0000] {processor.py:840} INFO - DAG(s) 'tutorial_objectstorage' retrieved from /home/airflow/.local/lib/python3.8/site-packages/airflow/example_dags/tutorial_objectstorage.py
[2025-07-21T14:06:36.946+0000] {logging_mixin.py:188} INFO - [2025-07-21T14:06:36.946+0000] {dag.py:3036} INFO - Sync 1 DAGs
[2025-07-21T14:06:36.964+0000] {logging_mixin.py:188} INFO - [2025-07-21T14:06:36.964+0000] {dag.py:3823} INFO - Setting next_dagrun for tutorial_objectstorage to None, run_after=None
[2025-07-21T14:06:36.994+0000] {processor.py:183} INFO - Processing /home/airflow/.local/lib/python3.8/site-packages/airflow/example_dags/tutorial_objectstorage.py took 0.082 seconds
[2025-07-21T14:07:08.119+0000] {processor.py:161} INFO - Started process (PID=571) to work on /home/airflow/.local/lib/python3.8/site-packages/airflow/example_dags/tutorial_objectstorage.py
[2025-07-21T14:07:08.120+0000] {processor.py:830} INFO - Processing file /home/airflow/.local/lib/python3.8/site-packages/airflow/example_dags/tutorial_objectstorage.py for tasks to queue
[2025-07-21T14:07:08.122+0000] {logging_mixin.py:188} INFO - [2025-07-21T14:07:08.121+0000] {dagbag.py:538} INFO - Filling up the DagBag from /home/airflow/.local/lib/python3.8/site-packages/airflow/example_dags/tutorial_objectstorage.py
[2025-07-21T14:07:08.130+0000] {processor.py:840} INFO - DAG(s) 'tutorial_objectstorage' retrieved from /home/airflow/.local/lib/python3.8/site-packages/airflow/example_dags/tutorial_objectstorage.py
[2025-07-21T14:07:08.251+0000] {logging_mixin.py:188} INFO - [2025-07-21T14:07:08.251+0000] {dag.py:3036} INFO - Sync 1 DAGs
[2025-07-21T14:07:08.263+0000] {logging_mixin.py:188} INFO - [2025-07-21T14:07:08.263+0000] {dag.py:3823} INFO - Setting next_dagrun for tutorial_objectstorage to None, run_after=None
[2025-07-21T14:07:08.288+0000] {processor.py:183} INFO - Processing /home/airflow/.local/lib/python3.8/site-packages/airflow/example_dags/tutorial_objectstorage.py took 0.173 seconds
[2025-07-21T14:07:38.953+0000] {processor.py:161} INFO - Started process (PID=812) to work on /home/airflow/.local/lib/python3.8/site-packages/airflow/example_dags/tutorial_objectstorage.py
[2025-07-21T14:07:38.954+0000] {processor.py:830} INFO - Processing file /home/airflow/.local/lib/python3.8/site-packages/airflow/example_dags/tutorial_objectstorage.py for tasks to queue
[2025-07-21T14:07:38.955+0000] {logging_mixin.py:188} INFO - [2025-07-21T14:07:38.955+0000] {dagbag.py:538} INFO - Filling up the DagBag from /home/airflow/.local/lib/python3.8/site-packages/airflow/example_dags/tutorial_objectstorage.py
[2025-07-21T14:07:38.962+0000] {processor.py:840} INFO - DAG(s) 'tutorial_objectstorage' retrieved from /home/airflow/.local/lib/python3.8/site-packages/airflow/example_dags/tutorial_objectstorage.py
[2025-07-21T14:07:38.982+0000] {logging_mixin.py:188} INFO - [2025-07-21T14:07:38.981+0000] {dag.py:3036} INFO - Sync 1 DAGs
[2025-07-21T14:07:38.993+0000] {logging_mixin.py:188} INFO - [2025-07-21T14:07:38.992+0000] {dag.py:3823} INFO - Setting next_dagrun for tutorial_objectstorage to None, run_after=None
[2025-07-21T14:07:39.014+0000] {processor.py:183} INFO - Processing /home/airflow/.local/lib/python3.8/site-packages/airflow/example_dags/tutorial_objectstorage.py took 0.064 seconds
[2025-07-21T14:08:09.274+0000] {processor.py:161} INFO - Started process (PID=1053) to work on /home/airflow/.local/lib/python3.8/site-packages/airflow/example_dags/tutorial_objectstorage.py
[2025-07-21T14:08:09.275+0000] {processor.py:830} INFO - Processing file /home/airflow/.local/lib/python3.8/site-packages/airflow/example_dags/tutorial_objectstorage.py for tasks to queue
[2025-07-21T14:08:09.276+0000] {logging_mixin.py:188} INFO - [2025-07-21T14:08:09.276+0000] {dagbag.py:538} INFO - Filling up the DagBag from /home/airflow/.local/lib/python3.8/site-packages/airflow/example_dags/tutorial_objectstorage.py
[2025-07-21T14:08:09.283+0000] {processor.py:840} INFO - DAG(s) 'tutorial_objectstorage' retrieved from /home/airflow/.local/lib/python3.8/site-packages/airflow/example_dags/tutorial_objectstorage.py
[2025-07-21T14:08:09.303+0000] {logging_mixin.py:188} INFO - [2025-07-21T14:08:09.303+0000] {dag.py:3036} INFO - Sync 1 DAGs
[2025-07-21T14:08:09.316+0000] {logging_mixin.py:188} INFO - [2025-07-21T14:08:09.315+0000] {dag.py:3823} INFO - Setting next_dagrun for tutorial_objectstorage to None, run_after=None
[2025-07-21T14:08:09.341+0000] {processor.py:183} INFO - Processing /home/airflow/.local/lib/python3.8/site-packages/airflow/example_dags/tutorial_objectstorage.py took 0.070 seconds
[2025-07-21T14:08:39.707+0000] {processor.py:161} INFO - Started process (PID=1294) to work on /home/airflow/.local/lib/python3.8/site-packages/airflow/example_dags/tutorial_objectstorage.py
[2025-07-21T14:08:39.708+0000] {processor.py:830} INFO - Processing file /home/airflow/.local/lib/python3.8/site-packages/airflow/example_dags/tutorial_objectstorage.py for tasks to queue
[2025-07-21T14:08:39.709+0000] {logging_mixin.py:188} INFO - [2025-07-21T14:08:39.709+0000] {dagbag.py:538} INFO - Filling up the DagBag from /home/airflow/.local/lib/python3.8/site-packages/airflow/example_dags/tutorial_objectstorage.py
[2025-07-21T14:08:39.716+0000] {processor.py:840} INFO - DAG(s) 'tutorial_objectstorage' retrieved from /home/airflow/.local/lib/python3.8/site-packages/airflow/example_dags/tutorial_objectstorage.py
[2025-07-21T14:08:39.744+0000] {logging_mixin.py:188} INFO - [2025-07-21T14:08:39.743+0000] {dag.py:3036} INFO - Sync 1 DAGs
[2025-07-21T14:08:39.756+0000] {logging_mixin.py:188} INFO - [2025-07-21T14:08:39.756+0000] {dag.py:3823} INFO - Setting next_dagrun for tutorial_objectstorage to None, run_after=None
[2025-07-21T14:08:39.778+0000] {processor.py:183} INFO - Processing /home/airflow/.local/lib/python3.8/site-packages/airflow/example_dags/tutorial_objectstorage.py took 0.075 seconds
